{"lAlt":24600}
{"lAlt":24600,"lLat":40.201218,"lLng":124.512329}
{"lAlt":24600,"lLat":40.201218,"lLng":124.512329,"lSpd":389,"lTrk":116.2}
{"lAlt":24600,"lLat":40.201218,"lLng":124.512329,"lSpd":389,"lTrk":116.2}
{"lAlt":24575,"lLat":40.198463,"lLng":124.518481,"lSpd":389,"lTrk":116.2}
{"lAlt":24575,"lLat":40.198463,"lLng":124.518481,"lSpd":389,"lTrk":116.2}
{"lAlt":24525,"lLat":40.197098,"lLng":124.523315,"lSpd":389,"lTrk":116.2}
{"lAlt":24525,"lLat":40.197098,"lLng":124.523315,"lSpd":390,"lTrk":120.5}
{"lAlt":24050,"lLat":40.197098,"lLng":124.523315,"lSpd":390,"lTrk":120.5}
{"lAlt":24050,"lLat":40.197098,"lLng":124.523315,"lSpd":390,"lTrk":120.5}
{"lAlt":24050,"lLat":40.184052,"lLng":124.555603,"lSpd":390,"lTrk":120.5}
{"lAlt":24050,"lLat":40.184052,"lLng":124.555603,"lSpd":390,"lTrk":120.5}
{"lAlt":24050,"lLat":40.184052,"lLng":124.555603,"lSpd":390,"lTrk":120.5}
{"lAlt":23925,"lLat":40.181305,"lLng":124.561096,"lSpd":390,"lTrk":120.5}
{"lAlt":23925,"lLat":40.181305,"lLng":124.561096,"lSpd":391,"lTrk":121.2}
{"lAlt":23925,"lLat":40.181305,"lLng":124.561096,"lSpd":391,"lTrk":121.2}
{"lAlt":23925,"lLat":40.181305,"lLng":124.561096,"lSpd":392,"lTrk":122.2}
{"lAlt":23750,"lLat":40.17784,"lLng":124.568606,"lSpd":392,"lTrk":122.2}
{"lAlt":23750,"lLat":40.17784,"lLng":124.568606,"lSpd":392,"lTrk":122.2}
{"lAlt":23750,"lLat":40.17784,"lLng":124.568606,"lSpd":392,"lTrk":122.2}
{"lAlt":23700,"lLat":40.17784,"lLng":124.568606,"lSpd":392,"lTrk":122.2}
{"lAlt":23700,"lLat":40.176498,"lLng":124.570007,"lSpd":392,"lTrk":122.2}
{"lAlt":23700,"lLat":40.176498,"lLng":124.570007,"lSpd":393,"lTrk":122.6}
{"lAlt":23650,"lLat":40.175812,"lLng":124.573425,"lSpd":393,"lTrk":122.6}
{"lAlt":23650,"lLat":40.175812,"lLng":124.573425,"lSpd":393,"lTrk":122.6}
{"lAlt":23650,"lLat":40.175812,"lLng":124.573425,"lSpd":393,"lTrk":123}
{"lAlt":23650,"lLat":40.175812,"lLng":124.573425,"lSpd":393,"lTrk":123}
{"lAlt":23650,"lLat":40.175812,"lLng":124.573425,"lSpd":393,"lTrk":123}
{"lAlt":23650,"lLat":40.175812,"lLng":124.573425,"lSpd":395,"lTrk":123.8}
{"lAlt":23375,"lLat":40.168948,"lLng":124.586459,"lSpd":395,"lTrk":123.8}
{"lAlt":23350,"lLat":40.168948,"lLng":124.586459,"lSpd":395,"lTrk":123.8}
{"lAlt":23350,"lLat":40.168948,"lLng":124.586459,"lSpd":395,"lTrk":123.8}
{"lAlt":23350,"lLat":40.168948,"lLng":124.586459,"lSpd":395,"lTrk":123.8}
{"lAlt":23350,"lLat":40.168259,"lLng":124.58783,"lSpd":395,"lTrk":123.8}
{"lAlt":23350,"lLat":40.168259,"lLng":124.58783,"lSpd":395,"lTrk":123.8}
{"lAlt":23350,"lLat":40.168259,"lLng":124.58783,"lSpd":395,"lTrk":123.8}
{"lAlt":23350,"lLat":40.168259,"lLng":124.58783,"lSpd":395,"lTrk":123.8}
{"lAlt":23250,"lLat":40.166199,"lLng":124.591309,"lSpd":395,"lTrk":123.8}
{"lAlt":23250,"lLat":40.166199,"lLng":124.591309,"lSpd":395,"lTrk":123.8}
{"lAlt":23200,"lLat":40.165512,"lLng":124.594055,"lSpd":395,"lTrk":123.8}
{"lAlt":23200,"lLat":40.165512,"lLng":124.594055,"lSpd":396,"lTrk":123.4}
{"lAlt":23150,"lLat":40.163455,"lLng":124.597445,"lSpd":396,"lTrk":123.4}
{"lAlt":23100,"lLat":40.162079,"lLng":124.60022,"lSpd":396,"lTrk":123.4}
{"lAlt":23100,"lLat":40.162079,"lLng":124.60022,"lSpd":396,"lTrk":123.4}
{"lAlt":23100,"lLat":40.162079,"lLng":124.60022,"lSpd":397,"lTrk":123.1}
{"lAlt":23075,"lLat":40.161392,"lLng":124.600891,"lSpd":397,"lTrk":123.1}
{"lAlt":23050,"lLat":40.160709,"lLng":124.602252,"lSpd":397,"lTrk":123.1}
{"lAlt":23050,"lLat":40.160709,"lLng":124.602252,"lSpd":397,"lTrk":123.1}
{"lAlt":23050,"lLat":40.160709,"lLng":124.602252,"lSpd":396,"lTrk":123}
{"lAlt":23050,"lLat":40.160706,"lLng":124.603638,"lSpd":396,"lTrk":123}
{"lAlt":23050,"lLat":40.160706,"lLng":124.603638,"lSpd":396,"lTrk":123}
{"lAlt":23025,"lLat":40.16001,"lLng":124.604999,"lSpd":396,"lTrk":123}
{"lAlt":23025,"lLat":40.16001,"lLng":124.604999,"lSpd":396,"lTrk":123}
{"lAlt":23025,"lLat":40.16001,"lLng":124.604999,"lSpd":396,"lTrk":123}
{"lAlt":23025,"lLat":40.16001,"lLng":124.604999,"lSpd":396,"lTrk":123}
{"lAlt":23000,"lLat":40.159332,"lLng":124.605713,"lSpd":396,"lTrk":123}
{"lAlt":23000,"lLat":40.158646,"lLng":124.606384,"lSpd":396,"lTrk":123}
{"lAlt":22975,"lLat":40.158646,"lLng":124.606384,"lSpd":396,"lTrk":123}
{"lAlt":22975,"lLat":40.158646,"lLng":124.606384,"lSpd":397,"lTrk":122.8}
{"lAlt":22975,"lLat":40.158646,"lLng":124.606384,"lSpd":397,"lTrk":122.8}
{"lAlt":22975,"lLat":40.158646,"lLng":124.606384,"lSpd":397,"lTrk":122.8}
{"lAlt":22975,"lLat":40.157959,"lLng":124.608459,"lSpd":397,"lTrk":122.8}
{"lAlt":22975,"lLat":40.157959,"lLng":124.608459,"lSpd":397,"lTrk":122.8}
{"lAlt":22950,"lLat":40.157264,"lLng":124.609118,"lSpd":397,"lTrk":122.8}
{"lAlt":22950,"lLat":40.157264,"lLng":124.609118,"lSpd":397,"lTrk":122.8}
{"lAlt":22950,"lLat":40.157264,"lLng":124.609118,"lSpd":397,"lTrk":122.8}
{"lAlt":22925,"lLat":40.157264,"lLng":124.610492,"lSpd":397,"lTrk":122.8}
{"lAlt":22925,"lLat":40.157264,"lLng":124.610492,"lSpd":397,"lTrk":122.8}
{"lAlt":22925,"lLat":40.157264,"lLng":124.610492,"lSpd":397,"lTrk":122.8}
{"lAlt":22925,"lLat":40.157264,"lLng":124.610492,"lSpd":397,"lTrk":122.8}
{"lAlt":22925,"lLat":40.157264,"lLng":124.610492,"lSpd":397,"lTrk":122.8}
{"lAlt":22925,"lLat":40.157264,"lLng":124.610492,"lSpd":397,"lTrk":122.8}
{"lAlt":22900,"lLat":40.155867,"lLng":124.612552,"lSpd":397,"lTrk":122.8}
{"lAlt":22875,"lLat":40.155212,"lLng":124.613953,"lSpd":397,"lTrk":122.8}
{"lAlt":22875,"lLat":40.155212,"lLng":124.613953,"lSpd":397,"lTrk":122.8}
{"lAlt":22850,"lLat":40.154526,"lLng":124.614624,"lSpd":397,"lTrk":122.8}
{"lAlt":22850,"lLat":40.154526,"lLng":124.614624,"lSpd":397,"lTrk":122.8}
{"lAlt":22850,"lLat":40.154526,"lLng":124.614624,"lSpd":397,"lTrk":122.8}
{"lAlt":22850,"lLat":40.154526,"lLng":124.614624,"lSpd":397,"lTrk":122.8}
{"lAlt":22825,"lLat":40.153819,"lLng":124.616671,"lSpd":397,"lTrk":122.8}
{"lAlt":22825,"lLat":40.153819,"lLng":124.616671,"lSpd":397,"lTrk":122.8}
{"lAlt":22825,"lLat":40.153819,"lLng":124.616671,"lSpd":397,"lTrk":122.8}
{"lAlt":22800,"lLat":40.153152,"lLng":124.618042,"lSpd":397,"lTrk":122.8}
{"lAlt":22800,"lLat":40.153152,"lLng":124.618042,"lSpd":397,"lTrk":122.8}
{"lAlt":22775,"lLat":40.153152,"lLng":124.619446,"lSpd":397,"lTrk":122.8}
{"lAlt":22775,"lLat":40.153152,"lLng":124.619446,"lSpd":397,"lTrk":122.8}
{"lAlt":22775,"lLat":40.153152,"lLng":124.619446,"lSpd":397,"lTrk":122.8}
{"lAlt":22775,"lLat":40.153152,"lLng":124.619446,"lSpd":397,"lTrk":122.8}
{"lAlt":22775,"lLat":40.153152,"lLng":124.619446,"lSpd":397,"lTrk":122.8}
{"lAlt":22775,"lLat":40.153152,"lLng":124.619446,"lSpd":397,"lTrk":122.8}
{"lAlt":22775,"lLat":40.153152,"lLng":124.619446,"lSpd":397,"lTrk":122.8}
{"lAlt":22725,"lLat":40.151093,"lLng":124.622192,"lSpd":397,"lTrk":122.8}
{"lAlt":22725,"lLat":40.151093,"lLng":124.622192,"lSpd":397,"lTrk":122.8}
{"lAlt":22725,"lLat":40.151093,"lLng":124.622192,"lSpd":397,"lTrk":122.9}
{"lAlt":22700,"lLat":40.150406,"lLng":124.623535,"lSpd":397,"lTrk":122.9}
{"lAlt":22700,"lLat":40.150406,"lLng":124.623535,"lSpd":397,"lTrk":122.9}
{"lAlt":22675,"lLat":40.149722,"lLng":124.624911,"lSpd":397,"lTrk":122.9}
{"lAlt":22675,"lLat":40.149722,"lLng":124.624911,"lSpd":397,"lTrk":122.9}
{"lAlt":22675,"lLat":40.149722,"lLng":124.624911,"lSpd":397,"lTrk":122.9}
{"lAlt":22675,"lLat":40.149722,"lLng":124.624911,"lSpd":397,"lTrk":122.9}
{"lAlt":22625,"lLat":40.149033,"lLng":124.627014,"lSpd":397,"lTrk":122.9}
{"lAlt":22625,"lLat":40.149033,"lLng":124.627014,"lSpd":397,"lTrk":122.9}
{"lAlt":22600,"lLat":40.148346,"lLng":124.628357,"lSpd":397,"lTrk":122.9}
{"lAlt":22600,"lLat":40.148346,"lLng":124.628357,"lSpd":397,"lTrk":122.9}
{"lAlt":22575,"lLat":40.147627,"lLng":124.629031,"lSpd":397,"lTrk":122.9}
{"lAlt":22575,"lLat":40.147627,"lLng":124.629031,"lSpd":398,"lTrk":123}
{"lAlt":22575,"lLat":40.147627,"lLng":124.629718,"lSpd":398,"lTrk":123}
{"lAlt":22575,"lLat":40.147627,"lLng":124.629718,"lSpd":398,"lTrk":123}
{"lAlt":22575,"lLat":40.147627,"lLng":124.629718,"lSpd":399,"lTrk":122.9}
{"lAlt":22550,"lLat":40.146973,"lLng":124.631104,"lSpd":399,"lTrk":122.9}
{"lAlt":22550,"lLat":40.146973,"lLng":124.631104,"lSpd":399,"lTrk":122.9}
{"lAlt":22525,"lLat":40.146973,"lLng":124.631104,"lSpd":399,"lTrk":122.9}
{"lAlt":22525,"lLat":40.146973,"lLng":124.631104,"lSpd":399,"lTrk":122.9}
{"lAlt":22525,"lLat":40.146286,"lLng":124.631775,"lSpd":399,"lTrk":122.9}
{"lAlt":22500,"lLat":40.145579,"lLng":124.633151,"lSpd":399,"lTrk":122.9}
{"lAlt":22500,"lLat":40.145579,"lLng":124.633151,"lSpd":399,"lTrk":122.9}
{"lAlt":22500,"lLat":40.145579,"lLng":124.633151,"lSpd":399,"lTrk":122.9}
{"lAlt":22475,"lLat":40.145579,"lLng":124.633838,"lSpd":399,"lTrk":122.9}
{"lAlt":22475,"lLat":40.145579,"lLng":124.633838,"lSpd":399,"lTrk":122.9}
{"lAlt":22425,"lLat":40.144229,"lLng":124.635898,"lSpd":399,"lTrk":122.9}
{"lAlt":22425,"lLat":40.144229,"lLng":124.635898,"lSpd":399,"lTrk":123.1}
{"lAlt":22400,"lLat":40.144229,"lLng":124.637271,"lSpd":399,"lTrk":123.1}
{"lAlt":22400,"lLat":40.144229,"lLng":124.637271,"lSpd":399,"lTrk":123.1}
{"lAlt":22400,"lLat":40.144229,"lLng":124.637271,"lSpd":399,"lTrk":123.1}
{"lAlt":22375,"lLat":40.142853,"lLng":124.638,"lSpd":399,"lTrk":123.1}
{"lAlt":22375,"lLat":40.142853,"lLng":124.638,"lSpd":399,"lTrk":123.1}
{"lAlt":22350,"lLat":40.142853,"lLng":124.639343,"lSpd":399,"lTrk":123.1}
{"lAlt":22350,"lLat":40.142853,"lLng":124.639343,"lSpd":400,"lTrk":123}
{"lAlt":22300,"lLat":40.141483,"lLng":124.641391,"lSpd":400,"lTrk":123}
{"lAlt":22300,"lLat":40.141483,"lLng":124.641391,"lSpd":400,"lTrk":123}
{"lAlt":22300,"lLat":40.141483,"lLng":124.641391,"lSpd":400,"lTrk":123}
{"lAlt":22300,"lLat":40.141483,"lLng":124.641391,"lSpd":401,"lTrk":123.1}
{"lAlt":22300,"lLat":40.141483,"lLng":124.641391,"lSpd":401,"lTrk":123.1}
{"lAlt":22175,"lLat":40.138736,"lLng":124.646884,"lSpd":401,"lTrk":123.1}
{"lAlt":22175,"lLat":40.138736,"lLng":124.646884,"lSpd":401,"lTrk":123.1}
{"lAlt":22175,"lLat":40.138736,"lLng":124.646884,"lSpd":401,"lTrk":123.1}
{"lAlt":22125,"lLat":40.138046,"lLng":124.649658,"lSpd":401,"lTrk":123.1}
{"lAlt":22125,"lLat":40.138046,"lLng":124.649658,"lSpd":402,"lTrk":123.1}
{"lAlt":22125,"lLat":40.138046,"lLng":124.649658,"lSpd":402,"lTrk":123.1}
{"lAlt":22125,"lLat":40.138046,"lLng":124.649658,"lSpd":402,"lTrk":123.1}
{"lAlt":22075,"lLat":40.136673,"lLng":124.651001,"lSpd":402,"lTrk":123.1}
{"lAlt":22075,"lLat":40.136673,"lLng":124.651001,"lSpd":402,"lTrk":123.1}
{"lAlt":22075,"lLat":40.136673,"lLng":124.651001,"lSpd":402,"lTrk":123.1}
{"lAlt":22075,"lLat":40.136673,"lLng":124.651001,"lSpd":402,"lTrk":123.1}
{"lAlt":22000,"lLat":40.135291,"lLng":124.655124,"lSpd":402,"lTrk":123.1}
{"lAlt":22000,"lLat":40.135291,"lLng":124.655124,"lSpd":402,"lTrk":123.1}
{"lAlt":22000,"lLat":40.135291,"lLng":124.655124,"lSpd":402,"lTrk":123.1}
{"lAlt":21975,"lLat":40.134613,"lLng":124.656494,"lSpd":402,"lTrk":123.1}
{"lAlt":21975,"lLat":40.134613,"lLng":124.656494,"lSpd":402,"lTrk":123.1}
{"lAlt":21975,"lLat":40.134613,"lLng":124.656494,"lSpd":403,"lTrk":123.3}
{"lAlt":21950,"lLat":40.133926,"lLng":124.657227,"lSpd":403,"lTrk":123.3}
{"lAlt":21950,"lLat":40.133926,"lLng":124.657227,"lSpd":403,"lTrk":123.3}
{"lAlt":21950,"lLat":40.133926,"lLng":124.657227,"lSpd":403,"lTrk":123.3}
{"lAlt":21950,"lLat":40.133243,"lLng":124.658557,"lSpd":403,"lTrk":123.3}
{"lAlt":21950,"lLat":40.133243,"lLng":124.658557,"lSpd":403,"lTrk":123.3}
{"lAlt":21925,"lLat":40.132545,"lLng":124.659243,"lSpd":403,"lTrk":123.3}
{"lAlt":21925,"lLat":40.132545,"lLng":124.659243,"lSpd":403,"lTrk":123.3}
{"lAlt":21900,"lLat":40.132545,"lLng":124.65993,"lSpd":403,"lTrk":123.3}
{"lAlt":21900,"lLat":40.132545,"lLng":124.65993,"lSpd":403,"lTrk":123.3}
{"lAlt":21875,"lLat":40.132545,"lLng":124.660617,"lSpd":403,"lTrk":123.3}
{"lAlt":21875,"lLat":40.132545,"lLng":124.660617,"lSpd":403,"lTrk":123.3}
{"lAlt":21875,"lLat":40.132545,"lLng":124.660617,"lSpd":403,"lTrk":123.3}
{"lAlt":21875,"lLat":40.13118,"lLng":124.661987,"lSpd":403,"lTrk":123.3}
{"lAlt":21875,"lLat":40.13118,"lLng":124.661987,"lSpd":403,"lTrk":123.3}
{"lAlt":21875,"lLat":40.13118,"lLng":124.661987,"lSpd":403,"lTrk":123.3}
{"lAlt":21875,"lLat":40.13118,"lLng":124.661987,"lSpd":403,"lTrk":123.3}
{"lAlt":21875,"lLat":40.13118,"lLng":124.661987,"lSpd":403,"lTrk":123.3}
{"lAlt":21875,"lLat":40.13118,"lLng":124.661987,"lSpd":403,"lTrk":123.3}
{"lAlt":21875,"lLat":40.13118,"lLng":124.661987,"lSpd":403,"lTrk":123.3}
{"lAlt":21800,"lLat":40.129798,"lLng":124.665423,"lSpd":403,"lTrk":123.3}
{"lAlt":21800,"lLat":40.129798,"lLng":124.665423,"lSpd":403,"lTrk":123.3}
{"lAlt":21775,"lLat":40.128433,"lLng":124.66748,"lSpd":403,"lTrk":123.3}
{"lAlt":21775,"lLat":40.128433,"lLng":124.66748,"lSpd":403,"lTrk":123.3}
{"lAlt":21775,"lLat":40.128433,"lLng":124.66748,"lSpd":403,"lTrk":123.3}
{"lAlt":21775,"lLat":40.128433,"lLng":124.66748,"lSpd":403,"lTrk":123.3}
{"lAlt":21775,"lLat":40.128433,"lLng":124.66748,"lSpd":403,"lTrk":123.3}
{"lAlt":21775,"lLat":40.128433,"lLng":124.66748,"lSpd":403,"lTrk":123.3}
{"lAlt":21775,"lLat":40.128433,"lLng":124.66748,"lSpd":403,"lTrk":123.4}
{"lAlt":21675,"lLat":40.126353,"lLng":124.67229,"lSpd":403,"lTrk":123.4}
{"lAlt":21675,"lLat":40.126353,"lLng":124.67229,"lSpd":403,"lTrk":123.4}
{"lAlt":21625,"lLat":40.125,"lLng":124.675049,"lSpd":403,"lTrk":123.4}
{"lAlt":21625,"lLat":40.125,"lLng":124.675049,"lSpd":403,"lTrk":123.4}
{"lAlt":21625,"lLat":40.125,"lLng":124.675049,"lSpd":403,"lTrk":123.4}
{"lAlt":21625,"lLat":40.125,"lLng":124.675049,"lSpd":403,"lTrk":123.4}
{"lAlt":21600,"lLat":40.123607,"lLng":124.677783,"lSpd":403,"lTrk":123.4}
{"lAlt":21600,"lLat":40.123607,"lLng":124.677783,"lSpd":403,"lTrk":123.4}
{"lAlt":21600,"lLat":40.123607,"lLng":124.677783,"lSpd":403,"lTrk":123.4}
{"lAlt":21550,"lLat":40.122257,"lLng":124.68053,"lSpd":403,"lTrk":123.4}
{"lAlt":21550,"lLat":40.122257,"lLng":124.68053,"lSpd":403,"lTrk":123.4}
{"lAlt":21550,"lLat":40.122257,"lLng":124.68053,"lSpd":403,"lTrk":123.4}
{"lAlt":21550,"lLat":40.122257,"lLng":124.68053,"lSpd":403,"lTrk":123.4}
{"lAlt":21550,"lLat":40.122257,"lLng":124.68053,"lSpd":403,"lTrk":123.4}
{"lAlt":21550,"lLat":40.122257,"lLng":124.68053,"lSpd":402,"lTrk":123.5}
{"lAlt":21500,"lLat":40.120162,"lLng":124.683963,"lSpd":402,"lTrk":123.5}
{"lAlt":21475,"lLat":40.120162,"lLng":124.685336,"lSpd":402,"lTrk":123.5}
{"lAlt":21475,"lLat":40.120162,"lLng":124.685336,"lSpd":402,"lTrk":123.5}
{"lAlt":21450,"lLat":40.11882,"lLng":124.686707,"lSpd":402,"lTrk":123.5}
{"lAlt":21425,"lLat":40.117415,"lLng":124.690143,"lSpd":402,"lTrk":123.5}
{"lAlt":21425,"lLat":40.117415,"lLng":124.690143,"lSpd":402,"lTrk":123.5}
{"lAlt":21425,"lLat":40.117415,"lLng":124.690143,"lSpd":402,"lTrk":123.5}
{"lAlt":21375,"lLat":40.116065,"lLng":124.692889,"lSpd":402,"lTrk":123.5}
{"lAlt":21375,"lLat":40.116065,"lLng":124.692889,"lSpd":402,"lTrk":123.5}
{"lAlt":21375,"lLat":40.116065,"lLng":124.692889,"lSpd":401,"lTrk":123.5}
{"lAlt":21375,"lLat":40.116065,"lLng":124.692889,"lSpd":401,"lTrk":123.5}
{"lAlt":21375,"lLat":40.116065,"lLng":124.692889,"lSpd":401,"lTrk":123.5}
{"lAlt":21350,"lLat":40.1147,"lLng":124.694946,"lSpd":401,"lTrk":123.5}
{"lAlt":21350,"lLat":40.1147,"lLng":124.694946,"lSpd":401,"lTrk":123.5}
{"lAlt":21325,"lLat":40.114017,"lLng":124.697696,"lSpd":401,"lTrk":123.5}
{"lAlt":21300,"lLat":40.11264,"lLng":124.698425,"lSpd":401,"lTrk":123.5}
{"lAlt":21300,"lLat":40.11264,"lLng":124.699097,"lSpd":401,"lTrk":123.5}
{"lAlt":21300,"lLat":40.11264,"lLng":124.699097,"lSpd":400,"lTrk":123.5}
{"lAlt":21275,"lLat":40.111922,"lLng":124.701129,"lSpd":400,"lTrk":123.5}
{"lAlt":21275,"lLat":40.111922,"lLng":124.701129,"lSpd":400,"lTrk":123.5}
{"lAlt":21275,"lLat":40.111922,"lLng":124.701129,"lSpd":400,"lTrk":123.5}
{"lAlt":21250,"lLat":40.11127,"lLng":124.701816,"lSpd":400,"lTrk":123.5}
{"lAlt":21250,"lLat":40.11127,"lLng":124.701816,"lSpd":400,"lTrk":123.5}
{"lAlt":21250,"lLat":40.11127,"lLng":124.701816,"lSpd":400,"lTrk":123.5}
{"lAlt":21250,"lLat":40.11127,"lLng":124.701816,"lSpd":400,"lTrk":123.5}
{"lAlt":21250,"lLat":40.11127,"lLng":124.701816,"lSpd":400,"lTrk":123.5}
{"lAlt":21250,"lLat":40.11127,"lLng":124.701816,"lSpd":400,"lTrk":123.5}
{"lAlt":21225,"lLat":40.109894,"lLng":124.705261,"lSpd":400,"lTrk":123.5}
{"lAlt":21225,"lLat":40.109894,"lLng":124.705261,"lSpd":399,"lTrk":123.6}
{"lAlt":21175,"lLat":40.108524,"lLng":124.707995,"lSpd":399,"lTrk":123.6}
{"lAlt":21150,"lLat":40.107127,"lLng":124.710055,"lSpd":399,"lTrk":123.6}
{"lAlt":21150,"lLat":40.107127,"lLng":124.710055,"lSpd":399,"lTrk":123.6}
{"lAlt":21125,"lLat":40.106429,"lLng":124.712115,"lSpd":399,"lTrk":123.6}
{"lAlt":21125,"lLat":40.106429,"lLng":124.712115,"lSpd":399,"lTrk":123.5}
{"lAlt":21125,"lLat":40.106429,"lLng":124.712115,"lSpd":399,"lTrk":123.5}
{"lAlt":21125,"lLat":40.106429,"lLng":124.712115,"lSpd":399,"lTrk":123.5}
{"lAlt":21125,"lLat":40.106429,"lLng":124.712115,"lSpd":399,"lTrk":123.5}
{"lAlt":21075,"lLat":40.10438,"lLng":124.716235,"lSpd":399,"lTrk":123.5}
{"lAlt":21075,"lLat":40.10438,"lLng":124.716235,"lSpd":399,"lTrk":123.5}
{"lAlt":21075,"lLat":40.10438,"lLng":124.716235,"lSpd":398,"lTrk":123.3}
{"lAlt":21050,"lLat":40.103027,"lLng":124.718323,"lSpd":398,"lTrk":123.3}
{"lAlt":21025,"lLat":40.102332,"lLng":124.719668,"lSpd":398,"lTrk":123.3}
{"lAlt":21025,"lLat":40.102332,"lLng":124.719668,"lSpd":398,"lTrk":123.3}
{"lAlt":21000,"lLat":40.101634,"lLng":124.721728,"lSpd":398,"lTrk":123.3}
{"lAlt":20975,"lLat":40.100936,"lLng":124.723102,"lSpd":398,"lTrk":123.3}
{"lAlt":20925,"lLat":40.098221,"lLng":124.727905,"lSpd":398,"lTrk":123.3}
{"lAlt":20925,"lLat":40.098221,"lLng":124.727905,"lSpd":396,"lTrk":123.5}
{"lAlt":20925,"lLat":40.098221,"lLng":124.727905,"lSpd":396,"lTrk":123.5}
{"lAlt":20925,"lLat":40.098221,"lLng":124.727905,"lSpd":396,"lTrk":123.5}
{"lAlt":20925,"lLat":40.098221,"lLng":124.727905,"lSpd":394,"lTrk":123.5}
{"lAlt":20925,"lLat":40.098221,"lLng":124.727905,"lSpd":394,"lTrk":123.5}
{"lAlt":20650,"lLat":40.087901,"lLng":124.748507,"lSpd":394,"lTrk":123.5}
{"lAlt":20650,"lLat":40.087901,"lLng":124.748507,"lSpd":394,"lTrk":123.5}
{"lAlt":20650,"lLat":40.087901,"lLng":124.748507,"lSpd":394,"lTrk":123.5}
{"lAlt":20550,"lLat":40.084488,"lLng":124.7547,"lSpd":394,"lTrk":123.5}
{"lAlt":20550,"lLat":40.084488,"lLng":124.7547,"lSpd":394,"lTrk":123.4}
{"lAlt":20525,"lLat":40.083804,"lLng":124.756747,"lSpd":394,"lTrk":123.4}
{"lAlt":20500,"lLat":40.083115,"lLng":124.759521,"lSpd":394,"lTrk":123.4}
{"lAlt":20500,"lLat":40.083115,"lLng":124.759521,"lSpd":393,"lTrk":123.5}
{"lAlt":20500,"lLat":40.083115,"lLng":124.759521,"lSpd":393,"lTrk":123.5}
{"lAlt":20450,"lLat":40.08171,"lLng":124.760867,"lSpd":393,"lTrk":123.5}
{"lAlt":20350,"lLat":40.078311,"lLng":124.767047,"lSpd":393,"lTrk":123.5}
{"lAlt":20325,"lLat":40.077621,"lLng":124.769104,"lSpd":393,"lTrk":123.5}
{"lAlt":20325,"lLat":40.077621,"lLng":124.769104,"lSpd":393,"lTrk":123.5}
{"lAlt":20325,"lLat":40.077621,"lLng":124.769104,"lSpd":393,"lTrk":123.5}
{"lAlt":20125,"lLat":40.070755,"lLng":124.782837,"lSpd":393,"lTrk":123.5}
{"lAlt":20100,"lLat":40.070068,"lLng":124.784241,"lSpd":393,"lTrk":123.5}
{"lAlt":20100,"lLat":40.070068,"lLng":124.784241,"lSpd":391,"lTrk":123.4}
{"lAlt":20100,"lLat":40.070068,"lLng":124.784241,"lSpd":391,"lTrk":123.4}
{"lAlt":20025,"lLat":40.067977,"lLng":124.788333,"lSpd":391,"lTrk":123.4}
{"lAlt":20025,"lLat":40.067977,"lLng":124.788333,"lSpd":391,"lTrk":123.5}
{"lAlt":20025,"lLat":40.067977,"lLng":124.788333,"lSpd":391,"lTrk":123.5}
{"lAlt":20000,"lLat":40.067322,"lLng":124.789734,"lSpd":391,"lTrk":123.5}
{"lAlt":20000,"lLat":40.067322,"lLng":124.789734,"lSpd":391,"lTrk":123.5}
{"lAlt":20000,"lLat":40.067322,"lLng":124.789734,"lSpd":391,"lTrk":123.5}
{"lAlt":20000,"lLat":40.067322,"lLng":124.789734,"lSpd":391,"lTrk":123.5}
{"lAlt":19950,"lLat":40.065262,"lLng":124.794556,"lSpd":391,"lTrk":123.5}
{"lAlt":19950,"lLat":40.065262,"lLng":124.794556,"lSpd":391,"lTrk":123.5}
{"lAlt":19950,"lLat":40.065262,"lLng":124.794556,"lSpd":391,"lTrk":123.5}
{"lAlt":19900,"lLat":40.063202,"lLng":124.797974,"lSpd":391,"lTrk":123.5}
{"lAlt":19850,"lLat":40.061832,"lLng":124.800006,"lSpd":391,"lTrk":123.5}
{"lAlt":19850,"lLat":40.061832,"lLng":124.800006,"lSpd":391,"lTrk":123.5}
{"lAlt":19850,"lLat":40.061832,"lLng":124.800006,"lSpd":391,"lTrk":123.5}
{"lAlt":19850,"lLat":40.061832,"lLng":124.800006,"lSpd":391,"lTrk":123.5}
{"lAlt":19850,"lLat":40.061832,"lLng":124.800006,"lSpd":391,"lTrk":123.5}
{"lAlt":19850,"lLat":40.061832,"lLng":124.800006,"lSpd":391,"lTrk":123.5}
{"lAlt":19775,"lLat":40.059737,"lLng":124.805499,"lSpd":391,"lTrk":123.5}
{"lAlt":19775,"lLat":40.059737,"lLng":124.805499,"lSpd":391,"lTrk":123.5}
{"lAlt":19750,"lLat":40.058395,"lLng":124.806885,"lSpd":391,"lTrk":123.5}
{"lAlt":19750,"lLat":40.058395,"lLng":124.806885,"lSpd":389,"lTrk":123.5}
{"lAlt":19725,"lLat":40.057689,"lLng":124.808932,"lSpd":389,"lTrk":123.5}
{"lAlt":19725,"lLat":40.057689,"lLng":124.808932,"lSpd":389,"lTrk":123.5}
{"lAlt":19700,"lLat":40.05699,"lLng":124.810306,"lSpd":389,"lTrk":123.5}
{"lAlt":19700,"lLat":40.05699,"lLng":124.810306,"lSpd":389,"lTrk":123.5}
{"lAlt":19675,"lLat":40.056335,"lLng":124.811707,"lSpd":389,"lTrk":123.5}
{"lAlt":19675,"lLat":40.056335,"lLng":124.811707,"lSpd":389,"lTrk":123.5}
{"lAlt":19675,"lLat":40.05564,"lLng":124.812365,"lSpd":389,"lTrk":123.5}
{"lAlt":19675,"lLat":40.05564,"lLng":124.812365,"lSpd":389,"lTrk":123.5}
{"lAlt":19675,"lLat":40.05564,"lLng":124.812365,"lSpd":389,"lTrk":123.5}
{"lAlt":19675,"lLat":40.05564,"lLng":124.812365,"lSpd":389,"lTrk":123.5}
{"lAlt":19675,"lLat":40.05564,"lLng":124.812365,"lSpd":389,"lTrk":123.5}
{"lAlt":19675,"lLat":40.05564,"lLng":124.812365,"lSpd":389,"lTrk":123.5}
{"lAlt":19525,"lLat":40.051497,"lLng":124.821292,"lSpd":389,"lTrk":123.5}
{"lAlt":19500,"lLat":40.050842,"lLng":124.823364,"lSpd":389,"lTrk":123.5}
{"lAlt":19500,"lLat":40.050842,"lLng":124.823364,"lSpd":389,"lTrk":123.5}
{"lAlt":19500,"lLat":40.050842,"lLng":124.823364,"lSpd":388,"lTrk":123.6}
{"lAlt":19500,"lLat":40.050842,"lLng":124.823364,"lSpd":388,"lTrk":123.6}
{"lAlt":19425,"lLat":40.048782,"lLng":124.826782,"lSpd":388,"lTrk":123.6}
{"lAlt":19425,"lLat":40.048782,"lLng":124.826782,"lSpd":388,"lTrk":123.6}
{"lAlt":19400,"lLat":40.048096,"lLng":124.828857,"lSpd":388,"lTrk":123.6}
{"lAlt":19400,"lLat":40.048096,"lLng":124.828857,"lSpd":388,"lTrk":123.6}
{"lAlt":19400,"lLat":40.048096,"lLng":124.828857,"lSpd":388,"lTrk":123.6}
{"lAlt":19400,"lLat":40.048096,"lLng":124.828857,"lSpd":388,"lTrk":123.6}
{"lAlt":19375,"lLat":40.046702,"lLng":124.830218,"lSpd":388,"lTrk":123.6}
{"lAlt":19375,"lLat":40.046702,"lLng":124.830218,"lSpd":388,"lTrk":123.6}
{"lAlt":19350,"lLat":40.045349,"lLng":124.832275,"lSpd":388,"lTrk":123.6}
{"lAlt":19350,"lLat":40.045349,"lLng":124.832275,"lSpd":388,"lTrk":123.6}
{"lAlt":19350,"lLat":40.045349,"lLng":124.832275,"lSpd":388,"lTrk":123.6}
{"lAlt":19325,"lLat":40.045349,"lLng":124.834351,"lSpd":388,"lTrk":123.6}
{"lAlt":19325,"lLat":40.045349,"lLng":124.834351,"lSpd":388,"lTrk":123.6}
{"lAlt":19325,"lLat":40.045349,"lLng":124.834351,"lSpd":388,"lTrk":123.6}
{"lAlt":19325,"lLat":40.045349,"lLng":124.834351,"lSpd":388,"lTrk":123.6}
{"lAlt":19325,"lLat":40.045349,"lLng":124.834351,"lSpd":388,"lTrk":123.6}
{"lAlt":19325,"lLat":40.045349,"lLng":124.834351,"lSpd":388,"lTrk":123.6}
{"lAlt":19150,"lLat":40.039859,"lLng":124.843951,"lSpd":388,"lTrk":123.6}
{"lAlt":19150,"lLat":40.039859,"lLng":124.843951,"lSpd":388,"lTrk":123.6}
{"lAlt":19150,"lLat":40.039859,"lLng":124.843951,"lSpd":388,"lTrk":123.6}
{"lAlt":19150,"lLat":40.039859,"lLng":124.843951,"lSpd":388,"lTrk":123.6}
{"lAlt":19150,"lLat":40.039859,"lLng":124.843951,"lSpd":388,"lTrk":123.6}
{"lAlt":19150,"lLat":40.039859,"lLng":124.843951,"lSpd":388,"lTrk":123.8}
{"lAlt":19025,"lLat":40.036423,"lLng":124.851501,"lSpd":388,"lTrk":123.8}
{"lAlt":19025,"lLat":40.036423,"lLng":124.851501,"lSpd":388,"lTrk":123.6}
{"lAlt":19025,"lLat":40.036423,"lLng":124.851501,"lSpd":388,"lTrk":123.6}
{"lAlt":19025,"lLat":40.035716,"lLng":124.852878,"lSpd":388,"lTrk":123.6}
{"lAlt":19025,"lLat":40.035716,"lLng":124.852878,"lSpd":388,"lTrk":123.6}
{"lAlt":18975,"lLat":40.034363,"lLng":124.855652,"lSpd":388,"lTrk":123.6}
{"lAlt":18975,"lLat":40.034363,"lLng":124.855652,"lSpd":388,"lTrk":123.6}
{"lAlt":18975,"lLat":40.034363,"lLng":124.855652,"lSpd":388,"lTrk":123.6}
{"lAlt":18925,"lLat":40.032271,"lLng":124.859057,"lSpd":388,"lTrk":123.6}
{"lAlt":18925,"lLat":40.032271,"lLng":124.859057,"lSpd":387,"lTrk":123.7}
{"lAlt":18875,"lLat":40.030921,"lLng":124.861804,"lSpd":387,"lTrk":123.7}
{"lAlt":18875,"lLat":40.030921,"lLng":124.861804,"lSpd":387,"lTrk":123.7}
{"lAlt":18850,"lLat":40.030921,"lLng":124.862491,"lSpd":387,"lTrk":123.7}
{"lAlt":18850,"lLat":40.030921,"lLng":124.862491,"lSpd":387,"lTrk":123.7}
{"lAlt":18850,"lLat":40.030921,"lLng":124.862491,"lSpd":387,"lTrk":123.7}
{"lAlt":18850,"lLat":40.030921,"lLng":124.862491,"lSpd":387,"lTrk":123.7}
{"lAlt":18825,"lLat":40.029556,"lLng":124.864563,"lSpd":387,"lTrk":123.7}
{"lAlt":18800,"lLat":40.02887,"lLng":124.865234,"lSpd":387,"lTrk":123.7}
{"lAlt":18800,"lLat":40.02887,"lLng":124.865234,"lSpd":387,"lTrk":123.7}
{"lAlt":18800,"lLat":40.028174,"lLng":124.86661,"lSpd":387,"lTrk":123.7}
{"lAlt":18800,"lLat":40.028174,"lLng":124.86661,"lSpd":387,"lTrk":123.7}
{"lAlt":18800,"lLat":40.028174,"lLng":124.86661,"lSpd":387,"lTrk":123.7}
{"lAlt":18750,"lLat":40.026778,"lLng":124.870044,"lSpd":387,"lTrk":123.7}
{"lAlt":18750,"lLat":40.026778,"lLng":124.870044,"lSpd":386,"lTrk":123.8}
{"lAlt":18750,"lLat":40.026778,"lLng":124.870044,"lSpd":386,"lTrk":123.8}
{"lAlt":18725,"lLat":40.026123,"lLng":124.87146,"lSpd":386,"lTrk":123.8}
{"lAlt":18725,"lLat":40.026123,"lLng":124.87146,"lSpd":386,"lTrk":123.8}
{"lAlt":18725,"lLat":40.026123,"lLng":124.87146,"lSpd":386,"lTrk":123.8}
{"lAlt":18725,"lLat":40.026123,"lLng":124.87146,"lSpd":386,"lTrk":123.8}
{"lAlt":18675,"lLat":40.02473,"lLng":124.87485,"lSpd":386,"lTrk":123.8}
{"lAlt":18675,"lLat":40.02473,"lLng":124.87485,"lSpd":386,"lTrk":123.8}
{"lAlt":18675,"lLat":40.02473,"lLng":124.87485,"lSpd":386,"lTrk":123.8}
{"lAlt":18675,"lLat":40.02473,"lLng":124.87485,"lSpd":386,"lTrk":123.8}
{"lAlt":18675,"lLat":40.02473,"lLng":124.87485,"lSpd":386,"lTrk":123.8}
{"lAlt":18675,"lLat":40.02473,"lLng":124.87485,"lSpd":386,"lTrk":123.8}
{"lAlt":18675,"lLat":40.02473,"lLng":124.87485,"lSpd":386,"lTrk":123.8}
{"lAlt":18575,"lLat":40.022003,"lLng":124.880371,"lSpd":386,"lTrk":123.8}
{"lAlt":18575,"lLat":40.022003,"lLng":124.880371,"lSpd":386,"lTrk":123.8}
{"lAlt":18575,"lLat":40.020633,"lLng":124.881717,"lSpd":386,"lTrk":123.8}
{"lAlt":18575,"lLat":40.020633,"lLng":124.881717,"lSpd":386,"lTrk":123.8}
{"lAlt":18575,"lLat":40.020633,"lLng":124.881717,"lSpd":386,"lTrk":123.8}
{"lAlt":18575,"lLat":40.020633,"lLng":124.881717,"lSpd":386,"lTrk":123.8}
{"lAlt":18575,"lLat":40.020633,"lLng":124.881717,"lSpd":386,"lTrk":123.8}
{"lAlt":18525,"lLat":40.019257,"lLng":124.88446,"lSpd":386,"lTrk":123.8}
{"lAlt":18525,"lLat":40.019257,"lLng":124.88446,"lSpd":386,"lTrk":123.8}
{"lAlt":18500,"lLat":40.019257,"lLng":124.88446,"lSpd":386,"lTrk":123.8}
{"lAlt":18500,"lLat":40.019257,"lLng":124.88446,"lSpd":386,"lTrk":123.8}
{"lAlt":18500,"lLat":40.018538,"lLng":124.886523,"lSpd":386,"lTrk":123.8}
{"lAlt":18500,"lLat":40.018538,"lLng":124.886523,"lSpd":386,"lTrk":123.8}
{"lAlt":18475,"lLat":40.018538,"lLng":124.88721,"lSpd":386,"lTrk":123.8}
{"lAlt":18475,"lLat":40.018538,"lLng":124.88721,"lSpd":386,"lTrk":123.8}
{"lAlt":18475,"lLat":40.018538,"lLng":124.88721,"lSpd":386,"lTrk":123.8}
{"lAlt":18475,"lLat":40.018538,"lLng":124.88721,"lSpd":386,"lTrk":123.8}
{"lAlt":18400,"lLat":40.015792,"lLng":124.89133,"lSpd":386,"lTrk":123.8}
{"lAlt":18400,"lLat":40.015792,"lLng":124.89133,"lSpd":385,"lTrk":123.8}
{"lAlt":18400,"lLat":40.015792,"lLng":124.89133,"lSpd":385,"lTrk":123.8}
{"lAlt":18400,"lLat":40.015792,"lLng":124.89133,"lSpd":385,"lTrk":123.8}
{"lAlt":18400,"lLat":40.015792,"lLng":124.89133,"lSpd":385,"lTrk":123.8}
{"lAlt":18400,"lLat":40.015792,"lLng":124.89133,"lSpd":385,"lTrk":123.8}
{"lAlt":18325,"lLat":40.013077,"lLng":124.897522,"lSpd":385,"lTrk":123.8}
{"lAlt":18325,"lLat":40.013077,"lLng":124.897522,"lSpd":385,"lTrk":123.8}
{"lAlt":18325,"lLat":40.013077,"lLng":124.897522,"lSpd":385,"lTrk":123.8}
{"lAlt":18325,"lLat":40.013077,"lLng":124.897522,"lSpd":385,"lTrk":123.8}
{"lAlt":18275,"lLat":40.011695,"lLng":124.899569,"lSpd":385,"lTrk":123.8}
{"lAlt":18275,"lLat":40.011695,"lLng":124.899569,"lSpd":385,"lTrk":123.8}
{"lAlt":18275,"lLat":40.011695,"lLng":124.899569,"lSpd":385,"lTrk":123.8}
{"lAlt":18275,"lLat":40.011695,"lLng":124.899569,"lSpd":385,"lTrk":123.8}
{"lAlt":18275,"lLat":40.011695,"lLng":124.899569,"lSpd":384,"lTrk":123.6}
{"lAlt":18250,"lLat":40.01033,"lLng":124.901672,"lSpd":384,"lTrk":123.6}
{"lAlt":18250,"lLat":40.01033,"lLng":124.901672,"lSpd":384,"lTrk":123.6}
{"lAlt":18225,"lLat":40.010298,"lLng":124.903689,"lSpd":384,"lTrk":123.6}
{"lAlt":18225,"lLat":40.010298,"lLng":124.903689,"lSpd":383,"lTrk":123.5}
{"lAlt":18225,"lLat":40.010298,"lLng":124.903689,"lSpd":383,"lTrk":123.5}
{"lAlt":18200,"lLat":40.008957,"lLng":124.90509,"lSpd":383,"lTrk":123.5}
{"lAlt":18200,"lLat":40.008957,"lLng":124.90509,"lSpd":383,"lTrk":123.4}
{"lAlt":18200,"lLat":40.008957,"lLng":124.90509,"lSpd":383,"lTrk":123.4}
{"lAlt":18200,"lLat":40.008957,"lLng":124.90509,"lSpd":383,"lTrk":123.4}
{"lAlt":18200,"lLat":40.008957,"lLng":124.90509,"lSpd":383,"lTrk":123.4}
{"lAlt":18175,"lLat":40.00827,"lLng":124.907166,"lSpd":383,"lTrk":123.4}
{"lAlt":18175,"lLat":40.00827,"lLng":124.907166,"lSpd":382,"lTrk":123.3}
{"lAlt":18175,"lLat":40.00827,"lLng":124.907166,"lSpd":382,"lTrk":123.3}
{"lAlt":18175,"lLat":40.00827,"lLng":124.907166,"lSpd":382,"lTrk":123.3}
{"lAlt":18175,"lLat":40.00827,"lLng":124.907166,"lSpd":382,"lTrk":123.3}
{"lAlt":18175,"lLat":40.00827,"lLng":124.907166,"lSpd":382,"lTrk":123.3}
{"lAlt":18175,"lLat":40.00827,"lLng":124.907166,"lSpd":382,"lTrk":123.3}
{"lAlt":18175,"lLat":40.00827,"lLng":124.907166,"lSpd":382,"lTrk":123.3}
{"lAlt":18150,"lLat":40.0069,"lLng":124.909869,"lSpd":382,"lTrk":123.3}
{"lAlt":18150,"lLat":40.0069,"lLng":124.909869,"lSpd":382,"lTrk":123.3}
{"lAlt":18150,"lLat":40.0069,"lLng":124.909869,"lSpd":382,"lTrk":123.3}
{"lAlt":18150,"lLat":40.006202,"lLng":124.910556,"lSpd":382,"lTrk":123.3}
{"lAlt":18150,"lLat":40.006202,"lLng":124.910556,"lSpd":382,"lTrk":123.1}
{"lAlt":18150,"lLat":40.006202,"lLng":124.910556,"lSpd":382,"lTrk":123.1}
{"lAlt":18100,"lLat":40.004805,"lLng":124.913302,"lSpd":382,"lTrk":123.1}
{"lAlt":18100,"lLat":40.004805,"lLng":124.913302,"lSpd":382,"lTrk":123.1}
{"lAlt":18100,"lLat":40.004805,"lLng":124.913302,"lSpd":381,"lTrk":123}
{"lAlt":18100,"lLat":40.00415,"lLng":124.914673,"lSpd":381,"lTrk":123}
{"lAlt":18075,"lLat":40.003464,"lLng":124.916077,"lSpd":381,"lTrk":123}
{"lAlt":18075,"lLat":40.003464,"lLng":124.916077,"lSpd":381,"lTrk":123}
{"lAlt":18025,"lLat":40.002059,"lLng":124.918795,"lSpd":381,"lTrk":123}
{"lAlt":18025,"lLat":40.001404,"lLng":124.919495,"lSpd":381,"lTrk":123}
{"lAlt":18025,"lLat":40.001404,"lLng":124.919495,"lSpd":380,"lTrk":123}
{"lAlt":18025,"lLat":40.001404,"lLng":124.919495,"lSpd":380,"lTrk":123}
{"lAlt":17975,"lLat":40.000717,"lLng":124.92157,"lSpd":380,"lTrk":123}
{"lAlt":17975,"lLat":40.000717,"lLng":124.92157,"lSpd":379,"lTrk":123.1}
{"lAlt":17975,"lLat":40.000709,"lLng":124.922229,"lSpd":379,"lTrk":123.1}
{"lAlt":17950,"lLat":40.00001,"lLng":124.922915,"lSpd":379,"lTrk":123.1}
{"lAlt":17950,"lLat":39.999312,"lLng":124.924289,"lSpd":379,"lTrk":123.1}
{"lAlt":17950,"lLat":39.999312,"lLng":124.924289,"lSpd":380,"lTrk":123.2}
{"lAlt":17925,"lLat":39.999312,"lLng":124.924975,"lSpd":380,"lTrk":123.2}
{"lAlt":17925,"lLat":39.999312,"lLng":124.924975,"lSpd":380,"lTrk":123.2}
{"lAlt":17900,"lLat":39.997971,"lLng":124.926392,"lSpd":380,"lTrk":123.2}
{"lAlt":17900,"lLat":39.997971,"lLng":124.926392,"lSpd":380,"lTrk":123.2}
{"lAlt":17850,"lLat":39.997284,"lLng":124.929138,"lSpd":380,"lTrk":123.2}
{"lAlt":17850,"lLat":39.997284,"lLng":124.929138,"lSpd":380,"lTrk":123.2}
{"lAlt":17825,"lLat":39.996597,"lLng":124.92981,"lSpd":380,"lTrk":123.2}
{"lAlt":17825,"lLat":39.996597,"lLng":124.92981,"lSpd":379,"lTrk":123.3}
{"lAlt":17825,"lLat":39.996597,"lLng":124.92981,"lSpd":379,"lTrk":123.3}
{"lAlt":17825,"lLat":39.996597,"lLng":124.92981,"lSpd":379,"lTrk":123.4}
{"lAlt":17800,"lLat":39.995914,"lLng":124.931842,"lSpd":379,"lTrk":123.4}
{"lAlt":17800,"lLat":39.995914,"lLng":124.931842,"lSpd":379,"lTrk":123.4}
{"lAlt":17800,"lLat":39.995914,"lLng":124.931842,"lSpd":379,"lTrk":123.4}
{"lAlt":17800,"lLat":39.995914,"lLng":124.931842,"lSpd":378,"lTrk":123.5}
{"lAlt":17725,"lLat":39.993851,"lLng":124.935303,"lSpd":378,"lTrk":123.5}
{"lAlt":17725,"lLat":39.993851,"lLng":124.935303,"lSpd":378,"lTrk":123.5}
{"lAlt":17725,"lLat":39.993851,"lLng":124.935303,"lSpd":378,"lTrk":123.5}
{"lAlt":17725,"lLat":39.993851,"lLng":124.935303,"lSpd":378,"lTrk":123.5}
{"lAlt":17675,"lLat":39.992477,"lLng":124.938721,"lSpd":378,"lTrk":123.5}
{"lAlt":17675,"lLat":39.992477,"lLng":124.938721,"lSpd":379,"lTrk":123.6}
{"lAlt":17675,"lLat":39.992477,"lLng":124.938721,"lSpd":379,"lTrk":123.6}
{"lAlt":17675,"lLat":39.992477,"lLng":124.938721,"lSpd":379,"lTrk":123.6}
{"lAlt":17650,"lLat":39.991771,"lLng":124.939395,"lSpd":379,"lTrk":123.6}
{"lAlt":17650,"lLat":39.991771,"lLng":124.939395,"lSpd":379,"lTrk":123.6}
{"lAlt":17575,"lLat":39.990417,"lLng":124.942139,"lSpd":379,"lTrk":123.6}
{"lAlt":17575,"lLat":39.990417,"lLng":124.942139,"lSpd":379,"lTrk":123.6}
{"lAlt":17575,"lLat":39.990417,"lLng":124.942139,"lSpd":379,"lTrk":123.6}
{"lAlt":17575,"lLat":39.989722,"lLng":124.942828,"lSpd":379,"lTrk":123.6}
{"lAlt":17550,"lLat":39.989722,"lLng":124.944201,"lSpd":379,"lTrk":123.6}
{"lAlt":17550,"lLat":39.989722,"lLng":124.944201,"lSpd":379,"lTrk":123.8}
{"lAlt":17525,"lLat":39.989024,"lLng":124.944888,"lSpd":379,"lTrk":123.8}
{"lAlt":17450,"lLat":39.987674,"lLng":124.949008,"lSpd":379,"lTrk":123.8}
{"lAlt":17450,"lLat":39.987674,"lLng":124.949008,"lSpd":379,"lTrk":123.8}
{"lAlt":17450,"lLat":39.987674,"lLng":124.949008,"lSpd":379,"lTrk":123.8}
{"lAlt":17450,"lLat":39.987674,"lLng":124.949008,"lSpd":379,"lTrk":123.8}
{"lAlt":17400,"lLat":39.985579,"lLng":124.951754,"lSpd":379,"lTrk":123.8}
{"lAlt":17375,"lLat":39.984927,"lLng":124.952441,"lSpd":379,"lTrk":123.8}
{"lAlt":17375,"lLat":39.984927,"lLng":124.952441,"lSpd":379,"lTrk":123.8}
{"lAlt":17375,"lLat":39.984927,"lLng":124.952441,"lSpd":379,"lTrk":123.8}
{"lAlt":17375,"lLat":39.984927,"lLng":124.953128,"lSpd":379,"lTrk":123.8}
{"lAlt":17375,"lLat":39.984927,"lLng":124.953128,"lSpd":379,"lTrk":123.8}
{"lAlt":17375,"lLat":39.984927,"lLng":124.953128,"lSpd":379,"lTrk":123.8}
{"lAlt":17375,"lLat":39.984927,"lLng":124.953128,"lSpd":379,"lTrk":123.8}
{"lAlt":17300,"lLat":39.983551,"lLng":124.955872,"lSpd":379,"lTrk":123.8}
{"lAlt":17300,"lLat":39.983551,"lLng":124.955872,"lSpd":379,"lTrk":123.8}
{"lAlt":17300,"lLat":39.983551,"lLng":124.955872,"lSpd":379,"lTrk":123.8}
{"lAlt":17300,"lLat":39.983551,"lLng":124.955872,"lSpd":379,"lTrk":123.8}
{"lAlt":17300,"lLat":39.982833,"lLng":124.957248,"lSpd":379,"lTrk":123.8}
{"lAlt":17300,"lLat":39.982833,"lLng":124.957248,"lSpd":379,"lTrk":123.8}
{"lAlt":17250,"lLat":39.982178,"lLng":124.958618,"lSpd":379,"lTrk":123.8}
{"lAlt":17250,"lLat":39.982178,"lLng":124.958618,"lSpd":379,"lTrk":123.8}
{"lAlt":17250,"lLat":39.982178,"lLng":124.958618,"lSpd":378,"lTrk":123.9}
{"lAlt":17175,"lLat":39.980118,"lLng":124.962769,"lSpd":378,"lTrk":123.9}
{"lAlt":17175,"lLat":39.980118,"lLng":124.962769,"lSpd":378,"lTrk":123.9}
{"lAlt":17150,"lLat":39.979434,"lLng":124.964114,"lSpd":378,"lTrk":123.9}
{"lAlt":17150,"lLat":39.979434,"lLng":124.964114,"lSpd":378,"lTrk":123.9}
{"lAlt":17150,"lLat":39.979434,"lLng":124.964114,"lSpd":378,"lTrk":124}
{"lAlt":17125,"lLat":39.978736,"lLng":124.965487,"lSpd":378,"lTrk":124}
{"lAlt":17125,"lLat":39.978736,"lLng":124.965487,"lSpd":378,"lTrk":124}
{"lAlt":17125,"lLat":39.978736,"lLng":124.965487,"lSpd":378,"lTrk":124}
{"lAlt":17100,"lLat":39.978058,"lLng":124.96759,"lSpd":378,"lTrk":124}
{"lAlt":17100,"lLat":39.978058,"lLng":124.96759,"lSpd":378,"lTrk":124}
{"lAlt":17075,"lLat":39.977371,"lLng":124.968262,"lSpd":378,"lTrk":124}
{"lAlt":17075,"lLat":39.977371,"lLng":124.968262,"lSpd":378,"lTrk":124}
{"lAlt":17075,"lLat":39.977371,"lLng":124.968262,"lSpd":378,"lTrk":124}
{"lAlt":17050,"lLat":39.976688,"lLng":124.968921,"lSpd":378,"lTrk":124}
{"lAlt":17050,"lLat":39.976688,"lLng":124.968921,"lSpd":378,"lTrk":124}
{"lAlt":17050,"lLat":39.976688,"lLng":124.969607,"lSpd":378,"lTrk":124}
{"lAlt":17050,"lLat":39.976688,"lLng":124.969607,"lSpd":378,"lTrk":124}
{"lAlt":17050,"lLat":39.976688,"lLng":124.969607,"lSpd":378,"lTrk":124.1}
{"lAlt":17025,"lLat":39.975998,"lLng":124.971008,"lSpd":378,"lTrk":124.1}
{"lAlt":17025,"lLat":39.975998,"lLng":124.971008,"lSpd":378,"lTrk":124.1}
{"lAlt":17025,"lLat":39.975998,"lLng":124.971008,"lSpd":378,"lTrk":124.1}
{"lAlt":17000,"lLat":39.975291,"lLng":124.97304,"lSpd":378,"lTrk":124.1}
{"lAlt":16975,"lLat":39.974593,"lLng":124.973727,"lSpd":378,"lTrk":124.1}
{"lAlt":16975,"lLat":39.974593,"lLng":124.973727,"lSpd":378,"lTrk":124.1}
{"lAlt":16975,"lLat":39.974593,"lLng":124.973727,"lSpd":377,"lTrk":124}
{"lAlt":16975,"lLat":39.974593,"lLng":124.973727,"lSpd":377,"lTrk":124}
{"lAlt":16975,"lLat":39.974593,"lLng":124.973727,"lSpd":377,"lTrk":124}
{"lAlt":16975,"lLat":39.974593,"lLng":124.973727,"lSpd":377,"lTrk":124}
{"lAlt":16975,"lLat":39.974593,"lLng":124.973727,"lSpd":377,"lTrk":124}
{"lAlt":16975,"lLat":39.974593,"lLng":124.973727,"lSpd":377,"lTrk":124}
{"lAlt":16975,"lLat":39.974593,"lLng":124.973727,"lSpd":376,"lTrk":124.1}
{"lAlt":16975,"lLat":39.974593,"lLng":124.973727,"lSpd":376,"lTrk":124.1}
{"lAlt":16975,"lLat":39.974593,"lLng":124.973727,"lSpd":376,"lTrk":124.1}
{"lAlt":16975,"lLat":39.974593,"lLng":124.973727,"lSpd":376,"lTrk":124.1}
{"lAlt":16975,"lLat":39.974593,"lLng":124.973727,"lSpd":375,"lTrk":124}
{"lAlt":16725,"lLat":39.966385,"lLng":124.989563,"lSpd":375,"lTrk":124}
{"lAlt":16725,"lLat":39.966385,"lLng":124.989563,"lSpd":375,"lTrk":124}
{"lAlt":16725,"lLat":39.966385,"lLng":124.989563,"lSpd":375,"lTrk":124}
{"lAlt":16725,"lLat":39.966385,"lLng":124.989563,"lSpd":375,"lTrk":124}
{"lAlt":16675,"lLat":39.965003,"lLng":124.99158,"lSpd":375,"lTrk":124}
{"lAlt":16675,"lLat":39.965003,"lLng":124.99158,"lSpd":374,"lTrk":124.1}
{"lAlt":16675,"lLat":39.965003,"lLng":124.99158,"lSpd":374,"lTrk":124.1}
{"lAlt":16650,"lLat":39.964305,"lLng":124.99364,"lSpd":374,"lTrk":124.1}
{"lAlt":16600,"lLat":39.962952,"lLng":124.995056,"lSpd":374,"lTrk":124.1}
{"lAlt":16600,"lLat":39.962952,"lLng":124.995056,"lSpd":373,"lTrk":124}
{"lAlt":16600,"lLat":39.962952,"lLng":124.995056,"lSpd":373,"lTrk":124}
{"lAlt":16575,"lLat":39.962256,"lLng":124.997073,"lSpd":373,"lTrk":124}
{"lAlt":16575,"lLat":39.962256,"lLng":124.997073,"lSpd":373,"lTrk":124}
{"lAlt":16575,"lLat":39.962256,"lLng":124.997073,"lSpd":373,"lTrk":124}
{"lAlt":16575,"lLat":39.962256,"lLng":124.997073,"lSpd":373,"lTrk":124}
{"lAlt":16550,"lLat":39.961558,"lLng":124.998446,"lSpd":373,"lTrk":124}
{"lAlt":16525,"lLat":39.960892,"lLng":124.999817,"lSpd":373,"lTrk":124}
{"lAlt":16525,"lLat":39.960892,"lLng":125.000549,"lSpd":373,"lTrk":124}
{"lAlt":16525,"lLat":39.960892,"lLng":125.000549,"lSpd":373,"lTrk":123.9}
{"lAlt":16500,"lLat":39.960205,"lLng":125.001221,"lSpd":373,"lTrk":123.9}
{"lAlt":16500,"lLat":39.960205,"lLng":125.001221,"lSpd":373,"lTrk":123.9}
{"lAlt":16500,"lLat":39.960205,"lLng":125.001221,"lSpd":373,"lTrk":123.9}
{"lAlt":16500,"lLat":39.960205,"lLng":125.001221,"lSpd":372,"lTrk":123.9}
{"lAlt":16500,"lLat":39.960205,"lLng":125.001221,"lSpd":372,"lTrk":123.9}
{"lAlt":16425,"lLat":39.958145,"lLng":125.00531,"lSpd":372,"lTrk":123.9}
{"lAlt":16400,"lLat":39.958145,"lLng":125.006042,"lSpd":372,"lTrk":123.9}
{"lAlt":16400,"lLat":39.958145,"lLng":125.006042,"lSpd":372,"lTrk":123.9}
{"lAlt":16400,"lLat":39.957462,"lLng":125.006686,"lSpd":372,"lTrk":123.9}
{"lAlt":16400,"lLat":39.957462,"lLng":125.006686,"lSpd":372,"lTrk":123.9}
{"lAlt":16375,"lLat":39.956763,"lLng":125.007373,"lSpd":372,"lTrk":123.9}
{"lAlt":16350,"lLat":39.956763,"lLng":125.008059,"lSpd":372,"lTrk":123.9}
{"lAlt":16350,"lLat":39.956763,"lLng":125.008059,"lSpd":371,"lTrk":123.8}
{"lAlt":16350,"lLat":39.956085,"lLng":125.010132,"lSpd":371,"lTrk":123.8}
{"lAlt":16350,"lLat":39.956085,"lLng":125.010132,"lSpd":371,"lTrk":123.8}
{"lAlt":16350,"lLat":39.956085,"lLng":125.010132,"lSpd":371,"lTrk":123.8}
{"lAlt":16325,"lLat":39.955399,"lLng":125.010132,"lSpd":371,"lTrk":123.8}
{"lAlt":16325,"lLat":39.955399,"lLng":125.010132,"lSpd":371,"lTrk":123.8}
{"lAlt":16300,"lLat":39.954715,"lLng":125.011493,"lSpd":371,"lTrk":123.8}
{"lAlt":16300,"lLat":39.954715,"lLng":125.011493,"lSpd":371,"lTrk":123.9}
{"lAlt":16275,"lLat":39.954712,"lLng":125.012878,"lSpd":371,"lTrk":123.9}
{"lAlt":16275,"lLat":39.954712,"lLng":125.012878,"lSpd":371,"lTrk":123.9}
{"lAlt":16275,"lLat":39.954712,"lLng":125.012878,"lSpd":371,"lTrk":123.9}
{"lAlt":16250,"lLat":39.954025,"lLng":125.012878,"lSpd":371,"lTrk":123.9}
{"lAlt":16225,"lLat":39.954025,"lLng":125.014282,"lSpd":371,"lTrk":123.9}
{"lAlt":16225,"lLat":39.954025,"lLng":125.014282,"lSpd":371,"lTrk":123.9}
{"lAlt":16225,"lLat":39.953318,"lLng":125.014926,"lSpd":371,"lTrk":123.9}
{"lAlt":16200,"lLat":39.952652,"lLng":125.016296,"lSpd":371,"lTrk":123.9}
{"lAlt":16200,"lLat":39.952652,"lLng":125.016296,"lSpd":371,"lTrk":123.9}
{"lAlt":16175,"lLat":39.951965,"lLng":125.017029,"lSpd":371,"lTrk":123.9}
{"lAlt":16175,"lLat":39.951965,"lLng":125.017029,"lSpd":371,"lTrk":123.9}
{"lAlt":16150,"lLat":39.951965,"lLng":125.0177,"lSpd":371,"lTrk":123.9}
{"lAlt":16150,"lLat":39.951965,"lLng":125.0177,"lSpd":371,"lTrk":123.9}
{"lAlt":16150,"lLat":39.951965,"lLng":125.0177,"lSpd":371,"lTrk":123.9}
{"lAlt":16150,"lLat":39.951965,"lLng":125.0177,"lSpd":371,"lTrk":123.9}
{"lAlt":16150,"lLat":39.951965,"lLng":125.0177,"lSpd":370,"lTrk":123.8}
{"lAlt":16150,"lLat":39.951965,"lLng":125.0177,"lSpd":370,"lTrk":123.8}
{"lAlt":16075,"lLat":39.950572,"lLng":125.021106,"lSpd":370,"lTrk":123.8}
{"lAlt":16075,"lLat":39.950572,"lLng":125.021106,"lSpd":370,"lTrk":123.8}
{"lAlt":16075,"lLat":39.950572,"lLng":125.021106,"lSpd":370,"lTrk":123.8}
{"lAlt":16075,"lLat":39.950572,"lLng":125.021106,"lSpd":370,"lTrk":123.8}
{"lAlt":16025,"lLat":39.949222,"lLng":125.023166,"lSpd":370,"lTrk":123.8}
{"lAlt":16025,"lLat":39.949222,"lLng":125.023166,"lSpd":370,"lTrk":123.8}
{"lAlt":16000,"lLat":39.947825,"lLng":125.024539,"lSpd":370,"lTrk":123.8}
{"lAlt":16000,"lLat":39.947825,"lLng":125.024539,"lSpd":370,"lTrk":123.8}
{"lAlt":15975,"lLat":39.947825,"lLng":125.025226,"lSpd":370,"lTrk":123.8}
{"lAlt":15975,"lLat":39.947825,"lLng":125.025226,"lSpd":370,"lTrk":123.8}
{"lAlt":15950,"lLat":39.947159,"lLng":125.027283,"lSpd":370,"lTrk":123.8}
{"lAlt":15950,"lLat":39.947159,"lLng":125.027283,"lSpd":370,"lTrk":123.8}
{"lAlt":15900,"lLat":39.945777,"lLng":125.029345,"lSpd":370,"lTrk":123.8}
{"lAlt":15900,"lLat":39.945777,"lLng":125.029345,"lSpd":369,"lTrk":123.9}
{"lAlt":15875,"lLat":39.945777,"lLng":125.030032,"lSpd":369,"lTrk":123.9}
{"lAlt":15875,"lLat":39.945777,"lLng":125.030032,"lSpd":369,"lTrk":123.9}
{"lAlt":15875,"lLat":39.945777,"lLng":125.030032,"lSpd":369,"lTrk":123.9}
{"lAlt":15875,"lLat":39.945777,"lLng":125.030032,"lSpd":369,"lTrk":123.9}
{"lAlt":15825,"lLat":39.94438,"lLng":125.032092,"lSpd":369,"lTrk":123.9}
{"lAlt":15800,"lLat":39.94438,"lLng":125.032779,"lSpd":369,"lTrk":123.9}
{"lAlt":15800,"lLat":39.94438,"lLng":125.032779,"lSpd":369,"lTrk":123.9}
{"lAlt":15775,"lLat":39.943726,"lLng":125.03418,"lSpd":369,"lTrk":123.9}
{"lAlt":15775,"lLat":39.943039,"lLng":125.034851,"lSpd":369,"lTrk":123.9}
{"lAlt":15775,"lLat":39.943039,"lLng":125.034851,"lSpd":369,"lTrk":123.9}
{"lAlt":15750,"lLat":39.942352,"lLng":125.035522,"lSpd":369,"lTrk":123.9}
{"lAlt":15750,"lLat":39.942352,"lLng":125.035522,"lSpd":369,"lTrk":123.9}
{"lAlt":15725,"lLat":39.942332,"lLng":125.036899,"lSpd":369,"lTrk":123.9}
{"lAlt":15725,"lLat":39.942332,"lLng":125.036899,"lSpd":369,"lTrk":123.9}
{"lAlt":15725,"lLat":39.942332,"lLng":125.036899,"lSpd":369,"lTrk":123.9}
{"lAlt":15675,"lLat":39.940979,"lLng":125.038269,"lSpd":369,"lTrk":123.9}
{"lAlt":15650,"lLat":39.940284,"lLng":125.040332,"lSpd":369,"lTrk":123.9}
{"lAlt":15650,"lLat":39.940284,"lLng":125.040332,"lSpd":369,"lTrk":123.9}
{"lAlt":15650,"lLat":39.940284,"lLng":125.040332,"lSpd":369,"lTrk":123.9}
{"lAlt":15650,"lLat":39.940284,"lLng":125.040332,"lSpd":368,"lTrk":123.9}
{"lAlt":15575,"lLat":39.938887,"lLng":125.042392,"lSpd":368,"lTrk":123.9}
{"lAlt":15575,"lLat":39.938887,"lLng":125.042392,"lSpd":368,"lTrk":123.9}
{"lAlt":15525,"lLat":39.938232,"lLng":125.045166,"lSpd":368,"lTrk":123.9}
{"lAlt":15525,"lLat":39.938232,"lLng":125.045166,"lSpd":368,"lTrk":123.9}
{"lAlt":15475,"lLat":39.936859,"lLng":125.047241,"lSpd":368,"lTrk":123.9}
{"lAlt":15475,"lLat":39.936859,"lLng":125.047241,"lSpd":368,"lTrk":123.9}
{"lAlt":15475,"lLat":39.936859,"lLng":125.047241,"lSpd":368,"lTrk":123.9}
{"lAlt":15475,"lLat":39.936859,"lLng":125.047241,"lSpd":368,"lTrk":123.9}
{"lAlt":15450,"lLat":39.935486,"lLng":125.048584,"lSpd":368,"lTrk":123.9}
{"lAlt":15450,"lLat":39.935486,"lLng":125.048584,"lSpd":368,"lTrk":123.9}
{"lAlt":15450,"lLat":39.935486,"lLng":125.048584,"lSpd":368,"lTrk":123.9}
{"lAlt":15375,"lLat":39.934113,"lLng":125.051331,"lSpd":368,"lTrk":123.9}
{"lAlt":15375,"lLat":39.934113,"lLng":125.051331,"lSpd":368,"lTrk":123.9}
{"lAlt":15325,"lLat":39.933426,"lLng":125.054077,"lSpd":368,"lTrk":123.9}
{"lAlt":15325,"lLat":39.933426,"lLng":125.054077,"lSpd":368,"lTrk":123.9}
{"lAlt":15300,"lLat":39.932044,"lLng":125.056125,"lSpd":368,"lTrk":123.9}
{"lAlt":15300,"lLat":39.932044,"lLng":125.056125,"lSpd":368,"lTrk":123.9}
{"lAlt":15200,"lLat":39.930679,"lLng":125.05957,"lSpd":368,"lTrk":123.9}
{"lAlt":15200,"lLat":39.930679,"lLng":125.05957,"lSpd":368,"lTrk":124}
{"lAlt":15125,"lLat":39.928619,"lLng":125.062988,"lSpd":368,"lTrk":124}
{"lAlt":15125,"lLat":39.928619,"lLng":125.062988,"lSpd":368,"lTrk":124}
{"lAlt":15125,"lLat":39.928619,"lLng":125.062988,"lSpd":368,"lTrk":124}
{"lAlt":15075,"lLat":39.927246,"lLng":125.065735,"lSpd":368,"lTrk":124}
{"lAlt":15075,"lLat":39.927246,"lLng":125.065735,"lSpd":368,"lTrk":124}
{"lAlt":15050,"lLat":39.926559,"lLng":125.066467,"lSpd":368,"lTrk":124}
{"lAlt":15025,"lLat":39.926551,"lLng":125.067798,"lSpd":368,"lTrk":124}
{"lAlt":15025,"lLat":39.926551,"lLng":125.067798,"lSpd":368,"lTrk":124}
{"lAlt":15000,"lLat":39.925853,"lLng":125.068484,"lSpd":368,"lTrk":124}
{"lAlt":15000,"lLat":39.925853,"lLng":125.068484,"lSpd":368,"lTrk":124}
{"lAlt":15000,"lLat":39.925853,"lLng":125.068484,"lSpd":367,"lTrk":123.9}
{"lAlt":15000,"lLat":39.925186,"lLng":125.069885,"lSpd":367,"lTrk":123.9}
{"lAlt":15000,"lLat":39.925186,"lLng":125.069885,"lSpd":367,"lTrk":123.9}
{"lAlt":15000,"lLat":39.925186,"lLng":125.069885,"lSpd":367,"lTrk":123.9}
{"lAlt":15000,"lLat":39.925186,"lLng":125.069885,"lSpd":367,"lTrk":123.9}
{"lAlt":15000,"lLat":39.925186,"lLng":125.069885,"lSpd":367,"lTrk":123.9}
{"lAlt":15000,"lLat":39.925186,"lLng":125.069885,"lSpd":367,"lTrk":123.9}
{"lAlt":14875,"lLat":39.923126,"lLng":125.073975,"lSpd":367,"lTrk":123.9}
{"lAlt":14875,"lLat":39.923126,"lLng":125.073975,"lSpd":367,"lTrk":123.9}
{"lAlt":14850,"lLat":39.921753,"lLng":125.075405,"lSpd":367,"lTrk":123.9}
{"lAlt":14850,"lLat":39.921753,"lLng":125.075405,"lSpd":366,"lTrk":124}
{"lAlt":14825,"lLat":39.921756,"lLng":125.076721,"lSpd":366,"lTrk":124}
{"lAlt":14825,"lLat":39.921756,"lLng":125.076721,"lSpd":366,"lTrk":124}
{"lAlt":14800,"lLat":39.921066,"lLng":125.078152,"lSpd":366,"lTrk":124}
{"lAlt":14800,"lLat":39.921066,"lLng":125.078152,"lSpd":366,"lTrk":124}
{"lAlt":14800,"lLat":39.921066,"lLng":125.078152,"lSpd":366,"lTrk":124}
{"lAlt":14800,"lLat":39.92038,"lLng":125.078152,"lSpd":366,"lTrk":124}
{"lAlt":14800,"lLat":39.92038,"lLng":125.078152,"lSpd":366,"lTrk":124}
{"lAlt":14800,"lLat":39.92038,"lLng":125.078152,"lSpd":366,"lTrk":124}
{"lAlt":14750,"lLat":39.919661,"lLng":125.0802,"lSpd":366,"lTrk":124}
{"lAlt":14750,"lLat":39.919661,"lLng":125.0802,"lSpd":366,"lTrk":124}
{"lAlt":14750,"lLat":39.919661,"lLng":125.0802,"lSpd":366,"lTrk":124}
{"lAlt":14750,"lLat":39.919661,"lLng":125.0802,"lSpd":366,"lTrk":124}
{"lAlt":14675,"lLat":39.918311,"lLng":125.082947,"lSpd":366,"lTrk":124}
{"lAlt":14675,"lLat":39.918311,"lLng":125.082947,"lSpd":366,"lTrk":124}
{"lAlt":14675,"lLat":39.918311,"lLng":125.082947,"lSpd":366,"lTrk":124}
{"lAlt":14650,"lLat":39.916946,"lLng":125.085018,"lSpd":366,"lTrk":124}
{"lAlt":14650,"lLat":39.916946,"lLng":125.085018,"lSpd":366,"lTrk":124}
{"lAlt":14650,"lLat":39.916946,"lLng":125.085018,"lSpd":366,"lTrk":124}
{"lAlt":14575,"lLat":39.915573,"lLng":125.087765,"lSpd":366,"lTrk":124}
{"lAlt":14575,"lLat":39.915573,"lLng":125.087765,"lSpd":366,"lTrk":124}
{"lAlt":14575,"lLat":39.915573,"lLng":125.087765,"lSpd":366,"lTrk":123.9}
{"lAlt":14525,"lLat":39.914168,"lLng":125.090454,"lSpd":366,"lTrk":123.9}
{"lAlt":14525,"lLat":39.914168,"lLng":125.090454,"lSpd":366,"lTrk":123.9}
{"lAlt":14525,"lLat":39.914168,"lLng":125.090454,"lSpd":366,"lTrk":123.9}
{"lAlt":14500,"lLat":39.913516,"lLng":125.091858,"lSpd":366,"lTrk":123.9}
{"lAlt":14475,"lLat":39.913516,"lLng":125.093201,"lSpd":366,"lTrk":123.9}
{"lAlt":14475,"lLat":39.913516,"lLng":125.093201,"lSpd":366,"lTrk":123.9}
{"lAlt":14450,"lLat":39.912827,"lLng":125.093915,"lSpd":366,"lTrk":123.9}
{"lAlt":14450,"lLat":39.912827,"lLng":125.093915,"lSpd":366,"lTrk":123.9}
{"lAlt":14450,"lLat":39.912827,"lLng":125.093915,"lSpd":366,"lTrk":123.9}
{"lAlt":14400,"lLat":39.91212,"lLng":125.095947,"lSpd":366,"lTrk":123.9}
{"lAlt":14400,"lLat":39.911453,"lLng":125.096661,"lSpd":366,"lTrk":123.9}
{"lAlt":14400,"lLat":39.911453,"lLng":125.096661,"lSpd":366,"lTrk":123.9}
{"lAlt":14375,"lLat":39.910767,"lLng":125.097378,"lSpd":366,"lTrk":123.9}
{"lAlt":14375,"lLat":39.910767,"lLng":125.097378,"lSpd":366,"lTrk":123.9}
{"lAlt":14375,"lLat":39.910767,"lLng":125.097378,"lSpd":366,"lTrk":123.9}
{"lAlt":14375,"lLat":39.910767,"lLng":125.097378,"lSpd":366,"lTrk":123.9}
{"lAlt":14375,"lLat":39.910767,"lLng":125.097378,"lSpd":366,"lTrk":123.9}
{"lAlt":14275,"lLat":39.908707,"lLng":125.100781,"lSpd":366,"lTrk":123.9}
{"lAlt":14275,"lLat":39.908675,"lLng":125.102844,"lSpd":366,"lTrk":123.9}
{"lAlt":14275,"lLat":39.908675,"lLng":125.102844,"lSpd":366,"lTrk":123.9}
{"lAlt":14275,"lLat":39.908675,"lLng":125.102844,"lSpd":366,"lTrk":123.9}
{"lAlt":14200,"lLat":39.906627,"lLng":125.106262,"lSpd":366,"lTrk":123.9}
{"lAlt":14100,"lLat":39.904578,"lLng":125.10968,"lSpd":366,"lTrk":123.9}
{"lAlt":14100,"lLat":39.904578,"lLng":125.10968,"lSpd":364,"lTrk":123.8}
{"lAlt":14000,"lLat":39.901832,"lLng":125.114502,"lSpd":364,"lTrk":123.8}
{"lAlt":14000,"lLat":39.901832,"lLng":125.114502,"lSpd":364,"lTrk":123.8}
{"lAlt":13800,"lLat":39.897034,"lLng":125.12347,"lSpd":364,"lTrk":123.8}
{"lAlt":13700,"lLat":39.894974,"lLng":125.128963,"lSpd":364,"lTrk":123.8}
{"lAlt":13700,"lLat":39.894974,"lLng":125.128963,"lSpd":364,"lTrk":123.8}
{"lAlt":13650,"lLat":39.893592,"lLng":125.130981,"lSpd":364,"lTrk":123.8}
{"lAlt":13625,"lLat":39.892914,"lLng":125.132367,"lSpd":364,"lTrk":123.8}
{"lAlt":13625,"lLat":39.892914,"lLng":125.132367,"lSpd":364,"lTrk":123.8}
{"lAlt":13550,"lLat":39.890845,"lLng":125.135803,"lSpd":364,"lTrk":123.8}
{"lAlt":13475,"lLat":39.889481,"lLng":125.139233,"lSpd":364,"lTrk":123.8}
{"lAlt":13475,"lLat":39.889481,"lLng":125.139233,"lSpd":364,"lTrk":123.8}
{"lAlt":13450,"lLat":39.888797,"lLng":125.141296,"lSpd":364,"lTrk":123.8}
{"lAlt":13450,"lLat":39.888797,"lLng":125.141296,"lSpd":362,"lTrk":123.9}
{"lAlt":13425,"lLat":39.888099,"lLng":125.141968,"lSpd":362,"lTrk":123.9}
{"lAlt":13425,"lLat":39.888099,"lLng":125.141968,"lSpd":361,"lTrk":123.7}
{"lAlt":13425,"lLat":39.888099,"lLng":125.141968,"lSpd":361,"lTrk":123.7}
{"lAlt":13425,"lLat":39.888099,"lLng":125.141968,"lSpd":361,"lTrk":123.7}
{"lAlt":13350,"lLat":39.88605,"lLng":125.146118,"lSpd":361,"lTrk":123.7}
{"lAlt":13300,"lLat":39.885361,"lLng":125.148189,"lSpd":361,"lTrk":123.7}
{"lAlt":13300,"lLat":39.885361,"lLng":125.148189,"lSpd":361,"lTrk":123.7}
{"lAlt":13300,"lLat":39.885361,"lLng":125.148189,"lSpd":361,"lTrk":123.8}
{"lAlt":13300,"lLat":39.885361,"lLng":125.148189,"lSpd":361,"lTrk":123.8}
{"lAlt":13275,"lLat":39.884674,"lLng":125.149563,"lSpd":361,"lTrk":123.8}
{"lAlt":13250,"lLat":39.883304,"lLng":125.151611,"lSpd":361,"lTrk":123.8}
{"lAlt":13250,"lLat":39.883304,"lLng":125.151611,"lSpd":361,"lTrk":123.8}
{"lAlt":13250,"lLat":39.883304,"lLng":125.151611,"lSpd":361,"lTrk":123.8}
{"lAlt":13250,"lLat":39.883304,"lLng":125.151611,"lSpd":360,"lTrk":123.9}
{"lAlt":13200,"lLat":39.882614,"lLng":125.152966,"lSpd":360,"lTrk":123.9}
{"lAlt":13200,"lLat":39.881927,"lLng":125.153683,"lSpd":360,"lTrk":123.9}
{"lAlt":13200,"lLat":39.881927,"lLng":125.153683,"lSpd":360,"lTrk":123.9}
{"lAlt":13200,"lLat":39.881927,"lLng":125.153683,"lSpd":359,"lTrk":123.8}
{"lAlt":13200,"lLat":39.881927,"lLng":125.153683,"lSpd":359,"lTrk":123.8}
{"lAlt":13200,"lLat":39.881927,"lLng":125.153683,"lSpd":359,"lTrk":123.8}
{"lAlt":13200,"lLat":39.881927,"lLng":125.153683,"lSpd":359,"lTrk":123.8}
{"lAlt":13200,"lLat":39.881927,"lLng":125.153683,"lSpd":358,"lTrk":124}
{"lAlt":13200,"lLat":39.881927,"lLng":125.153683,"lSpd":358,"lTrk":124}
{"lAlt":13200,"lLat":39.881927,"lLng":125.153683,"lSpd":357,"lTrk":124}
{"lAlt":13200,"lLat":39.881927,"lLng":125.153683,"lSpd":357,"lTrk":124}
{"lAlt":13200,"lLat":39.881927,"lLng":125.153683,"lSpd":356,"lTrk":123.9}
{"lAlt":13200,"lLat":39.881927,"lLng":125.153683,"lSpd":356,"lTrk":123.9}
{"lAlt":13200,"lLat":39.881927,"lLng":125.153683,"lSpd":356,"lTrk":123.9}
{"lAlt":13200,"lLat":39.881927,"lLng":125.153683,"lSpd":356,"lTrk":123.9}
{"lAlt":13200,"lLat":39.881927,"lLng":125.153683,"lSpd":356,"lTrk":123.9}
{"lAlt":12675,"lLat":39.868881,"lLng":125.179775,"lSpd":356,"lTrk":123.9}
{"lAlt":12675,"lLat":39.868881,"lLng":125.179775,"lSpd":355,"lTrk":124}
{"lAlt":12675,"lLat":39.868881,"lLng":125.179775,"lSpd":355,"lTrk":123.9}
{"lAlt":12675,"lLat":39.868881,"lLng":125.179775,"lSpd":355,"lTrk":123.9}
{"lAlt":12675,"lLat":39.868881,"lLng":125.179775,"lSpd":355,"lTrk":123.9}
{"lAlt":12600,"lLat":39.866824,"lLng":125.183838,"lSpd":355,"lTrk":123.9}
{"lAlt":12600,"lLat":39.866824,"lLng":125.183838,"lSpd":355,"lTrk":123.9}
{"lAlt":12600,"lLat":39.866824,"lLng":125.183838,"lSpd":355,"lTrk":123.9}
{"lAlt":12600,"lLat":39.866824,"lLng":125.183838,"lSpd":355,"lTrk":123.9}
{"lAlt":12600,"lLat":39.866824,"lLng":125.183838,"lSpd":355,"lTrk":123.9}
{"lAlt":12525,"lLat":39.865428,"lLng":125.187317,"lSpd":355,"lTrk":123.9}
{"lAlt":12525,"lLat":39.865428,"lLng":125.187317,"lSpd":353,"lTrk":123.8}
{"lAlt":12425,"lLat":39.861331,"lLng":125.193481,"lSpd":353,"lTrk":123.8}
{"lAlt":12425,"lLat":39.861331,"lLng":125.193481,"lSpd":353,"lTrk":123.8}
{"lAlt":12425,"lLat":39.861331,"lLng":125.193481,"lSpd":352,"lTrk":123.8}
{"lAlt":12425,"lLat":39.861331,"lLng":125.193481,"lSpd":352,"lTrk":123.8}
{"lAlt":12375,"lLat":39.860641,"lLng":125.196255,"lSpd":352,"lTrk":123.8}
{"lAlt":12375,"lLat":39.860641,"lLng":125.196255,"lSpd":352,"lTrk":123.8}
{"lAlt":12375,"lLat":39.860641,"lLng":125.196255,"lSpd":351,"lTrk":123.9}
{"lAlt":12275,"lLat":39.857895,"lLng":125.201748,"lSpd":351,"lTrk":123.9}
{"lAlt":12250,"lLat":39.857188,"lLng":125.202393,"lSpd":351,"lTrk":123.9}
{"lAlt":12250,"lLat":39.857188,"lLng":125.202393,"lSpd":350,"lTrk":123.8}
{"lAlt":12225,"lLat":39.856522,"lLng":125.203778,"lSpd":350,"lTrk":123.8}
{"lAlt":12200,"lLat":39.855838,"lLng":125.205811,"lSpd":350,"lTrk":123.8}
{"lAlt":12200,"lLat":39.855838,"lLng":125.205811,"lSpd":350,"lTrk":123.8}
{"lAlt":12200,"lLat":39.855838,"lLng":125.205811,"lSpd":350,"lTrk":123.8}
{"lAlt":12200,"lLat":39.855838,"lLng":125.205811,"lSpd":347,"lTrk":123.7}
{"lAlt":12200,"lLat":39.855838,"lLng":125.205811,"lSpd":346,"lTrk":123.7}
{"lAlt":12200,"lLat":39.855838,"lLng":125.205811,"lSpd":346,"lTrk":123.7}
{"lAlt":12200,"lLat":39.855838,"lLng":125.205811,"lSpd":344,"lTrk":123.6}
{"lAlt":12200,"lLat":39.855838,"lLng":125.205811,"lSpd":344,"lTrk":123.6}
{"lAlt":12200,"lLat":39.855838,"lLng":125.205811,"lSpd":344,"lTrk":123.6}
{"lAlt":12200,"lLat":39.855838,"lLng":125.205811,"lSpd":343,"lTrk":123.7}
{"lAlt":12200,"lLat":39.855838,"lLng":125.205811,"lSpd":343,"lTrk":123.7}
{"lAlt":12200,"lLat":39.855838,"lLng":125.205811,"lSpd":343,"lTrk":123.6}
{"lAlt":12200,"lLat":39.855838,"lLng":125.205811,"lSpd":341,"lTrk":123.6}
{"lAlt":12200,"lLat":39.855838,"lLng":125.205811,"lSpd":341,"lTrk":123.6}
{"lAlt":11900,"lLat":39.845503,"lLng":125.225769,"lSpd":341,"lTrk":123.6}
{"lAlt":11900,"lLat":39.845503,"lLng":125.225769,"lSpd":341,"lTrk":123.6}
{"lAlt":11900,"lLat":39.845503,"lLng":125.225769,"lSpd":339,"lTrk":123.6}
{"lAlt":11850,"lLat":39.844849,"lLng":125.227124,"lSpd":339,"lTrk":123.6}
{"lAlt":11850,"lLat":39.844849,"lLng":125.227124,"lSpd":339,"lTrk":123.6}
{"lAlt":11800,"lLat":39.842757,"lLng":125.229858,"lSpd":339,"lTrk":123.6}
{"lAlt":11800,"lLat":39.842757,"lLng":125.229858,"lSpd":336,"lTrk":123.7}
{"lAlt":11675,"lLat":39.84001,"lLng":125.236023,"lSpd":336,"lTrk":123.7}
{"lAlt":11675,"lLat":39.84001,"lLng":125.236023,"lSpd":336,"lTrk":123.7}
{"lAlt":11675,"lLat":39.84001,"lLng":125.236023,"lSpd":335,"lTrk":123.8}
{"lAlt":11675,"lLat":39.84001,"lLng":125.236023,"lSpd":335,"lTrk":123.8}
{"lAlt":11250,"lLat":39.832469,"lLng":125.250488,"lSpd":335,"lTrk":123.8}
{"lAlt":11200,"lLat":39.831771,"lLng":125.251831,"lSpd":335,"lTrk":123.8}
{"lAlt":11150,"lLat":39.831116,"lLng":125.253933,"lSpd":335,"lTrk":123.8}
{"lAlt":11150,"lLat":39.831116,"lLng":125.253933,"lSpd":336,"lTrk":124}
{"lAlt":11150,"lLat":39.831116,"lLng":125.253933,"lSpd":336,"lTrk":124}
{"lAlt":11150,"lLat":39.831116,"lLng":125.253933,"lSpd":336,"lTrk":124}
{"lAlt":11050,"lLat":39.829722,"lLng":125.256653,"lSpd":336,"lTrk":124}
{"lAlt":11050,"lLat":39.829722,"lLng":125.256653,"lSpd":337,"lTrk":124.1}
{"lAlt":11050,"lLat":39.829722,"lLng":125.256653,"lSpd":337,"lTrk":124.1}
{"lAlt":11050,"lLat":39.829722,"lLng":125.256653,"lSpd":337,"lTrk":124.1}
{"lAlt":10950,"lLat":39.828372,"lLng":125.259399,"lSpd":337,"lTrk":124.1}
{"lAlt":10950,"lLat":39.828372,"lLng":125.259399,"lSpd":337,"lTrk":124.1}
{"lAlt":10925,"lLat":39.827674,"lLng":125.260071,"lSpd":337,"lTrk":124.1}
{"lAlt":10925,"lLat":39.827674,"lLng":125.260071,"lSpd":337,"lTrk":124.3}
{"lAlt":10925,"lLat":39.827674,"lLng":125.260071,"lSpd":337,"lTrk":124.3}
{"lAlt":10900,"lLat":39.826976,"lLng":125.261475,"lSpd":337,"lTrk":124.3}
{"lAlt":10900,"lLat":39.826976,"lLng":125.261475,"lSpd":337,"lTrk":124.3}
{"lAlt":10875,"lLat":39.826309,"lLng":125.262173,"lSpd":337,"lTrk":124.3}
{"lAlt":10875,"lLat":39.826309,"lLng":125.262173,"lSpd":337,"lTrk":124.3}
{"lAlt":10875,"lLat":39.826309,"lLng":125.262173,"lSpd":337,"lTrk":124.3}
{"lAlt":10875,"lLat":39.826309,"lLng":125.262173,"lSpd":337,"lTrk":124.3}
{"lAlt":10825,"lLat":39.825626,"lLng":125.263489,"lSpd":337,"lTrk":124.3}
{"lAlt":10825,"lLat":39.825626,"lLng":125.263489,"lSpd":338,"lTrk":124.4}
{"lAlt":10825,"lLat":39.825626,"lLng":125.263489,"lSpd":338,"lTrk":124.4}
{"lAlt":10825,"lLat":39.825626,"lLng":125.263489,"lSpd":338,"lTrk":124.4}
{"lAlt":10775,"lLat":39.824936,"lLng":125.264919,"lSpd":338,"lTrk":124.4}
{"lAlt":10775,"lLat":39.824936,"lLng":125.264919,"lSpd":338,"lTrk":124.3}
{"lAlt":10750,"lLat":39.824936,"lLng":125.265576,"lSpd":338,"lTrk":124.3}
{"lAlt":10750,"lLat":39.824936,"lLng":125.265576,"lSpd":338,"lTrk":124.3}
{"lAlt":10750,"lLat":39.824249,"lLng":125.266292,"lSpd":338,"lTrk":124.3}
{"lAlt":10750,"lLat":39.824249,"lLng":125.266292,"lSpd":338,"lTrk":124.3}
{"lAlt":10750,"lLat":39.824249,"lLng":125.266292,"lSpd":338,"lTrk":124.3}
{"lAlt":10675,"lLat":39.823563,"lLng":125.268322,"lSpd":338,"lTrk":124.3}
{"lAlt":10675,"lLat":39.823563,"lLng":125.268322,"lSpd":338,"lTrk":124.3}
{"lAlt":10625,"lLat":39.822181,"lLng":125.269714,"lSpd":338,"lTrk":124.3}
{"lAlt":10625,"lLat":39.822181,"lLng":125.269714,"lSpd":338,"lTrk":124.3}
{"lAlt":10625,"lLat":39.822181,"lLng":125.269714,"lSpd":338,"lTrk":124.3}
{"lAlt":10600,"lLat":39.821483,"lLng":125.271057,"lSpd":338,"lTrk":124.3}
{"lAlt":10600,"lLat":39.821483,"lLng":125.271057,"lSpd":338,"lTrk":124.3}
{"lAlt":10575,"lLat":39.821503,"lLng":125.272442,"lSpd":338,"lTrk":124.3}
{"lAlt":10575,"lLat":39.821503,"lLng":125.272442,"lSpd":338,"lTrk":124.3}
{"lAlt":10575,"lLat":39.821503,"lLng":125.272442,"lSpd":338,"lTrk":124.3}
{"lAlt":10550,"lLat":39.820816,"lLng":125.273159,"lSpd":338,"lTrk":124.3}
{"lAlt":10550,"lLat":39.820816,"lLng":125.273159,"lSpd":339,"lTrk":124.2}
{"lAlt":10525,"lLat":39.820132,"lLng":125.273804,"lSpd":339,"lTrk":124.2}
{"lAlt":10525,"lLat":39.820132,"lLng":125.273804,"lSpd":339,"lTrk":124.2}
{"lAlt":10525,"lLat":39.820129,"lLng":125.275189,"lSpd":339,"lTrk":124.2}
{"lAlt":10525,"lLat":39.820129,"lLng":125.275189,"lSpd":338,"lTrk":124.3}
{"lAlt":10500,"lLat":39.819443,"lLng":125.275905,"lSpd":338,"lTrk":124.3}
{"lAlt":10475,"lLat":39.818736,"lLng":125.27655,"lSpd":338,"lTrk":124.3}
{"lAlt":10475,"lLat":39.818736,"lLng":125.27655,"lSpd":338,"lTrk":124.2}
{"lAlt":10475,"lLat":39.818756,"lLng":125.277936,"lSpd":338,"lTrk":124.2}
{"lAlt":10475,"lLat":39.818756,"lLng":125.277936,"lSpd":338,"lTrk":124.2}
{"lAlt":10450,"lLat":39.818069,"lLng":125.278652,"lSpd":338,"lTrk":124.2}
{"lAlt":10450,"lLat":39.818069,"lLng":125.278652,"lSpd":338,"lTrk":124.2}
{"lAlt":10450,"lLat":39.818069,"lLng":125.278652,"lSpd":337,"lTrk":124}
{"lAlt":10450,"lLat":39.818069,"lLng":125.278652,"lSpd":337,"lTrk":124}
{"lAlt":10450,"lLat":39.818069,"lLng":125.278652,"lSpd":337,"lTrk":124}
{"lAlt":10450,"lLat":39.818069,"lLng":125.278652,"lSpd":337,"lTrk":124}
{"lAlt":10450,"lLat":39.818069,"lLng":125.278652,"lSpd":337,"lTrk":124}
{"lAlt":10375,"lLat":39.81601,"lLng":125.282772,"lSpd":337,"lTrk":124}
{"lAlt":10375,"lLat":39.815291,"lLng":125.283447,"lSpd":337,"lTrk":124}
{"lAlt":10375,"lLat":39.815291,"lLng":125.283447,"lSpd":337,"lTrk":124}
{"lAlt":10350,"lLat":39.815291,"lLng":125.284119,"lSpd":337,"lTrk":124}
{"lAlt":10350,"lLat":39.815291,"lLng":125.284119,"lSpd":337,"lTrk":124}
{"lAlt":10350,"lLat":39.815291,"lLng":125.284119,"lSpd":336,"lTrk":124}
{"lAlt":10350,"lLat":39.815291,"lLng":125.284119,"lSpd":336,"lTrk":124}
{"lAlt":10300,"lLat":39.813243,"lLng":125.287537,"lSpd":336,"lTrk":124}
{"lAlt":10300,"lLat":39.813243,"lLng":125.287537,"lSpd":335,"lTrk":124.1}
{"lAlt":10275,"lLat":39.813243,"lLng":125.288208,"lSpd":335,"lTrk":124.1}
{"lAlt":10275,"lLat":39.812576,"lLng":125.288922,"lSpd":335,"lTrk":124.1}
{"lAlt":10275,"lLat":39.812576,"lLng":125.288922,"lSpd":335,"lTrk":124.1}
{"lAlt":10250,"lLat":39.812576,"lLng":125.290295,"lSpd":335,"lTrk":124.1}
{"lAlt":10250,"lLat":39.812576,"lLng":125.290295,"lSpd":335,"lTrk":124.1}
{"lAlt":10250,"lLat":39.812576,"lLng":125.290295,"lSpd":334,"lTrk":124.2}
{"lAlt":10225,"lLat":39.811203,"lLng":125.291668,"lSpd":334,"lTrk":124.2}
{"lAlt":10225,"lLat":39.811203,"lLng":125.291668,"lSpd":334,"lTrk":124.2}
{"lAlt":10175,"lLat":39.809143,"lLng":125.295788,"lSpd":334,"lTrk":124.2}
{"lAlt":10175,"lLat":39.809143,"lLng":125.295788,"lSpd":334,"lTrk":124.2}
{"lAlt":10175,"lLat":39.809143,"lLng":125.295788,"lSpd":334,"lTrk":124.2}
{"lAlt":10175,"lLat":39.809143,"lLng":125.295788,"lSpd":333,"lTrk":124.3}
{"lAlt":10175,"lLat":39.809143,"lLng":125.295788,"lSpd":333,"lTrk":124.3}
{"lAlt":10175,"lLat":39.809143,"lLng":125.295788,"lSpd":333,"lTrk":124.1}
{"lAlt":10050,"lLat":39.80571,"lLng":125.302655,"lSpd":333,"lTrk":124.1}
{"lAlt":10050,"lLat":39.80571,"lLng":125.302655,"lSpd":333,"lTrk":124.1}
{"lAlt":10050,"lLat":39.80571,"lLng":125.302655,"lSpd":333,"lTrk":124.1}
{"lAlt":10000,"lLat":39.804305,"lLng":125.304688,"lSpd":333,"lTrk":124.1}
{"lAlt":10000,"lLat":39.804305,"lLng":125.304688,"lSpd":333,"lTrk":124.1}
{"lAlt":10000,"lLat":39.804305,"lLng":125.304688,"lSpd":333,"lTrk":124.1}
{"lAlt":10000,"lLat":39.804305,"lLng":125.304688,"lSpd":333,"lTrk":124.1}
{"lAlt":10000,"lLat":39.804305,"lLng":125.304688,"lSpd":333,"lTrk":124.1}
{"lAlt":10000,"lLat":39.804305,"lLng":125.304688,"lSpd":332,"lTrk":124.1}
{"lAlt":9825,"lLat":39.79953,"lLng":125.314358,"lSpd":332,"lTrk":124.1}
{"lAlt":9825,"lLat":39.79953,"lLng":125.314358,"lSpd":332,"lTrk":124}
{"lAlt":9825,"lLat":39.79953,"lLng":125.314358,"lSpd":332,"lTrk":124.1}
{"lAlt":9775,"lLat":39.797462,"lLng":125.317749,"lSpd":332,"lTrk":124.1}
{"lAlt":9750,"lLat":39.79747,"lLng":125.318477,"lSpd":332,"lTrk":124.1}
{"lAlt":9750,"lLat":39.79747,"lLng":125.318477,"lSpd":332,"lTrk":124.1}
{"lAlt":9725,"lLat":39.796783,"lLng":125.319851,"lSpd":332,"lTrk":124.1}
{"lAlt":9725,"lLat":39.796783,"lLng":125.319851,"lSpd":332,"lTrk":124}
{"lAlt":9700,"lLat":39.796065,"lLng":125.321167,"lSpd":332,"lTrk":124}
{"lAlt":9700,"lLat":39.796065,"lLng":125.321167,"lSpd":332,"lTrk":123.8}
{"lAlt":9675,"lLat":39.79541,"lLng":125.322597,"lSpd":332,"lTrk":123.8}
{"lAlt":9675,"lLat":39.79541,"lLng":125.322597,"lSpd":332,"lTrk":123.8}
{"lAlt":9675,"lLat":39.79541,"lLng":125.322597,"lSpd":332,"lTrk":123.8}
{"lAlt":9675,"lLat":39.79541,"lLng":125.322597,"lSpd":332,"lTrk":123.8}
{"lAlt":9625,"lLat":39.794017,"lLng":125.325317,"lSpd":332,"lTrk":123.8}
{"lAlt":9625,"lLat":39.793318,"lLng":125.325989,"lSpd":332,"lTrk":123.8}
{"lAlt":9625,"lLat":39.793318,"lLng":125.325989,"lSpd":332,"lTrk":123.8}
{"lAlt":9625,"lLat":39.793318,"lLng":125.325989,"lSpd":332,"lTrk":123.8}
{"lAlt":9600,"lLat":39.792664,"lLng":125.328091,"lSpd":332,"lTrk":123.8}
{"lAlt":9600,"lLat":39.792664,"lLng":125.328091,"lSpd":330,"lTrk":123.8}
{"lAlt":9600,"lLat":39.792664,"lLng":125.328091,"lSpd":330,"lTrk":123.8}
{"lAlt":9600,"lLat":39.792664,"lLng":125.328091,"lSpd":330,"lTrk":123.8}
{"lAlt":9550,"lLat":39.79127,"lLng":125.330139,"lSpd":330,"lTrk":123.8}
{"lAlt":9550,"lLat":39.79129,"lLng":125.331494,"lSpd":330,"lTrk":123.8}
{"lAlt":9550,"lLat":39.79129,"lLng":125.331494,"lSpd":330,"lTrk":123.8}
{"lAlt":9500,"lLat":39.78992,"lLng":125.332886,"lSpd":330,"lTrk":123.8}
{"lAlt":9500,"lLat":39.78992,"lLng":125.332886,"lSpd":330,"lTrk":123.8}
{"lAlt":9500,"lLat":39.78992,"lLng":125.332886,"lSpd":330,"lTrk":123.8}
{"lAlt":9500,"lLat":39.78992,"lLng":125.333557,"lSpd":330,"lTrk":123.8}
{"lAlt":9500,"lLat":39.78992,"lLng":125.333557,"lSpd":330,"lTrk":123.8}
{"lAlt":9500,"lLat":39.78992,"lLng":125.333557,"lSpd":330,"lTrk":123.8}
{"lAlt":9475,"lLat":39.788544,"lLng":125.335614,"lSpd":330,"lTrk":123.8}
{"lAlt":9475,"lLat":39.788544,"lLng":125.335614,"lSpd":330,"lTrk":124}
{"lAlt":9425,"lLat":39.787825,"lLng":125.337646,"lSpd":330,"lTrk":124}
{"lAlt":9425,"lLat":39.787825,"lLng":125.337646,"lSpd":330,"lTrk":124}
{"lAlt":9425,"lLat":39.787825,"lLng":125.337646,"lSpd":330,"lTrk":124}
{"lAlt":9425,"lLat":39.786987,"lLng":125.338684,"lSpd":330,"lTrk":124}
{"lAlt":9425,"lLat":39.786987,"lLng":125.338684,"lSpd":330,"lTrk":124}
{"lAlt":9400,"lLat":39.786475,"lLng":125.340393,"lSpd":330,"lTrk":124}
{"lAlt":9400,"lLat":39.786475,"lLng":125.340393,"lSpd":330,"lTrk":124.3}
{"lAlt":9375,"lLat":39.78511,"lLng":125.341823,"lSpd":330,"lTrk":124.3}
{"lAlt":9375,"lLat":39.78511,"lLng":125.341823,"lSpd":330,"lTrk":124.5}
{"lAlt":9375,"lLat":39.78511,"lLng":125.341823,"lSpd":330,"lTrk":124.5}
{"lAlt":9325,"lLat":39.784427,"lLng":125.343872,"lSpd":330,"lTrk":124.5}
{"lAlt":9325,"lLat":39.783729,"lLng":125.344543,"lSpd":330,"lTrk":124.5}
{"lAlt":9325,"lLat":39.783729,"lLng":125.344543,"lSpd":330,"lTrk":124.5}
{"lAlt":9325,"lLat":39.783729,"lLng":125.344543,"lSpd":330,"lTrk":124.5}
{"lAlt":9300,"lLat":39.783051,"lLng":125.345943,"lSpd":330,"lTrk":124.5}
{"lAlt":9300,"lLat":39.783051,"lLng":125.3466,"lSpd":330,"lTrk":124.5}
{"lAlt":9300,"lLat":39.783051,"lLng":125.3466,"lSpd":330,"lTrk":124.5}
{"lAlt":9300,"lLat":39.783051,"lLng":125.3466,"lSpd":330,"lTrk":124.5}
{"lAlt":9250,"lLat":39.780982,"lLng":125.350037,"lSpd":330,"lTrk":124.5}
{"lAlt":9250,"lLat":39.780982,"lLng":125.350037,"lSpd":328,"lTrk":124.7}
{"lAlt":9175,"lLat":39.778235,"lLng":125.35553,"lSpd":328,"lTrk":124.7}
{"lAlt":9175,"lLat":39.778235,"lLng":125.35553,"lSpd":328,"lTrk":124.7}
{"lAlt":8625,"lLat":39.759018,"lLng":125.391919,"lSpd":328,"lTrk":124.7}
{"lAlt":8550,"lLat":39.755565,"lLng":125.398804,"lSpd":328,"lTrk":124.7}
{"lAlt":8525,"lLat":39.754898,"lLng":125.400158,"lSpd":328,"lTrk":124.7}
{"lAlt":8500,"lLat":39.754211,"lLng":125.401532,"lSpd":328,"lTrk":124.7}
{"lAlt":8500,"lLat":39.754211,"lLng":125.401532,"lSpd":328,"lTrk":124.7}
{"lAlt":8500,"lLat":39.754211,"lLng":125.401532,"lSpd":318,"lTrk":123.7}
{"lAlt":8500,"lLat":39.754211,"lLng":125.401532,"lSpd":318,"lTrk":123.7}
{"lAlt":8375,"lLat":39.749373,"lLng":125.411133,"lSpd":318,"lTrk":123.7}
{"lAlt":8350,"lLat":39.748718,"lLng":125.412518,"lSpd":318,"lTrk":123.7}
{"lAlt":8300,"lLat":39.747345,"lLng":125.415981,"lSpd":318,"lTrk":123.7}
{"lAlt":8300,"lLat":39.747345,"lLng":125.415981,"lSpd":318,"lTrk":123.6}
{"lAlt":8300,"lLat":39.747345,"lLng":125.415981,"lSpd":318,"lTrk":123.6}
{"lAlt":8300,"lLat":39.747345,"lLng":125.415981,"lSpd":317,"lTrk":123.7}
{"lAlt":8200,"lLat":39.743228,"lLng":125.422791,"lSpd":317,"lTrk":123.7}
{"lAlt":8175,"lLat":39.743228,"lLng":125.423523,"lSpd":317,"lTrk":123.7}
{"lAlt":8175,"lLat":39.74253,"lLng":125.424194,"lSpd":317,"lTrk":123.7}
{"lAlt":8175,"lLat":39.74253,"lLng":125.424194,"lSpd":317,"lTrk":123.7}
{"lAlt":8175,"lLat":39.74253,"lLng":125.424194,"lSpd":315,"lTrk":123.6}
{"lAlt":8175,"lLat":39.74253,"lLng":125.424194,"lSpd":315,"lTrk":123.6}
{"lAlt":8175,"lLat":39.74253,"lLng":125.424194,"lSpd":315,"lTrk":123.7}
{"lAlt":8175,"lLat":39.74253,"lLng":125.424194,"lSpd":315,"lTrk":123.7}
{"lAlt":7875,"lLat":39.732925,"lLng":125.44273,"lSpd":315,"lTrk":123.7}
{"lAlt":7875,"lLat":39.732925,"lLng":125.44273,"lSpd":315,"lTrk":123.7}
{"lAlt":7850,"lLat":39.732242,"lLng":125.444092,"lSpd":315,"lTrk":123.7}
{"lAlt":7850,"lLat":39.732242,"lLng":125.444092,"lSpd":315,"lTrk":123.7}
{"lAlt":7850,"lLat":39.732242,"lLng":125.444092,"lSpd":315,"lTrk":123.7}
{"lAlt":7800,"lLat":39.730865,"lLng":125.447567,"lSpd":315,"lTrk":123.7}
{"lAlt":7800,"lLat":39.730865,"lLng":125.447567,"lSpd":315,"lTrk":123.7}
{"lAlt":7800,"lLat":39.730865,"lLng":125.447567,"lSpd":314,"lTrk":124}
{"lAlt":7800,"lLat":39.730865,"lLng":125.447567,"lSpd":314,"lTrk":124}
{"lAlt":7725,"lLat":39.729495,"lLng":125.450989,"lSpd":314,"lTrk":124}
{"lAlt":7725,"lLat":39.729495,"lLng":125.450989,"lSpd":314,"lTrk":124}
{"lAlt":7725,"lLat":39.729495,"lLng":125.450989,"lSpd":314,"lTrk":124}
{"lAlt":7725,"lLat":39.728797,"lLng":125.45166,"lSpd":314,"lTrk":124}
{"lAlt":7725,"lLat":39.728797,"lLng":125.45166,"lSpd":314,"lTrk":124}
{"lAlt":7725,"lLat":39.728797,"lLng":125.45166,"lSpd":314,"lTrk":124}
{"lAlt":7700,"lLat":39.728806,"lLng":125.452343,"lSpd":314,"lTrk":124}
{"lAlt":7700,"lLat":39.728806,"lLng":125.452343,"lSpd":314,"lTrk":124.1}
{"lAlt":7700,"lLat":39.728099,"lLng":125.453003,"lSpd":314,"lTrk":124.1}
{"lAlt":7675,"lLat":39.7274,"lLng":125.453735,"lSpd":314,"lTrk":124.1}
{"lAlt":7675,"lLat":39.7274,"lLng":125.453735,"lSpd":314,"lTrk":124.5}
{"lAlt":7675,"lLat":39.7274,"lLng":125.453735,"lSpd":314,"lTrk":124.5}
{"lAlt":7650,"lLat":39.726749,"lLng":125.45575,"lSpd":314,"lTrk":124.5}
{"lAlt":7650,"lLat":39.726749,"lLng":125.45575,"lSpd":314,"lTrk":124.5}
{"lAlt":7625,"lLat":39.726749,"lLng":125.456482,"lSpd":314,"lTrk":124.5}
{"lAlt":7625,"lLat":39.726749,"lLng":125.456482,"lSpd":314,"lTrk":124.5}
{"lAlt":7625,"lLat":39.726749,"lLng":125.456482,"lSpd":314,"lTrk":124.5}
{"lAlt":7600,"lLat":39.726059,"lLng":125.45718,"lSpd":314,"lTrk":124.5}
{"lAlt":7600,"lLat":39.726059,"lLng":125.45718,"lSpd":314,"lTrk":124.5}
{"lAlt":7600,"lLat":39.726059,"lLng":125.45718,"lSpd":314,"lTrk":124.5}
{"lAlt":7600,"lLat":39.726059,"lLng":125.45718,"lSpd":314,"lTrk":124.8}
{"lAlt":7600,"lLat":39.726059,"lLng":125.45718,"lSpd":314,"lTrk":124.8}
{"lAlt":7600,"lLat":39.726059,"lLng":125.45718,"lSpd":314,"lTrk":124.8}
{"lAlt":7550,"lLat":39.723999,"lLng":125.460583,"lSpd":314,"lTrk":124.8}
{"lAlt":7550,"lLat":39.723999,"lLng":125.460583,"lSpd":314,"lTrk":124.8}
{"lAlt":7525,"lLat":39.724002,"lLng":125.461243,"lSpd":314,"lTrk":124.8}
{"lAlt":7525,"lLat":39.724002,"lLng":125.461243,"lSpd":313,"lTrk":125}
{"lAlt":7525,"lLat":39.724002,"lLng":125.461243,"lSpd":313,"lTrk":125}
{"lAlt":7475,"lLat":39.721939,"lLng":125.464046,"lSpd":313,"lTrk":125}
{"lAlt":7475,"lLat":39.721939,"lLng":125.464046,"lSpd":313,"lTrk":125}
{"lAlt":7475,"lLat":39.721939,"lLng":125.464046,"lSpd":313,"lTrk":125}
{"lAlt":7475,"lLat":39.721939,"lLng":125.464046,"lSpd":313,"lTrk":125}
{"lAlt":7450,"lLat":39.721256,"lLng":125.465393,"lSpd":313,"lTrk":125}
{"lAlt":7450,"lLat":39.721256,"lLng":125.465393,"lSpd":313,"lTrk":125}
{"lAlt":7450,"lLat":39.721256,"lLng":125.465393,"lSpd":313,"lTrk":125}
{"lAlt":7425,"lLat":39.720566,"lLng":125.46745,"lSpd":313,"lTrk":125}
{"lAlt":7425,"lLat":39.720566,"lLng":125.46745,"lSpd":312,"lTrk":125.1}
{"lAlt":7425,"lLat":39.719859,"lLng":125.46814,"lSpd":312,"lTrk":125.1}
{"lAlt":7425,"lLat":39.719859,"lLng":125.46814,"lSpd":312,"lTrk":125.1}
{"lAlt":7400,"lLat":39.719193,"lLng":125.468823,"lSpd":312,"lTrk":125.1}
{"lAlt":7400,"lLat":39.719193,"lLng":125.468823,"lSpd":312,"lTrk":125.1}
{"lAlt":7400,"lLat":39.719193,"lLng":125.468823,"lSpd":312,"lTrk":125.1}
{"lAlt":7375,"lLat":39.719193,"lLng":125.470196,"lSpd":312,"lTrk":125.1}
{"lAlt":7350,"lLat":39.717811,"lLng":125.471558,"lSpd":312,"lTrk":125.1}
{"lAlt":7350,"lLat":39.717811,"lLng":125.471558,"lSpd":312,"lTrk":125.1}
{"lAlt":7325,"lLat":39.717133,"lLng":125.473659,"lSpd":312,"lTrk":125.1}
{"lAlt":7325,"lLat":39.717133,"lLng":125.473659,"lSpd":312,"lTrk":125.4}
{"lAlt":7325,"lLat":39.716446,"lLng":125.474316,"lSpd":312,"lTrk":125.4}
{"lAlt":7325,"lLat":39.716446,"lLng":125.474316,"lSpd":312,"lTrk":125.4}
{"lAlt":7300,"lLat":39.716446,"lLng":125.474316,"lSpd":312,"lTrk":125.4}
{"lAlt":7300,"lLat":39.716446,"lLng":125.474316,"lSpd":312,"lTrk":125.4}
{"lAlt":7275,"lLat":39.715073,"lLng":125.477063,"lSpd":312,"lTrk":125.4}
{"lAlt":7275,"lLat":39.715073,"lLng":125.477063,"lSpd":312,"lTrk":125.4}
{"lAlt":7275,"lLat":39.715073,"lLng":125.477063,"lSpd":312,"lTrk":125.4}
{"lAlt":7275,"lLat":39.715073,"lLng":125.477063,"lSpd":312,"lTrk":125.4}
{"lAlt":7275,"lLat":39.715073,"lLng":125.477063,"lSpd":311,"lTrk":125.5}
{"lAlt":7275,"lLat":39.715073,"lLng":125.477063,"lSpd":311,"lTrk":125.5}
{"lAlt":7275,"lLat":39.715073,"lLng":125.477063,"lSpd":311,"lTrk":125.5}
{"lAlt":7275,"lLat":39.715073,"lLng":125.477063,"lSpd":311,"lTrk":125.5}
{"lAlt":7275,"lLat":39.715073,"lLng":125.477063,"lSpd":311,"lTrk":125.5}
{"lAlt":7275,"lLat":39.715073,"lLng":125.477063,"lSpd":311,"lTrk":125.5}
{"lAlt":7150,"lLat":39.711639,"lLng":125.483929,"lSpd":311,"lTrk":125.5}
{"lAlt":7150,"lLat":39.711639,"lLng":125.483929,"lSpd":311,"lTrk":125.5}
{"lAlt":7150,"lLat":39.711639,"lLng":125.483929,"lSpd":311,"lTrk":125.5}
{"lAlt":7100,"lLat":39.709571,"lLng":125.487366,"lSpd":311,"lTrk":125.5}
{"lAlt":7100,"lLat":39.709571,"lLng":125.487366,"lSpd":311,"lTrk":125.5}
{"lAlt":7100,"lLat":39.709579,"lLng":125.488049,"lSpd":311,"lTrk":125.5}
{"lAlt":7100,"lLat":39.709579,"lLng":125.488049,"lSpd":311,"lTrk":125.6}
{"lAlt":7100,"lLat":39.708873,"lLng":125.488708,"lSpd":311,"lTrk":125.6}
{"lAlt":7100,"lLat":39.708873,"lLng":125.488708,"lSpd":310,"lTrk":125.4}
{"lAlt":7100,"lLat":39.708873,"lLng":125.488708,"lSpd":310,"lTrk":125.4}
{"lAlt":7100,"lLat":39.708873,"lLng":125.488708,"lSpd":309,"lTrk":125.5}
{"lAlt":7100,"lLat":39.708873,"lLng":125.488708,"lSpd":309,"lTrk":125.5}
{"lAlt":7025,"lLat":39.704776,"lLng":125.495605,"lSpd":309,"lTrk":125.5}
{"lAlt":7000,"lLat":39.704086,"lLng":125.497005,"lSpd":309,"lTrk":125.5}
{"lAlt":7000,"lLat":39.701331,"lLng":125.502441,"lSpd":309,"lTrk":125.5}
