MSG,4,0,0,780587,0,2014/10/23,02:43:54.011,2014/10/23,02:43:54.011,,,158.1,150,,,192,,,,,0
MSG,4,0,0,780587,0,2014/10/23,02:43:54.406,2014/10/23,02:43:54.406,,,158.1,150,,,128,,,,,0
MSG,3,0,0,780587,0,2014/10/23,02:43:54.607,2014/10/23,02:43:54.607,,3450,,,40.267406,124.272475,,,0,,0,0
MSG,4,0,0,780587,0,2014/10/23,02:43:55.389,2014/10/23,02:43:55.389,,,158.1,150,,,64,,,,,0
MSG,8,0,0,780587,0,2014/10/23,02:43:55.593,2014/10/23,02:43:55.593,,,,,,,,,,,,0
MSG,3,0,0,780587,0,2014/10/23,02:43:55.793,2014/10/23,02:43:55.793,,3450,,,40.266615,124.273099,,,0,,0,0
MSG,4,0,0,780587,0,2014/10/23,02:43:55.993,2014/10/23,02:43:55.993,,,158.1,150,,,64,,,,,0
MSG,4,0,0,780587,0,2014/10/23,02:43:56.370,2014/10/23,02:43:56.370,,,158.1,150,,,64,,,,,0
MSG,3,0,0,780587,0,2014/10/23,02:43:56.573,2014/10/23,02:43:56.573,,3450,,,40.266103,124.273474,,,0,,0,0
MSG,3,0,0,780587,0,2014/10/23,02:43:57.026,2014/10/23,02:43:57.026,,3450,,,40.265717,124.273743,,,0,,0,0
MSG,3,0,0,780587,0,2014/10/23,02:43:57.419,2014/10/23,02:43:57.419,,3450,,,40.265488,124.273926,,,0,,0,0
MSG,8,0,0,780587,0,2014/10/23,02:43:57.620,2014/10/23,02:43:57.620,,,,,,,,,,,,0
MSG,4,0,0,780587,0,2014/10/23,02:43:57.620,2014/10/23,02:43:57.620,,,158.1,150,,,0,,,,,0
MSG,4,0,0,780587,0,2014/10/23,02:43:58.008,2014/10/23,02:43:58.008,,,158.1,150,,,0,,,,,0
MSG,1,0,0,780587,0,2014/10/23,02:43:58.400,2014/10/23,02:43:58.400,FM9231,,,,,,,,,,,0
MSG,3,0,0,780587,0,2014/10/23,02:43:58.607,2014/10/23,02:43:58.607,,3450,,,40.264984,124.274292,,,0,,0,0
MSG,4,0,0,780587,0,2014/10/23,02:43:58.607,2014/10/23,02:43:58.607,,,159,150.2,,,0,,,,,0
MSG,8,0,0,780587,0,2014/10/23,02:43:58.607,2014/10/23,02:43:58.607,,,,,,,,,,,,0
MSG,3,0,0,780587,0,2014/10/23,02:43:58.925,2014/10/23,02:43:58.925,,3450,,,40.264567,124.274597,,,0,,0,0
MSG,4,0,0,780587,0,2014/10/23,02:43:59.127,2014/10/23,02:43:59.127,,,159,150.2,,,0,,,,,0
MSG,8,0,0,780587,0,2014/10/23,02:43:59.776,2014/10/23,02:43:59.776,,,,,,,,,,,,0
MSG,3,0,0,780587,0,2014/10/23,02:43:59.977,2014/10/23,02:43:59.977,,3450,,,40.263931,124.275085,,,0,,0,0
MSG,4,0,0,780587,0,2014/10/23,02:43:59.977,2014/10/23,02:43:59.977,,,159,150.2,,,64,,,,,0
MSG,4,0,0,780587,0,2014/10/23,02:44:00.303,2014/10/23,02:44:00.303,,,159,150.2,,,-64,,,,,0
MSG,3,0,0,780587,0,2014/10/23,02:44:00.696,2014/10/23,02:44:00.696,,3450,,,40.263428,124.275452,,,0,,0,0
MSG,8,0,0,780587,0,2014/10/23,02:44:00.894,2014/10/23,02:44:00.894,,,,,,,,,,,,0
MSG,4,0,0,780587,0,2014/10/23,02:44:01.095,2014/10/23,02:44:01.095,,,159.4,150.7,,,0,,,,,0
MSG,3,0,0,780587,0,2014/10/23,02:44:01.295,2014/10/23,02:44:01.295,,3450,,,40.26303,124.275721,,,0,,0,0
MSG,4,0,0,780587,0,2014/10/23,02:44:01.547,2014/10/23,02:44:01.547,,,159.4,150.7,,,0,,,,,0
MSG,4,0,0,780587,0,2014/10/23,02:44:02.073,2014/10/23,02:44:02.073,,,159.4,150.7,,,64,,,,,0
MSG,3,0,0,780587,0,2014/10/23,02:44:02.398,2014/10/23,02:44:02.398,,3450,,,40.262421,124.276245,,,0,,0,0
MSG,4,0,0,780587,0,2014/10/23,02:44:02.598,2014/10/23,02:44:02.598,,,159.4,150.7,,,64,,,,,0
MSG,8,0,0,780587,0,2014/10/23,02:44:02.798,2014/10/23,02:44:02.798,,,,,,,,,,,,0
MSG,3,0,0,780587,0,2014/10/23,02:44:02.798,2014/10/23,02:44:02.798,,3450,,,40.262006,124.27647,,,0,,0,0
MSG,3,0,0,780587,0,2014/10/23,02:44:03.384,2014/10/23,02:44:03.384,,3450,,,40.261867,124.276595,,,0,,0,0
MSG,4,0,0,780587,0,2014/10/23,02:44:03.585,2014/10/23,02:44:03.585,,,159.4,150.7,,,0,,,,,0
MSG,1,0,0,780587,0,2014/10/23,02:44:03.585,2014/10/23,02:44:03.585,FM9231,,,,,,,,,,,0
MSG,3,0,0,780587,0,2014/10/23,02:44:03.842,2014/10/23,02:44:03.842,,3450,,,40.261505,124.276855,,,0,,0,0
MSG,4,0,0,780587,0,2014/10/23,02:44:04.047,2014/10/23,02:44:04.047,,,159.4,150.7,,,0,,,,,0
MSG,3,0,0,780587,0,2014/10/23,02:44:04.248,2014/10/23,02:44:04.248,,3450,,,40.261139,124.277161,,,0,,0,0
MSG,3,0,0,780587,0,2014/10/23,02:44:04.630,2014/10/23,02:44:04.630,,3450,,,40.260864,124.277344,,,0,,0,0
MSG,4,0,0,780587,0,2014/10/23,02:44:05.031,2014/10/23,02:44:05.031,,,158.9,151,,,-128,,,,,0
MSG,4,0,0,780587,0,2014/10/23,02:44:05.809,2014/10/23,02:44:05.809,,,159.8,151.2,,,-128,,,,,0
MSG,3,0,0,780587,0,2014/10/23,02:44:06.011,2014/10/23,02:44:06.011,,3450,,,40.260086,124.277893,,,0,,0,0
MSG,4,0,0,780587,0,2014/10/23,02:44:07.710,2014/10/23,02:44:07.710,,,159.8,151.2,,,0,,,,,0
MSG,3,0,0,780587,0,2014/10/23,02:44:07.910,2014/10/23,02:44:07.910,,3450,,,40.258804,124.278809,,,0,,0,0
MSG,8,0,0,780587,0,2014/10/23,02:44:08.112,2014/10/23,02:44:08.112,,,,,,,,,,,,0
MSG,3,0,0,780587,0,2014/10/23,02:44:08.314,2014/10/23,02:44:08.314,,3450,,,40.25853,124.278992,,,0,,0,0
MSG,4,0,0,780587,0,2014/10/23,02:44:08.314,2014/10/23,02:44:08.314,,,159.3,151.5,,,128,,,,,0
MSG,1,0,0,780587,0,2014/10/23,02:44:08.714,2014/10/23,02:44:08.714,FM9231,,,,,,,,,,,0
MSG,3,0,0,780587,0,2014/10/23,02:44:08.714,2014/10/23,02:44:08.714,,3450,,,40.258255,124.279175,,,0,,0,0
MSG,4,0,0,780587,0,2014/10/23,02:44:08.909,2014/10/23,02:44:08.909,,,159.3,151.5,,,128,,,,,0
MSG,8,0,0,780587,0,2014/10/23,02:44:09.110,2014/10/23,02:44:09.110,,,,,,,,,,,,0
MSG,3,0,0,780587,0,2014/10/23,02:44:09.310,2014/10/23,02:44:09.310,,3450,,,40.258026,124.279358,,,0,,0,0
MSG,3,0,0,780587,0,2014/10/23,02:44:09.607,2014/10/23,02:44:09.607,,3450,,,40.257751,124.279541,,,0,,0,0
MSG,4,0,0,780587,0,2014/10/23,02:44:09.807,2014/10/23,02:44:09.807,,,160.2,151.7,,,64,,,,,0
MSG,3,0,0,780587,0,2014/10/23,02:44:10.394,2014/10/23,02:44:10.394,,3450,,,40.257202,124.279907,,,0,,0,0
MSG,4,0,0,780587,0,2014/10/23,02:44:10.722,2014/10/23,02:44:10.722,,,160.2,151.7,,,0,,,,,0
MSG,3,0,0,780587,0,2014/10/23,02:44:10.922,2014/10/23,02:44:10.922,,3450,,,40.256973,124.28009,,,0,,0,0
MSG,4,0,0,780587,0,2014/10/23,02:44:11.310,2014/10/23,02:44:11.310,,,160.2,151.7,,,64,,,,,0
MSG,3,0,0,780587,0,2014/10/23,02:44:11.903,2014/10/23,02:44:11.903,,3450,,,40.256195,124.280701,,,0,,0,0
MSG,4,0,0,780587,0,2014/10/23,02:44:12.230,2014/10/23,02:44:12.230,,,160.2,151.7,,,64,,,,,0
MSG,3,0,0,780587,0,2014/10/23,02:44:12.491,2014/10/23,02:44:12.491,,3450,,,40.255768,124.280964,,,0,,0,0
MSG,4,0,0,780587,0,2014/10/23,02:44:12.818,2014/10/23,02:44:12.818,,,160.2,151.7,,,64,,,,,0
MSG,3,0,0,780587,0,2014/10/23,02:44:13.410,2014/10/23,02:44:13.410,,3450,,,40.255142,124.281372,,,0,,0,0
MSG,1,0,0,780587,0,2014/10/23,02:44:13.669,2014/10/23,02:44:13.669,FM9231,,,,,,,,,,,0
MSG,4,0,0,780587,0,2014/10/23,02:44:13.870,2014/10/23,02:44:13.870,,,160.2,151.7,,,192,,,,,0
MSG,8,0,0,780587,0,2014/10/23,02:44:14.196,2014/10/23,02:44:14.196,,,,,,,,,,,,0
MSG,4,0,0,780587,0,2014/10/23,02:44:14.396,2014/10/23,02:44:14.396,,,160.6,152.2,,,128,,,,,0
MSG,3,0,0,780587,0,2014/10/23,02:44:14.597,2014/10/23,02:44:14.597,,3450,,,40.254465,124.281838,,,0,,0,0
MSG,4,0,0,780587,0,2014/10/23,02:44:14.792,2014/10/23,02:44:14.792,,,160.6,152.2,,,128,,,,,0
MSG,4,0,0,780587,0,2014/10/23,02:44:15.636,2014/10/23,02:44:15.636,,,160.6,152.2,,,64,,,,,0
MSG,3,0,0,780587,0,2014/10/23,02:44:16.493,2014/10/23,02:44:16.493,,3450,,,40.253311,124.282654,,,0,,0,0
MSG,3,0,0,780587,0,2014/10/23,02:44:16.881,2014/10/23,02:44:16.881,,3450,,,40.252882,124.282962,,,0,,0,0
MSG,8,0,0,780587,0,2014/10/23,02:44:17.082,2014/10/23,02:44:17.082,,,,,,,,,,,,0
MSG,4,0,0,780587,0,2014/10/23,02:44:17.283,2014/10/23,02:44:17.283,,,160.6,152.2,,,0,,,,,0
MSG,3,0,0,780587,0,2014/10/23,02:44:17.283,2014/10/23,02:44:17.283,,3450,,,40.252649,124.283087,,,0,,0,0
MSG,4,0,0,780587,0,2014/10/23,02:44:17.668,2014/10/23,02:44:17.668,,,160.6,152.2,,,0,,,,,0
MSG,4,0,0,780587,0,2014/10/23,02:44:18.190,2014/10/23,02:44:18.190,,,160.6,152.2,,,64,,,,,0
MSG,8,0,0,780587,0,2014/10/23,02:44:18.391,2014/10/23,02:44:18.391,,,,,,,,,,,,0
MSG,4,0,0,780587,0,2014/10/23,02:44:18.650,2014/10/23,02:44:18.650,,,160.6,152.2,,,64,,,,,0
MSG,4,0,0,780587,0,2014/10/23,02:44:20.747,2014/10/23,02:44:20.747,,,161.1,151.8,,,-64,,,,,0
MSG,8,0,0,780587,0,2014/10/23,02:44:21.272,2014/10/23,02:44:21.272,,,,,,,,,,,,0
MSG,4,0,0,780587,0,2014/10/23,02:44:21.475,2014/10/23,02:44:21.475,,,160.6,152.2,,,64,,,,,0
MSG,3,0,0,780587,0,2014/10/23,02:44:21.732,2014/10/23,02:44:21.732,,3450,,,40.249763,124.285147,,,0,,0,0
MSG,4,0,0,780587,0,2014/10/23,02:44:21.933,2014/10/23,02:44:21.933,,,160.6,152.2,,,64,,,,,0
MSG,8,0,0,780587,0,2014/10/23,02:44:22.189,2014/10/23,02:44:22.189,,,,,,,,,,,,0
MSG,3,0,0,780587,0,2014/10/23,02:44:22.390,2014/10/23,02:44:22.390,,3450,,,40.249374,124.2854,,,0,,0,0
MSG,4,0,0,780587,0,2014/10/23,02:44:22.390,2014/10/23,02:44:22.390,,,159.7,152,,,0,,,,,0
MSG,3,0,0,780587,0,2014/10/23,02:44:22.651,2014/10/23,02:44:22.651,,3450,,,40.2491,124.285583,,,0,,0,0
MSG,4,0,0,780587,0,2014/10/23,02:44:22.912,2014/10/23,02:44:22.912,,,159.7,152,,,0,,,,,0
MSG,4,0,0,780587,0,2014/10/23,02:44:25.861,2014/10/23,02:44:25.861,,,159.2,153.9,,,0,,,,,0
MSG,3,0,0,780587,0,2014/10/23,02:44:26.253,2014/10/23,02:44:26.253,,3450,,,40.246719,124.287109,,,0,,0,0
MSG,4,0,0,780587,0,2014/10/23,02:44:26.453,2014/10/23,02:44:26.453,,,158.5,156.2,,,0,,,,,0
MSG,4,0,0,780587,0,2014/10/23,02:44:26.778,2014/10/23,02:44:26.778,,,158.5,156.2,,,0,,,,,0
MSG,3,0,0,780587,0,2014/10/23,02:44:27.041,2014/10/23,02:44:27.041,,3450,,,40.24617,124.287354,,,0,,0,0
MSG,4,0,0,780587,0,2014/10/23,02:44:27.302,2014/10/23,02:44:27.302,,,157.7,158.8,,,64,,,,,0
MSG,8,0,0,780587,0,2014/10/23,02:44:27.703,2014/10/23,02:44:27.703,,,,,,,,,,,,0
MSG,3,0,0,780587,0,2014/10/23,02:44:27.703,2014/10/23,02:44:27.703,,3450,,,40.24576,124.287581,,,0,,0,0
MSG,4,0,0,780587,0,2014/10/23,02:44:27.901,2014/10/23,02:44:27.901,,,157.7,158.8,,,64,,,,,0
MSG,3,0,0,780587,0,2014/10/23,02:44:28.217,2014/10/23,02:44:28.217,,3450,,,40.24548,124.287643,,,0,,0,0
MSG,4,0,0,780587,0,2014/10/23,02:44:28.412,2014/10/23,02:44:28.412,,,156.2,161.3,,,0,,,,,0
MSG,8,0,0,780587,0,2014/10/23,02:44:28.614,2014/10/23,02:44:28.614,,,,,,,,,,,,0
MSG,1,0,0,780587,0,2014/10/23,02:44:28.614,2014/10/23,02:44:28.614,FM9231,,,,,,,,,,,0
MSG,3,0,0,780587,0,2014/10/23,02:44:28.815,2014/10/23,02:44:28.815,,3450,,,40.245071,124.287842,,,0,,0,0
MSG,4,0,0,780587,0,2014/10/23,02:44:28.815,2014/10/23,02:44:28.815,,,156.2,161.3,,,0,,,,,0
MSG,8,0,0,780587,0,2014/10/23,02:44:29.202,2014/10/23,02:44:29.202,,,,,,,,,,,,0
MSG,3,0,0,780587,0,2014/10/23,02:44:29.659,2014/10/23,02:44:29.659,,3450,,,40.244363,124.28808,,,0,,0,0
MSG,8,0,0,780587,0,2014/10/23,02:44:30.055,2014/10/23,02:44:30.055,,,,,,,,,,,,0
MSG,4,0,0,780587,0,2014/10/23,02:44:33.435,2014/10/23,02:44:33.435,,,155.4,170,,,-640,,,,,0
MSG,3,0,0,780587,0,2014/10/23,02:44:36.250,2014/10/23,02:44:36.250,,3400,,,40.239847,124.289266,,,0,,0,0
MSG,3,0,0,780587,0,2014/10/23,02:44:36.786,2014/10/23,02:44:36.786,,3375,,,40.239568,124.289329,,,0,,0,0
MSG,4,0,0,780587,0,2014/10/23,02:44:37.629,2014/10/23,02:44:37.629,,,155.7,171.5,,,-704,,,,,0
MSG,8,0,0,780587,0,2014/10/23,02:44:38.687,2014/10/23,02:44:38.687,,,,,,,,,,,,0
MSG,4,0,0,780587,0,2014/10/23,02:44:39.287,2014/10/23,02:44:39.287,,,155.4,172.2,,,-704,,,,,0
MSG,4,0,0,780587,0,2014/10/23,02:44:39.597,2014/10/23,02:44:39.597,,,155.4,172.2,,,-704,,,,,0
MSG,3,0,0,780587,0,2014/10/23,02:44:39.859,2014/10/23,02:44:39.859,,3350,,,40.237152,124.289795,,,0,,0,0
MSG,3,0,0,780587,0,2014/10/23,02:44:40.974,2014/10/23,02:44:40.974,,3325,,,40.236603,124.289856,,,0,,0,0
MSG,8,0,0,780587,0,2014/10/23,02:44:44.083,2014/10/23,02:44:44.083,,,,,,,,,,,,0
MSG,4,0,0,780587,0,2014/10/23,02:44:44.285,2014/10/23,02:44:44.285,,,155.7,174.5,,,-640,,,,,0
MSG,7,0,0,780587,0,2014/10/23,02:44:44.285,2014/10/23,02:44:44.285,,3300,,,,,,,,,,0
MSG,3,0,0,780587,0,2014/10/23,02:44:44.285,2014/10/23,02:44:44.285,,3300,,,40.233994,124.290222,,,0,,0,0
MSG,4,0,0,780587,0,2014/10/23,02:44:44.668,2014/10/23,02:44:44.668,,,155.7,174.5,,,-640,,,,,0
MSG,3,0,0,780587,0,2014/10/23,02:44:44.863,2014/10/23,02:44:44.863,,3300,,,40.233719,124.290283,,,0,,0,0
MSG,8,0,0,780587,0,2014/10/23,02:44:45.065,2014/10/23,02:44:45.065,,,,,,,,,,,,0
MSG,4,0,0,780587,0,2014/10/23,02:44:45.065,2014/10/23,02:44:45.065,,,155.7,174.5,,,-576,,,,,0
MSG,3,0,0,780587,0,2014/10/23,02:44:45.264,2014/10/23,02:44:45.264,,3275,,,40.233444,124.290283,,,0,,0,0
MSG,3,0,0,780587,0,2014/10/23,02:44:45.716,2014/10/23,02:44:45.716,,3275,,,40.233004,124.29039,,,0,,0,0
MSG,3,0,0,780587,0,2014/10/23,02:44:46.240,2014/10/23,02:44:46.240,,3275,,,40.232574,124.290405,,,0,,0,0
MSG,4,0,0,780587,0,2014/10/23,02:44:46.567,2014/10/23,02:44:46.567,,,155.7,174.5,,,-640,,,,,0
MSG,3,0,0,780587,0,2014/10/23,02:44:47.699,2014/10/23,02:44:47.699,,3250,,,40.231561,124.290577,,,0,,0,0
MSG,3,0,0,780587,0,2014/10/23,02:44:48.207,2014/10/23,02:44:48.207,,3250,,,40.231155,124.290588,,,0,,0,0
MSG,1,0,0,780587,0,2014/10/23,02:44:48.408,2014/10/23,02:44:48.408,FM9231,,,,,,,,,,,0
MSG,4,0,0,780587,0,2014/10/23,02:44:48.608,2014/10/23,02:44:48.608,,,155.7,174.5,,,-704,,,,,0
MSG,4,0,0,780587,0,2014/10/23,02:44:49.515,2014/10/23,02:44:49.515,,,155.8,174.1,,,-640,,,,,0
MSG,3,0,0,780587,0,2014/10/23,02:44:52.722,2014/10/23,02:44:52.722,,3200,,,40.227997,124.291016,,,0,,0,0
MSG,4,0,0,780587,0,2014/10/23,02:44:53.358,2014/10/23,02:44:53.358,,,154.9,173.7,,,-768,,,,,0
MSG,3,0,0,780587,0,2014/10/23,02:44:53.685,2014/10/23,02:44:53.685,,3175,,,40.227278,124.291139,,,0,,0,0
MSG,4,0,0,780587,0,2014/10/23,02:44:55.341,2014/10/23,02:44:55.341,,,154.9,173.7,,,-640,,,,,0
MSG,8,0,0,780587,0,2014/10/23,02:44:55.544,2014/10/23,02:44:55.544,,,,,,,,,,,,0
MSG,8,0,0,780587,0,2014/10/23,02:44:56.571,2014/10/23,02:44:56.571,,,,,,,,,,,,0
MSG,3,0,0,780587,0,2014/10/23,02:44:56.774,2014/10/23,02:44:56.774,,3150,,,40.225159,124.291443,,,0,,0,0
MSG,7,0,0,780587,0,2014/10/23,02:44:56.974,2014/10/23,02:44:56.974,,3150,,,,,,,,,,0
MSG,4,0,0,780587,0,2014/10/23,02:45:00.268,2014/10/23,02:45:00.268,,,154.4,175.9,,,-640,,,,,0
MSG,3,0,0,780587,0,2014/10/23,02:45:00.469,2014/10/23,02:45:00.469,,3125,,,40.222595,124.291687,,,0,,0,0
MSG,4,0,0,780587,0,2014/10/23,02:45:00.723,2014/10/23,02:45:00.723,,,154.4,175.9,,,-640,,,,,0
MSG,3,0,0,780587,0,2014/10/23,02:45:00.930,2014/10/23,02:45:00.930,,3100,,,40.222158,124.291763,,,0,,0,0
MSG,4,0,0,780587,0,2014/10/23,02:45:01.449,2014/10/23,02:45:01.449,,,154.3,176.3,,,-640,,,,,0
MSG,3,0,0,780587,0,2014/10/23,02:45:01.449,2014/10/23,02:45:01.449,,3100,,,40.221878,124.291763,,,0,,0,0
MSG,8,0,0,780587,0,2014/10/23,02:45:02.687,2014/10/23,02:45:02.687,,,,,,,,,,,,0
MSG,4,0,0,780587,0,2014/10/23,02:45:03.147,2014/10/23,02:45:03.147,,,154.2,177.4,,,-576,,,,,0
MSG,4,0,0,780587,0,2014/10/23,02:45:03.676,2014/10/23,02:45:03.676,,,154.2,177.4,,,-576,,,,,0
MSG,3,0,0,780587,0,2014/10/23,02:45:03.877,2014/10/23,02:45:03.877,,3075,,,40.220032,124.29187,,,0,,0,0
MSG,4,0,0,780587,0,2014/10/23,02:45:04.129,2014/10/23,02:45:04.129,,,153.1,178.1,,,-512,,,,,0
MSG,3,0,0,780587,0,2014/10/23,02:45:05.375,2014/10/23,02:45:05.375,,3075,,,40.219039,124.291951,,,0,,0,0
MSG,4,0,0,780587,0,2014/10/23,02:45:05.702,2014/10/23,02:45:05.702,,,153.1,178.5,,,-512,,,,,0
MSG,3,0,0,780587,0,2014/10/23,02:45:05.906,2014/10/23,02:45:05.906,,3050,,,40.218613,124.291931,,,0,,0,0
MSG,4,0,0,780587,0,2014/10/23,02:45:06.226,2014/10/23,02:45:06.226,,,153,178.9,,,-704,,,,,0
MSG,3,0,0,780587,0,2014/10/23,02:45:06.426,2014/10/23,02:45:06.426,,3050,,,40.218338,124.291931,,,0,,0,0
MSG,8,0,0,780587,0,2014/10/23,02:45:06.627,2014/10/23,02:45:06.627,,,,,,,,,,,,0
MSG,4,0,0,780587,0,2014/10/23,02:45:06.827,2014/10/23,02:45:06.827,,,153,178.9,,,-704,,,,,0
MSG,7,0,0,780587,0,2014/10/23,02:45:07.027,2014/10/23,02:45:07.027,,3050,,,,,,,,,,0
MSG,3,0,0,780587,0,2014/10/23,02:45:07.221,2014/10/23,02:45:07.221,,3050,,,40.217743,124.291992,,,0,,0,0
MSG,4,0,0,780587,0,2014/10/23,02:45:07.221,2014/10/23,02:45:07.221,,,152.1,178.5,,,-704,,,,,0
MSG,8,0,0,780587,0,2014/10/23,02:45:07.624,2014/10/23,02:45:07.624,,,,,,,,,,,,0
MSG,7,0,0,780587,0,2014/10/23,02:45:07.823,2014/10/23,02:45:07.823,,3050,,,,,,,,,,0
MSG,3,0,0,780587,0,2014/10/23,02:45:07.823,2014/10/23,02:45:07.823,,3050,,,40.217316,124.292013,,,0,,0,0
MSG,4,0,0,780587,0,2014/10/23,02:45:07.823,2014/10/23,02:45:07.823,,,152.1,178.5,,,-704,,,,,0
MSG,4,0,0,780587,0,2014/10/23,02:45:08.224,2014/10/23,02:45:08.224,,,152,178.9,,,-640,,,,,0
MSG,3,0,0,780587,0,2014/10/23,02:45:08.425,2014/10/23,02:45:08.425,,3025,,,40.216919,124.291992,,,0,,0,0
MSG,4,0,0,780587,0,2014/10/23,02:45:08.626,2014/10/23,02:45:08.626,,,152,178.9,,,-640,,,,,0
MSG,8,0,0,780587,0,2014/10/23,02:45:08.826,2014/10/23,02:45:08.826,,,,,,,,,,,,0
MSG,1,0,0,780587,0,2014/10/23,02:45:08.826,2014/10/23,02:45:08.826,FM9231,,,,,,,,,,,0
MSG,3,0,0,780587,0,2014/10/23,02:45:08.826,2014/10/23,02:45:08.826,,3025,,,40.216644,124.291992,,,0,,0,0
MSG,7,0,0,780587,0,2014/10/23,02:45:09.026,2014/10/23,02:45:09.026,,3025,,,,,,,,,,0
MSG,4,0,0,780587,0,2014/10/23,02:45:09.227,2014/10/23,02:45:09.227,,,152,179.2,,,-512,,,,,0
MSG,3,0,0,780587,0,2014/10/23,02:45:09.428,2014/10/23,02:45:09.428,,3025,,,40.216199,124.292013,,,0,,0,0
MSG,4,0,0,780587,0,2014/10/23,02:45:09.629,2014/10/23,02:45:09.629,,,152,179.2,,,-512,,,,,0
MSG,8,0,0,780587,0,2014/10/23,02:45:09.829,2014/10/23,02:45:09.829,,,,,,,,,,,,0
MSG,4,0,0,780587,0,2014/10/23,02:45:10.221,2014/10/23,02:45:10.221,,,152,179.6,,,-512,,,,,0
MSG,4,0,0,780587,0,2014/10/23,02:45:10.623,2014/10/23,02:45:10.623,,,152,179.6,,,-512,,,,,0
MSG,7,0,0,780587,0,2014/10/23,02:45:11.073,2014/10/23,02:45:11.073,,3000,,,,,,,,,,0
MSG,8,0,0,780587,0,2014/10/23,02:45:11.073,2014/10/23,02:45:11.073,,,,,,,,,,,,0
MSG,4,0,0,780587,0,2014/10/23,02:45:11.741,2014/10/23,02:45:11.741,,,152,180,,,-576,,,,,0
MSG,3,0,0,780587,0,2014/10/23,02:45:11.942,2014/10/23,02:45:11.942,,3000,,,40.214523,124.292013,,,0,,0,0
MSG,7,0,0,780587,0,2014/10/23,02:45:11.942,2014/10/23,02:45:11.942,,3000,,,,,,,,,,0
MSG,8,0,0,780587,0,2014/10/23,02:45:12.143,2014/10/23,02:45:12.143,,,,,,,,,,,,0
MSG,4,0,0,780587,0,2014/10/23,02:45:12.648,2014/10/23,02:45:12.648,,,151,180.4,,,-640,,,,,0
MSG,3,0,0,780587,0,2014/10/23,02:45:12.843,2014/10/23,02:45:12.843,,3000,,,40.213806,124.291992,,,0,,0,0
MSG,8,0,0,780587,0,2014/10/23,02:45:12.843,2014/10/23,02:45:12.843,,,,,,,,,,,,0
MSG,4,0,0,780587,0,2014/10/23,02:45:13.245,2014/10/23,02:45:13.245,,,152,181.1,,,-576,,,,,0
MSG,3,0,0,780587,0,2014/10/23,02:45:13.446,2014/10/23,02:45:13.446,,2975,,,40.213406,124.292013,,,0,,0,0
MSG,4,0,0,780587,0,2014/10/23,02:45:13.647,2014/10/23,02:45:13.647,,,152,181.1,,,-576,,,,,0
MSG,8,0,0,780587,0,2014/10/23,02:45:13.848,2014/10/23,02:45:13.848,,,,,,,,,,,,0
MSG,3,0,0,780587,0,2014/10/23,02:45:13.848,2014/10/23,02:45:13.848,,2975,,,40.213126,124.292013,,,0,,0,0
MSG,3,0,0,780587,0,2014/10/23,02:45:14.354,2014/10/23,02:45:14.354,,2975,,,40.212708,124.291992,,,0,,0,0
MSG,4,0,0,780587,0,2014/10/23,02:45:14.614,2014/10/23,02:45:14.614,,,151.1,181.5,,,-704,,,,,0
MSG,4,0,0,780587,0,2014/10/23,02:45:15.080,2014/10/23,02:45:15.080,,,151.1,181.5,,,-704,,,,,0
MSG,3,0,0,780587,0,2014/10/23,02:45:16.515,2014/10/23,02:45:16.515,,2950,,,40.211125,124.291888,,,0,,0,0
MSG,8,0,0,780587,0,2014/10/23,02:45:16.716,2014/10/23,02:45:16.716,,,,,,,,,,,,0
MSG,8,0,0,780587,0,2014/10/23,02:45:17.436,2014/10/23,02:45:17.436,,,,,,,,,,,,0
MSG,4,0,0,780587,0,2014/10/23,02:45:17.637,2014/10/23,02:45:17.637,,,151.1,181.9,,,-576,,,,,0
MSG,3,0,0,780587,0,2014/10/23,02:45:18.038,2014/10/23,02:45:18.038,,2950,,,40.21019,124.29187,,,0,,0,0
MSG,4,0,0,780587,0,2014/10/23,02:45:18.238,2014/10/23,02:45:18.238,,,151.1,181.5,,,-512,,,,,0
MSG,8,0,0,780587,0,2014/10/23,02:45:18.441,2014/10/23,02:45:18.441,,,,,,,,,,,,0
MSG,3,0,0,780587,0,2014/10/23,02:45:18.640,2014/10/23,02:45:18.640,,2950,,,40.209728,124.291888,,,0,,0,0
MSG,4,0,0,780587,0,2014/10/23,02:45:18.640,2014/10/23,02:45:18.640,,,151.1,181.5,,,-512,,,,,0
MSG,1,0,0,780587,0,2014/10/23,02:45:18.940,2014/10/23,02:45:18.940,FM9231,,,,,,,,,,,0
MSG,4,0,0,780587,0,2014/10/23,02:45:19.141,2014/10/23,02:45:19.141,,,151.1,181.5,,,-512,,,,,0
MSG,3,0,0,780587,0,2014/10/23,02:45:19.141,2014/10/23,02:45:19.141,,2925,,,40.20932,124.29187,,,0,,0,0
MSG,8,0,0,780587,0,2014/10/23,02:45:19.141,2014/10/23,02:45:19.141,,,,,,,,,,,,0
MSG,3,0,0,780587,0,2014/10/23,02:45:19.991,2014/10/23,02:45:19.991,,2925,,,40.208771,124.291809,,,0,,0,0
MSG,8,0,0,780587,0,2014/10/23,02:45:20.192,2014/10/23,02:45:20.192,,,,,,,,,,,,0
MSG,4,0,0,780587,0,2014/10/23,02:45:20.393,2014/10/23,02:45:20.393,,,151,180.8,,,-576,,,,,0
MSG,4,0,0,780587,0,2014/10/23,02:45:20.904,2014/10/23,02:45:20.904,,,151,180.8,,,-576,,,,,0
MSG,8,0,0,780587,0,2014/10/23,02:45:21.305,2014/10/23,02:45:21.305,,,,,,,,,,,,0
MSG,4,0,0,780587,0,2014/10/23,02:45:21.506,2014/10/23,02:45:21.506,,,151,180.8,,,-640,,,,,0
MSG,4,0,0,780587,0,2014/10/23,02:45:21.957,2014/10/23,02:45:21.957,,,151,180.8,,,-640,,,,,0
MSG,3,0,0,780587,0,2014/10/23,02:45:22.612,2014/10/23,02:45:22.612,,2900,,,40.206802,124.291809,,,0,,0,0
MSG,4,0,0,780587,0,2014/10/23,02:45:23.012,2014/10/23,02:45:23.012,,,151,180.8,,,-768,,,,,0
MSG,8,0,0,780587,0,2014/10/23,02:45:23.012,2014/10/23,02:45:23.012,,,,,,,,,,,,0
MSG,3,0,0,780587,0,2014/10/23,02:45:23.213,2014/10/23,02:45:23.213,,2900,,,40.206528,124.291809,,,0,,0,0
MSG,4,0,0,780587,0,2014/10/23,02:45:23.414,2014/10/23,02:45:23.414,,,151,180.8,,,-768,,,,,0
MSG,7,0,0,780587,0,2014/10/23,02:45:23.660,2014/10/23,02:45:23.660,,2875,,,,,,,,,,0
MSG,8,0,0,780587,0,2014/10/23,02:45:23.865,2014/10/23,02:45:23.865,,,,,,,,,,,,0
MSG,4,0,0,780587,0,2014/10/23,02:45:24.066,2014/10/23,02:45:24.066,,,151,180.8,,,-768,,,,,0
MSG,3,0,0,780587,0,2014/10/23,02:45:24.066,2014/10/23,02:45:24.066,,2875,,,40.205818,124.291763,,,0,,0,0
MSG,4,0,0,780587,0,2014/10/23,02:45:24.468,2014/10/23,02:45:24.468,,,151,181.1,,,-768,,,,,0
MSG,8,0,0,780587,0,2014/10/23,02:45:24.867,2014/10/23,02:45:24.867,,,,,,,,,,,,0
MSG,4,0,0,780587,0,2014/10/23,02:45:25.069,2014/10/23,02:45:25.069,,,151,181.1,,,-768,,,,,0
MSG,3,0,0,780587,0,2014/10/23,02:45:25.269,2014/10/23,02:45:25.269,,2875,,,40.205154,124.291748,,,0,,0,0
MSG,4,0,0,780587,0,2014/10/23,02:45:25.660,2014/10/23,02:45:25.660,,,151,181.1,,,-768,,,,,0
MSG,3,0,0,780587,0,2014/10/23,02:45:25.660,2014/10/23,02:45:25.660,,2850,,,40.204701,124.291763,,,0,,0,0
MSG,8,0,0,780587,0,2014/10/23,02:45:25.861,2014/10/23,02:45:25.861,,,,,,,,,,,,0
MSG,4,0,0,780587,0,2014/10/23,02:45:26.060,2014/10/23,02:45:26.060,,,151,181.1,,,-768,,,,,0
MSG,3,0,0,780587,0,2014/10/23,02:45:26.060,2014/10/23,02:45:26.060,,2850,,,40.204421,124.291701,,,0,,0,0
MSG,4,0,0,780587,0,2014/10/23,02:45:26.413,2014/10/23,02:45:26.413,,,151.1,181.5,,,-704,,,,,0
MSG,3,0,0,780587,0,2014/10/23,02:45:26.611,2014/10/23,02:45:26.611,,2850,,,40.204142,124.291701,,,0,,0,0
MSG,8,0,0,780587,0,2014/10/23,02:45:26.867,2014/10/23,02:45:26.867,,,,,,,,,,,,0
MSG,4,0,0,780587,0,2014/10/23,02:45:27.269,2014/10/23,02:45:27.269,,,151.1,181.9,,,-512,,,,,0
MSG,3,0,0,780587,0,2014/10/23,02:45:27.460,2014/10/23,02:45:27.460,,2850,,,40.203461,124.291687,,,0,,0,0
MSG,4,0,0,780587,0,2014/10/23,02:45:27.862,2014/10/23,02:45:27.862,,,151.1,181.9,,,-512,,,,,0
MSG,3,0,0,780587,0,2014/10/23,02:45:28.063,2014/10/23,02:45:28.063,,2850,,,40.203186,124.291687,,,0,,0,0
MSG,8,0,0,780587,0,2014/10/23,02:45:28.063,2014/10/23,02:45:28.063,,,,,,,,,,,,0
MSG,4,0,0,780587,0,2014/10/23,02:45:28.265,2014/10/23,02:45:28.265,,,151.1,182.3,,,-384,,,,,0
MSG,1,0,0,780587,0,2014/10/23,02:45:28.704,2014/10/23,02:45:28.704,FM9231,,,,,,,,,,,0
MSG,4,0,0,780587,0,2014/10/23,02:45:28.904,2014/10/23,02:45:28.904,,,151.1,182.3,,,-384,,,,,0
MSG,8,0,0,780587,0,2014/10/23,02:45:28.904,2014/10/23,02:45:28.904,,,,,,,,,,,,0
MSG,4,0,0,780587,0,2014/10/23,02:45:29.293,2014/10/23,02:45:29.293,,,150.2,182.7,,,-128,,,,,0
MSG,3,0,0,780587,0,2014/10/23,02:45:29.494,2014/10/23,02:45:29.494,,2850,,,40.202187,124.291638,,,0,,0,0
MSG,4,0,0,780587,0,2014/10/23,02:45:30.017,2014/10/23,02:45:30.017,,,150.2,182.7,,,-128,,,,,0
MSG,4,0,0,780587,0,2014/10/23,02:45:30.218,2014/10/23,02:45:30.218,,,150.2,182.7,,,64,,,,,0
MSG,3,0,0,780587,0,2014/10/23,02:45:30.418,2014/10/23,02:45:30.418,,2825,,,40.201492,124.291565,,,0,,0,0
MSG,4,0,0,780587,0,2014/10/23,02:45:30.619,2014/10/23,02:45:30.619,,,150.2,182.7,,,64,,,,,0
MSG,3,0,0,780587,0,2014/10/23,02:45:31.011,2014/10/23,02:45:31.011,,2850,,,40.201116,124.291576,,,0,,0,0
MSG,3,0,0,780587,0,2014/10/23,02:45:31.259,2014/10/23,02:45:31.259,,2850,,,40.200837,124.291576,,,0,,0,0
MSG,3,0,0,780587,0,2014/10/23,02:45:31.655,2014/10/23,02:45:31.655,,2825,,,40.200557,124.291514,,,0,,0,0
MSG,4,0,0,780587,0,2014/10/23,02:45:31.856,2014/10/23,02:45:31.856,,,150.1,182.3,,,64,,,,,0
MSG,8,0,0,780587,0,2014/10/23,02:45:32.056,2014/10/23,02:45:32.056,,,,,,,,,,,,0
MSG,4,0,0,780587,0,2014/10/23,02:45:32.457,2014/10/23,02:45:32.457,,,149.1,182.3,,,64,,,,,0
MSG,3,0,0,780587,0,2014/10/23,02:45:32.658,2014/10/23,02:45:32.658,,2850,,,40.199844,124.291504,,,0,,0,0
MSG,4,0,0,780587,0,2014/10/23,02:45:32.859,2014/10/23,02:45:32.859,,,149.1,182.3,,,64,,,,,0
MSG,3,0,0,780587,0,2014/10/23,02:45:33.361,2014/10/23,02:45:33.361,,2825,,,40.19944,124.291514,,,0,,0,0
MSG,4,0,0,780587,0,2014/10/23,02:45:33.361,2014/10/23,02:45:33.361,,,150.1,182.3,,,192,,,,,0
MSG,1,0,0,780587,0,2014/10/23,02:45:33.562,2014/10/23,02:45:33.562,FM9231,,,,,,,,,,,0
MSG,4,0,0,780587,0,2014/10/23,02:45:33.762,2014/10/23,02:45:33.762,,,150.1,182.3,,,192,,,,,0
MSG,3,0,0,780587,0,2014/10/23,02:45:33.963,2014/10/23,02:45:33.963,,2850,,,40.199161,124.291451,,,0,,0,0
MSG,8,0,0,780587,0,2014/10/23,02:45:34.164,2014/10/23,02:45:34.164,,,,,,,,,,,,0
MSG,4,0,0,780587,0,2014/10/23,02:45:34.164,2014/10/23,02:45:34.164,,,149.1,182.3,,,64,,,,,0
MSG,8,0,0,780587,0,2014/10/23,02:45:34.364,2014/10/23,02:45:34.364,,,,,,,,,,,,0
MSG,3,0,0,780587,0,2014/10/23,02:45:34.865,2014/10/23,02:45:34.865,,2850,,,40.198323,124.291451,,,0,,0,0
MSG,4,0,0,780587,0,2014/10/23,02:45:35.322,2014/10/23,02:45:35.322,,,149.1,181.9,,,-64,,,,,0
MSG,4,0,0,780587,0,2014/10/23,02:45:35.850,2014/10/23,02:45:35.850,,,149.1,181.9,,,-64,,,,,0
MSG,4,0,0,780587,0,2014/10/23,02:45:36.372,2014/10/23,02:45:36.372,,,149.1,181.5,,,-64,,,,,0
MSG,8,0,0,780587,0,2014/10/23,02:45:36.573,2014/10/23,02:45:36.573,,,,,,,,,,,,0
MSG,3,0,0,780587,0,2014/10/23,02:45:36.774,2014/10/23,02:45:36.774,,2850,,,40.197098,124.291382,,,0,,0,0
MSG,4,0,0,780587,0,2014/10/23,02:45:36.975,2014/10/23,02:45:36.975,,,149.1,181.5,,,-64,,,,,0
MSG,4,0,0,780587,0,2014/10/23,02:45:37.377,2014/10/23,02:45:37.377,,,149.1,181.5,,,0,,,,,0
MSG,8,0,0,780587,0,2014/10/23,02:45:37.578,2014/10/23,02:45:37.578,,,,,,,,,,,,0
MSG,3,0,0,780587,0,2014/10/23,02:45:37.779,2014/10/23,02:45:37.779,,2825,,,40.196414,124.291389,,,0,,0,0
MSG,4,0,0,780587,0,2014/10/23,02:45:37.779,2014/10/23,02:45:37.779,,,149.1,181.5,,,0,,,,,0
MSG,3,0,0,780587,0,2014/10/23,02:45:38.271,2014/10/23,02:45:38.271,,2825,,,40.195953,124.291321,,,0,,0,0
MSG,8,0,0,780587,0,2014/10/23,02:45:38.472,2014/10/23,02:45:38.472,,,,,,,,,,,,0
MSG,4,0,0,780587,0,2014/10/23,02:45:38.673,2014/10/23,02:45:38.673,,,149.1,181.5,,,-64,,,,,0
MSG,3,0,0,780587,0,2014/10/23,02:45:38.673,2014/10/23,02:45:38.673,,2825,,,40.195679,124.291321,,,0,,0,0
MSG,1,0,0,780587,0,2014/10/23,02:45:38.873,2014/10/23,02:45:38.873,FM9231,,,,,,,,,,,0
MSG,3,0,0,780587,0,2014/10/23,02:45:39.123,2014/10/23,02:45:39.123,,2825,,,40.195404,124.291321,,,0,,0,0
MSG,8,0,0,780587,0,2014/10/23,02:45:39.324,2014/10/23,02:45:39.324,,,,,,,,,,,,0
MSG,4,0,0,780587,0,2014/10/23,02:45:39.649,2014/10/23,02:45:39.649,,,149.1,181.5,,,-384,,,,,0
MSG,4,0,0,780587,0,2014/10/23,02:45:40.105,2014/10/23,02:45:40.105,,,149.1,181.5,,,-704,,,,,0
MSG,3,0,0,780587,0,2014/10/23,02:45:40.306,2014/10/23,02:45:40.306,,2825,,,40.19458,124.291321,,,0,,0,0
MSG,8,0,0,780587,0,2014/10/23,02:45:40.506,2014/10/23,02:45:40.506,,,,,,,,,,,,0
MSG,4,0,0,780587,0,2014/10/23,02:45:40.707,2014/10/23,02:45:40.707,,,149.1,181.5,,,-704,,,,,0
MSG,3,0,0,780587,0,2014/10/23,02:45:40.907,2014/10/23,02:45:40.907,,2825,,,40.194305,124.291321,,,0,,0,0
MSG,4,0,0,780587,0,2014/10/23,02:45:41.109,2014/10/23,02:45:41.109,,,149.1,181.5,,,-704,,,,,0
MSG,8,0,0,780587,0,2014/10/23,02:45:41.308,2014/10/23,02:45:41.308,,,,,,,,,,,,0
MSG,3,0,0,780587,0,2014/10/23,02:45:41.308,2014/10/23,02:45:41.308,,2800,,,40.1939,124.291264,,,0,,0,0
MSG,3,0,0,780587,0,2014/10/23,02:45:41.681,2014/10/23,02:45:41.681,,2800,,,40.193621,124.291264,,,0,,0,0
MSG,4,0,0,780587,0,2014/10/23,02:45:42.085,2014/10/23,02:45:42.085,,,150.1,181.9,,,-640,,,,,0
MSG,3,0,0,780587,0,2014/10/23,02:45:42.286,2014/10/23,02:45:42.286,,2800,,,40.193207,124.29126,,,0,,0,0
MSG,4,0,0,780587,0,2014/10/23,02:45:42.529,2014/10/23,02:45:42.529,,,150.1,181.9,,,-640,,,,,0
MSG,3,0,0,780587,0,2014/10/23,02:45:42.730,2014/10/23,02:45:42.730,,2800,,,40.192932,124.29126,,,0,,0,0
MSG,4,0,0,780587,0,2014/10/23,02:45:43.141,2014/10/23,02:45:43.141,,,150.1,181.9,,,-576,,,,,0
MSG,3,0,0,780587,0,2014/10/23,02:45:43.342,2014/10/23,02:45:43.342,,2800,,,40.192504,124.291202,,,0,,0,0
MSG,4,0,0,780587,0,2014/10/23,02:45:43.543,2014/10/23,02:45:43.543,,,150.1,181.9,,,-576,,,,,0
MSG,8,0,0,780587,0,2014/10/23,02:45:44.302,2014/10/23,02:45:44.302,,,,,,,,,,,,0
MSG,4,0,0,780587,0,2014/10/23,02:45:44.504,2014/10/23,02:45:44.504,,,150.1,181.9,,,-704,,,,,0
MSG,4,0,0,780587,0,2014/10/23,02:45:44.957,2014/10/23,02:45:44.957,,,150.1,181.9,,,-704,,,,,0
MSG,3,0,0,780587,0,2014/10/23,02:45:45.216,2014/10/23,02:45:45.216,,2775,,,40.191238,124.291199,,,0,,0,0
MSG,3,0,0,780587,0,2014/10/23,02:45:45.743,2014/10/23,02:45:45.743,,2750,,,40.190828,124.291139,,,0,,0,0
MSG,4,0,0,780587,0,2014/10/23,02:45:45.941,2014/10/23,02:45:45.941,,,150.1,181.5,,,-640,,,,,0
MSG,8,0,0,780587,0,2014/10/23,02:45:46.391,2014/10/23,02:45:46.391,,,,,,,,,,,,0
MSG,3,0,0,780587,0,2014/10/23,02:45:46.391,2014/10/23,02:45:46.391,,2750,,,40.190414,124.291138,,,0,,0,0
MSG,4,0,0,780587,0,2014/10/23,02:45:46.592,2014/10/23,02:45:46.592,,,151.1,181.5,,,-512,,,,,0
MSG,3,0,0,780587,0,2014/10/23,02:45:46.793,2014/10/23,02:45:46.793,,2750,,,40.19014,124.291138,,,0,,0,0
MSG,8,0,0,780587,0,2014/10/23,02:45:47.053,2014/10/23,02:45:47.053,,,,,,,,,,,,0
MSG,3,0,0,780587,0,2014/10/23,02:45:47.253,2014/10/23,02:45:47.253,,2750,,,40.189865,124.291138,,,0,,0,0
MSG,4,0,0,780587,0,2014/10/23,02:45:47.454,2014/10/23,02:45:47.454,,,151.1,181.5,,,-640,,,,,0
MSG,8,0,0,780587,0,2014/10/23,02:45:47.968,2014/10/23,02:45:47.968,,,,,,,,,,,,0
MSG,3,0,0,780587,0,2014/10/23,02:45:48.170,2014/10/23,02:45:48.170,,2725,,,40.189152,124.291139,,,0,,0,0
MSG,3,0,0,780587,0,2014/10/23,02:45:48.495,2014/10/23,02:45:48.495,,2725,,,40.188873,124.291077,,,0,,0,0
MSG,8,0,0,780587,0,2014/10/23,02:45:48.889,2014/10/23,02:45:48.889,,,,,,,,,,,,0
MSG,3,0,0,780587,0,2014/10/23,02:45:49.089,2014/10/23,02:45:49.089,,2725,,,40.188593,124.291077,,,0,,0,0
MSG,1,0,0,780587,0,2014/10/23,02:45:49.089,2014/10/23,02:45:49.089,FM9231,,,,,,,,,,,0
MSG,4,0,0,780587,0,2014/10/23,02:45:49.089,2014/10/23,02:45:49.089,,,151.1,181.5,,,-832,,,,,0
MSG,4,0,0,780587,0,2014/10/23,02:45:49.744,2014/10/23,02:45:49.744,,,151.1,181.5,,,-1152,,,,,0
MSG,3,0,0,780587,0,2014/10/23,02:45:49.945,2014/10/23,02:45:49.945,,2700,,,40.187897,124.291077,,,0,,0,0
MSG,8,0,0,780587,0,2014/10/23,02:45:49.945,2014/10/23,02:45:49.945,,,,,,,,,,,,0
MSG,4,0,0,780587,0,2014/10/23,02:45:50.146,2014/10/23,02:45:50.146,,,151.1,181.5,,,-1152,,,,,0
MSG,3,0,0,780587,0,2014/10/23,02:45:50.347,2014/10/23,02:45:50.347,,2700,,,40.187622,124.291077,,,0,,0,0
MSG,4,0,0,780587,0,2014/10/23,02:45:50.547,2014/10/23,02:45:50.547,,,151.1,181.5,,,-896,,,,,0
MSG,3,0,0,780587,0,2014/10/23,02:45:50.855,2014/10/23,02:45:50.855,,2700,,,40.187197,124.291014,,,0,,0,0
MSG,4,0,0,780587,0,2014/10/23,02:45:51.057,2014/10/23,02:45:51.057,,,152.1,181.9,,,-832,,,,,0
MSG,3,0,0,780587,0,2014/10/23,02:45:51.458,2014/10/23,02:45:51.458,,2675,,,40.186918,124.291014,,,0,,0,0
MSG,4,0,0,780587,0,2014/10/23,02:45:51.659,2014/10/23,02:45:51.659,,,152.1,181.9,,,-832,,,,,0
MSG,3,0,0,780587,0,2014/10/23,02:45:51.859,2014/10/23,02:45:51.859,,2675,,,40.186523,124.291016,,,0,,0,0
MSG,8,0,0,780587,0,2014/10/23,02:45:52.060,2014/10/23,02:45:52.060,,,,,,,,,,,,0
MSG,3,0,0,780587,0,2014/10/23,02:45:52.454,2014/10/23,02:45:52.454,,2675,,,40.186203,124.291016,,,0,,0,0
MSG,8,0,0,780587,0,2014/10/23,02:45:52.822,2014/10/23,02:45:52.822,,,,,,,,,,,,0
MSG,4,0,0,780587,0,2014/10/23,02:45:53.549,2014/10/23,02:45:53.549,,,152.1,181.9,,,-704,,,,,0
MSG,1,0,0,780587,0,2014/10/23,02:45:53.997,2014/10/23,02:45:53.997,FM9231,,,,,,,,,,,0
MSG,4,0,0,780587,0,2014/10/23,02:45:54.399,2014/10/23,02:45:54.399,,,152.1,181.9,,,-768,,,,,0
MSG,3,0,0,780587,0,2014/10/23,02:45:54.786,2014/10/23,02:45:54.786,,2625,,,40.184555,124.290955,,,0,,0,0
MSG,8,0,0,780587,0,2014/10/23,02:45:54.990,2014/10/23,02:45:54.990,,,,,,,,,,,,0
MSG,4,0,0,780587,0,2014/10/23,02:45:55.439,2014/10/23,02:45:55.439,,,151.1,181.5,,,-640,,,,,0
MSG,3,0,0,780587,0,2014/10/23,02:45:55.767,2014/10/23,02:45:55.767,,2625,,,40.183845,124.290889,,,0,,0,0
MSG,8,0,0,780587,0,2014/10/23,02:45:55.970,2014/10/23,02:45:55.970,,,,,,,,,,,,0
MSG,4,0,0,780587,0,2014/10/23,02:45:56.293,2014/10/23,02:45:56.293,,,150,181.1,,,-448,,,,,0
MSG,3,0,0,780587,0,2014/10/23,02:45:56.494,2014/10/23,02:45:56.494,,2625,,,40.183411,124.290894,,,0,,0,0
MSG,4,0,0,780587,0,2014/10/23,02:45:56.895,2014/10/23,02:45:56.895,,,150,181.1,,,-448,,,,,0
MSG,8,0,0,780587,0,2014/10/23,02:45:56.895,2014/10/23,02:45:56.895,,,,,,,,,,,,0
MSG,3,0,0,780587,0,2014/10/23,02:45:56.895,2014/10/23,02:45:56.895,,2625,,,40.183007,124.290889,,,0,,0,0
MSG,4,0,0,780587,0,2014/10/23,02:45:57.297,2014/10/23,02:45:57.297,,,150,180.8,,,-384,,,,,0
MSG,4,0,0,780587,0,2014/10/23,02:45:57.801,2014/10/23,02:45:57.801,,,150,180.8,,,-384,,,,,0
MSG,8,0,0,780587,0,2014/10/23,02:45:58.003,2014/10/23,02:45:58.003,,,,,,,,,,,,0
MSG,3,0,0,780587,0,2014/10/23,02:45:58.403,2014/10/23,02:45:58.403,,2600,,,40.182037,124.290894,,,0,,0,0
MSG,4,0,0,780587,0,2014/10/23,02:45:58.403,2014/10/23,02:45:58.403,,,148,180.4,,,-576,,,,,0
MSG,4,0,0,780587,0,2014/10/23,02:45:59.114,2014/10/23,02:45:59.114,,,148,180.4,,,-576,,,,,0
MSG,8,0,0,780587,0,2014/10/23,02:45:59.114,2014/10/23,02:45:59.114,,,,,,,,,,,,0
MSG,1,0,0,780587,0,2014/10/23,02:45:59.114,2014/10/23,02:45:59.114,FM9231,,,,,,,,,,,0
MSG,3,0,0,780587,0,2014/10/23,02:45:59.315,2014/10/23,02:45:59.315,,2600,,,40.181378,124.290889,,,0,,0,0
MSG,4,0,0,780587,0,2014/10/23,02:45:59.517,2014/10/23,02:45:59.517,,,147,180.4,,,-576,,,,,0
MSG,3,0,0,780587,0,2014/10/23,02:45:59.718,2014/10/23,02:45:59.718,,2600,,,40.181099,124.290889,,,0,,0,0
MSG,3,0,0,780587,0,2014/10/23,02:46:00.159,2014/10/23,02:46:00.159,,2600,,,40.180819,124.290889,,,0,,0,0
MSG,4,0,0,780587,0,2014/10/23,02:46:00.360,2014/10/23,02:46:00.360,,,146,180.4,,,-448,,,,,0
MSG,3,0,0,780587,0,2014/10/23,02:46:00.619,2014/10/23,02:46:00.619,,2600,,,40.180435,124.290894,,,0,,0,0
MSG,4,0,0,780587,0,2014/10/23,02:46:01.080,2014/10/23,02:46:01.080,,,146,180.4,,,-448,,,,,0
MSG,8,0,0,780587,0,2014/10/23,02:46:01.080,2014/10/23,02:46:01.080,,,,,,,,,,,,0
MSG,3,0,0,780587,0,2014/10/23,02:46:01.080,2014/10/23,02:46:01.080,,2575,,,40.180161,124.290833,,,0,,0,0
MSG,4,0,0,780587,0,2014/10/23,02:46:01.467,2014/10/23,02:46:01.467,,,145,180.8,,,-384,,,,,0
MSG,3,0,0,780587,0,2014/10/23,02:46:01.668,2014/10/23,02:46:01.668,,2575,,,40.179886,124.290833,,,0,,0,0
MSG,4,0,0,780587,0,2014/10/23,02:46:01.869,2014/10/23,02:46:01.869,,,145,180.8,,,-384,,,,,0
MSG,8,0,0,780587,0,2014/10/23,02:46:02.069,2014/10/23,02:46:02.069,,,,,,,,,,,,0
MSG,4,0,0,780587,0,2014/10/23,02:46:02.323,2014/10/23,02:46:02.323,,,144,181.2,,,-576,,,,,0
MSG,3,0,0,780587,0,2014/10/23,02:46:02.584,2014/10/23,02:46:02.584,,2575,,,40.179236,124.290827,,,0,,0,0
MSG,4,0,0,780587,0,2014/10/23,02:46:02.985,2014/10/23,02:46:02.985,,,144,181.2,,,-576,,,,,0
MSG,8,0,0,780587,0,2014/10/23,02:46:02.985,2014/10/23,02:46:02.985,,,,,,,,,,,,0
MSG,3,0,0,780587,0,2014/10/23,02:46:03.186,2014/10/23,02:46:03.186,,2575,,,40.178833,124.290833,,,0,,0,0
MSG,3,0,0,780587,0,2014/10/23,02:46:03.502,2014/10/23,02:46:03.502,,2550,,,40.178558,124.290833,,,0,,0,0
MSG,3,0,0,780587,0,2014/10/23,02:46:04.091,2014/10/23,02:46:04.091,,2550,,,40.178166,124.290827,,,0,,0,0
MSG,8,0,0,780587,0,2014/10/23,02:46:04.292,2014/10/23,02:46:04.292,,,,,,,,,,,,0
MSG,4,0,0,780587,0,2014/10/23,02:46:04.880,2014/10/23,02:46:04.880,,,142.1,181.6,,,-576,,,,,0
MSG,8,0,0,780587,0,2014/10/23,02:46:05.204,2014/10/23,02:46:05.204,,,,,,,,,,,,0
MSG,4,0,0,780587,0,2014/10/23,02:46:05.466,2014/10/23,02:46:05.466,,,142.1,181.6,,,-576,,,,,0
MSG,3,0,0,780587,0,2014/10/23,02:46:05.667,2014/10/23,02:46:05.667,,2550,,,40.177231,124.290771,,,0,,0,0
MSG,4,0,0,780587,0,2014/10/23,02:46:05.991,2014/10/23,02:46:05.991,,,142.1,181.6,,,-576,,,,,0
MSG,3,0,0,780587,0,2014/10/23,02:46:06.191,2014/10/23,02:46:06.191,,2550,,,40.176862,124.290765,,,0,,0,0
MSG,4,0,0,780587,0,2014/10/23,02:46:06.515,2014/10/23,02:46:06.515,,,141.1,182,,,-384,,,,,0
MSG,3,0,0,780587,0,2014/10/23,02:46:06.715,2014/10/23,02:46:06.715,,2525,,,40.176583,124.290765,,,0,,0,0
MSG,3,0,0,780587,0,2014/10/23,02:46:06.976,2014/10/23,02:46:06.976,,2525,,,40.176304,124.290702,,,0,,0,0
MSG,4,0,0,780587,0,2014/10/23,02:46:07.176,2014/10/23,02:46:07.176,,,141.1,182,,,-384,,,,,0
MSG,3,0,0,780587,0,2014/10/23,02:46:07.376,2014/10/23,02:46:07.376,,2525,,,40.176071,124.290702,,,0,,0,0
MSG,4,0,0,780587,0,2014/10/23,02:46:07.577,2014/10/23,02:46:07.577,,,140.1,181.6,,,-576,,,,,0
MSG,4,0,0,780587,0,2014/10/23,02:46:08.023,2014/10/23,02:46:08.023,,,140.1,181.6,,,-576,,,,,0
MSG,8,0,0,780587,0,2014/10/23,02:46:08.424,2014/10/23,02:46:08.424,,,,,,,,,,,,0
MSG,3,0,0,780587,0,2014/10/23,02:46:08.424,2014/10/23,02:46:08.424,,2525,,,40.1754,124.29071,,,0,,0,0
MSG,4,0,0,780587,0,2014/10/23,02:46:08.625,2014/10/23,02:46:08.625,,,139.1,181.6,,,-640,,,,,0
MSG,3,0,0,780587,0,2014/10/23,02:46:08.827,2014/10/23,02:46:08.827,,2525,,,40.175171,124.29071,,,0,,0,0
MSG,4,0,0,780587,0,2014/10/23,02:46:09.261,2014/10/23,02:46:09.261,,,139.1,181.6,,,-640,,,,,0
MSG,3,0,0,780587,0,2014/10/23,02:46:09.466,2014/10/23,02:46:09.466,,2500,,,40.174767,124.290702,,,0,,0,0
MSG,8,0,0,780587,0,2014/10/23,02:46:09.466,2014/10/23,02:46:09.466,,,,,,,,,,,,0
MSG,4,0,0,780587,0,2014/10/23,02:46:09.667,2014/10/23,02:46:09.667,,,139.1,181.6,,,-640,,,,,0
MSG,3,0,0,780587,0,2014/10/23,02:46:09.867,2014/10/23,02:46:09.867,,2500,,,40.174535,124.29064,,,0,,0,0
MSG,3,0,0,780587,0,2014/10/23,02:46:10.268,2014/10/23,02:46:10.268,,2500,,,40.174118,124.290649,,,0,,0,0
MSG,8,0,0,780587,0,2014/10/23,02:46:10.468,2014/10/23,02:46:10.468,,,,,,,,,,,,0
MSG,3,0,0,780587,0,2014/10/23,02:46:10.668,2014/10/23,02:46:10.668,,2500,,,40.173889,124.290649,,,0,,0,0
MSG,4,0,0,780587,0,2014/10/23,02:46:10.869,2014/10/23,02:46:10.869,,,138,181.2,,,-640,,,,,0
MSG,3,0,0,780587,0,2014/10/23,02:46:11.169,2014/10/23,02:46:11.169,,2500,,,40.173615,124.290649,,,0,,0,0
MSG,4,0,0,780587,0,2014/10/23,02:46:11.370,2014/10/23,02:46:11.370,,,137,181.3,,,-896,,,,,0
MSG,8,0,0,780587,0,2014/10/23,02:46:11.561,2014/10/23,02:46:11.561,,,,,,,,,,,,0
MSG,7,0,0,780587,0,2014/10/23,02:46:11.766,2014/10/23,02:46:11.766,,2475,,,,,,,,,,0
MSG,4,0,0,780587,0,2014/10/23,02:46:11.967,2014/10/23,02:46:11.967,,,137,181.3,,,-896,,,,,0
MSG,8,0,0,780587,0,2014/10/23,02:46:12.216,2014/10/23,02:46:12.216,,,,,,,,,,,,0
MSG,4,0,0,780587,0,2014/10/23,02:46:12.417,2014/10/23,02:46:12.417,,,137,180.8,,,-768,,,,,0
MSG,3,0,0,780587,0,2014/10/23,02:46:12.818,2014/10/23,02:46:12.818,,2475,,,40.172607,124.290649,,,0,,0,0
MSG,4,0,0,780587,0,2014/10/23,02:46:12.818,2014/10/23,02:46:12.818,,,137,180.8,,,-768,,,,,0
MSG,3,0,0,780587,0,2014/10/23,02:46:13.201,2014/10/23,02:46:13.201,,2475,,,40.172207,124.29064,,,0,,0,0
MSG,4,0,0,780587,0,2014/10/23,02:46:13.402,2014/10/23,02:46:13.402,,,137,180.4,,,-704,,,,,0
MSG,3,0,0,780587,0,2014/10/23,02:46:13.804,2014/10/23,02:46:13.804,,2450,,,40.171974,124.29064,,,0,,0,0
MSG,1,0,0,780587,0,2014/10/23,02:46:14.005,2014/10/23,02:46:14.005,FM9231,,,,,,,,,,,0
MSG,8,0,0,780587,0,2014/10/23,02:46:14.005,2014/10/23,02:46:14.005,,,,,,,,,,,,0
MSG,3,0,0,780587,0,2014/10/23,02:46:14.248,2014/10/23,02:46:14.248,,2450,,,40.1716,124.290588,,,0,,0,0
MSG,3,0,0,780587,0,2014/10/23,02:46:14.705,2014/10/23,02:46:14.705,,2450,,,40.171326,124.290588,,,0,,0,0
MSG,4,0,0,780587,0,2014/10/23,02:46:14.967,2014/10/23,02:46:14.967,,,136,180.4,,,-768,,,,,0
MSG,8,0,0,780587,0,2014/10/23,02:46:15.170,2014/10/23,02:46:15.170,,,,,,,,,,,,0
MSG,3,0,0,780587,0,2014/10/23,02:46:15.370,2014/10/23,02:46:15.370,,2450,,,40.171097,124.290588,,,0,,0,0
MSG,4,0,0,780587,0,2014/10/23,02:46:15.570,2014/10/23,02:46:15.570,,,136,180.4,,,-704,,,,,0
MSG,3,0,0,780587,0,2014/10/23,02:46:15.770,2014/10/23,02:46:15.770,,2450,,,40.170717,124.290577,,,0,,0,0
MSG,8,0,0,780587,0,2014/10/23,02:46:15.961,2014/10/23,02:46:15.961,,,,,,,,,,,,0
MSG,4,0,0,780587,0,2014/10/23,02:46:15.961,2014/10/23,02:46:15.961,,,136,180.4,,,-704,,,,,0
MSG,3,0,0,780587,0,2014/10/23,02:46:16.161,2014/10/23,02:46:16.161,,2425,,,40.170485,124.290577,,,0,,0,0
MSG,4,0,0,780587,0,2014/10/23,02:46:16.478,2014/10/23,02:46:16.478,,,135,180.8,,,-320,,,,,0
MSG,3,0,0,780587,0,2014/10/23,02:46:16.671,2014/10/23,02:46:16.671,,2425,,,40.170205,124.290577,,,0,,0,0
MSG,8,0,0,780587,0,2014/10/23,02:46:16.874,2014/10/23,02:46:16.874,,,,,,,,,,,,0
MSG,3,0,0,780587,0,2014/10/23,02:46:17.071,2014/10/23,02:46:17.071,,2425,,,40.169861,124.290588,,,0,,0,0
MSG,4,0,0,780587,0,2014/10/23,02:46:17.524,2014/10/23,02:46:17.524,,,134,181.3,,,-320,,,,,0
MSG,3,0,0,780587,0,2014/10/23,02:46:17.724,2014/10/23,02:46:17.724,,2425,,,40.169586,124.290588,,,0,,0,0
MSG,4,0,0,780587,0,2014/10/23,02:46:18.112,2014/10/23,02:46:18.112,,,134,181.3,,,-576,,,,,0
MSG,3,0,0,780587,0,2014/10/23,02:46:18.315,2014/10/23,02:46:18.315,,2425,,,40.169228,124.290577,,,0,,0,0
MSG,3,0,0,780587,0,2014/10/23,02:46:18.574,2014/10/23,02:46:18.574,,2425,,,40.168995,124.290577,,,0,,0,0
MSG,4,0,0,780587,0,2014/10/23,02:46:18.773,2014/10/23,02:46:18.773,,,134,181.3,,,-576,,,,,0
MSG,8,0,0,780587,0,2014/10/23,02:46:18.973,2014/10/23,02:46:18.973,,,,,,,,,,,,0
MSG,4,0,0,780587,0,2014/10/23,02:46:19.173,2014/10/23,02:46:19.173,,,133,181.3,,,-640,,,,,0
MSG,4,0,0,780587,0,2014/10/23,02:46:19.620,2014/10/23,02:46:19.620,,,133,181.3,,,-640,,,,,0
MSG,8,0,0,780587,0,2014/10/23,02:46:19.818,2014/10/23,02:46:19.818,,,,,,,,,,,,0
MSG,3,0,0,780587,0,2014/10/23,02:46:20.018,2014/10/23,02:46:20.018,,2400,,,40.168121,124.290527,,,0,,0,0
MSG,4,0,0,780587,0,2014/10/23,02:46:20.218,2014/10/23,02:46:20.218,,,132.1,181.7,,,-704,,,,,0
MSG,3,0,0,780587,0,2014/10/23,02:46:20.537,2014/10/23,02:46:20.537,,2400,,,40.167738,124.290515,,,0,,0,0
MSG,4,0,0,780587,0,2014/10/23,02:46:20.739,2014/10/23,02:46:20.739,,,132.1,181.7,,,-704,,,,,0
MSG,8,0,0,780587,0,2014/10/23,02:46:20.938,2014/10/23,02:46:20.938,,,,,,,,,,,,0
MSG,4,0,0,780587,0,2014/10/23,02:46:21.141,2014/10/23,02:46:21.141,,,131,181.3,,,-768,,,,,0
MSG,4,0,0,780587,0,2014/10/23,02:46:21.522,2014/10/23,02:46:21.522,,,131,181.3,,,-768,,,,,0
MSG,7,0,0,780587,0,2014/10/23,02:46:21.914,2014/10/23,02:46:21.914,,2375,,,,,,,,,,0
MSG,4,0,0,780587,0,2014/10/23,02:46:22.117,2014/10/23,02:46:22.117,,,130,181.3,,,-832,,,,,0
MSG,3,0,0,780587,0,2014/10/23,02:46:22.317,2014/10/23,02:46:22.317,,2375,,,40.166656,124.290466,,,0,,0,0
MSG,4,0,0,780587,0,2014/10/23,02:46:22.569,2014/10/23,02:46:22.569,,,130,181.3,,,-832,,,,,0
MSG,8,0,0,780587,0,2014/10/23,02:46:22.767,2014/10/23,02:46:22.767,,,,,,,,,,,,0
MSG,3,0,0,780587,0,2014/10/23,02:46:22.967,2014/10/23,02:46:22.967,,2375,,,40.166428,124.290466,,,0,,0,0
MSG,7,0,0,780587,0,2014/10/23,02:46:22.967,2014/10/23,02:46:22.967,,2375,,,,,,,,,,0
MSG,3,0,0,780587,0,2014/10/23,02:46:23.228,2014/10/23,02:46:23.228,,2350,,,40.166062,124.290452,,,0,,0,0
MSG,4,0,0,780587,0,2014/10/23,02:46:23.429,2014/10/23,02:46:23.429,,,129,181.3,,,-768,,,,,0
MSG,3,0,0,780587,0,2014/10/23,02:46:23.686,2014/10/23,02:46:23.686,,2350,,,40.165829,124.290452,,,0,,0,0
MSG,7,0,0,780587,0,2014/10/23,02:46:23.887,2014/10/23,02:46:23.887,,2350,,,,,,,,,,0
MSG,1,0,0,780587,0,2014/10/23,02:46:24.087,2014/10/23,02:46:24.087,FM9231,,,,,,,,,,,0
MSG,4,0,0,780587,0,2014/10/23,02:46:24.087,2014/10/23,02:46:24.087,,,129,181.3,,,-768,,,,,0
MSG,3,0,0,780587,0,2014/10/23,02:46:24.287,2014/10/23,02:46:24.287,,2350,,,40.165466,124.290466,,,0,,0,0
MSG,4,0,0,780587,0,2014/10/23,02:46:24.488,2014/10/23,02:46:24.488,,,129,181.3,,,-768,,,,,0
MSG,3,0,0,780587,0,2014/10/23,02:46:24.799,2014/10/23,02:46:24.799,,2350,,,40.165237,124.290405,,,0,,0,0
MSG,4,0,0,780587,0,2014/10/23,02:46:25.070,2014/10/23,02:46:25.070,,,129,181.3,,,-768,,,,,0
MSG,3,0,0,780587,0,2014/10/23,02:46:25.261,2014/10/23,02:46:25.261,,2325,,,40.164852,124.29039,,,0,,0,0
MSG,8,0,0,780587,0,2014/10/23,02:46:25.520,2014/10/23,02:46:25.520,,,,,,,,,,,,0
MSG,4,0,0,780587,0,2014/10/23,02:46:25.722,2014/10/23,02:46:25.722,,,128,181.3,,,-704,,,,,0
MSG,3,0,0,780587,0,2014/10/23,02:46:25.722,2014/10/23,02:46:25.722,,2325,,,40.164619,124.29039,,,0,,0,0
MSG,4,0,0,780587,0,2014/10/23,02:46:26.109,2014/10/23,02:46:26.109,,,127,181.4,,,-576,,,,,0
MSG,3,0,0,780587,0,2014/10/23,02:46:26.310,2014/10/23,02:46:26.310,,2325,,,40.164386,124.29039,,,0,,0,0
MSG,8,0,0,780587,0,2014/10/23,02:46:26.511,2014/10/23,02:46:26.511,,,,,,,,,,,,0
MSG,4,0,0,780587,0,2014/10/23,02:46:26.712,2014/10/23,02:46:26.712,,,127,181.4,,,-576,,,,,0
MSG,3,0,0,780587,0,2014/10/23,02:46:26.912,2014/10/23,02:46:26.912,,2325,,,40.164047,124.290405,,,0,,0,0
MSG,3,0,0,780587,0,2014/10/23,02:46:27.160,2014/10/23,02:46:27.160,,2325,,,40.163818,124.290405,,,0,,0,0
MSG,4,0,0,780587,0,2014/10/23,02:46:27.361,2014/10/23,02:46:27.361,,,126,180.9,,,-576,,,,,0
MSG,4,0,0,780587,0,2014/10/23,02:46:27.746,2014/10/23,02:46:27.746,,,126,180.9,,,-576,,,,,0
MSG,3,0,0,780587,0,2014/10/23,02:46:27.942,2014/10/23,02:46:27.942,,2300,,,40.163455,124.29039,,,0,,0,0
MSG,7,0,0,780587,0,2014/10/23,02:46:27.942,2014/10/23,02:46:27.942,,2300,,,,,,,,,,0
MSG,4,0,0,780587,0,2014/10/23,02:46:28.147,2014/10/23,02:46:28.147,,,125,180.9,,,-640,,,,,0
MSG,3,0,0,780587,0,2014/10/23,02:46:28.666,2014/10/23,02:46:28.666,,2300,,,40.162903,124.290344,,,0,,0,0
MSG,1,0,0,780587,0,2014/10/23,02:46:28.994,2014/10/23,02:46:28.994,FM9231,,,,,,,,,,,0
MSG,4,0,0,780587,0,2014/10/23,02:46:29.194,2014/10/23,02:46:29.194,,,125,180.9,,,-640,,,,,0
MSG,8,0,0,780587,0,2014/10/23,02:46:29.714,2014/10/23,02:46:29.714,,,,,,,,,,,,0
MSG,3,0,0,780587,0,2014/10/23,02:46:30.043,2014/10/23,02:46:30.043,,2300,,,40.162059,124.290328,,,0,,0,0
MSG,4,0,0,780587,0,2014/10/23,02:46:30.243,2014/10/23,02:46:30.243,,,124,180.9,,,-576,,,,,0
MSG,3,0,0,780587,0,2014/10/23,02:46:30.444,2014/10/23,02:46:30.444,,2275,,,40.161826,124.290328,,,0,,0,0
MSG,4,0,0,780587,0,2014/10/23,02:46:30.695,2014/10/23,02:46:30.695,,,124,180.9,,,-576,,,,,0
MSG,3,0,0,780587,0,2014/10/23,02:46:30.895,2014/10/23,02:46:30.895,,2275,,,40.161593,124.290328,,,0,,0,0
MSG,4,0,0,780587,0,2014/10/23,02:46:31.155,2014/10/23,02:46:31.155,,,124,180.9,,,-576,,,,,0
MSG,4,0,0,780587,0,2014/10/23,02:46:31.679,2014/10/23,02:46:31.679,,,124,180.9,,,-576,,,,,0
MSG,8,0,0,780587,0,2014/10/23,02:46:31.879,2014/10/23,02:46:31.879,,,,,,,,,,,,0
MSG,3,0,0,780587,0,2014/10/23,02:46:31.879,2014/10/23,02:46:31.879,,2275,,,40.161026,124.290344,,,0,,0,0
MSG,4,0,0,780587,0,2014/10/23,02:46:32.080,2014/10/23,02:46:32.080,,,123,181.4,,,-704,,,,,0
MSG,3,0,0,780587,0,2014/10/23,02:46:32.334,2014/10/23,02:46:32.334,,2275,,,40.160797,124.290344,,,0,,0,0
MSG,4,0,0,780587,0,2014/10/23,02:46:32.595,2014/10/23,02:46:32.595,,,123,181.4,,,-704,,,,,0
MSG,8,0,0,780587,0,2014/10/23,02:46:32.796,2014/10/23,02:46:32.796,,,,,,,,,,,,0
MSG,3,0,0,780587,0,2014/10/23,02:46:32.796,2014/10/23,02:46:32.796,,2250,,,40.160568,124.290344,,,0,,0,0
MSG,7,0,0,780587,0,2014/10/23,02:46:32.996,2014/10/23,02:46:32.996,,2250,,,,,,,,,,0
MSG,3,0,0,780587,0,2014/10/23,02:46:33.252,2014/10/23,02:46:33.252,,2250,,,40.160243,124.290328,,,0,,0,0
MSG,4,0,0,780587,0,2014/10/23,02:46:33.579,2014/10/23,02:46:33.579,,,123,181.4,,,-768,,,,,0
MSG,8,0,0,780587,0,2014/10/23,02:46:33.780,2014/10/23,02:46:33.780,,,,,,,,,,,,0
MSG,3,0,0,780587,0,2014/10/23,02:46:33.780,2014/10/23,02:46:33.780,,2250,,,40.16001,124.290328,,,0,,0,0
MSG,4,0,0,780587,0,2014/10/23,02:46:34.168,2014/10/23,02:46:34.168,,,123,181.4,,,-768,,,,,0
MSG,1,0,0,780587,0,2014/10/23,02:46:34.369,2014/10/23,02:46:34.369,FM9231,,,,,,,,,,,0
MSG,8,0,0,780587,0,2014/10/23,02:46:34.695,2014/10/23,02:46:34.695,,,,,,,,,,,,0
MSG,4,0,0,780587,0,2014/10/23,02:46:34.900,2014/10/23,02:46:34.900,,,123,181.4,,,-768,,,,,0
MSG,3,0,0,780587,0,2014/10/23,02:46:34.900,2014/10/23,02:46:34.900,,2225,,,40.159312,124.290265,,,0,,0,0
MSG,7,0,0,780587,0,2014/10/23,02:46:35.677,2014/10/23,02:46:35.677,,2225,,,,,,,,,,0
MSG,4,0,0,780587,0,2014/10/23,02:46:35.871,2014/10/23,02:46:35.871,,,122,181.4,,,-768,,,,,0
MSG,3,0,0,780587,0,2014/10/23,02:46:35.871,2014/10/23,02:46:35.871,,2225,,,40.158783,124.290283,,,0,,0,0
MSG,3,0,0,780587,0,2014/10/23,02:46:36.267,2014/10/23,02:46:36.267,,2225,,,40.158554,124.290222,,,0,,0,0
MSG,3,0,0,780587,0,2014/10/23,02:46:36.790,2014/10/23,02:46:36.790,,2200,,,40.158325,124.290222,,,0,,0,0
MSG,8,0,0,780587,0,2014/10/23,02:46:36.983,2014/10/23,02:46:36.983,,,,,,,,,,,,0
MSG,4,0,0,780587,0,2014/10/23,02:46:36.983,2014/10/23,02:46:36.983,,,122,181.4,,,-768,,,,,0
MSG,3,0,0,780587,0,2014/10/23,02:46:37.247,2014/10/23,02:46:37.247,,2200,,,40.157962,124.290265,,,0,,0,0
MSG,3,0,0,780587,0,2014/10/23,02:46:37.778,2014/10/23,02:46:37.778,,2200,,,40.157729,124.290203,,,0,,0,0
MSG,4,0,0,780587,0,2014/10/23,02:46:37.980,2014/10/23,02:46:37.980,,,122,181.4,,,-640,,,,,0
MSG,3,0,0,780587,0,2014/10/23,02:46:38.233,2014/10/23,02:46:38.233,,2200,,,40.15741,124.290222,,,0,,0,0
MSG,4,0,0,780587,0,2014/10/23,02:46:38.434,2014/10/23,02:46:38.434,,,122,181.4,,,-704,,,,,0
MSG,3,0,0,780587,0,2014/10/23,02:46:38.838,2014/10/23,02:46:38.838,,2175,,,40.157181,124.290222,,,0,,0,0
MSG,8,0,0,780587,0,2014/10/23,02:46:38.838,2014/10/23,02:46:38.838,,,,,,,,,,,,0
MSG,4,0,0,780587,0,2014/10/23,02:46:39.038,2014/10/23,02:46:39.038,,,122,181.4,,,-704,,,,,0
MSG,1,0,0,780587,0,2014/10/23,02:46:39.239,2014/10/23,02:46:39.239,FM9231,,,,,,,,,,,0
MSG,3,0,0,780587,0,2014/10/23,02:46:39.239,2014/10/23,02:46:39.239,,2175,,,40.156952,124.290222,,,0,,0,0
MSG,8,0,0,780587,0,2014/10/23,02:46:40.080,2014/10/23,02:46:40.080,,,,,,,,,,,,0
MSG,3,0,0,780587,0,2014/10/23,02:46:40.271,2014/10/23,02:46:40.271,,2175,,,40.156379,124.290203,,,0,,0,0
MSG,3,0,0,780587,0,2014/10/23,02:46:40.874,2014/10/23,02:46:40.874,,2150,,,40.156082,124.290161,,,0,,0,0
MSG,4,0,0,780587,0,2014/10/23,02:46:40.874,2014/10/23,02:46:40.874,,,121.1,181.9,,,-768,,,,,0
MSG,8,0,0,780587,0,2014/10/23,02:46:40.874,2014/10/23,02:46:40.874,,,,,,,,,,,,0
MSG,3,0,0,780587,0,2014/10/23,02:46:41.640,2014/10/23,02:46:41.640,,2150,,,40.155495,124.29014,,,0,,0,0
MSG,8,0,0,780587,0,2014/10/23,02:46:41.903,2014/10/23,02:46:41.903,,,,,,,,,,,,0
MSG,4,0,0,780587,0,2014/10/23,02:46:42.303,2014/10/23,02:46:42.303,,,121.1,181.9,,,-896,,,,,0
MSG,3,0,0,780587,0,2014/10/23,02:46:42.509,2014/10/23,02:46:42.509,,2125,,,40.155029,124.29014,,,0,,0,0
MSG,4,0,0,780587,0,2014/10/23,02:46:42.709,2014/10/23,02:46:42.709,,,121.1,181.9,,,-896,,,,,0
MSG,8,0,0,780587,0,2014/10/23,02:46:42.909,2014/10/23,02:46:42.909,,,,,,,,,,,,0
MSG,4,0,0,780587,0,2014/10/23,02:46:43.213,2014/10/23,02:46:43.213,,,121.1,181.9,,,-832,,,,,0
MSG,3,0,0,780587,0,2014/10/23,02:46:43.475,2014/10/23,02:46:43.475,,2125,,,40.15448,124.2901,,,0,,0,0
MSG,4,0,0,780587,0,2014/10/23,02:46:43.679,2014/10/23,02:46:43.679,,,121.1,181.9,,,-832,,,,,0
MSG,8,0,0,780587,0,2014/10/23,02:46:43.879,2014/10/23,02:46:43.879,,,,,,,,,,,,0
MSG,7,0,0,780587,0,2014/10/23,02:46:43.879,2014/10/23,02:46:43.879,,2125,,,,,,,,,,0
MSG,4,0,0,780587,0,2014/10/23,02:46:44.131,2014/10/23,02:46:44.131,,,121,181.4,,,-768,,,,,0
MSG,3,0,0,780587,0,2014/10/23,02:46:44.523,2014/10/23,02:46:44.523,,2100,,,40.153912,124.290078,,,0,,0,0
MSG,4,0,0,780587,0,2014/10/23,02:46:44.723,2014/10/23,02:46:44.723,,,121,181.4,,,-768,,,,,0
MSG,8,0,0,780587,0,2014/10/23,02:46:44.923,2014/10/23,02:46:44.923,,,,,,,,,,,,0
MSG,7,0,0,780587,0,2014/10/23,02:46:44.923,2014/10/23,02:46:44.923,,2100,,,,,,,,,,0
MSG,3,0,0,780587,0,2014/10/23,02:46:44.923,2014/10/23,02:46:44.923,,2100,,,40.153726,124.290078,,,0,,0,0
MSG,3,0,0,780587,0,2014/10/23,02:46:45.376,2014/10/23,02:46:45.376,,2100,,,40.153493,124.290078,,,0,,0,0
MSG,4,0,0,780587,0,2014/10/23,02:46:45.573,2014/10/23,02:46:45.573,,,121,180.9,,,-704,,,,,0
MSG,8,0,0,780587,0,2014/10/23,02:46:45.772,2014/10/23,02:46:45.772,,,,,,,,,,,,0
MSG,4,0,0,780587,0,2014/10/23,02:46:46.029,2014/10/23,02:46:46.029,,,121,180.9,,,-704,,,,,0
MSG,3,0,0,780587,0,2014/10/23,02:46:46.294,2014/10/23,02:46:46.294,,2100,,,40.152924,124.2901,,,0,,0,0
MSG,4,0,0,780587,0,2014/10/23,02:46:46.498,2014/10/23,02:46:46.498,,,120,181,,,-640,,,,,0
MSG,3,0,0,780587,0,2014/10/23,02:46:46.752,2014/10/23,02:46:46.752,,2075,,,40.152695,124.290039,,,0,,0,0
MSG,4,0,0,780587,0,2014/10/23,02:46:47.014,2014/10/23,02:46:47.014,,,120,181,,,-640,,,,,0
MSG,3,0,0,780587,0,2014/10/23,02:46:47.343,2014/10/23,02:46:47.343,,2075,,,40.152376,124.290078,,,0,,0,0
MSG,4,0,0,780587,0,2014/10/23,02:46:47.604,2014/10/23,02:46:47.604,,,120,181,,,-640,,,,,0
MSG,3,0,0,780587,0,2014/10/23,02:46:47.803,2014/10/23,02:46:47.803,,2075,,,40.152054,124.290039,,,0,,0,0
MSG,4,0,0,780587,0,2014/10/23,02:46:48.003,2014/10/23,02:46:48.003,,,120,181,,,-640,,,,,0
MSG,8,0,0,780587,0,2014/10/23,02:46:48.259,2014/10/23,02:46:48.259,,,,,,,,,,,,0
MSG,3,0,0,780587,0,2014/10/23,02:46:48.453,2014/10/23,02:46:48.453,,2075,,,40.151825,124.290039,,,0,,0,0
MSG,4,0,0,780587,0,2014/10/23,02:46:48.655,2014/10/23,02:46:48.655,,,120,181,,,-640,,,,,0
MSG,1,0,0,780587,0,2014/10/23,02:46:49.053,2014/10/23,02:46:49.053,FM9231,,,,,,,,,,,0
MSG,8,0,0,780587,0,2014/10/23,02:46:49.258,2014/10/23,02:46:49.258,,,,,,,,,,,,0
MSG,4,0,0,780587,0,2014/10/23,02:46:49.502,2014/10/23,02:46:49.502,,,120,181,,,-704,,,,,0
MSG,3,0,0,780587,0,2014/10/23,02:46:49.766,2014/10/23,02:46:49.766,,2050,,,40.151026,124.290015,,,0,,0,0
MSG,4,0,0,780587,0,2014/10/23,02:46:49.971,2014/10/23,02:46:49.971,,,120,181,,,-704,,,,,0
MSG,8,0,0,780587,0,2014/10/23,02:46:50.181,2014/10/23,02:46:50.181,,,,,,,,,,,,0
MSG,4,0,0,780587,0,2014/10/23,02:46:50.486,2014/10/23,02:46:50.486,,,120,181,,,-768,,,,,0
MSG,4,0,0,780587,0,2014/10/23,02:46:51.012,2014/10/23,02:46:51.012,,,120,181,,,-768,,,,,0
MSG,8,0,0,780587,0,2014/10/23,02:46:51.221,2014/10/23,02:46:51.221,,,,,,,,,,,,0
MSG,3,0,0,780587,0,2014/10/23,02:46:51.432,2014/10/23,02:46:51.432,,2025,,,40.150141,124.290015,,,0,,0,0
MSG,4,0,0,780587,0,2014/10/23,02:46:51.734,2014/10/23,02:46:51.734,,,121,181.4,,,-768,,,,,0
MSG,3,0,0,780587,0,2014/10/23,02:46:51.934,2014/10/23,02:46:51.934,,2025,,,40.149811,124.289978,,,0,,0,0
MSG,4,0,0,780587,0,2014/10/23,02:46:52.257,2014/10/23,02:46:52.257,,,121,180.9,,,-768,,,,,0
MSG,8,0,0,780587,0,2014/10/23,02:46:52.459,2014/10/23,02:46:52.459,,,,,,,,,,,,0
MSG,3,0,0,780587,0,2014/10/23,02:46:52.459,2014/10/23,02:46:52.459,,2025,,,40.149443,124.290015,,,0,,0,0
MSG,4,0,0,780587,0,2014/10/23,02:46:53.303,2014/10/23,02:46:53.303,,,121,180.9,,,-704,,,,,0
MSG,8,0,0,780587,0,2014/10/23,02:46:53.510,2014/10/23,02:46:53.510,,,,,,,,,,,,0
MSG,3,0,0,780587,0,2014/10/23,02:46:53.510,2014/10/23,02:46:53.510,,2000,,,40.148895,124.289978,,,0,,0,0
MSG,7,0,0,780587,0,2014/10/23,02:46:53.896,2014/10/23,02:46:53.896,,2000,,,,,,,,,,0
MSG,3,0,0,780587,0,2014/10/23,02:46:54.093,2014/10/23,02:46:54.093,,2000,,,40.148666,124.289978,,,0,,0,0
MSG,1,0,0,780587,0,2014/10/23,02:46:54.093,2014/10/23,02:46:54.093,FM9231,,,,,,,,,,,0
MSG,4,0,0,780587,0,2014/10/23,02:46:54.294,2014/10/23,02:46:54.294,,,121,180.9,,,-704,,,,,0
MSG,4,0,0,780587,0,2014/10/23,02:46:54.746,2014/10/23,02:46:54.746,,,121,180.9,,,-704,,,,,0
MSG,3,0,0,780587,0,2014/10/23,02:46:54.945,2014/10/23,02:46:54.945,,1975,,,40.14814,124.289953,,,0,,0,0
MSG,3,0,0,780587,0,2014/10/23,02:46:55.467,2014/10/23,02:46:55.467,,1975,,,40.147797,124.289978,,,0,,0,0
MSG,3,0,0,780587,0,2014/10/23,02:46:55.924,2014/10/23,02:46:55.924,,1975,,,40.147568,124.289978,,,0,,0,0
MSG,4,0,0,780587,0,2014/10/23,02:46:56.128,2014/10/23,02:46:56.128,,,120,180.5,,,-576,,,,,0
MSG,3,0,0,780587,0,2014/10/23,02:46:56.329,2014/10/23,02:46:56.329,,1975,,,40.147339,124.289978,,,0,,0,0
MSG,8,0,0,780587,0,2014/10/23,02:46:56.531,2014/10/23,02:46:56.531,,,,,,,,,,,,0
MSG,4,0,0,780587,0,2014/10/23,02:46:56.730,2014/10/23,02:46:56.730,,,120,180.5,,,-576,,,,,0
MSG,3,0,0,780587,0,2014/10/23,02:46:56.930,2014/10/23,02:46:56.930,,1975,,,40.147022,124.289953,,,0,,0,0
MSG,4,0,0,780587,0,2014/10/23,02:46:57.130,2014/10/23,02:46:57.130,,,120,180.5,,,-512,,,,,0
MSG,3,0,0,780587,0,2014/10/23,02:46:57.321,2014/10/23,02:46:57.321,,1950,,,40.146881,124.289917,,,0,,0,0
MSG,8,0,0,780587,0,2014/10/23,02:46:57.321,2014/10/23,02:46:57.321,,,,,,,,,,,,0
MSG,4,0,0,780587,0,2014/10/23,02:46:57.630,2014/10/23,02:46:57.630,,,120,180.5,,,-512,,,,,0
MSG,3,0,0,780587,0,2014/10/23,02:46:57.830,2014/10/23,02:46:57.830,,1950,,,40.146557,124.289953,,,0,,0,0
MSG,8,0,0,780587,0,2014/10/23,02:46:58.223,2014/10/23,02:46:58.223,,,,,,,,,,,,0
MSG,4,0,0,780587,0,2014/10/23,02:46:58.223,2014/10/23,02:46:58.223,,,120,180.5,,,-640,,,,,0
MSG,3,0,0,780587,0,2014/10/23,02:46:58.826,2014/10/23,02:46:58.826,,1950,,,40.146011,124.289917,,,0,,0,0
MSG,3,0,0,780587,0,2014/10/23,02:46:59.403,2014/10/23,02:46:59.403,,1950,,,40.145672,124.289953,,,0,,0,0
MSG,8,0,0,780587,0,2014/10/23,02:46:59.403,2014/10/23,02:46:59.403,,,,,,,,,,,,0
MSG,3,0,0,780587,0,2014/10/23,02:46:59.793,2014/10/23,02:46:59.793,,1925,,,40.14544,124.289953,,,0,,0,0
MSG,4,0,0,780587,0,2014/10/23,02:46:59.993,2014/10/23,02:46:59.993,,,120,180.5,,,-704,,,,,0
MSG,4,0,0,780587,0,2014/10/23,02:47:00.253,2014/10/23,02:47:00.253,,,120,180.5,,,-640,,,,,0
MSG,3,0,0,780587,0,2014/10/23,02:47:00.454,2014/10/23,02:47:00.454,,1925,,,40.145142,124.289917,,,0,,0,0
MSG,4,0,0,780587,0,2014/10/23,02:47:00.774,2014/10/23,02:47:00.774,,,120,180.5,,,-640,,,,,0
MSG,3,0,0,780587,0,2014/10/23,02:47:00.974,2014/10/23,02:47:00.974,,1925,,,40.144913,124.289917,,,0,,0,0
MSG,8,0,0,780587,0,2014/10/23,02:47:01.232,2014/10/23,02:47:01.232,,,,,,,,,,,,0
MSG,4,0,0,780587,0,2014/10/23,02:47:01.691,2014/10/23,02:47:01.691,,,119,180.5,,,-576,,,,,0
MSG,3,0,0,780587,0,2014/10/23,02:47:01.895,2014/10/23,02:47:01.895,,1900,,,40.144226,124.289917,,,0,,0,0
MSG,3,0,0,780587,0,2014/10/23,02:47:02.346,2014/10/23,02:47:02.346,,1900,,,40.144043,124.289917,,,0,,0,0
MSG,8,0,0,780587,0,2014/10/23,02:47:02.547,2014/10/23,02:47:02.547,,,,,,,,,,,,0
MSG,4,0,0,780587,0,2014/10/23,02:47:02.748,2014/10/23,02:47:02.748,,,119,180.5,,,-640,,,,,0
MSG,4,0,0,780587,0,2014/10/23,02:47:03.069,2014/10/23,02:47:03.069,,,119,180.5,,,-640,,,,,0
MSG,8,0,0,780587,0,2014/10/23,02:47:03.270,2014/10/23,02:47:03.270,,,,,,,,,,,,0
MSG,4,0,0,780587,0,2014/10/23,02:47:03.591,2014/10/23,02:47:03.591,,,119,180.5,,,-640,,,,,0
MSG,3,0,0,780587,0,2014/10/23,02:47:03.799,2014/10/23,02:47:03.799,,1900,,,40.143252,124.289891,,,0,,0,0
MSG,1,0,0,780587,0,2014/10/23,02:47:03.999,2014/10/23,02:47:03.999,FM9231,,,,,,,,,,,0
MSG,7,0,0,780587,0,2014/10/23,02:47:03.999,2014/10/23,02:47:03.999,,1900,,,,,,,,,,0
MSG,4,0,0,780587,0,2014/10/23,02:47:03.999,2014/10/23,02:47:03.999,,,119,180.5,,,-640,,,,,0
MSG,3,0,0,780587,0,2014/10/23,02:47:04.246,2014/10/23,02:47:04.246,,1875,,,40.142944,124.289917,,,0,,0,0
MSG,8,0,0,780587,0,2014/10/23,02:47:04.447,2014/10/23,02:47:04.447,,,,,,,,,,,,0
MSG,4,0,0,780587,0,2014/10/23,02:47:04.647,2014/10/23,02:47:04.647,,,118,180.5,,,-576,,,,,0
MSG,3,0,0,780587,0,2014/10/23,02:47:04.647,2014/10/23,02:47:04.647,,1875,,,40.142715,124.289917,,,0,,0,0
MSG,4,0,0,780587,0,2014/10/23,02:47:05.109,2014/10/23,02:47:05.109,,,118,180.5,,,-576,,,,,0
MSG,7,0,0,780587,0,2014/10/23,02:47:05.310,2014/10/23,02:47:05.310,,1875,,,,,,,,,,0
MSG,8,0,0,780587,0,2014/10/23,02:47:05.505,2014/10/23,02:47:05.505,,,,,,,,,,,,0
MSG,3,0,0,780587,0,2014/10/23,02:47:05.908,2014/10/23,02:47:05.908,,1875,,,40.142134,124.289891,,,0,,0,0
MSG,4,0,0,780587,0,2014/10/23,02:47:06.108,2014/10/23,02:47:06.108,,,118,181,,,-512,,,,,0
MSG,3,0,0,780587,0,2014/10/23,02:47:06.343,2014/10/23,02:47:06.343,,1875,,,40.141846,124.289856,,,0,,0,0
MSG,4,0,0,780587,0,2014/10/23,02:47:06.549,2014/10/23,02:47:06.549,,,118,181,,,-512,,,,,0
MSG,3,0,0,780587,0,2014/10/23,02:47:06.867,2014/10/23,02:47:06.867,,1850,,,40.141483,124.289891,,,0,,0,0
MSG,4,0,0,780587,0,2014/10/23,02:47:07.070,2014/10/23,02:47:07.070,,,118,181,,,-512,,,,,0
MSG,3,0,0,780587,0,2014/10/23,02:47:07.328,2014/10/23,02:47:07.328,,1850,,,40.141296,124.289828,,,0,,0,0
MSG,4,0,0,780587,0,2014/10/23,02:47:07.530,2014/10/23,02:47:07.530,,,118,181,,,-576,,,,,0
MSG,8,0,0,780587,0,2014/10/23,02:47:07.530,2014/10/23,02:47:07.530,,,,,,,,,,,,0
MSG,4,0,0,780587,0,2014/10/23,02:47:07.920,2014/10/23,02:47:07.920,,,118,181,,,-576,,,,,0
MSG,3,0,0,780587,0,2014/10/23,02:47:08.322,2014/10/23,02:47:08.322,,1850,,,40.140831,124.289828,,,0,,0,0
MSG,4,0,0,780587,0,2014/10/23,02:47:08.523,2014/10/23,02:47:08.523,,,118,181.5,,,-704,,,,,0
MSG,8,0,0,780587,0,2014/10/23,02:47:08.724,2014/10/23,02:47:08.724,,,,,,,,,,,,0
MSG,1,0,0,780587,0,2014/10/23,02:47:08.967,2014/10/23,02:47:08.967,FM9231,,,,,,,,,,,0
MSG,8,0,0,780587,0,2014/10/23,02:47:09.361,2014/10/23,02:47:09.361,,,,,,,,,,,,0
MSG,3,0,0,780587,0,2014/10/23,02:47:09.622,2014/10/23,02:47:09.622,,1825,,,40.139993,124.289828,,,0,,0,0
MSG,4,0,0,780587,0,2014/10/23,02:47:10.085,2014/10/23,02:47:10.085,,,118,181.5,,,-576,,,,,0
MSG,3,0,0,780587,0,2014/10/23,02:47:10.292,2014/10/23,02:47:10.292,,1825,,,40.13976,124.289828,,,0,,0,0
MSG,8,0,0,780587,0,2014/10/23,02:47:10.292,2014/10/23,02:47:10.292,,,,,,,,,,,,0
MSG,4,0,0,780587,0,2014/10/23,02:47:10.538,2014/10/23,02:47:10.538,,,118,181.5,,,-576,,,,,0
MSG,3,0,0,780587,0,2014/10/23,02:47:10.741,2014/10/23,02:47:10.741,,1825,,,40.13942,124.289795,,,0,,0,0
MSG,4,0,0,780587,0,2014/10/23,02:47:10.952,2014/10/23,02:47:10.952,,,118,181.5,,,-576,,,,,0
MSG,8,0,0,780587,0,2014/10/23,02:47:11.161,2014/10/23,02:47:11.161,,,,,,,,,,,,0
MSG,3,0,0,780587,0,2014/10/23,02:47:11.161,2014/10/23,02:47:11.161,,1825,,,40.139191,124.289795,,,0,,0,0
MSG,3,0,0,780587,0,2014/10/23,02:47:11.591,2014/10/23,02:47:11.591,,1825,,,40.138962,124.289795,,,0,,0,0
MSG,3,0,0,780587,0,2014/10/23,02:47:11.917,2014/10/23,02:47:11.917,,1825,,,40.138779,124.289795,,,0,,0,0
MSG,8,0,0,780587,0,2014/10/23,02:47:12.118,2014/10/23,02:47:12.118,,,,,,,,,,,,0
MSG,4,0,0,780587,0,2014/10/23,02:47:12.570,2014/10/23,02:47:12.570,,,118,181,,,-512,,,,,0
MSG,4,0,0,780587,0,2014/10/23,02:47:13.162,2014/10/23,02:47:13.162,,,118,181,,,-512,,,,,0
MSG,8,0,0,780587,0,2014/10/23,02:47:13.162,2014/10/23,02:47:13.162,,,,,,,,,,,,0
MSG,7,0,0,780587,0,2014/10/23,02:47:13.880,2014/10/23,02:47:13.880,,1800,,,,,,,,,,0
MSG,7,0,0,780587,0,2014/10/23,02:47:14.074,2014/10/23,02:47:14.074,,1800,,,,,,,,,,0
MSG,3,0,0,780587,0,2014/10/23,02:47:14.074,2014/10/23,02:47:14.074,,1800,,,40.137572,124.289766,,,0,,0,0
MSG,1,0,0,780587,0,2014/10/23,02:47:14.274,2014/10/23,02:47:14.274,FM9231,,,,,,,,,,,0
MSG,8,0,0,780587,0,2014/10/23,02:47:14.274,2014/10/23,02:47:14.274,,,,,,,,,,,,0
MSG,3,0,0,780587,0,2014/10/23,02:47:14.476,2014/10/23,02:47:14.476,,1800,,,40.137339,124.289766,,,0,,0,0
MSG,7,0,0,780587,0,2014/10/23,02:47:14.476,2014/10/23,02:47:14.476,,1800,,,,,,,,,,0
MSG,8,0,0,780587,0,2014/10/23,02:47:15.128,2014/10/23,02:47:15.128,,,,,,,,,,,,0
MSG,4,0,0,780587,0,2014/10/23,02:47:15.128,2014/10/23,02:47:15.128,,,118,181.5,,,-448,,,,,0
MSG,3,0,0,780587,0,2014/10/23,02:47:15.331,2014/10/23,02:47:15.331,,1775,,,40.13692,124.289703,,,0,,0,0
MSG,4,0,0,780587,0,2014/10/23,02:47:15.650,2014/10/23,02:47:15.650,,,118,181.5,,,-448,,,,,0
MSG,3,0,0,780587,0,2014/10/23,02:47:15.849,2014/10/23,02:47:15.849,,1775,,,40.136581,124.289734,,,0,,0,0
MSG,8,0,0,780587,0,2014/10/23,02:47:16.250,2014/10/23,02:47:16.250,,,,,,,,,,,,0
MSG,4,0,0,780587,0,2014/10/23,02:47:16.250,2014/10/23,02:47:16.250,,,118,181.5,,,-384,,,,,0
MSG,3,0,0,780587,0,2014/10/23,02:47:16.250,2014/10/23,02:47:16.250,,1775,,,40.136353,124.289734,,,0,,0,0
MSG,4,0,0,780587,0,2014/10/23,02:47:16.700,2014/10/23,02:47:16.700,,,118,181.5,,,-384,,,,,0
MSG,8,0,0,780587,0,2014/10/23,02:47:17.095,2014/10/23,02:47:17.095,,,,,,,,,,,,0
MSG,4,0,0,780587,0,2014/10/23,02:47:17.296,2014/10/23,02:47:17.296,,,118,181.5,,,-448,,,,,0
MSG,3,0,0,780587,0,2014/10/23,02:47:17.697,2014/10/23,02:47:17.697,,1775,,,40.135617,124.289703,,,0,,0,0
MSG,8,0,0,780587,0,2014/10/23,02:47:23.239,2014/10/23,02:47:23.239,,,,,,,,,,,,0
MSG,4,0,0,780587,0,2014/10/23,02:47:23.639,2014/10/23,02:47:23.639,,,119,181,,,-704,,,,,0
MSG,8,0,0,780587,0,2014/10/23,02:47:28.310,2014/10/23,02:47:28.310,,,,,,,,,,,,0
MSG,4,0,0,780587,0,2014/10/23,02:47:28.310,2014/10/23,02:47:28.310,,,119,181.4,,,-768,,,,,0
MSG,3,0,0,780587,0,2014/10/23,02:47:29.018,2014/10/23,02:47:29.018,,1650,,,40.129349,124.28949,,,0,,0,0
MSG,8,0,0,780587,0,2014/10/23,02:47:29.219,2014/10/23,02:47:29.219,,,,,,,,,,,,0
MSG,1,0,0,780587,0,2014/10/23,02:47:29.219,2014/10/23,02:47:29.219,FM9231,,,,,,,,,,,0
MSG,4,0,0,780587,0,2014/10/23,02:47:29.219,2014/10/23,02:47:29.219,,,119,181,,,-704,,,,,0
MSG,3,0,0,780587,0,2014/10/23,02:47:30.074,2014/10/23,02:47:30.074,,1625,,,40.128891,124.28949,,,0,,0,0
MSG,3,0,0,780587,0,2014/10/23,02:47:30.528,2014/10/23,02:47:30.528,,1625,,,40.128588,124.289454,,,0,,0,0
MSG,4,0,0,780587,0,2014/10/23,02:47:30.728,2014/10/23,02:47:30.728,,,118,181,,,-640,,,,,0
MSG,3,0,0,780587,0,2014/10/23,02:47:34.525,2014/10/23,02:47:34.525,,1575,,,40.1264,124.289454,,,0,,0,0
MSG,8,0,0,780587,0,2014/10/23,02:47:35.127,2014/10/23,02:47:35.127,,,,,,,,,,,,0
MSG,3,0,0,780587,0,2014/10/23,02:47:35.637,2014/10/23,02:47:35.637,,1575,,,40.125748,124.289454,,,0,,0,0
MSG,3,0,0,780587,0,2014/10/23,02:47:36.688,2014/10/23,02:47:36.688,,1550,,,40.125183,124.289429,,,0,,0,0
MSG,8,0,0,780587,0,2014/10/23,02:47:37.112,2014/10/23,02:47:37.112,,,,,,,,,,,,0
MSG,3,0,0,780587,0,2014/10/23,02:47:37.869,2014/10/23,02:47:37.869,,1550,,,40.124631,124.289391,,,0,,0,0
MSG,7,0,0,780587,0,2014/10/23,02:47:38.070,2014/10/23,02:47:38.070,,1550,,,,,,,,,,0
MSG,8,0,0,780587,0,2014/10/23,02:47:38.983,2014/10/23,02:47:38.983,,,,,,,,,,,,0
MSG,8,0,0,780587,0,2014/10/23,02:47:40.033,2014/10/23,02:47:40.033,,,,,,,,,,,,0
MSG,3,0,0,780587,0,2014/10/23,02:47:40.033,2014/10/23,02:47:40.033,,1525,,,40.123327,124.289329,,,0,,0,0
MSG,4,0,0,780587,0,2014/10/23,02:47:40.033,2014/10/23,02:47:40.033,,,119,181.4,,,-704,,,,,0
MSG,3,0,0,780587,0,2014/10/23,02:47:40.621,2014/10/23,02:47:40.621,,1525,,,40.123094,124.289329,,,0,,0,0
MSG,4,0,0,780587,0,2014/10/23,02:47:40.621,2014/10/23,02:47:40.621,,,119,181.4,,,-704,,,,,0
MSG,3,0,0,780587,0,2014/10/23,02:47:41.075,2014/10/23,02:47:41.075,,1500,,,40.122757,124.289307,,,0,,0,0
MSG,8,0,0,780587,0,2014/10/23,02:47:41.276,2014/10/23,02:47:41.276,,,,,,,,,,,,0
MSG,4,0,0,780587,0,2014/10/23,02:47:41.536,2014/10/23,02:47:41.536,,,119,181,,,-768,,,,,0
MSG,3,0,0,780587,0,2014/10/23,02:47:41.992,2014/10/23,02:47:41.992,,1500,,,40.122345,124.289307,,,0,,0,0
MSG,4,0,0,780587,0,2014/10/23,02:47:42.518,2014/10/23,02:47:42.518,,,119,181,,,-704,,,,,0
MSG,8,0,0,780587,0,2014/10/23,02:47:42.917,2014/10/23,02:47:42.917,,,,,,,,,,,,0
MSG,3,0,0,780587,0,2014/10/23,02:47:42.917,2014/10/23,02:47:42.917,,1475,,,40.121791,124.289329,,,0,,0,0
MSG,1,0,0,780587,0,2014/10/23,02:47:44.036,2014/10/23,02:47:44.036,FM9231,,,,,,,,,,,0
MSG,4,0,0,780587,0,2014/10/23,02:47:46.776,2014/10/23,02:47:46.776,,,118,181,,,-640,,,,,0
MSG,3,0,0,780587,0,2014/10/23,02:47:48.288,2014/10/23,02:47:48.288,,1425,,,40.118951,124.289266,,,0,,0,0
MSG,4,0,0,780587,0,2014/10/23,02:47:50.382,2014/10/23,02:47:50.382,,,118,181.5,,,-576,,,,,0
MSG,3,0,0,780587,0,2014/10/23,02:47:56.379,2014/10/23,02:47:56.379,,1375,,,40.114471,124.289124,,,0,,0,0
MSG,4,0,0,780587,0,2014/10/23,02:48:01.004,2014/10/23,02:48:01.004,,,118,181,,,-704,,,,,0
MSG,3,0,0,780587,0,2014/10/23,02:48:02.613,2014/10/23,02:48:02.613,,1300,,,40.111131,124.289079,,,0,,0,0
MSG,8,0,0,780587,0,2014/10/23,02:48:04.268,2014/10/23,02:48:04.268,,,,,,,,,,,,0
MSG,1,0,0,780587,0,2014/10/23,02:48:04.268,2014/10/23,02:48:04.268,FM9231,,,,,,,,,,,0
MSG,3,0,0,780587,0,2014/10/23,02:48:05.041,2014/10/23,02:48:05.041,,1275,,,40.109827,124.289017,,,0,,0,0
MSG,8,0,0,780587,0,2014/10/23,02:48:05.234,2014/10/23,02:48:05.234,,,,,,,,,,,,0
MSG,3,0,0,780587,0,2014/10/23,02:48:05.437,2014/10/23,02:48:05.437,,1275,,,40.109594,124.289017,,,0,,0,0
MSG,4,0,0,780587,0,2014/10/23,02:48:07.277,2014/10/23,02:48:07.277,,,117,181,,,-704,,,,,0
MSG,3,0,0,780587,0,2014/10/23,02:48:07.277,2014/10/23,02:48:07.277,,1250,,,40.108524,124.289017,,,0,,0,0
MSG,4,0,0,780587,0,2014/10/23,02:48:07.878,2014/10/23,02:48:07.878,,,117,181,,,-704,,,,,0
MSG,7,0,0,780587,0,2014/10/23,02:48:07.878,2014/10/23,02:48:07.878,,1250,,,,,,,,,,0
MSG,3,0,0,780587,0,2014/10/23,02:48:07.878,2014/10/23,02:48:07.878,,1250,,,40.1082,124.289001,,,0,,0,0
MSG,7,0,0,780587,0,2014/10/23,02:48:08.073,2014/10/23,02:48:08.073,,1250,,,,,,,,,,0
MSG,4,0,0,780587,0,2014/10/23,02:48:10.292,2014/10/23,02:48:10.292,,,119,180.5,,,-640,,,,,0
MSG,3,0,0,780587,0,2014/10/23,02:48:10.492,2014/10/23,02:48:10.492,,1200,,,40.106873,124.289001,,,0,,0,0
MSG,8,0,0,780587,0,2014/10/23,02:48:10.492,2014/10/23,02:48:10.492,,,,,,,,,,,,0
MSG,4,0,0,780587,0,2014/10/23,02:48:10.684,2014/10/23,02:48:10.684,,,119,180.5,,,-640,,,,,0
MSG,3,0,0,780587,0,2014/10/23,02:48:10.886,2014/10/23,02:48:10.886,,1200,,,40.106522,124.288954,,,0,,0,0
MSG,3,0,0,780587,0,2014/10/23,02:48:12.488,2014/10/23,02:48:12.488,,1200,,,40.105774,124.28894,,,0,,0,0
MSG,4,0,0,780587,0,2014/10/23,02:48:12.691,2014/10/23,02:48:12.691,,,119,181,,,-768,,,,,0
MSG,8,0,0,780587,0,2014/10/23,02:48:12.691,2014/10/23,02:48:12.691,,,,,,,,,,,,0
MSG,3,0,0,780587,0,2014/10/23,02:48:12.891,2014/10/23,02:48:12.891,,1175,,,40.105545,124.28894,,,0,,0,0
MSG,4,0,0,780587,0,2014/10/23,02:48:13.887,2014/10/23,02:48:13.887,,,120,181,,,-768,,,,,0
MSG,3,0,0,780587,0,2014/10/23,02:48:13.887,2014/10/23,02:48:13.887,,1175,,,40.104858,124.28894,,,0,,0,0
MSG,8,0,0,780587,0,2014/10/23,02:48:16.645,2014/10/23,02:48:16.645,,,,,,,,,,,,0
MSG,3,0,0,780587,0,2014/10/23,02:48:17.692,2014/10/23,02:48:17.692,,1125,,,40.10289,124.288818,,,0,,0,0
MSG,3,0,0,780587,0,2014/10/23,02:48:19.295,2014/10/23,02:48:19.295,,1100,,,40.101974,124.288818,,,0,,0,0
MSG,8,0,0,780587,0,2014/10/23,02:48:20.735,2014/10/23,02:48:20.735,,,,,,,,,,,,0
MSG,8,0,0,780587,0,2014/10/23,02:48:22.462,2014/10/23,02:48:22.462,,,,,,,,,,,,0
MSG,4,0,0,780587,0,2014/10/23,02:48:23.069,2014/10/23,02:48:23.069,,,123,180.5,,,-704,,,,,0
MSG,3,0,0,780587,0,2014/10/23,02:48:23.263,2014/10/23,02:48:23.263,,1050,,,40.099731,124.288757,,,0,,0,0
MSG,8,0,0,780587,0,2014/10/23,02:48:23.466,2014/10/23,02:48:23.466,,,,,,,,,,,,0
MSG,4,0,0,780587,0,2014/10/23,02:48:23.466,2014/10/23,02:48:23.466,,,123,180,,,-768,,,,,0
MSG,4,0,0,780587,0,2014/10/23,02:48:23.908,2014/10/23,02:48:23.908,,,123,180,,,-768,,,,,0
MSG,3,0,0,780587,0,2014/10/23,02:48:24.303,2014/10/23,02:48:24.303,,1050,,,40.09912,124.288767,,,0,,0,0
MSG,1,0,0,780587,0,2014/10/23,02:48:24.303,2014/10/23,02:48:24.303,FM9231,,,,,,,,,,,0
MSG,4,0,0,780587,0,2014/10/23,02:48:24.507,2014/10/23,02:48:24.507,,,124,179.5,,,-704,,,,,0
MSG,3,0,0,780587,0,2014/10/23,02:48:24.710,2014/10/23,02:48:24.710,,1025,,,40.098816,124.288757,,,0,,0,0
MSG,3,0,0,780587,0,2014/10/23,02:48:25.226,2014/10/23,02:48:25.226,,1025,,,40.098468,124.288767,,,0,,0,0
MSG,8,0,0,780587,0,2014/10/23,02:48:25.429,2014/10/23,02:48:25.429,,,,,,,,,,,,0
MSG,4,0,0,780587,0,2014/10/23,02:48:25.429,2014/10/23,02:48:25.429,,,124,179.1,,,-704,,,,,0
MSG,3,0,0,780587,0,2014/10/23,02:48:25.826,2014/10/23,02:48:25.826,,1025,,,40.098236,124.288767,,,0,,0,0
MSG,8,0,0,780587,0,2014/10/23,02:48:26.223,2014/10/23,02:48:26.223,,,,,,,,,,,,0
MSG,3,0,0,780587,0,2014/10/23,02:48:26.662,2014/10/23,02:48:26.662,,1025,,,40.097626,124.288757,,,0,,0,0
MSG,4,0,0,780587,0,2014/10/23,02:48:26.859,2014/10/23,02:48:26.859,,,124,179.5,,,-640,,,,,0
MSG,8,0,0,780587,0,2014/10/23,02:48:27.256,2014/10/23,02:48:27.256,,,,,,,,,,,,0
MSG,3,0,0,780587,0,2014/10/23,02:48:27.256,2014/10/23,02:48:27.256,,1000,,,40.097397,124.288757,,,0,,0,0
MSG,4,0,0,780587,0,2014/10/23,02:48:27.460,2014/10/23,02:48:27.460,,,124,179.5,,,-640,,,,,0
MSG,3,0,0,780587,0,2014/10/23,02:48:27.653,2014/10/23,02:48:27.653,,1000,,,40.097072,124.288767,,,0,,0,0
MSG,4,0,0,780587,0,2014/10/23,02:48:28.458,2014/10/23,02:48:28.458,,,125,180.5,,,-576,,,,,0
MSG,3,0,0,780587,0,2014/10/23,02:48:28.662,2014/10/23,02:48:28.662,,1000,,,40.096606,124.288767,,,0,,0,0
MSG,4,0,0,780587,0,2014/10/23,02:48:29.062,2014/10/23,02:48:29.062,,,125,180.5,,,-576,,,,,0
MSG,8,0,0,780587,0,2014/10/23,02:48:29.062,2014/10/23,02:48:29.062,,,,,,,,,,,,0
MSG,3,0,0,780587,0,2014/10/23,02:48:29.062,2014/10/23,02:48:29.062,,975,,,40.096252,124.288757,,,0,,0,0
MSG,1,0,0,780587,0,2014/10/23,02:48:29.459,2014/10/23,02:48:29.459,FM9231,,,,,,,,,,,0
MSG,3,0,0,780587,0,2014/10/23,02:48:29.459,2014/10/23,02:48:29.459,,975,,,40.096024,124.288696,,,0,,0,0
MSG,8,0,0,780587,0,2014/10/23,02:48:29.861,2014/10/23,02:48:29.861,,,,,,,,,,,,0
MSG,4,0,0,780587,0,2014/10/23,02:48:30.461,2014/10/23,02:48:30.461,,,126.1,181.8,,,-832,,,,,0
MSG,3,0,0,780587,0,2014/10/23,02:48:30.461,2014/10/23,02:48:30.461,,975,,,40.095442,124.288705,,,0,,0,0
MSG,8,0,0,780587,0,2014/10/23,02:48:31.259,2014/10/23,02:48:31.259,,,,,,,,,,,,0
MSG,4,0,0,780587,0,2014/10/23,02:48:31.462,2014/10/23,02:48:31.462,,,126.1,181.8,,,-832,,,,,0
MSG,3,0,0,780587,0,2014/10/23,02:48:31.462,2014/10/23,02:48:31.462,,950,,,40.094977,124.288705,,,0,,0,0
MSG,3,0,0,780587,0,2014/10/23,02:48:31.857,2014/10/23,02:48:31.857,,950,,,40.094744,124.288705,,,0,,0,0
MSG,4,0,0,780587,0,2014/10/23,02:48:31.857,2014/10/23,02:48:31.857,,,126.1,181.8,,,-832,,,,,0
MSG,4,0,0,780587,0,2014/10/23,02:48:32.460,2014/10/23,02:48:32.460,,,126.1,181.8,,,-704,,,,,0
MSG,3,0,0,780587,0,2014/10/23,02:48:32.860,2014/10/23,02:48:32.860,,950,,,40.094147,124.288635,,,0,,0,0
MSG,8,0,0,780587,0,2014/10/23,02:48:32.860,2014/10/23,02:48:32.860,,,,,,,,,,,,0
MSG,4,0,0,780587,0,2014/10/23,02:48:32.860,2014/10/23,02:48:32.860,,,126.1,181.8,,,-704,,,,,0
MSG,3,0,0,780587,0,2014/10/23,02:48:33.857,2014/10/23,02:48:33.857,,925,,,40.09358,124.288642,,,0,,0,0
MSG,8,0,0,780587,0,2014/10/23,02:48:33.857,2014/10/23,02:48:33.857,,,,,,,,,,,,0
MSG,3,0,0,780587,0,2014/10/23,02:48:34.788,2014/10/23,02:48:34.788,,925,,,40.093002,124.288635,,,0,,0,0
MSG,4,0,0,780587,0,2014/10/23,02:48:34.788,2014/10/23,02:48:34.788,,,126,181.4,,,-576,,,,,0
MSG,8,0,0,780587,0,2014/10/23,02:48:35.994,2014/10/23,02:48:35.994,,,,,,,,,,,,0
MSG,4,0,0,780587,0,2014/10/23,02:48:35.994,2014/10/23,02:48:35.994,,,127.1,181.8,,,-640,,,,,0
MSG,3,0,0,780587,0,2014/10/23,02:48:37.224,2014/10/23,02:48:37.224,,900,,,40.091583,124.288574,,,0,,0,0
MSG,4,0,0,780587,0,2014/10/23,02:48:39.915,2014/10/23,02:48:39.915,,,128.1,181.8,,,-704,,,,,0
MSG,4,0,0,780587,0,2014/10/23,02:48:40.828,2014/10/23,02:48:40.828,,,128.1,181.8,,,-768,,,,,0
MSG,8,0,0,780587,0,2014/10/23,02:48:41.028,2014/10/23,02:48:41.028,,,,,,,,,,,,0
MSG,4,0,0,780587,0,2014/10/23,02:48:42.239,2014/10/23,02:48:42.239,,,128,181.3,,,-448,,,,,0
MSG,4,0,0,780587,0,2014/10/23,02:48:42.649,2014/10/23,02:48:42.649,,,128,181.3,,,-448,,,,,0
MSG,4,0,0,780587,0,2014/10/23,02:48:43.474,2014/10/23,02:48:43.474,,,128,180.9,,,-448,,,,,0
MSG,3,0,0,780587,0,2014/10/23,02:48:45.280,2014/10/23,02:48:45.280,,800,,,40.086737,124.288455,,,0,,0,0
MSG,4,0,0,780587,0,2014/10/23,02:48:45.474,2014/10/23,02:48:45.474,,,128,180.9,,,-512,,,,,0
MSG,3,0,0,780587,0,2014/10/23,02:48:46.589,2014/10/23,02:48:46.589,,800,,,40.086039,124.288455,,,0,,0,0
MSG,4,0,0,780587,0,2014/10/23,02:48:47.389,2014/10/23,02:48:47.389,,,128,180.4,,,-768,,,,,0
MSG,3,0,0,780587,0,2014/10/23,02:48:51.284,2014/10/23,02:48:51.284,,750,,,40.083298,124.288391,,,0,,0,
MSG,3,0,0,780587,0,2014/10/23,02:48:52.751,2014/10/23,02:48:52.751,,725,,,40.082336,124.288391,,,0,,0,
MSG,3,0,0,780587,0,2014/10/23,02:48:53.200,2014/10/23,02:48:53.200,,725,,,40.082108,124.288391,,,0,,0,
MSG,7,0,0,780587,0,2014/10/23,02:48:53.997,2014/10/23,02:48:53.997,,725,,,,,,,,,,0
MSG,8,0,0,780587,0,2014/10/23,02:48:54.200,2014/10/23,02:48:54.200,,,,,,,,,,,,
MSG,8,0,0,780587,0,2014/10/23,02:48:55.197,2014/10/23,02:48:55.197,,,,,,,,,,,,
MSG,4,0,0,780587,0,2014/10/23,02:48:55.197,2014/10/23,02:48:55.197,,,128,180.4,,,-704,,,,,
MSG,3,0,0,780587,0,2014/10/23,02:48:55.997,2014/10/23,02:48:55.997,,700,,,40.080414,124.28833,,,0,,0,
MSG,4,0,0,780587,0,2014/10/23,02:48:56.419,2014/10/23,02:48:56.419,,,128,180.4,,,-640,,,,,
MSG,3,0,0,780587,0,2014/10/23,02:48:57.219,2014/10/23,02:48:57.219,,675,,,40.079727,124.28833,,,0,,0,
MSG,4,0,0,780587,0,2014/10/23,02:48:57.422,2014/10/23,02:48:57.422,,,128,180.9,,,-704,,,,,
MSG,4,0,0,780587,0,2014/10/23,02:48:57.829,2014/10/23,02:48:57.829,,,128,180.9,,,-704,,,,,
MSG,8,0,0,780587,0,2014/10/23,02:48:58.431,2014/10/23,02:48:58.431,,,,,,,,,,,,
MSG,4,0,0,780587,0,2014/10/23,02:48:58.824,2014/10/23,02:48:58.824,,,128,181.3,,,-768,,,,,
MSG,3,0,0,780587,0,2014/10/23,02:48:59.024,2014/10/23,02:48:59.024,,650,,,40.078637,124.288268,,,0,,0,
MSG,4,0,0,780587,0,2014/10/23,02:48:59.228,2014/10/23,02:48:59.228,,,128,181.3,,,-576,,,,,
MSG,8,0,0,780587,0,2014/10/23,02:48:59.431,2014/10/23,02:48:59.431,,,,,,,,,,,,
MSG,3,0,0,780587,0,2014/10/23,02:49:00.031,2014/10/23,02:49:00.031,,650,,,40.078033,124.288269,,,0,,0,
MSG,8,0,0,780587,0,2014/10/23,02:49:00.224,2014/10/23,02:49:00.224,,,,,,,,,,,,
MSG,4,0,0,780587,0,2014/10/23,02:49:07.905,2014/10/23,02:49:07.905,,,129,180,,,-576,,,,,0
MSG,8,0,0,780587,0,2014/10/23,02:49:09.219,2014/10/23,02:49:09.219,,,,,,,,,,,,0
MSG,8,0,0,780587,0,2014/10/23,02:49:13.411,2014/10/23,02:49:13.411,,,,,,,,,,,,0
MSG,4,0,0,780587,0,2014/10/23,02:49:13.612,2014/10/23,02:49:13.612,,,130,181.3,,,-768,,,,,0
MSG,7,0,0,780587,0,2014/10/23,02:49:14.456,2014/10/23,02:49:14.456,,475,,,,,,,,,,0
MSG,4,0,0,780587,0,2014/10/23,02:49:16.962,2014/10/23,02:49:16.962,,,130.1,182.2,,,-448,,,,,0
MSG,8,0,0,780587,0,2014/10/23,02:49:17.564,2014/10/23,02:49:17.564,,,,,,,,,,,,0
MSG,4,0,0,780587,0,2014/10/23,02:49:17.997,2014/10/23,02:49:17.997,,,130.1,181.8,,,-576,,,,,0
MSG,8,0,0,780587,0,2014/10/23,02:49:24.931,2014/10/23,02:49:24.931,,,,,,,,,,,,0
MSG,3,0,0,780587,0,2014/10/23,02:49:25.328,2014/10/23,02:49:25.328,,350,,,40.062927,124.287903,,,0,,0,0
MSG,7,0,0,780587,0,2014/10/23,02:49:25.928,2014/10/23,02:49:25.928,,350,,,,,,,,,,0
MSG,8,0,0,780587,0,2014/10/23,02:49:26.930,2014/10/23,02:49:26.930,,,,,,,,,,,,0
MSG,8,0,0,780587,0,2014/10/23,02:49:28.807,2014/10/23,02:49:28.807,,,,,,,,,,,,0
MSG,4,0,0,780587,0,2014/10/23,02:49:29.840,2014/10/23,02:49:29.840,,,133.1,181.7,,,-704,,,,,0
MSG,3,0,0,780587,0,2014/10/23,02:49:31.886,2014/10/23,02:49:31.886,,275,,,40.058762,124.28772,,,0,,0,0
MSG,4,0,0,780587,0,2014/10/23,02:49:32.084,2014/10/23,02:49:32.084,,,133.1,181.7,,,-704,,,,,0
MSG,8,0,0,780587,0,2014/10/23,02:49:32.288,2014/10/23,02:49:32.288,,,,,,,,,,,,0
MSG,8,0,0,780587,0,2014/10/23,02:49:33.305,2014/10/23,02:49:33.305,,,,,,,,,,,,0
MSG,4,0,0,780587,0,2014/10/23,02:49:33.710,2014/10/23,02:49:33.710,,,133,181.3,,,-704,,,,,0
MSG,3,0,0,780587,0,2014/10/23,02:49:33.904,2014/10/23,02:49:33.904,,250,,,40.057642,124.287706,,,0,,0,0
MSG,4,0,0,780587,0,2014/10/23,02:49:34.308,2014/10/23,02:49:34.308,,,134,181.3,,,-704,,,,,0
MSG,3,0,0,780587,0,2014/10/23,02:49:34.308,2014/10/23,02:49:34.308,,250,,,40.057251,124.28772,,,0,,0,0
MSG,1,0,0,780587,0,2014/10/23,02:49:34.511,2014/10/23,02:49:34.511,FM9231,,,,,,,,,,,0
MSG,3,0,0,780587,0,2014/10/23,02:49:34.908,2014/10/23,02:49:34.908,,250,,,40.057022,124.287659,,,0,,0,0
MSG,4,0,0,780587,0,2014/10/23,02:49:35.108,2014/10/23,02:49:35.108,,,134,181.3,,,-704,,,,,0
MSG,8,0,0,780587,0,2014/10/23,02:49:35.311,2014/10/23,02:49:35.311,,,,,,,,,,,,0
MSG,4,0,0,780587,0,2014/10/23,02:49:35.712,2014/10/23,02:49:35.712,,,134,181.3,,,-768,,,,,0
MSG,8,0,0,780587,0,2014/10/23,02:49:36.312,2014/10/23,02:49:36.312,,,,,,,,,,,,0
MSG,4,0,0,780587,0,2014/10/23,02:49:36.712,2014/10/23,02:49:36.712,,,134.1,181.7,,,-768,,,,,0
MSG,7,0,0,780587,0,2014/10/23,02:49:37.105,2014/10/23,02:49:37.105,,225,,,,,,,,,,0
MSG,3,0,0,780587,0,2014/10/23,02:49:37.308,2014/10/23,02:49:37.308,,225,,,40.055511,124.287659,,,0,,0,0
MSG,3,0,0,780587,0,2014/10/23,02:49:38.165,2014/10/23,02:49:38.165,,200,,,40.054895,124.287581,,,0,,0,0
MSG,8,0,0,780587,0,2014/10/23,02:49:38.165,2014/10/23,02:49:38.165,,,,,,,,,,,,0
MSG,4,0,0,780587,0,2014/10/23,02:49:38.966,2014/10/23,02:49:38.966,,,134.1,182.1,,,-704,,,,,0
MSG,8,0,0,780587,0,2014/10/23,02:49:39.373,2014/10/23,02:49:39.373,,,,,,,,,,,,0
MSG,8,0,0,780587,0,2014/10/23,02:49:40.383,2014/10/23,02:49:40.383,,,,,,,,,,,,0
MSG,3,0,0,780587,0,2014/10/23,02:49:41.181,2014/10/23,02:49:41.181,,175,,,40.05304,124.287537,,,0,,0,0
MSG,4,0,0,780587,0,2014/10/23,02:49:41.181,2014/10/23,02:49:41.181,,,134.1,181.7,,,-640,,,,,0
MSG,8,0,0,780587,0,2014/10/23,02:49:41.181,2014/10/23,02:49:41.181,,,,,,,,,,,,0
MSG,8,0,0,780587,0,2014/10/23,02:49:42.175,2014/10/23,02:49:42.175,,,,,,,,,,,,0
MSG,4,0,0,780587,0,2014/10/23,02:49:42.175,2014/10/23,02:49:42.175,,,133,180.4,,,-512,,,,,0
MSG,8,0,0,780587,0,2014/10/23,02:49:43.881,2014/10/23,02:49:43.881,,,,,,,,,,,,0
MSG,3,0,0,780587,0,2014/10/23,02:49:44.074,2014/10/23,02:49:44.074,,150,,,40.051218,124.287519,,,0,,0,0
MSG,4,0,0,780587,0,2014/10/23,02:49:44.279,2014/10/23,02:49:44.279,,,133,180.4,,,-704,,,,,0
MSG,4,0,0,780587,0,2014/10/23,02:49:44.675,2014/10/23,02:49:44.675,,,133,180.4,,,-704,,,,,0
MSG,3,0,0,780587,0,2014/10/23,02:49:46.074,2014/10/23,02:49:46.074,,125,,,40.05011,124.287537,,,0,,0,0
MSG,4,0,0,780587,0,2014/10/23,02:49:46.074,2014/10/23,02:49:46.074,,,133,180.4,,,-640,,,,,0
MSG,8,0,0,780587,0,2014/10/23,02:49:47.879,2014/10/23,02:49:47.879,,,,,,,,,,,,0
MSG,4,0,0,780587,0,2014/10/23,02:49:48.683,2014/10/23,02:49:48.683,,,133,180.9,,,-960,,,,,0
MSG,8,0,0,780587,0,2014/10/23,02:49:48.893,2014/10/23,02:49:48.893,,,,,,,,,,,,0
MSG,3,0,0,780587,0,2014/10/23,02:49:48.893,2014/10/23,02:49:48.893,,75,,,40.04837,124.287476,,,0,,0,0
MSG,3,0,0,780587,0,2014/10/23,02:49:49.297,2014/10/23,02:49:49.297,,75,,,40.048141,124.287476,,,0,,0,0
MSG,3,0,0,780587,0,2014/10/23,02:49:51.317,2014/10/23,02:49:51.317,,50,,,40.046749,124.287456,,,0,,0,0
MSG,3,0,0,780587,0,2014/10/23,02:49:53.515,2014/10/23,02:49:53.515,,25,,,40.045538,124.287394,,,0,,0,0
MSG,3,0,0,780587,0,2014/10/23,02:49:56.318,2014/10/23,02:49:56.318,,0,,,40.043701,124.287415,,,0,,0,0
MSG,3,0,0,780587,0,2014/10/23,02:49:59.852,2014/10/23,02:49:59.852,,-50,,,40.041581,124.287394,,,0,,0,0
MSG,3,0,0,780587,0,2014/10/23,02:50:00.649,2014/10/23,02:50:00.649,,-50,,,40.041,124.287354,,,0,,0,0
MSG,4,0,0,780587,0,2014/10/23,02:50:02.868,2014/10/23,02:50:02.868,,,132,181.3,,,-832,,,,,0
MSG,3,0,0,780587,0,2014/10/23,02:50:03.272,2014/10/23,02:50:03.272,,-75,,,40.039394,124.287331,,,0,,0,0
MSG,3,0,0,780587,0,2014/10/23,02:50:05.765,2014/10/23,02:50:05.765,,-125,,,40.037904,124.287269,,,0,,0,0
MSG,4,0,0,780587,0,2014/10/23,02:50:07.561,2014/10/23,02:50:07.561,,,132.1,181.7,,,-768,,,,,0
MSG,8,0,0,780587,0,2014/10/23,02:50:07.754,2014/10/23,02:50:07.754,,,,,,,,,,,,0
MSG,4,0,0,780587,0,2014/10/23,02:50:07.958,2014/10/23,02:50:07.958,,,132.1,181.7,,,-768,,,,,0
MSG,3,0,0,780587,0,2014/10/23,02:50:08.164,2014/10/23,02:50:08.164,,-150,,,40.036461,124.287206,,,0,,0,0
MSG,8,0,0,780587,0,2014/10/23,02:50:09.773,2014/10/23,02:50:09.773,,,,,,,,,,,,0
MSG,3,0,0,780587,0,2014/10/23,02:50:09.983,2014/10/23,02:50:09.983,,-175,,,40.035483,124.287206,,,0,,0,0
MSG,4,0,0,780587,0,2014/10/23,02:50:10.391,2014/10/23,02:50:10.391,,,130.1,181.8,,,-192,,,,,0
MSG,8,0,0,780587,0,2014/10/23,02:50:10.785,2014/10/23,02:50:10.785,,,,,,,,,,,,0
MSG,3,0,0,780587,0,2014/10/23,02:50:10.785,2014/10/23,02:50:10.785,,-175,,,40.034866,124.28717,,,0,,0,0
MSG,4,0,0,780587,0,2014/10/23,02:50:10.985,2014/10/23,02:50:10.985,,,130.1,181.8,,,-192,,,,,0
MSG,4,0,0,780587,0,2014/10/23,02:50:12.395,2014/10/23,02:50:12.395,,,128,181.3,,,-128,,,,,0
MSG,3,0,0,780587,0,2014/10/23,02:50:12.585,2014/10/23,02:50:12.585,,-200,,,40.033807,124.287144,,,0,,0,0
MSG,8,0,0,780587,0,2014/10/23,02:50:12.787,2014/10/23,02:50:12.787,,,,,,,,,,,,0
MSG,4,0,0,780587,0,2014/10/23,02:50:13.587,2014/10/23,02:50:13.587,,,127,181.4,,,-128,,,,,0
MSG,8,0,0,780587,0,2014/10/23,02:50:14.986,2014/10/23,02:50:14.986,,,,,,,,,,,,0
MSG,3,0,0,780587,0,2014/10/23,02:50:14.986,2014/10/23,02:50:14.986,,-200,,,40.032411,124.287082,,,0,,0,0
MSG,2,0,0,780587,0,2014/10/23,02:50:20.840,2014/10/23,02:50:20.840,,,110,180,40.029234,124.287066,,,,,,-1
MSG,2,0,0,780587,0,2014/10/23,02:50:25.062,2014/10/23,02:50:25.062,,,94,182.8,40.027441,124.287004,,,,,,-1
MSG,2,0,0,780587,0,2014/10/23,02:50:28.514,2014/10/23,02:50:28.514,,,80,180,40.026056,124.286972,,,,,,-1
MSG,2,0,0,780587,0,2014/10/23,02:50:30.715,2014/10/23,02:50:30.715,,,74,180,40.025358,124.286957,,,,,,-1
MSG,2,0,0,780587,0,2014/10/23,02:50:34.881,2014/10/23,02:50:34.881,,,65,182.8,40.02404,124.286926,,,,,,-1
MSG,2,0,0,780587,0,2014/10/23,02:50:36.285,2014/10/23,02:50:36.285,,,58,180,40.023617,124.286926,,,,,,-1
MSG,2,0,0,780587,0,2014/10/23,02:50:38.834,2014/10/23,02:50:38.834,,,52,180,40.023022,124.286911,,,,,,-1
MSG,2,0,0,780587,0,2014/10/23,02:50:41.142,2014/10/23,02:50:41.142,,,40,180,40.022541,124.286896,,,,,,-1
MSG,2,0,0,780587,0,2014/10/23,02:50:44.282,2014/10/23,02:50:44.282,,,31,180,40.022026,124.286896,,,,,,-1
MSG,2,0,0,780587,0,2014/10/23,02:50:46.643,2014/10/23,02:50:46.643,,,33,182.8,40.02168,124.286879,,,,,,-1
MSG,2,0,0,780587,0,2014/10/23,02:50:47.035,2014/10/23,02:50:47.035,,,33,182.8,40.021591,124.28688,,,,,,-1
MSG,2,0,0,780587,0,2014/10/23,02:50:48.535,2014/10/23,02:50:48.535,,,33,182.8,40.021378,124.286879,,,,,,-1
MSG,2,0,0,780587,0,2014/10/23,02:50:49.142,2014/10/23,02:50:49.142,,,33,180,40.021282,124.286865,,,,,,-1
MSG,2,0,0,780587,0,2014/10/23,02:50:53.136,2014/10/23,02:50:53.136,,,33,180,40.020676,124.286865,,,,,,-1
MSG,2,0,0,780587,0,2014/10/23,02:50:55.116,2014/10/23,02:50:55.116,,,33,180,40.020378,124.28685,,,,,,-1
MSG,2,0,0,780587,0,2014/10/23,02:50:56.798,2014/10/23,02:50:56.798,,,32,180,40.020149,124.28685,,,,,,-1
MSG,2,0,0,780587,0,2014/10/23,02:50:58.719,2014/10/23,02:50:58.719,,,29,182.8,40.019875,124.28685,,,,,,-1
MSG,2,0,0,780587,0,2014/10/23,02:51:00.199,2014/10/23,02:51:00.199,,,28,182.8,40.019702,124.286832,,,,,,-1
MSG,2,0,0,780587,0,2014/10/23,02:51:00.798,2014/10/23,02:51:00.798,,,28,182.8,40.019623,124.286835,,,,,,-1
MSG,2,0,0,780587,0,2014/10/23,02:51:01.202,2014/10/23,02:51:01.202,,,27,182.8,40.019577,124.286819,,,,,,-1
MSG,2,0,0,780587,0,2014/10/23,02:51:05.985,2014/10/23,02:51:05.985,,,23,180,40.019051,124.286804,,,,,,-1
MSG,2,0,0,780587,0,2014/10/23,02:51:06.649,2014/10/23,02:51:06.649,,,22,180,40.01897,124.286804,,,,,,-1
MSG,2,0,0,780587,0,2014/10/23,02:51:07.172,2014/10/23,02:51:07.172,,,21,180,40.018936,124.286804,,,,,,-1
MSG,2,0,0,780587,0,2014/10/23,02:51:10.262,2014/10/23,02:51:10.262,,,18,182.8,40.018678,124.286801,,,,,,-1
MSG,2,0,0,780587,0,2014/10/23,02:51:10.668,2014/10/23,02:51:10.668,,,18,182.8,40.018643,124.286785,,,,,,-1
MSG,2,0,0,780587,0,2014/10/23,02:51:14.263,2014/10/23,02:51:14.263,,,14,185.6,40.018387,124.28677,,,,,,-1
MSG,2,0,0,780587,0,2014/10/23,02:51:15.167,2014/10/23,02:51:15.167,,,13,191.3,40.01833,124.286758,,,,,,-1
MSG,2,0,0,780587,0,2014/10/23,02:51:15.623,2014/10/23,02:51:15.623,,,13,191.3,40.018307,124.286743,,,,,,-1
MSG,2,0,0,780587,0,2014/10/23,02:51:16.477,2014/10/23,02:51:16.477,,,13,196.9,40.018247,124.286723,,,,,,-1
MSG,2,0,0,780587,0,2014/10/23,02:51:16.878,2014/10/23,02:51:16.878,,,13,196.9,40.018224,124.286707,,,,,,-1
MSG,2,0,0,780587,0,2014/10/23,02:51:17.459,2014/10/23,02:51:17.459,,,12.5,205.3,40.018192,124.286697,,,,,,-1
MSG,2,0,0,780587,0,2014/10/23,02:51:19.038,2014/10/23,02:51:19.038,,,12,213.8,40.018131,124.286629,,,,,,-1
MSG,1,0,0,780587,0,2014/10/23,02:51:19.293,2014/10/23,02:51:19.293,,,,,,,,,,,,
MSG,2,0,0,780587,0,2014/10/23,02:51:19.685,2014/10/23,02:51:19.685,,,11.5,225,40.018112,124.286606,,,,,,-1
MSG,2,0,0,780587,0,2014/10/23,02:51:20.087,2014/10/23,02:51:20.087,,,11.5,236.3,40.018096,124.286567,,,,,,-1
MSG,2,0,0,780587,0,2014/10/23,02:51:20.604,2014/10/23,02:51:20.604,,,11.5,236.3,40.018096,124.286551,,,,,,-1
MSG,2,0,0,780587,0,2014/10/23,02:51:21.655,2014/10/23,02:51:21.655,,,11,247.5,40.018073,124.286473,,,,,,-1
MSG,2,0,0,780587,0,2014/10/23,02:51:22.701,2014/10/23,02:51:22.701,,,10.5,258.8,40.018066,124.286423,,,,,,-1
MSG,2,0,0,780587,0,2014/10/23,02:51:23.104,2014/10/23,02:51:23.104,,,10.5,267.2,40.018055,124.286392,,,,,,-1
MSG,1,0,0,780587,0,2014/10/23,02:51:24.218,2014/10/23,02:51:24.218,,,,,,,,,,,,
MSG,2,0,0,780587,0,2014/10/23,02:51:25.222,2014/10/23,02:51:25.222,,,10.5,270,40.018055,124.286285,,,,,,-1
MSG,2,0,0,780587,0,2014/10/23,02:51:29.909,2014/10/23,02:51:29.909,,,11,272.8,40.018055,124.28598,,,,,,-1
MSG,2,0,0,780587,0,2014/10/23,02:51:30.830,2014/10/23,02:51:30.830,,,11.5,270,40.018049,124.285911,,,,,,-1
MSG,2,0,0,780587,0,2014/10/23,02:51:31.286,2014/10/23,02:51:31.286,,,11.5,270,40.018049,124.28588,,,,,,-1
MSG,2,0,0,780587,0,2014/10/23,02:51:32.334,2014/10/23,02:51:32.334,,,11.5,272.8,40.018055,124.285812,,,,,,-1
MSG,2,0,0,780587,0,2014/10/23,02:51:34.907,2014/10/23,02:51:34.907,,,12,272.8,40.018061,124.28563,,,,,,-1
