MSG,2,0,0,78029D,0,2014/11/04,00:58:07.742,2014/11/04,00:58:07.742,,,175,208.1,40.740505,123.606897,,,,,,-1
MSG,2,0,0,78029D,0,2014/11/04,00:58:10.228,2014/11/04,00:58:10.228,,,175,208.1,40.736767,123.604141,,,,,,-1
MSG,2,0,0,78029D,0,2014/11/04,00:58:12.813,2014/11/04,00:58:12.813,,,175,208.1,40.734318,123.602341,,,,,,-1
MSG,2,0,0,78029D,0,2014/11/04,00:58:14.212,2014/11/04,00:58:14.212,,,175,208.1,40.730438,123.599487,,,,,,-1
MSG,2,0,0,78029D,0,2014/11/04,00:58:14.629,2014/11/04,00:58:14.629,,,175,208.1,40.729717,123.598954,,,,,,-1
MSG,7,0,0,78029D,0,2014/11/04,00:58:15.546,2014/11/04,00:58:15.546,,20800,,,,,,,,,,-1
MSG,2,0,0,78029D,0,2014/11/04,00:58:16.602,2014/11/04,00:58:16.602,,,175,208.1,40.726784,123.596784,,,,,,-1
MSG,2,0,0,78029D,0,2014/11/04,00:58:17.202,2014/11/04,00:58:17.202,,,175,208.1,40.725911,123.596145,,,,,,-1
MSG,2,0,0,78029D,0,2014/11/04,00:58:19.202,2014/11/04,00:58:19.202,,,175,208.1,40.722897,123.593929,,,,,,-1
MSG,2,0,0,78029D,0,2014/11/04,00:58:19.598,2014/11/04,00:58:19.598,,,175,208.1,40.723595,123.594444,,,,,,-1
MSG,7,0,0,78029D,0,2014/11/04,00:58:20.517,2014/11/04,00:58:20.517,,21050,,,,,,,,,,-1
MSG,2,0,0,78029D,0,2014/11/04,00:58:20.720,2014/11/04,00:58:20.720,,,175,208.1,40.720453,123.592134,,,,,,-1
MSG,7,0,0,78029D,0,2014/11/04,00:58:23.801,2014/11/04,00:58:23.801,,21200,,,,,,,,,,-1
MSG,2,0,0,78029D,0,2014/11/04,00:58:24.203,2014/11/04,00:58:24.203,,,175,208.1,40.714971,123.588108,,,,,,-1
MSG,7,0,0,78029D,0,2014/11/04,00:58:24.603,2014/11/04,00:58:24.603,,21250,,,,,,,,,,-1
MSG,1,0,0,78029D,0,2014/11/04,00:58:25.315,2014/11/04,00:58:25.315,CSZ9850,,,,,,,,,,,-1
MSG,2,0,0,78029D,0,2014/11/04,00:58:25.715,2014/11/04,00:58:25.715,,,175,208.1,40.712585,123.586349,,,,,,-1
MSG,2,0,0,78029D,0,2014/11/04,00:58:26.227,2014/11/04,00:58:26.227,,,175,208.1,40.711736,123.585736,,,,,,-1
MSG,7,0,0,78029D,0,2014/11/04,00:58:27.626,2014/11/04,00:58:27.626,,21375,,,,,,,,,,-1
MSG,2,0,0,78029D,0,2014/11/04,00:58:29.704,2014/11/04,00:58:29.704,,,175,208.1,40.706301,123.581756,,,,,,-1
MSG,2,0,0,78029D,0,2014/11/04,00:58:33.296,2014/11/04,00:58:33.296,,,175,208.1,40.700855,123.577759,,,,,,-1
MSG,2,0,0,78029D,0,2014/11/04,00:58:34.354,2014/11/04,00:58:34.354,,,175,208.1,40.699253,123.576584,,,,,,-1
MSG,2,0,0,78029D,0,2014/11/04,00:58:35.153,2014/11/04,00:58:35.153,,,175,208.1,40.697852,123.575561,,,,,,-1
MSG,1,0,0,78029D,0,2014/11/04,00:58:35.153,2014/11/04,00:58:35.153,CSZ9850,,,,,,,,,,,-1
MSG,2,0,0,78029D,0,2014/11/04,00:58:38.757,2014/11/04,00:58:38.757,,,175,208.1,40.692359,123.57155,,,,,,-1
MSG,2,0,0,78029D,0,2014/11/04,00:58:42.222,2014/11/04,00:58:42.222,,,175,208.1,40.687005,123.567618,,,,,,-1
MSG,7,0,0,78029D,0,2014/11/04,00:58:42.619,2014/11/04,00:58:42.619,,21975,,,,,,,,,,-1
MSG,2,0,0,78029D,0,2014/11/04,00:58:42.816,2014/11/04,00:58:42.816,,,175,208.1,40.686086,123.566947,,,,,,-1
MSG,2,0,0,78029D,0,2014/11/04,00:58:43.794,2014/11/04,00:58:43.794,,,175,208.1,40.684386,123.565714,,,,,,-1
MSG,2,0,0,78029D,0,2014/11/04,00:58:45.434,2014/11/04,00:58:45.434,,,175,208.1,40.681927,123.563904,,,,,,-1
MSG,2,0,0,78029D,0,2014/11/04,00:58:47.465,2014/11/04,00:58:47.465,,,175,208.1,40.678757,123.561584,,,,,,-1
MSG,7,0,0,78029D,0,2014/11/04,00:58:52.050,2014/11/04,00:58:52.050,,22350,,,,,,,,,,-1
MSG,2,0,0,78029D,0,2014/11/04,00:58:53.678,2014/11/04,00:58:53.678,,,175,208.1,40.668926,123.554398,,,,,,-1
MSG,2,0,0,78029D,0,2014/11/04,00:58:54.728,2014/11/04,00:58:54.728,,,175,208.1,40.667267,123.553182,,,,,,-1
MSG,2,0,0,78029D,0,2014/11/04,00:58:57.878,2014/11/04,00:58:57.878,,,175,208.1,40.662484,123.549687,,,,,,-1
MSG,7,0,0,78029D,0,2014/11/04,00:58:59.052,2014/11/04,00:58:59.052,,22600,,,,,,,,,,-1
MSG,1,0,0,78029D,0,2014/11/04,00:59:00.597,2014/11/04,00:59:00.597,CSZ9850,,,,,,,,,,,-1
MSG,2,0,0,78029D,0,2014/11/04,00:59:05.677,2014/11/04,00:59:05.677,,,175,208.1,,,,,,,,-1
MSG,7,0,0,78029D,0,2014/11/04,00:59:06.081,2014/11/04,00:59:06.081,,22900,,,,,,,,,,-1
MSG,2,0,0,78029D,0,2014/11/04,00:59:14.714,2014/11/04,00:59:14.714,,,175,208.1,,,,,,,,-1
MSG,2,0,0,78029D,0,2014/11/04,00:59:20.816,2014/11/04,00:59:20.816,,,175,208.1,,,,,,,,-1
MSG,7,0,0,78029D,0,2014/11/04,00:59:21.031,2014/11/04,00:59:21.031,,23375,,,,,,,,,,-1
MSG,7,0,0,78029D,0,2014/11/04,00:59:25.158,2014/11/04,00:59:25.158,,23450,,,,,,,,,,-1
MSG,1,0,0,78029D,0,2014/11/04,00:59:25.563,2014/11/04,00:59:25.563,CSZ9850,,,,,,,,,,,-1
MSG,7,0,0,78029D,0,2014/11/04,00:59:26.310,2014/11/04,00:59:26.310,,23475,,,,,,,,,,-1
MSG,7,0,0,78029D,0,2014/11/04,00:59:27.108,2014/11/04,00:59:27.108,,23475,,,,,,,,,,-1
MSG,2,0,0,78029D,0,2014/11/04,00:59:27.312,2014/11/04,00:59:27.312,,,175,208.1,,,,,,,,-1
MSG,2,0,0,78029D,0,2014/11/04,00:59:32.223,2014/11/04,00:59:32.223,,,175,208.1,,,,,,,,-1
MSG,2,0,0,78029D,0,2014/11/04,00:59:34.716,2014/11/04,00:59:34.716,,,175,208.1,,,,,,,,-1
MSG,2,0,0,78029D,0,2014/11/04,01:00:00.331,2014/11/04,01:00:00.331,,,175,208.1,,,,,,,,-1
MSG,2,0,0,78029D,0,2014/11/04,01:00:05.039,2014/11/04,01:00:05.039,,,175,208.1,,,,,,,,-1
MSG,2,0,0,78029D,0,2014/11/04,01:00:07.217,2014/11/04,01:00:07.217,,,175,208.1,,,,,,,,-1
MSG,2,0,0,78029D,0,2014/11/04,01:00:08.253,2014/11/04,01:00:08.253,,,175,208.1,,,,,,,,-1
MSG,1,0,0,78029D,0,2014/11/04,01:00:10.819,2014/11/04,01:00:10.819,CSZ9850,,,,,,,,,,,-1
MSG,2,0,0,78029D,0,2014/11/04,01:00:11.024,2014/11/04,01:00:11.024,,,175,208.1,,,,,,,,-1
MSG,7,0,0,78029D,0,2014/11/04,01:00:13.041,2014/11/04,01:00:13.041,,23600,,,,,,,,,,-1
MSG,2,0,0,78029D,0,2014/11/04,01:00:13.638,2014/11/04,01:00:13.638,,,175,208.1,,,,,,,,-1
MSG,2,0,0,78029D,0,2014/11/04,01:00:14.038,2014/11/04,01:00:14.038,,,175,208.1,,,,,,,,-1
MSG,2,0,0,78029D,0,2014/11/04,01:00:21.215,2014/11/04,01:00:21.215,,,175,208.1,,,,,,,,-1
MSG,2,0,0,78029D,0,2014/11/04,01:00:22.610,2014/11/04,01:00:22.610,,,175,208.1,,,,,,,,-1
MSG,2,0,0,78029D,0,2014/11/04,01:00:23.063,2014/11/04,01:00:23.063,,,175,208.1,,,,,,,,-1
MSG,7,0,0,78029D,0,2014/11/04,01:00:26.608,2014/11/04,01:00:26.608,,23600,,,,,,,,,,-1
MSG,2,0,0,78029D,0,2014/11/04,01:00:27.017,2014/11/04,01:00:27.017,,,175,208.1,,,,,,,,-1
MSG,2,0,0,78029D,0,2014/11/04,01:00:27.977,2014/11/04,01:00:27.977,,,175,208.1,,,,,,,,-1
MSG,2,0,0,78029D,0,2014/11/04,01:00:29.165,2014/11/04,01:00:29.165,,,175,208.1,,,,,,,,-1
MSG,2,0,0,78029D,0,2014/11/04,01:00:30.085,2014/11/04,01:00:30.085,,,175,208.1,,,,,,,,-1
MSG,2,0,0,78029D,0,2014/11/04,01:00:31.989,2014/11/04,01:00:31.989,,,175,208.1,,,,,,,,-1
MSG,2,0,0,78029D,0,2014/11/04,01:00:33.104,2014/11/04,01:00:33.104,,,175,208.1,,,,,,,,-1
MSG,2,0,0,78029D,0,2014/11/04,01:00:34.204,2014/11/04,01:00:34.204,,,175,208.1,,,,,,,,-1
MSG,2,0,0,78029D,0,2014/11/04,01:00:34.606,2014/11/04,01:00:34.606,,,175,208.1,,,,,,,,-1
MSG,7,0,0,78029D,0,2014/11/04,01:00:34.606,2014/11/04,01:00:34.606,,23600,,,,,,,,,,-1
MSG,7,0,0,78029D,0,2014/11/04,01:00:35.204,2014/11/04,01:00:35.204,,23600,,,,,,,,,,-1
MSG,2,0,0,78029D,0,2014/11/04,01:00:35.598,2014/11/04,01:00:35.598,,,175,208.1,,,,,,,,-1
MSG,2,0,0,78029D,0,2014/11/04,01:00:36.197,2014/11/04,01:00:36.197,,,175,208.1,,,,,,,,-1
MSG,2,0,0,78029D,0,2014/11/04,01:00:36.606,2014/11/04,01:00:36.606,,,175,208.1,,,,,,,,-1
MSG,2,0,0,78029D,0,2014/11/04,01:00:37.604,2014/11/04,01:00:37.604,,,175,208.1,,,,,,,,-1
MSG,7,0,0,78029D,0,2014/11/04,01:00:39.525,2014/11/04,01:00:39.525,,23600,,,,,,,,,,-1
MSG,2,0,0,78029D,0,2014/11/04,01:00:41.136,2014/11/04,01:00:41.136,,,175,208.1,,,,,,,,-1
MSG,2,0,0,78029D,0,2014/11/04,01:00:43.248,2014/11/04,01:00:43.248,,,175,208.1,,,,,,,,-1
MSG,2,0,0,78029D,0,2014/11/04,01:00:43.653,2014/11/04,01:00:43.653,,,175,208.1,,,,,,,,-1
MSG,2,0,0,78029D,0,2014/11/04,01:00:44.032,2014/11/04,01:00:44.032,,,175,208.1,,,,,,,,-1
MSG,7,0,0,78029D,0,2014/11/04,01:00:44.236,2014/11/04,01:00:44.236,,23600,,,,,,,,,,-1
MSG,2,0,0,78029D,0,2014/11/04,01:00:44.638,2014/11/04,01:00:44.638,,,175,208.1,,,,,,,,-1
MSG,2,0,0,78029D,0,2014/11/04,01:00:47.509,2014/11/04,01:00:47.509,,,175,208.1,,,,,,,,-1
MSG,2,0,0,78029D,0,2014/11/04,01:00:47.912,2014/11/04,01:00:47.912,,,175,208.1,,,,,,,,-1
MSG,2,0,0,78029D,0,2014/11/04,01:00:48.522,2014/11/04,01:00:48.522,,,175,208.1,,,,,,,,-1
MSG,7,0,0,78029D,0,2014/11/04,01:00:49.407,2014/11/04,01:00:49.407,,23600,,,,,,,,,,-1
MSG,2,0,0,78029D,0,2014/11/04,01:00:51.569,2014/11/04,01:00:51.569,,,175,208.1,,,,,,,,-1
MSG,2,0,0,78029D,0,2014/11/04,01:00:52.693,2014/11/04,01:00:52.693,,,175,208.1,,,,,,,,-1
MSG,2,0,0,78029D,0,2014/11/04,01:00:53.744,2014/11/04,01:00:53.744,,,175,208.1,,,,,,,,-1
MSG,7,0,0,78029D,0,2014/11/04,01:00:54.344,2014/11/04,01:00:54.344,,23600,,,,,,,,,,-1
MSG,1,0,0,78029D,0,2014/11/04,01:00:55.376,2014/11/04,01:00:55.376,CSZ9850,,,,,,,,,,,-1
MSG,2,0,0,78029D,0,2014/11/04,01:00:55.376,2014/11/04,01:00:55.376,,,175,208.1,,,,,,,,-1
MSG,2,0,0,78029D,0,2014/11/04,01:00:56.374,2014/11/04,01:00:56.374,,,175,208.1,,,,,,,,-1
MSG,2,0,0,78029D,0,2014/11/04,01:00:57.368,2014/11/04,01:00:57.368,,,175,208.1,,,,,,,,-1
MSG,2,0,0,78029D,0,2014/11/04,01:00:58.319,2014/11/04,01:00:58.319,,,175,208.1,,,,,,,,-1
MSG,7,0,0,78029D,0,2014/11/04,01:00:58.922,2014/11/04,01:00:58.922,,23600,,,,,,,,,,-1
MSG,7,0,0,78029D,0,2014/11/04,01:00:59.526,2014/11/04,01:00:59.526,,23600,,,,,,,,,,-1
MSG,2,0,0,78029D,0,2014/11/04,01:00:59.526,2014/11/04,01:00:59.526,,,175,208.1,,,,,,,,-1
MSG,2,0,0,78029D,0,2014/11/04,01:01:01.070,2014/11/04,01:01:01.070,,,175,208.1,,,,,,,,-1
MSG,2,0,0,78029D,0,2014/11/04,01:01:02.196,2014/11/04,01:01:02.196,,,175,208.1,,,,,,,,-1
MSG,2,0,0,78029D,0,2014/11/04,01:01:02.789,2014/11/04,01:01:02.789,,,175,208.1,,,,,,,,-1
MSG,2,0,0,78029D,0,2014/11/04,01:01:03.692,2014/11/04,01:01:03.692,,,175,208.1,,,,,,,,-1
MSG,7,0,0,78029D,0,2014/11/04,01:01:04.096,2014/11/04,01:01:04.096,,23600,,,,,,,,,,-1
MSG,2,0,0,78029D,0,2014/11/04,01:01:04.291,2014/11/04,01:01:04.291,,,175,208.1,,,,,,,,-1
MSG,2,0,0,78029D,0,2014/11/04,01:01:04.675,2014/11/04,01:01:04.675,,,175,208.1,,,,,,,,-1
MSG,7,0,0,78029D,0,2014/11/04,01:01:05.207,2014/11/04,01:01:05.207,,23600,,,,,,,,,,-1
MSG,2,0,0,78029D,0,2014/11/04,01:01:05.207,2014/11/04,01:01:05.207,,,175,208.1,,,,,,,,-1
MSG,7,0,0,78029D,0,2014/11/04,01:01:08.157,2014/11/04,01:01:08.157,,23600,,,,,,,,,,-1
MSG,2,0,0,78029D,0,2014/11/04,01:01:09.072,2014/11/04,01:01:09.072,,,175,208.1,,,,,,,,-1
MSG,7,0,0,78029D,0,2014/11/04,01:01:09.795,2014/11/04,01:01:09.795,,23600,,,,,,,,,,-1
MSG,8,0,0,78029D,0,2014/11/04,01:01:10.393,2014/11/04,01:01:10.393,,,,,,,,,,,,-1
MSG,2,0,0,78029D,0,2014/11/04,01:01:11.494,2014/11/04,01:01:11.494,,,175,208.1,,,,,,,,-1
MSG,2,0,0,78029D,0,2014/11/04,01:01:13.060,2014/11/04,01:01:13.060,,,175,208.1,,,,,,,,-1
MSG,7,0,0,78029D,0,2014/11/04,01:01:13.265,2014/11/04,01:01:13.265,,23600,,,,,,,,,,-1
MSG,2,0,0,78029D,0,2014/11/04,01:01:15.358,2014/11/04,01:01:15.358,,,175,208.1,,,,,,,,-1
MSG,2,0,0,78029D,0,2014/11/04,01:01:16.274,2014/11/04,01:01:16.274,,,175,208.1,,,,,,,,-1
MSG,2,0,0,78029D,0,2014/11/04,01:01:16.799,2014/11/04,01:01:16.799,,,175,208.1,,,,,,,,-1
MSG,2,0,0,78029D,0,2014/11/04,01:01:17.258,2014/11/04,01:01:17.258,,,175,208.1,,,,,,,,-1
MSG,2,0,0,78029D,0,2014/11/04,01:01:18.634,2014/11/04,01:01:18.634,,,175,208.1,,,,,,,,-1
MSG,7,0,0,78029D,0,2014/11/04,01:01:18.830,2014/11/04,01:01:18.830,,23600,,,,,,,,,,-1
MSG,2,0,0,78029D,0,2014/11/04,01:01:20.143,2014/11/04,01:01:20.143,,,175,208.1,,,,,,,,-1
MSG,7,0,0,78029D,0,2014/11/04,01:01:23.762,2014/11/04,01:01:23.762,,23600,,,,,,,,,,-1
MSG,2,0,0,78029D,0,2014/11/04,01:01:30.112,2014/11/04,01:01:30.112,,,175,208.1,,,,,,,,-1
MSG,2,0,0,78029D,0,2014/11/04,01:01:32.531,2014/11/04,01:01:32.531,,,175,208.1,,,,,,,,-1
MSG,2,0,0,78029D,0,2014/11/04,01:01:34.639,2014/11/04,01:01:34.639,,,175,208.1,,,,,,,,-1
MSG,2,0,0,78029D,0,2014/11/04,01:02:12.338,2014/11/04,01:02:12.338,,,175,208.1,,,,,,,,-1
MSG,2,0,0,78029D,0,2014/11/04,01:02:16.081,2014/11/04,01:02:16.081,,,175,208.1,,,,,,,,-1
MSG,2,0,0,78029D,0,2014/11/04,01:02:25.108,2014/11/04,01:02:25.108,,,175,208.1,,,,,,,,-1
MSG,2,0,0,78029D,0,2014/11/04,01:02:26.926,2014/11/04,01:02:26.926,,,175,208.1,,,,,,,,-1
MSG,7,0,0,78029D,0,2014/11/04,01:02:28.443,2014/11/04,01:02:28.443,,23600,,,,,,,,,,-1
MSG,2,0,0,78029D,0,2014/11/04,01:02:30.136,2014/11/04,01:02:30.136,,,175,208.1,,,,,,,,-1
MSG,2,0,0,78029D,0,2014/11/04,01:02:32.437,2014/11/04,01:02:32.437,,,175,208.1,,,,,,,,-1
MSG,7,0,0,78029D,0,2014/11/04,01:02:33.404,2014/11/04,01:02:33.404,,23600,,,,,,,,,,-1
MSG,2,0,0,78029D,0,2014/11/04,01:02:36.953,2014/11/04,01:02:36.953,,,175,208.1,,,,,,,,-1
MSG,7,0,0,78029D,0,2014/11/04,01:02:37.752,2014/11/04,01:02:37.752,,23600,,,,,,,,,,-1
MSG,7,0,0,78029D,0,2014/11/04,01:02:37.752,2014/11/04,01:02:37.752,,23600,,,,,,,,,,-1
MSG,2,0,0,78029D,0,2014/11/04,01:02:37.952,2014/11/04,01:02:37.952,,,175,208.1,,,,,,,,-1
MSG,2,0,0,78029D,0,2014/11/04,01:02:39.972,2014/11/04,01:02:39.972,,,175,208.1,,,,,,,,-1
MSG,7,0,0,78029D,0,2014/11/04,01:02:42.514,2014/11/04,01:02:42.514,,23600,,,,,,,,,,-1
MSG,2,0,0,78029D,0,2014/11/04,01:02:44.497,2014/11/04,01:02:44.497,,,175,208.1,,,,,,,,-1
MSG,2,0,0,78029D,0,2014/11/04,01:02:45.002,2014/11/04,01:02:45.002,,,175,208.1,,,,,,,,-1
MSG,2,0,0,78029D,0,2014/11/04,01:02:45.331,2014/11/04,01:02:45.331,,,175,208.1,,,,,,,,-1
MSG,1,0,0,78029D,0,2014/11/04,01:02:45.536,2014/11/04,01:02:45.536,CSZ9850,,,,,,,,,,,-1
MSG,2,0,0,78029D,0,2014/11/04,01:02:46.510,2014/11/04,01:02:46.510,,,175,208.1,,,,,,,,-1
MSG,7,0,0,78029D,0,2014/11/04,01:02:47.697,2014/11/04,01:02:47.697,,23600,,,,,,,,,,-1
MSG,7,0,0,78029D,0,2014/11/04,01:02:47.697,2014/11/04,01:02:47.697,,23600,,,,,,,,,,-1
MSG,2,0,0,78029D,0,2014/11/04,01:02:47.890,2014/11/04,01:02:47.890,,,175,208.1,,,,,,,,-1
MSG,2,0,0,78029D,0,2014/11/04,01:02:49.593,2014/11/04,01:02:49.593,,,175,208.1,,,,,,,,-1
MSG,2,0,0,78029D,0,2014/11/04,01:02:50.640,2014/11/04,01:02:50.640,,,175,208.1,,,,,,,,-1
MSG,2,0,0,78029D,0,2014/11/04,01:02:51.039,2014/11/04,01:02:51.039,,,175,208.1,,,,,,,,-1
MSG,2,0,0,78029D,0,2014/11/04,01:02:51.491,2014/11/04,01:02:51.491,,,175,208.1,,,,,,,,-1
MSG,2,0,0,78029D,0,2014/11/04,01:02:51.897,2014/11/04,01:02:51.897,,,175,208.1,,,,,,,,-1
MSG,2,0,0,78029D,0,2014/11/04,01:02:52.416,2014/11/04,01:02:52.416,,,175,208.1,,,,,,,,-1
MSG,2,0,0,78029D,0,2014/11/04,01:02:58.373,2014/11/04,01:02:58.373,,,175,208.1,,,,,,,,-1
MSG,2,0,0,78029D,0,2014/11/04,01:02:58.987,2014/11/04,01:02:58.987,,,175,208.1,,,,,,,,-1
MSG,2,0,0,78029D,0,2014/11/04,01:03:01.591,2014/11/04,01:03:01.591,,,175,208.1,,,,,,,,-1
MSG,2,0,0,78029D,0,2014/11/04,01:03:02.209,2014/11/04,01:03:02.209,,,175,208.1,,,,,,,,-1
MSG,7,0,0,78029D,0,2014/11/04,01:03:02.414,2014/11/04,01:03:02.414,,23600,,,,,,,,,,-1
MSG,2,0,0,78029D,0,2014/11/04,01:03:03.352,2014/11/04,01:03:03.352,,,175,208.1,,,,,,,,-1
MSG,7,0,0,78029D,0,2014/11/04,01:03:06.655,2014/11/04,01:03:06.655,,23600,,,,,,,,,,-1
MSG,7,0,0,78029D,0,2014/11/04,01:03:07.654,2014/11/04,01:03:07.654,,23600,,,,,,,,,,-1
MSG,7,0,0,78029D,0,2014/11/04,01:03:08.671,2014/11/04,01:03:08.671,,23600,,,,,,,,,,-1
MSG,2,0,0,78029D,0,2014/11/04,01:03:09.905,2014/11/04,01:03:09.905,,,175,208.1,,,,,,,,-1
MSG,1,0,0,78029D,0,2014/11/04,01:03:10.305,2014/11/04,01:03:10.305,CSZ9850,,,,,,,,,,,-1
MSG,2,0,0,78029D,0,2014/11/04,01:03:10.499,2014/11/04,01:03:10.499,,,175,208.1,,,,,,,,-1
MSG,2,0,0,78029D,0,2014/11/04,01:03:11.223,2014/11/04,01:03:11.223,,,175,208.1,,,,,,,,-1
MSG,2,0,0,78029D,0,2014/11/04,01:03:13.647,2014/11/04,01:03:13.647,,,175,208.1,,,,,,,,-1
MSG,7,0,0,78029D,0,2014/11/04,01:03:13.647,2014/11/04,01:03:13.647,,23600,,,,,,,,,,-1
MSG,7,0,0,78029D,0,2014/11/04,01:03:14.689,2014/11/04,01:03:14.689,,23600,,,,,,,,,,-1
MSG,2,0,0,78029D,0,2014/11/04,01:03:15.293,2014/11/04,01:03:15.293,,,175,208.1,,,,,,,,-1
MSG,2,0,0,78029D,0,2014/11/04,01:03:15.736,2014/11/04,01:03:15.736,,,175,208.1,,,,,,,,-1
MSG,2,0,0,78029D,0,2014/11/04,01:03:17.398,2014/11/04,01:03:17.398,,,175,208.1,,,,,,,,-1
MSG,2,0,0,78029D,0,2014/11/04,01:03:24.267,2014/11/04,01:03:24.267,,,175,208.1,,,,,,,,-1
MSG,2,0,0,78029D,0,2014/11/04,01:03:36.662,2014/11/04,01:03:36.662,,,175,208.1,,,,,,,,-1
MSG,7,0,0,78029D,0,2014/11/04,01:03:59.583,2014/11/04,01:03:59.583,,23600,,,,,,,,,,-1
MSG,2,0,0,78029D,0,2014/11/04,01:03:59.583,2014/11/04,01:03:59.583,,,175,208.1,,,,,,,,-1
MSG,2,0,0,78029D,0,2014/11/04,01:04:00.236,2014/11/04,01:04:00.236,,,175,208.1,,,,,,,,-1
MSG,7,0,0,78029D,0,2014/11/04,01:04:27.392,2014/11/04,01:04:27.392,,23600,,,,,,,,,,-1
MSG,7,0,0,78029D,0,2014/11/04,01:04:55.612,2014/11/04,01:04:55.612,,23600,,,,,,,,,,-1
MSG,2,0,0,78029D,0,2014/11/04,01:05:14.152,2014/11/04,01:05:14.152,,,175,208.1,,,,,,,,-1
MSG,8,0,0,78029D,0,2014/11/04,01:06:29.247,2014/11/04,01:06:29.247,,,,,,,,,,,,-1
MSG,2,0,0,78029D,0,2014/11/04,01:06:41.395,2014/11/04,01:06:41.395,,,175,208.1,,,,,,,,-1
MSG,2,0,0,78029D,0,2014/11/04,01:06:41.998,2014/11/04,01:06:41.998,,,175,208.1,,,,,,,,-1
MSG,2,0,0,78029D,0,2014/11/04,01:07:13.642,2014/11/04,01:07:13.642,,,175,208.1,,,,,,,,-1
MSG,7,0,0,78029D,0,2014/11/04,01:07:14.844,2014/11/04,01:07:14.844,,24675,,,,,,,,,,-1
MSG,2,0,0,78029D,0,2014/11/04,01:07:18.514,2014/11/04,01:07:18.514,,,175,208.1,,,,,,,,-1
MSG,2,0,0,78029D,0,2014/11/04,01:07:21.479,2014/11/04,01:07:21.479,,,175,208.1,,,,,,,,-1
MSG,2,0,0,78029D,0,2014/11/04,01:12:43.476,2014/11/04,01:12:43.476,,,175,208.1,40.900291,123.363815,,,,,,-1
MSG,2,0,0,78029D,0,2014/11/04,01:12:44.480,2014/11/04,01:12:44.480,,,175,208.1,,,,,,,,-1
