MSG,8,0,0,7BB077,0,2014/11/05,07:42:44.993,2014/11/05,07:42:44.993,,,,,,,,,,,,
MSG,7,0,0,7BB077,0,2014/11/05,07:42:44.993,2014/11/05,07:42:44.993,,11800,,,,,,,,,,0
MSG,8,0,0,7BB077,0,2014/11/05,07:43:09.324,2014/11/05,07:43:09.324,,,,,,,,,,,,
MSG,7,0,0,7BB077,0,2014/11/05,07:43:22.253,2014/11/05,07:43:22.253,,10625,,,,,,,,,,0
MSG,8,0,0,7BB077,0,2014/11/05,07:43:23.252,2014/11/05,07:43:23.252,,,,,,,,,,,,
MSG,7,0,0,7BB077,0,2014/11/05,07:43:24.047,2014/11/05,07:43:24.047,,10575,,,,,,,,,,0
MSG,7,0,0,7BB077,0,2014/11/05,07:43:28.171,2014/11/05,07:43:28.171,,10475,,,,,,,,,,0
MSG,8,0,0,7BB077,0,2014/11/05,07:43:42.474,2014/11/05,07:43:42.474,,,,,,,,,,,,
MSG,8,0,0,7BB077,0,2014/11/05,07:43:56.147,2014/11/05,07:43:56.147,,,,,,,,,,,,
MSG,7,0,0,7BB077,0,2014/11/05,07:43:56.747,2014/11/05,07:43:56.747,,9800,,,,,,,,,,0
MSG,8,0,0,7BB077,0,2014/11/05,07:43:57.152,2014/11/05,07:43:57.152,,,,,,,,,,,,
MSG,8,0,0,7BB077,0,2014/11/05,07:44:02.264,2014/11/05,07:44:02.264,,,,,,,,,,,,
MSG,7,0,0,7BB077,0,2014/11/05,07:44:08.139,2014/11/05,07:44:08.139,,9575,,,,,,,,,,0
MSG,8,0,0,7BB077,0,2014/11/05,07:44:56.315,2014/11/05,07:44:56.315,,,,,,,,,,,,
MSG,8,0,0,7BB077,0,2014/11/05,07:45:27.918,2014/11/05,07:45:27.918,,,,,,,,,,,,
MSG,8,0,0,7BB077,0,2014/11/05,07:45:43.469,2014/11/05,07:45:43.469,,,,,,,,,,,,
MSG,7,0,0,7BB077,0,2014/11/05,07:45:45.473,2014/11/05,07:45:45.473,,7175,,,,,,,,,,0
MSG,8,0,0,7BB077,0,2014/11/05,07:45:54.100,2014/11/05,07:45:54.100,,,,,,,,,,,,
MSG,8,0,0,7BB077,0,2014/11/05,07:45:56.019,2014/11/05,07:45:56.019,,,,,,,,,,,,
MSG,8,0,0,7BB077,0,2014/11/05,07:45:57.796,2014/11/05,07:45:57.796,,,,,,,,,,,,
MSG,8,0,0,7BB077,0,2014/11/05,07:45:59.869,2014/11/05,07:45:59.869,,,,,,,,,,,,
MSG,7,0,0,7BB077,0,2014/11/05,07:46:01.071,2014/11/05,07:46:01.071,,6900,,,,,,,,,,0
MSG,8,0,0,7BB077,0,2014/11/05,07:46:01.845,2014/11/05,07:46:01.845,,,,,,,,,,,,
MSG,8,0,0,7BB077,0,2014/11/05,07:46:02.841,2014/11/05,07:46:02.841,,,,,,,,,,,,
MSG,8,0,0,7BB077,0,2014/11/05,07:46:06.644,2014/11/05,07:46:06.644,,,,,,,,,,,,
MSG,8,0,0,7BB077,0,2014/11/05,07:46:07.643,2014/11/05,07:46:07.643,,,,,,,,,,,,
MSG,8,0,0,7BB077,0,2014/11/05,07:46:08.665,2014/11/05,07:46:08.665,,,,,,,,,,,,
MSG,7,0,0,7BB077,0,2014/11/05,07:46:10.308,2014/11/05,07:46:10.308,,6750,,,,,,,,,,0
MSG,7,0,0,7BB077,0,2014/11/05,07:46:11.356,2014/11/05,07:46:11.356,,6725,,,,,,,,,,0
MSG,7,0,0,7BB077,0,2014/11/05,07:46:16.327,2014/11/05,07:46:16.327,,6650,,,,,,,,,,0
MSG,8,0,0,7BB077,0,2014/11/05,07:46:22.549,2014/11/05,07:46:22.549,,,,,,,,,,,,
MSG,7,0,0,7BB077,0,2014/11/05,07:46:27.201,2014/11/05,07:46:27.201,,6500,,,,,,,,,,0
MSG,7,0,0,7BB077,0,2014/11/05,07:46:27.606,2014/11/05,07:46:27.606,,6475,,,,,,,,,,0
MSG,8,0,0,7BB077,0,2014/11/05,07:46:27.606,2014/11/05,07:46:27.606,,,,,,,,,,,,
MSG,8,0,0,7BB077,0,2014/11/05,07:46:29.433,2014/11/05,07:46:29.433,,,,,,,,,,,,
MSG,7,0,0,7BB077,0,2014/11/05,07:46:30.842,2014/11/05,07:46:30.842,,6450,,,,,,,,,,0
MSG,8,0,0,7BB077,0,2014/11/05,07:46:32.473,2014/11/05,07:46:32.473,,,,,,,,,,,,
MSG,8,0,0,7BB077,0,2014/11/05,07:46:33.276,2014/11/05,07:46:33.276,,,,,,,,,,,,
MSG,8,0,0,7BB077,0,2014/11/05,07:46:35.270,2014/11/05,07:46:35.270,,,,,,,,,,,,
MSG,8,0,0,7BB077,0,2014/11/05,07:46:36.270,2014/11/05,07:46:36.270,,,,,,,,,,,,
MSG,7,0,0,7BB077,0,2014/11/05,07:46:37.470,2014/11/05,07:46:37.470,,6375,,,,,,,,,,0
MSG,7,0,0,7BB077,0,2014/11/05,07:46:37.670,2014/11/05,07:46:37.670,,6375,,,,,,,,,,0
MSG,8,0,0,7BB077,0,2014/11/05,07:46:39.076,2014/11/05,07:46:39.076,,,,,,,,,,,,
MSG,7,0,0,7BB077,0,2014/11/05,07:46:40.674,2014/11/05,07:46:40.674,,6325,,,,,,,,,,0
MSG,7,0,0,7BB077,0,2014/11/05,07:46:40.674,2014/11/05,07:46:40.674,,6325,,,,,,,,,,0
MSG,8,0,0,7BB077,0,2014/11/05,07:46:41.074,2014/11/05,07:46:41.074,,,,,,,,,,,,
MSG,8,0,0,7BB077,0,2014/11/05,07:46:42.075,2014/11/05,07:46:42.075,,,,,,,,,,,,
MSG,8,0,0,7BB077,0,2014/11/05,07:46:45.070,2014/11/05,07:46:45.070,,,,,,,,,,,,
MSG,8,0,0,7BB077,0,2014/11/05,07:46:54.866,2014/11/05,07:46:54.866,,,,,,,,,,,,
MSG,7,0,0,7BB077,0,2014/11/05,07:46:57.360,2014/11/05,07:46:57.360,,6100,,,,,,,,,,0
MSG,7,0,0,7BB077,0,2014/11/05,07:46:58.760,2014/11/05,07:46:58.760,,6100,,,,,,,,,,0
MSG,8,0,0,7BB077,0,2014/11/05,07:46:59.967,2014/11/05,07:46:59.967,,,,,,,,,,,,
MSG,7,0,0,7BB077,0,2014/11/05,07:47:02.363,2014/11/05,07:47:02.363,,6050,,,,,,,,,,0
MSG,8,0,0,7BB077,0,2014/11/05,07:47:04.960,2014/11/05,07:47:04.960,,,,,,,,,,,,
MSG,8,0,0,7BB077,0,2014/11/05,07:47:05.965,2014/11/05,07:47:05.965,,,,,,,,,,,,
MSG,8,0,0,7BB077,0,2014/11/05,07:47:06.961,2014/11/05,07:47:06.961,,,,,,,,,,,,
MSG,8,0,0,7BB077,0,2014/11/05,07:47:08.767,2014/11/05,07:47:08.767,,,,,,,,,,,,
MSG,8,0,0,7BB077,0,2014/11/05,07:47:11.759,2014/11/05,07:47:11.759,,,,,,,,,,,,
MSG,8,0,0,7BB077,0,2014/11/05,07:47:12.825,2014/11/05,07:47:12.825,,,,,,,,,,,,
MSG,8,0,0,7BB077,0,2014/11/05,07:47:16.501,2014/11/05,07:47:16.501,,,,,,,,,,,,
MSG,8,0,0,7BB077,0,2014/11/05,07:47:18.701,2014/11/05,07:47:18.701,,,,,,,,,,,,
MSG,8,0,0,7BB077,0,2014/11/05,07:47:19.706,2014/11/05,07:47:19.706,,,,,,,,,,,,
MSG,8,0,0,7BB077,0,2014/11/05,07:47:20.699,2014/11/05,07:47:20.699,,,,,,,,,,,,
MSG,7,0,0,7BB077,0,2014/11/05,07:47:21.299,2014/11/05,07:47:21.299,,5800,,,,,,,,,,0
MSG,8,0,0,7BB077,0,2014/11/05,07:47:21.899,2014/11/05,07:47:21.899,,,,,,,,,,,,
MSG,8,0,0,7BB077,0,2014/11/05,07:47:22.718,2014/11/05,07:47:22.718,,,,,,,,,,,,
MSG,8,0,0,7BB077,0,2014/11/05,07:47:24.738,2014/11/05,07:47:24.738,,,,,,,,,,,,
MSG,7,0,0,7BB077,0,2014/11/05,07:47:27.541,2014/11/05,07:47:27.541,,5800,,,,,,,,,,0
MSG,8,0,0,7BB077,0,2014/11/05,07:47:30.543,2014/11/05,07:47:30.543,,,,,,,,,,,,
MSG,7,0,0,7BB077,0,2014/11/05,07:47:30.543,2014/11/05,07:47:30.543,,5800,,,,,,,,,,0
MSG,7,0,0,7BB077,0,2014/11/05,07:47:31.157,2014/11/05,07:47:31.157,,5800,,,,,,,,,,0
MSG,8,0,0,7BB077,0,2014/11/05,07:47:32.360,2014/11/05,07:47:32.360,,,,,,,,,,,,
MSG,8,0,0,7BB077,0,2014/11/05,07:49:30.134,2014/11/05,07:49:30.134,,,,,,,,,,,,
MSG,7,0,0,7BB077,0,2014/11/05,07:49:31.134,2014/11/05,07:49:31.134,,3950,,,,,,,,,,0
MSG,7,0,0,7BB077,0,2014/11/05,07:49:31.339,2014/11/05,07:49:31.339,,3950,,,,,,,,,,0
MSG,8,0,0,7BB077,0,2014/11/05,07:49:34.371,2014/11/05,07:49:34.371,,,,,,,,,,,,
MSG,7,0,0,7BB077,0,2014/11/05,07:49:36.030,2014/11/05,07:49:36.030,,3875,,,,,,,,,,0
MSG,8,0,0,7BB077,0,2014/11/05,07:49:36.434,2014/11/05,07:49:36.434,,,,,,,,,,,,
MSG,8,0,0,7BB077,0,2014/11/05,07:49:38.235,2014/11/05,07:49:38.235,,,,,,,,,,,,
MSG,8,0,0,7BB077,0,2014/11/05,07:49:38.235,2014/11/05,07:49:38.235,,,,,,,,,,,,
MSG,7,0,0,7BB077,0,2014/11/05,07:49:40.049,2014/11/05,07:49:40.049,,3825,,,,,,,,,,0
MSG,8,0,0,7BB077,0,2014/11/05,07:49:45.248,2014/11/05,07:49:45.248,,,,,,,,,,,,
MSG,8,0,0,7BB077,0,2014/11/05,07:49:46.243,2014/11/05,07:49:46.243,,,,,,,,,,,,
MSG,7,0,0,7BB077,0,2014/11/05,07:49:46.443,2014/11/05,07:49:46.443,,3750,,,,,,,,,,0
MSG,8,0,0,7BB077,0,2014/11/05,07:49:48.241,2014/11/05,07:49:48.241,,,,,,,,,,,,
MSG,7,0,0,7BB077,0,2014/11/05,07:49:51.263,2014/11/05,07:49:51.263,,3700,,,,,,,,,,0
MSG,8,0,0,7BB077,0,2014/11/05,07:49:51.465,2014/11/05,07:49:51.465,,,,,,,,,,,,
MSG,7,0,0,7BB077,0,2014/11/05,07:49:53.064,2014/11/05,07:49:53.064,,3675,,,,,,,,,,0
MSG,7,0,0,7BB077,0,2014/11/05,07:49:53.064,2014/11/05,07:49:53.064,,3675,,,,,,,,,,0
MSG,8,0,0,7BB077,0,2014/11/05,07:49:53.463,2014/11/05,07:49:53.463,,,,,,,,,,,,
MSG,8,0,0,7BB077,0,2014/11/05,07:49:55.262,2014/11/05,07:49:55.262,,,,,,,,,,,,
MSG,8,0,0,7BB077,0,2014/11/05,07:49:58.280,2014/11/05,07:49:58.280,,,,,,,,,,,,
MSG,7,0,0,7BB077,0,2014/11/05,07:49:58.485,2014/11/05,07:49:58.485,,3600,,,,,,,,,,0
MSG,8,0,0,7BB077,0,2014/11/05,07:50:00.284,2014/11/05,07:50:00.284,,,,,,,,,,,,
MSG,8,0,0,7BB077,0,2014/11/05,07:50:01.289,2014/11/05,07:50:01.289,,,,,,,,,,,,
MSG,7,0,0,7BB077,0,2014/11/05,07:50:01.489,2014/11/05,07:50:01.489,,3575,,,,,,,,,,0
MSG,7,0,0,7BB077,0,2014/11/05,07:50:25.467,2014/11/05,07:50:25.467,,3450,,,,,,,,,,0
MSG,7,0,0,7BB077,0,2014/11/05,07:50:37.544,2014/11/05,07:50:37.544,,3350,,,,,,,,,,0
MSG,7,0,0,7BB077,0,2014/11/05,07:50:38.188,2014/11/05,07:50:38.188,,3325,,,,,,,,,,0
MSG,8,0,0,7BB077,0,2014/11/05,07:50:40.485,2014/11/05,07:50:40.485,,,,,,,,,,,,
MSG,8,0,0,7BB077,0,2014/11/05,07:50:42.534,2014/11/05,07:50:42.534,,,,,,,,,,,,
MSG,7,0,0,7BB077,0,2014/11/05,07:50:43.351,2014/11/05,07:50:43.351,,3275,,,,,,,,,,0
MSG,8,0,0,7BB077,0,2014/11/05,07:50:43.561,2014/11/05,07:50:43.561,,,,,,,,,,,,
MSG,8,0,0,7BB077,0,2014/11/05,07:50:44.575,2014/11/05,07:50:44.575,,,,,,,,,,,,
MSG,8,0,0,7BB077,0,2014/11/05,07:50:45.576,2014/11/05,07:50:45.576,,,,,,,,,,,,
MSG,8,0,0,7BB077,0,2014/11/05,07:50:54.510,2014/11/05,07:50:54.510,,,,,,,,,,,,
MSG,8,0,0,7BB077,0,2014/11/05,07:50:55.509,2014/11/05,07:50:55.509,,,,,,,,,,,,
MSG,7,0,0,7BB077,0,2014/11/05,07:50:56.503,2014/11/05,07:50:56.503,,3175,,,,,,,,,,0
MSG,8,0,0,7BB077,0,2014/11/05,07:51:01.502,2014/11/05,07:51:01.502,,,,,,,,,,,,
MSG,8,0,0,7BB077,0,2014/11/05,07:51:02.311,2014/11/05,07:51:02.311,,,,,,,,,,,,
MSG,8,0,0,7BB077,0,2014/11/05,07:51:03.145,2014/11/05,07:51:03.145,,,,,,,,,,,,
MSG,8,0,0,7BB077,0,2014/11/05,07:51:08.366,2014/11/05,07:51:08.366,,,,,,,,,,,,
MSG,8,0,0,7BB077,0,2014/11/05,07:51:10.165,2014/11/05,07:51:10.165,,,,,,,,,,,,
MSG,8,0,0,7BB077,0,2014/11/05,07:51:14.234,2014/11/05,07:51:14.234,,,,,,,,,,,,
MSG,8,0,0,7BB077,0,2014/11/05,07:51:18.279,2014/11/05,07:51:18.279,,,,,,,,,,,,
MSG,8,0,0,7BB077,0,2014/11/05,07:51:19.274,2014/11/05,07:51:19.274,,,,,,,,,,,,
MSG,8,0,0,7BB077,0,2014/11/05,07:51:24.335,2014/11/05,07:51:24.335,,,,,,,,,,,,
MSG,8,0,0,7BB077,0,2014/11/05,07:51:25.339,2014/11/05,07:51:25.339,,,,,,,,,,,,
MSG,8,0,0,7BB077,0,2014/11/05,07:51:29.237,2014/11/05,07:51:29.237,,,,,,,,,,,,
MSG,7,0,0,7BB077,0,2014/11/05,07:51:32.242,2014/11/05,07:51:32.242,,2900,,,,,,,,,,0
MSG,7,0,0,7BB077,0,2014/11/05,07:51:32.647,2014/11/05,07:51:32.647,,2900,,,,,,,,,,0
MSG,8,0,0,7BB077,0,2014/11/05,07:51:33.046,2014/11/05,07:51:33.046,,,,,,,,,,,,
MSG,8,0,0,7BB077,0,2014/11/05,07:51:34.045,2014/11/05,07:51:34.045,,,,,,,,,,,,
MSG,8,0,0,7BB077,0,2014/11/05,07:51:35.050,2014/11/05,07:51:35.050,,,,,,,,,,,,
MSG,8,0,0,7BB077,0,2014/11/05,07:51:39.094,2014/11/05,07:51:39.094,,,,,,,,,,,,
MSG,8,0,0,7BB077,0,2014/11/05,07:51:49.363,2014/11/05,07:51:49.363,,,,,,,,,,,,
MSG,8,0,0,7BB077,0,2014/11/05,07:51:50.162,2014/11/05,07:51:50.162,,,,,,,,,,,,
MSG,7,0,0,7BB077,0,2014/11/05,07:51:51.162,2014/11/05,07:51:51.162,,2925,,,,,,,,,,0
MSG,7,0,0,7BB077,0,2014/11/05,07:51:55.396,2014/11/05,07:51:55.396,,2925,,,,,,,,,,0
MSG,8,0,0,7BB077,0,2014/11/05,07:51:56.817,2014/11/05,07:51:56.817,,,,,,,,,,,,
MSG,8,0,0,7BB077,0,2014/11/05,07:51:57.885,2014/11/05,07:51:57.885,,,,,,,,,,,,
MSG,8,0,0,7BB077,0,2014/11/05,07:52:01.698,2014/11/05,07:52:01.698,,,,,,,,,,,,
MSG,8,0,0,7BB077,0,2014/11/05,07:52:05.696,2014/11/05,07:52:05.696,,,,,,,,,,,,
MSG,7,0,0,7BB077,0,2014/11/05,07:52:07.094,2014/11/05,07:52:07.094,,2850,,,,,,,,,,0
MSG,8,0,0,7BB077,0,2014/11/05,07:52:07.693,2014/11/05,07:52:07.693,,,,,,,,,,,,
MSG,8,0,0,7BB077,0,2014/11/05,07:52:08.698,2014/11/05,07:52:08.698,,,,,,,,,,,,
MSG,8,0,0,7BB077,0,2014/11/05,07:52:09.734,2014/11/05,07:52:09.734,,,,,,,,,,,,
MSG,8,0,0,7BB077,0,2014/11/05,07:52:11.733,2014/11/05,07:52:11.733,,,,,,,,,,,,
MSG,8,0,0,7BB077,0,2014/11/05,07:52:17.756,2014/11/05,07:52:17.756,,,,,,,,,,,,
MSG,8,0,0,7BB077,0,2014/11/05,07:52:18.956,2014/11/05,07:52:18.956,,,,,,,,,,,,
MSG,8,0,0,7BB077,0,2014/11/05,07:52:19.885,2014/11/05,07:52:19.885,,,,,,,,,,,,
MSG,7,0,0,7BB077,0,2014/11/05,07:52:21.087,2014/11/05,07:52:21.087,,2625,,,,,,,,,,0
MSG,8,0,0,7BB077,0,2014/11/05,07:52:22.901,2014/11/05,07:52:22.901,,,,,,,,,,,,
MSG,8,0,0,7BB077,0,2014/11/05,07:52:23.901,2014/11/05,07:52:23.901,,,,,,,,,,,,
MSG,8,0,0,7BB077,0,2014/11/05,07:52:24.911,2014/11/05,07:52:24.911,,,,,,,,,,,,
MSG,8,0,0,7BB077,0,2014/11/05,07:52:25.904,2014/11/05,07:52:25.904,,,,,,,,,,,,
MSG,8,0,0,7BB077,0,2014/11/05,07:52:26.708,2014/11/05,07:52:26.708,,,,,,,,,,,,
MSG,8,0,0,7BB077,0,2014/11/05,07:52:28.704,2014/11/05,07:52:28.704,,,,,,,,,,,,
MSG,8,0,0,7BB077,0,2014/11/05,07:52:29.904,2014/11/05,07:52:29.904,,,,,,,,,,,,
MSG,8,0,0,7BB077,0,2014/11/05,07:52:37.735,2014/11/05,07:52:37.735,,,,,,,,,,,,
MSG,8,0,0,7BB077,0,2014/11/05,07:52:38.733,2014/11/05,07:52:38.733,,,,,,,,,,,,
MSG,8,0,0,7BB077,0,2014/11/05,07:52:39.739,2014/11/05,07:52:39.739,,,,,,,,,,,,
MSG,7,0,0,7BB077,0,2014/11/05,07:52:41.139,2014/11/05,07:52:41.139,,2450,,,,,,,,,,0
MSG,8,0,0,7BB077,0,2014/11/05,07:52:41.734,2014/11/05,07:52:41.734,,,,,,,,,,,,
MSG,8,0,0,7BB077,0,2014/11/05,07:52:43.733,2014/11/05,07:52:43.733,,,,,,,,,,,,
MSG,8,0,0,7BB077,0,2014/11/05,07:52:45.937,2014/11/05,07:52:45.937,,,,,,,,,,,,
MSG,8,0,0,7BB077,0,2014/11/05,07:52:47.745,2014/11/05,07:52:47.745,,,,,,,,,,,,
MSG,8,0,0,7BB077,0,2014/11/05,07:52:47.945,2014/11/05,07:52:47.945,,,,,,,,,,,,
MSG,8,0,0,7BB077,0,2014/11/05,07:52:50.781,2014/11/05,07:52:50.781,,,,,,,,,,,,
MSG,8,0,0,7BB077,0,2014/11/05,07:52:51.775,2014/11/05,07:52:51.775,,,,,,,,,,,,
MSG,8,0,0,7BB077,0,2014/11/05,07:52:52.775,2014/11/05,07:52:52.775,,,,,,,,,,,,
MSG,8,0,0,7BB077,0,2014/11/05,07:52:54.574,2014/11/05,07:52:54.574,,,,,,,,,,,,
MSG,8,0,0,7BB077,0,2014/11/05,07:52:55.578,2014/11/05,07:52:55.578,,,,,,,,,,,,
MSG,8,0,0,7BB077,0,2014/11/05,07:52:56.579,2014/11/05,07:52:56.579,,,,,,,,,,,,
MSG,7,0,0,7BB077,0,2014/11/05,07:52:58.178,2014/11/05,07:52:58.178,,2225,,,,,,,,,,0
MSG,7,0,0,7BB077,0,2014/11/05,07:52:58.178,2014/11/05,07:52:58.178,,2225,,,,,,,,,,0
MSG,8,0,0,7BB077,0,2014/11/05,07:52:58.572,2014/11/05,07:52:58.572,,,,,,,,,,,,
MSG,8,0,0,7BB077,0,2014/11/05,07:53:02.725,2014/11/05,07:53:02.725,,,,,,,,,,,,
MSG,8,0,0,7BB077,0,2014/11/05,07:53:06.543,2014/11/05,07:53:06.543,,,,,,,,,,,,
MSG,7,0,0,7BB077,0,2014/11/05,07:53:07.347,2014/11/05,07:53:07.347,,2100,,,,,,,,,,0
MSG,8,0,0,7BB077,0,2014/11/05,07:53:14.756,2014/11/05,07:53:14.756,,,,,,,,,,,,
MSG,8,0,0,7BB077,0,2014/11/05,07:53:18.755,2014/11/05,07:53:18.755,,,,,,,,,,,,
MSG,8,0,0,7BB077,0,2014/11/05,07:53:19.795,2014/11/05,07:53:19.795,,,,,,,,,,,,
MSG,8,0,0,7BB077,0,2014/11/05,07:53:22.599,2014/11/05,07:53:22.599,,,,,,,,,,,,
MSG,8,0,0,7BB077,0,2014/11/05,07:53:25.309,2014/11/05,07:53:25.309,,,,,,,,,,,,
MSG,8,0,0,7BB077,0,2014/11/05,07:53:28.509,2014/11/05,07:53:28.509,,,,,,,,,,,,
MSG,8,0,0,7BB077,0,2014/11/05,07:53:31.504,2014/11/05,07:53:31.504,,,,,,,,,,,,
MSG,8,0,0,7BB077,0,2014/11/05,07:53:35.576,2014/11/05,07:53:35.576,,,,,,,,,,,,
MSG,8,0,0,7BB077,0,2014/11/05,07:53:41.650,2014/11/05,07:53:41.650,,,,,,,,,,,,
MSG,8,0,0,7BB077,0,2014/11/05,07:53:48.362,2014/11/05,07:53:48.362,,,,,,,,,,,,
MSG,8,0,0,7BB077,0,2014/11/05,07:53:56.420,2014/11/05,07:53:56.420,,,,,,,,,,,,
MSG,8,0,0,7BB077,0,2014/11/05,07:53:58.217,2014/11/05,07:53:58.217,,,,,,,,,,,,
MSG,8,0,0,7BB077,0,2014/11/05,07:53:59.417,2014/11/05,07:53:59.417,,,,,,,,,,,,
MSG,8,0,0,7BB077,0,2014/11/05,07:54:08.497,2014/11/05,07:54:08.497,,,,,,,,,,,,
MSG,8,0,0,7BB077,0,2014/11/05,07:54:09.495,2014/11/05,07:54:09.495,,,,,,,,,,,,
MSG,8,0,0,7BB077,0,2014/11/05,07:54:11.499,2014/11/05,07:54:11.499,,,,,,,,,,,,
MSG,8,0,0,7BB077,0,2014/11/05,07:54:12.549,2014/11/05,07:54:12.549,,,,,,,,,,,,
MSG,8,0,0,7BB077,0,2014/11/05,07:54:14.183,2014/11/05,07:54:14.183,,,,,,,,,,,,
MSG,8,0,0,7BB077,0,2014/11/05,07:54:14.384,2014/11/05,07:54:14.384,,,,,,,,,,,,
MSG,7,0,0,7BB077,0,2014/11/05,07:54:14.593,2014/11/05,07:54:14.593,,1275,,,,,,,,,,0
MSG,8,0,0,7BB077,0,2014/11/05,07:54:16.198,2014/11/05,07:54:16.198,,,,,,,,,,,,
MSG,7,0,0,7BB077,0,2014/11/05,07:54:17.210,2014/11/05,07:54:17.210,,1250,,,,,,,,,,0
MSG,8,0,0,7BB077,0,2014/11/05,07:54:17.210,2014/11/05,07:54:17.210,,,,,,,,,,,,
MSG,7,0,0,7BB077,0,2014/11/05,07:54:20.005,2014/11/05,07:54:20.005,,1225,,,,,,,,,,0
MSG,8,0,0,7BB077,0,2014/11/05,07:54:26.255,2014/11/05,07:54:26.255,,,,,,,,,,,,
MSG,8,0,0,7BB077,0,2014/11/05,07:54:27.060,2014/11/05,07:54:27.060,,,,,,,,,,,,
MSG,7,0,0,7BB077,0,2014/11/05,07:54:29.117,2014/11/05,07:54:29.117,,1125,,,,,,,,,,0
MSG,8,0,0,7BB077,0,2014/11/05,07:54:29.117,2014/11/05,07:54:29.117,,,,,,,,,,,,
MSG,8,0,0,7BB077,0,2014/11/05,07:54:30.176,2014/11/05,07:54:30.176,,,,,,,,,,,,
MSG,7,0,0,7BB077,0,2014/11/05,07:54:30.582,2014/11/05,07:54:30.582,,1100,,,,,,,,,,0
MSG,8,0,0,7BB077,0,2014/11/05,07:54:31.182,2014/11/05,07:54:31.182,,,,,,,,,,,,
MSG,8,0,0,7BB077,0,2014/11/05,07:54:32.377,2014/11/05,07:54:32.377,,,,,,,,,,,,
MSG,8,0,0,7BB077,0,2014/11/05,07:54:36.229,2014/11/05,07:54:36.229,,,,,,,,,,,,
MSG,8,0,0,7BB077,0,2014/11/05,07:54:37.233,2014/11/05,07:54:37.233,,,,,,,,,,,,
MSG,8,0,0,7BB077,0,2014/11/05,07:54:41.388,2014/11/05,07:54:41.388,,,,,,,,,,,,
MSG,7,0,0,7BB077,0,2014/11/05,07:54:43.234,2014/11/05,07:54:43.234,,950,,,,,,,,,,0
MSG,8,0,0,7BB077,0,2014/11/05,07:54:45.271,2014/11/05,07:54:45.271,,,,,,,,,,,,
MSG,8,0,0,7BB077,0,2014/11/05,07:54:46.271,2014/11/05,07:54:46.271,,,,,,,,,,,,
MSG,8,0,0,7BB077,0,2014/11/05,07:54:50.035,2014/11/05,07:54:50.035,,,,,,,,,,,,
MSG,8,0,0,7BB077,0,2014/11/05,07:54:53.062,2014/11/05,07:54:53.062,,,,,,,,,,,,
MSG,8,0,0,7BB077,0,2014/11/05,07:54:58.958,2014/11/05,07:54:58.958,,,,,,,,,,,,
MSG,8,0,0,7BB077,0,2014/11/05,07:54:58.958,2014/11/05,07:54:58.958,,,,,,,,,,,,
MSG,7,0,0,7BB077,0,2014/11/05,07:55:05.033,2014/11/05,07:55:05.033,,675,,,,,,,,,,0
MSG,8,0,0,7BB077,0,2014/11/05,07:55:11.665,2014/11/05,07:55:11.665,,,,,,,,,,,,
MSG,8,0,0,7BB077,0,2014/11/05,07:55:22.455,2014/11/05,07:55:22.455,,,,,,,,,,,,
MSG,8,0,0,7BB077,0,2014/11/05,07:55:25.803,2014/11/05,07:55:25.803,,,,,,,,,,,,
MSG,8,0,0,7BB077,0,2014/11/05,07:55:33.829,2014/11/05,07:55:33.829,,,,,,,,,,,,
MSG,8,0,0,7BB077,0,2014/11/05,07:55:35.886,2014/11/05,07:55:35.886,,,,,,,,,,,,
MSG,7,0,0,7BB077,0,2014/11/05,07:55:36.091,2014/11/05,07:55:36.091,,300,,,,,,,,,,0
MSG,8,0,0,7BB077,0,2014/11/05,07:55:36.884,2014/11/05,07:55:36.884,,,,,,,,,,,,
MSG,7,0,0,7BB077,0,2014/11/05,07:55:37.084,2014/11/05,07:55:37.084,,275,,,,,,,,,,0
MSG,8,0,0,7BB077,0,2014/11/05,07:55:37.890,2014/11/05,07:55:37.890,,,,,,,,,,,,
MSG,8,0,0,7BB077,0,2014/11/05,07:55:40.950,2014/11/05,07:55:40.950,,,,,,,,,,,,
MSG,8,0,0,7BB077,0,2014/11/05,07:55:43.766,2014/11/05,07:55:43.766,,,,,,,,,,,,
MSG,7,0,0,7BB077,0,2014/11/05,07:55:47.037,2014/11/05,07:55:47.037,,150,,,,,,,,,,0
MSG,8,0,0,7BB077,0,2014/11/05,07:55:47.828,2014/11/05,07:55:47.828,,,,,,,,,,,,
MSG,8,0,0,7BB077,0,2014/11/05,07:55:54.113,2014/11/05,07:55:54.113,,,,,,,,,,,,
MSG,8,0,0,7BB077,0,2014/11/05,07:56:05.658,2014/11/05,07:56:05.658,,,,,,,,,,,,
MSG,8,0,0,7BB077,0,2014/11/05,07:56:06.457,2014/11/05,07:56:06.457,,,,,,,,,,,,
MSG,7,0,0,7BB077,0,2014/11/05,07:56:10.821,2014/11/05,07:56:10.821,,-100,,,,,,,,,,0
MSG,7,0,0,7BB077,0,2014/11/05,07:56:11.021,2014/11/05,07:56:11.021,,-100,,,,,,,,,,0
MSG,7,0,0,7BB077,0,2014/11/05,07:56:14.549,2014/11/05,07:56:14.549,,-100,,,,,,,,,,-1
MSG,7,0,0,7BB077,0,2014/11/05,07:56:15.992,2014/11/05,07:56:15.992,,-125,,,,,,,,,,-1
MSG,7,0,0,7BB077,0,2014/11/05,07:56:17.254,2014/11/05,07:56:17.254,,-125,,,,,,,,,,-1
MSG,8,0,0,7BB077,0,2014/11/05,07:56:32.585,2014/11/05,07:56:32.585,,,,,,,,,,,,
MSG,7,0,0,7BB077,0,2014/11/05,07:56:37.560,2014/11/05,07:56:37.560,,-75,,,,,,,,,,-1
MSG,7,0,0,7BB077,0,2014/11/05,07:56:39.779,2014/11/05,07:56:39.779,,-75,,,,,,,,,,-1
MSG,8,0,0,7BB077,0,2014/11/05,07:56:40.175,2014/11/05,07:56:40.175,,,,,,,,,,,,
MSG,7,0,0,7BB077,0,2014/11/05,07:56:40.175,2014/11/05,07:56:40.175,,-75,,,,,,,,,,-1
MSG,8,0,0,7BB077,0,2014/11/05,07:56:43.846,2014/11/05,07:56:43.846,,,,,,,,,,,,
MSG,8,0,0,7BB077,0,2014/11/05,07:56:48.124,2014/11/05,07:56:48.124,,,,,,,,,,,,
MSG,7,0,0,7BB077,0,2014/11/05,07:56:48.522,2014/11/05,07:56:48.522,,-75,,,,,,,,,,-1
MSG,7,0,0,7BB077,0,2014/11/05,07:56:49.917,2014/11/05,07:56:49.917,,-75,,,,,,,,,,-1
MSG,8,0,0,7BB077,0,2014/11/05,07:56:50.321,2014/11/05,07:56:50.321,,,,,,,,,,,,
MSG,8,0,0,7BB077,0,2014/11/05,07:56:52.253,2014/11/05,07:56:52.253,,,,,,,,,,,,
MSG,8,0,0,7BB077,0,2014/11/05,07:56:55.900,2014/11/05,07:56:55.900,,,,,,,,,,,,
MSG,7,0,0,7BB077,0,2014/11/05,07:57:09.729,2014/11/05,07:57:09.729,,-75,,,,,,,,,,-1
MSG,7,0,0,7BB077,0,2014/11/05,07:57:10.333,2014/11/05,07:57:10.333,,-75,,,,,,,,,,-1
MSG,7,0,0,7BB077,0,2014/11/05,07:57:10.738,2014/11/05,07:57:10.738,,-75,,,,,,,,,,-1
MSG,7,0,0,7BB077,0,2014/11/05,07:57:13.416,2014/11/05,07:57:13.416,,-75,,,,,,,,,,-1
MSG,7,0,0,7BB077,0,2014/11/05,07:57:17.516,2014/11/05,07:57:17.516,,-75,,,,,,,,,,-1
MSG,7,0,0,7BB077,0,2014/11/05,07:57:17.925,2014/11/05,07:57:17.925,,-75,,,,,,,,,,-1
MSG,7,0,0,7BB077,0,2014/11/05,07:57:18.740,2014/11/05,07:57:18.740,,-75,,,,,,,,,,-1
MSG,7,0,0,7BB077,0,2014/11/05,07:57:19.944,2014/11/05,07:57:19.944,,-75,,,,,,,,,,-1
MSG,7,0,0,7BB077,0,2014/11/05,07:57:19.944,2014/11/05,07:57:19.944,,-75,,,,,,,,,,-1
MSG,8,0,0,7BB077,0,2014/11/05,07:57:20.144,2014/11/05,07:57:20.144,,,,,,,,,,,,
MSG,7,0,0,7BB077,0,2014/11/05,07:57:20.744,2014/11/05,07:57:20.744,,-75,,,,,,,,,,-1
MSG,7,0,0,7BB077,0,2014/11/05,07:57:21.804,2014/11/05,07:57:21.804,,-75,,,,,,,,,,-1
MSG,7,0,0,7BB077,0,2014/11/05,07:57:21.804,2014/11/05,07:57:21.804,,-75,,,,,,,,,,-1
MSG,7,0,0,7BB077,0,2014/11/05,07:57:23.098,2014/11/05,07:57:23.098,,-75,,,,,,,,,,-1
MSG,8,0,0,7BB077,0,2014/11/05,08:56:24.657,2014/11/05,08:56:24.657,,,,,,,,,,,,
MSG,8,0,0,7BB077,0,2014/11/05,08:56:26.754,2014/11/05,08:56:26.754,,,,,,,,,,,,
MSG,8,0,0,7BB077,0,2014/11/05,08:56:28.784,2014/11/05,08:56:28.784,,,,,,,,,,,,
MSG,7,0,0,7BB077,0,2014/11/05,08:56:30.557,2014/11/05,08:56:30.557,,,,,,,,,,,,-1
MSG,7,0,0,7BB077,0,2014/11/05,08:56:30.557,2014/11/05,08:56:30.557,,,,,,,,,,,,-1
MSG,8,0,0,7BB077,0,2014/11/05,08:56:30.757,2014/11/05,08:56:30.757,,,,,,,,,,,,
MSG,7,0,0,7BB077,0,2014/11/05,08:56:31.533,2014/11/05,08:56:31.533,,,,,,,,,,,,-1
MSG,7,0,0,7BB077,0,2014/11/05,08:56:31.733,2014/11/05,08:56:31.733,,,,,,,,,,,,-1
MSG,7,0,0,7BB077,0,2014/11/05,08:56:32.133,2014/11/05,08:56:32.133,,,,,,,,,,,,-1
MSG,7,0,0,7BB077,0,2014/11/05,08:56:32.537,2014/11/05,08:56:32.537,,,,,,,,,,,,-1
MSG,7,0,0,7BB077,0,2014/11/05,08:56:33.176,2014/11/05,08:56:33.176,,,,,,,,,,,,-1
MSG,8,0,0,7BB077,0,2014/11/05,08:56:33.565,2014/11/05,08:56:33.565,,,,,,,,,,,,
MSG,7,0,0,7BB077,0,2014/11/05,08:56:35.189,2014/11/05,08:56:35.189,,,,,,,,,,,,-1
MSG,8,0,0,7BB077,0,2014/11/05,08:56:35.609,2014/11/05,08:56:35.609,,,,,,,,,,,,
MSG,7,0,0,7BB077,0,2014/11/05,08:56:36.056,2014/11/05,08:56:36.056,,,,,,,,,,,,-1
MSG,8,0,0,7BB077,0,2014/11/05,08:56:36.650,2014/11/05,08:56:36.650,,,,,,,,,,,,
MSG,7,0,0,7BB077,0,2014/11/05,08:56:37.104,2014/11/05,08:56:37.104,,,,,,,,,,,,-1
MSG,8,0,0,7BB077,0,2014/11/05,08:56:38.906,2014/11/05,08:56:38.906,,,,,,,,,,,,
MSG,8,0,0,7BB077,0,2014/11/05,08:56:40.708,2014/11/05,08:56:40.708,,,,,,,,,,,,
MSG,7,0,0,7BB077,0,2014/11/05,08:56:43.078,2014/11/05,08:56:43.078,,,,,,,,,,,,-1
MSG,7,0,0,7BB077,0,2014/11/05,08:56:44.054,2014/11/05,08:56:44.054,,,,,,,,,,,,-1
MSG,8,0,0,7BB077,0,2014/11/05,08:56:46.939,2014/11/05,08:56:46.939,,,,,,,,,,,,
MSG,7,0,0,7BB077,0,2014/11/05,08:56:50.633,2014/11/05,08:56:50.633,,,,,,,,,,,,-1
MSG,8,0,0,7BB077,0,2014/11/05,08:56:52.787,2014/11/05,08:56:52.787,,,,,,,,,,,,
MSG,7,0,0,7BB077,0,2014/11/05,08:56:55.665,2014/11/05,08:56:55.665,,,,,,,,,,,,-1
MSG,8,0,0,7BB077,0,2014/11/05,08:56:56.667,2014/11/05,08:56:56.667,,,,,,,,,,,,
MSG,8,0,0,7BB077,0,2014/11/05,08:56:58.482,2014/11/05,08:56:58.482,,,,,,,,,,,,
MSG,8,0,0,7BB077,0,2014/11/05,08:56:59.484,2014/11/05,08:56:59.484,,,,,,,,,,,,
MSG,7,0,0,7BB077,0,2014/11/05,08:57:02.149,2014/11/05,08:57:02.149,,,,,,,,,,,,-1
MSG,8,0,0,7BB077,0,2014/11/05,08:57:02.549,2014/11/05,08:57:02.549,,,,,,,,,,,,
MSG,7,0,0,7BB077,0,2014/11/05,08:57:03.250,2014/11/05,08:57:03.250,,,,,,,,,,,,-1
MSG,7,0,0,7BB077,0,2014/11/05,08:57:03.250,2014/11/05,08:57:03.250,,,,,,,,,,,,-1
MSG,7,0,0,7BB077,0,2014/11/05,08:57:05.219,2014/11/05,08:57:05.219,,,,,,,,,,,,-1
MSG,8,0,0,7BB077,0,2014/11/05,08:57:06.622,2014/11/05,08:57:06.622,,,,,,,,,,,,
MSG,8,0,0,7BB077,0,2014/11/05,08:57:08.435,2014/11/05,08:57:08.435,,,,,,,,,,,,
MSG,7,0,0,7BB077,0,2014/11/05,08:57:10.661,2014/11/05,08:57:10.661,,,,,,,,,,,,-1
MSG,8,0,0,7BB077,0,2014/11/05,08:57:12.167,2014/11/05,08:57:12.167,,,,,,,,,,,,
MSG,8,0,0,7BB077,0,2014/11/05,08:57:14.268,2014/11/05,08:57:14.268,,,,,,,,,,,,
MSG,8,0,0,7BB077,0,2014/11/05,08:57:16.177,2014/11/05,08:57:16.177,,,,,,,,,,,,
MSG,8,0,0,7BB077,0,2014/11/05,08:57:28.943,2014/11/05,08:57:28.943,,,,,,,,,,,,
MSG,8,0,0,7BB077,0,2014/11/05,08:57:29.987,2014/11/05,08:57:29.987,,,,,,,,,,,,
MSG,7,0,0,7BB077,0,2014/11/05,08:57:31.695,2014/11/05,08:57:31.695,,,,,,,,,,,,-1
MSG,7,0,0,7BB077,0,2014/11/05,08:57:40.620,2014/11/05,08:57:40.620,,,,,,,,,,,,-1
MSG,8,0,0,7BB077,0,2014/11/05,08:57:41.461,2014/11/05,08:57:41.461,,,,,,,,,,,,
MSG,8,0,0,7BB077,0,2014/11/05,08:57:44.151,2014/11/05,08:57:44.151,,,,,,,,,,,,
MSG,8,0,0,7BB077,0,2014/11/05,08:57:45.155,2014/11/05,08:57:45.155,,,,,,,,,,,,
MSG,7,0,0,7BB077,0,2014/11/05,08:57:45.584,2014/11/05,08:57:45.584,,,,,,,,,,,,-1
MSG,8,0,0,7BB077,0,2014/11/05,08:57:46.042,2014/11/05,08:57:46.042,,,,,,,,,,,,
MSG,7,0,0,7BB077,0,2014/11/05,08:57:48.209,2014/11/05,08:57:48.209,,,,,,,,,,,,-1
MSG,7,0,0,7BB077,0,2014/11/05,08:57:49.192,2014/11/05,08:57:49.192,,,,,,,,,,,,-1
MSG,8,0,0,7BB077,0,2014/11/05,08:57:49.192,2014/11/05,08:57:49.192,,,,,,,,,,,,
MSG,8,0,0,7BB077,0,2014/11/05,08:57:49.793,2014/11/05,08:57:49.793,,,,,,,,,,,,
MSG,8,0,0,7BB077,0,2014/11/05,08:57:58.630,2014/11/05,08:57:58.630,,,,,,,,,,,,
MSG,7,0,0,7BB077,0,2014/11/05,08:58:00.473,2014/11/05,08:58:00.473,,,,,,,,,,,,-1
MSG,7,0,0,7BB077,0,2014/11/05,08:58:00.673,2014/11/05,08:58:00.673,,,,,,,,,,,,-1
MSG,8,0,0,7BB077,0,2014/11/05,08:58:01.476,2014/11/05,08:58:01.476,,,,,,,,,,,,
MSG,7,0,0,7BB077,0,2014/11/05,08:58:01.476,2014/11/05,08:58:01.476,,,,,,,,,,,,-1
MSG,8,0,0,7BB077,0,2014/11/05,08:58:02.480,2014/11/05,08:58:02.480,,,,,,,,,,,,
MSG,8,0,0,7BB077,0,2014/11/05,08:58:05.312,2014/11/05,08:58:05.312,,,,,,,,,,,,
MSG,8,0,0,7BB077,0,2014/11/05,08:58:06.171,2014/11/05,08:58:06.171,,,,,,,,,,,,
MSG,7,0,0,7BB077,0,2014/11/05,08:58:06.571,2014/11/05,08:58:06.571,,,,,,,,,,,,-1
MSG,7,0,0,7BB077,0,2014/11/05,08:58:06.571,2014/11/05,08:58:06.571,,,,,,,,,,,,-1
MSG,8,0,0,7BB077,0,2014/11/05,08:58:09.248,2014/11/05,08:58:09.248,,,,,,,,,,,,
MSG,8,0,0,7BB077,0,2014/11/05,08:58:10.230,2014/11/05,08:58:10.230,,,,,,,,,,,,
MSG,8,0,0,7BB077,0,2014/11/05,08:58:11.243,2014/11/05,08:58:11.243,,,,,,,,,,,,
MSG,7,0,0,7BB077,0,2014/11/05,08:58:11.443,2014/11/05,08:58:11.443,,,,,,,,,,,,-1
MSG,7,0,0,7BB077,0,2014/11/05,08:58:11.643,2014/11/05,08:58:11.643,,,,,,,,,,,,-1
MSG,7,0,0,7BB077,0,2014/11/05,08:58:12.043,2014/11/05,08:58:12.043,,,,,,,,,,,,-1
MSG,8,0,0,7BB077,0,2014/11/05,08:58:12.243,2014/11/05,08:58:12.243,,,,,,,,,,,,
MSG,7,0,0,7BB077,0,2014/11/05,08:58:12.644,2014/11/05,08:58:12.644,,,,,,,,,,,,-1
MSG,7,0,0,7BB077,0,2014/11/05,08:58:13.441,2014/11/05,08:58:13.441,,,,,,,,,,,,-1
MSG,8,0,0,7BB077,0,2014/11/05,08:58:15.864,2014/11/05,08:58:15.864,,,,,,,,,,,,
MSG,8,0,0,7BB077,0,2014/11/05,08:58:17.707,2014/11/05,08:58:17.707,,,,,,,,,,,,
MSG,7,0,0,7BB077,0,2014/11/05,08:58:18.108,2014/11/05,08:58:18.108,,,,,,,,,,,,-1
MSG,8,0,0,7BB077,0,2014/11/05,08:58:19.791,2014/11/05,08:58:19.791,,,,,,,,,,,,
MSG,7,0,0,7BB077,0,2014/11/05,08:58:27.219,2014/11/05,08:58:27.219,,-75,,,,,,,,,,-1
MSG,8,0,0,7BB077,0,2014/11/05,08:58:29.690,2014/11/05,08:58:29.690,,,,,,,,,,,,
MSG,8,0,0,7BB077,0,2014/11/05,08:58:31.586,2014/11/05,08:58:31.586,,,,,,,,,,,,
MSG,7,0,0,7BB077,0,2014/11/05,08:58:32.638,2014/11/05,08:58:32.638,,-75,,,,,,,,,,-1
MSG,7,0,0,7BB077,0,2014/11/05,08:58:32.638,2014/11/05,08:58:32.638,,-75,,,,,,,,,,-1
MSG,7,0,0,7BB077,0,2014/11/05,08:58:33.487,2014/11/05,08:58:33.487,,-75,,,,,,,,,,-1
MSG,7,0,0,7BB077,0,2014/11/05,08:58:33.687,2014/11/05,08:58:33.687,,-75,,,,,,,,,,-1
MSG,8,0,0,7BB077,0,2014/11/05,08:58:33.687,2014/11/05,08:58:33.687,,,,,,,,,,,,
MSG,8,0,0,7BB077,0,2014/11/05,08:58:35.716,2014/11/05,08:58:35.716,,,,,,,,,,,,
MSG,8,0,0,7BB077,0,2014/11/05,08:58:37.747,2014/11/05,08:58:37.747,,,,,,,,,,,,
MSG,7,0,0,7BB077,0,2014/11/05,08:58:38.992,2014/11/05,08:58:38.992,,-75,,,,,,,,,,-1
MSG,7,0,0,7BB077,0,2014/11/05,08:58:39.515,2014/11/05,08:58:39.515,,-75,,,,,,,,,,-1
MSG,8,0,0,7BB077,0,2014/11/05,08:58:39.715,2014/11/05,08:58:39.715,,,,,,,,,,,,
MSG,8,0,0,7BB077,0,2014/11/05,08:58:49.672,2014/11/05,08:58:49.672,,,,,,,,,,,,
MSG,8,0,0,7BB077,0,2014/11/05,08:58:51.708,2014/11/05,08:58:51.708,,,,,,,,,,,,
MSG,8,0,0,7BB077,0,2014/11/05,08:58:53.617,2014/11/05,08:58:53.617,,,,,,,,,,,,
MSG,8,0,0,7BB077,0,2014/11/05,08:58:55.572,2014/11/05,08:58:55.572,,,,,,,,,,,,
MSG,7,0,0,7BB077,0,2014/11/05,08:58:59.575,2014/11/05,08:58:59.575,,-75,,,,,,,,,,-1
MSG,8,0,0,7BB077,0,2014/11/05,08:58:59.775,2014/11/05,08:58:59.775,,,,,,,,,,,,
MSG,8,0,0,7BB077,0,2014/11/05,08:59:05.662,2014/11/05,08:59:05.662,,,,,,,,,,,,
MSG,8,0,0,7BB077,0,2014/11/05,08:59:14.847,2014/11/05,08:59:14.847,,,,,,,,,,,,
MSG,8,0,0,7BB077,0,2014/11/05,08:59:15.559,2014/11/05,08:59:15.559,,,,,,,,,,,,
MSG,8,0,0,7BB077,0,2014/11/05,08:59:16.558,2014/11/05,08:59:16.558,,,,,,,,,,,,
MSG,8,0,0,7BB077,0,2014/11/05,08:59:17.523,2014/11/05,08:59:17.523,,,,,,,,,,,,
MSG,8,0,0,7BB077,0,2014/11/05,08:59:19.756,2014/11/05,08:59:19.756,,,,,,,,,,,,
MSG,8,0,0,7BB077,0,2014/11/05,08:59:21.459,2014/11/05,08:59:21.459,,,,,,,,,,,,
MSG,7,0,0,7BB077,0,2014/11/05,08:59:21.659,2014/11/05,08:59:21.659,,-75,,,,,,,,,,-1
MSG,7,0,0,7BB077,0,2014/11/05,08:59:22.060,2014/11/05,08:59:22.060,,-75,,,,,,,,,,-1
MSG,8,0,0,7BB077,0,2014/11/05,08:59:22.508,2014/11/05,08:59:22.508,,,,,,,,,,,,
MSG,7,0,0,7BB077,0,2014/11/05,08:59:23.109,2014/11/05,08:59:23.109,,-75,,,,,,,,,,-1
MSG,8,0,0,7BB077,0,2014/11/05,08:59:23.559,2014/11/05,08:59:23.559,,,,,,,,,,,,
MSG,7,0,0,7BB077,0,2014/11/05,08:59:25.649,2014/11/05,08:59:25.649,,-75,,,,,,,,,,-1
MSG,8,0,0,7BB077,0,2014/11/05,08:59:27.306,2014/11/05,08:59:27.306,,,,,,,,,,,,
MSG,7,0,0,7BB077,0,2014/11/05,08:59:30.045,2014/11/05,08:59:30.045,,-75,,,,,,,,,,-1
MSG,8,0,0,7BB077,0,2014/11/05,08:59:31.231,2014/11/05,08:59:31.231,,,,,,,,,,,,
MSG,7,0,0,7BB077,0,2014/11/05,08:59:35.471,2014/11/05,08:59:35.471,,-75,,,,,,,,,,-1
MSG,8,0,0,7BB077,0,2014/11/05,08:59:36.091,2014/11/05,08:59:36.091,,,,,,,,,,,,
MSG,7,0,0,7BB077,0,2014/11/05,09:00:00.601,2014/11/05,09:00:00.601,,-75,,,,,,,,,,-1
MSG,8,0,0,7BB077,0,2014/11/05,09:00:01.495,2014/11/05,09:00:01.495,,,,,,,,,,,,
MSG,8,0,0,7BB077,0,2014/11/05,09:00:02.497,2014/11/05,09:00:02.497,,,,,,,,,,,,
MSG,8,0,0,7BB077,0,2014/11/05,09:00:03.492,2014/11/05,09:00:03.492,,,,,,,,,,,,
MSG,8,0,0,7BB077,0,2014/11/05,09:00:06.543,2014/11/05,09:00:06.543,,,,,,,,,,,,
MSG,8,0,0,7BB077,0,2014/11/05,09:00:07.460,2014/11/05,09:00:07.460,,,,,,,,,,,,
MSG,8,0,0,7BB077,0,2014/11/05,09:00:08.453,2014/11/05,09:00:08.453,,,,,,,,,,,,
MSG,8,0,0,7BB077,0,2014/11/05,09:00:09.428,2014/11/05,09:00:09.428,,,,,,,,,,,,
MSG,7,0,0,7BB077,0,2014/11/05,09:00:09.628,2014/11/05,09:00:09.628,,-75,,,,,,,,,,-1
MSG,7,0,0,7BB077,0,2014/11/05,09:00:10.429,2014/11/05,09:00:10.429,,-75,,,,,,,,,,-1
MSG,7,0,0,7BB077,0,2014/11/05,09:00:10.429,2014/11/05,09:00:10.429,,-75,,,,,,,,,,-1
MSG,8,0,0,7BB077,0,2014/11/05,09:00:11.264,2014/11/05,09:00:11.264,,,,,,,,,,,,
MSG,8,0,0,7BB077,0,2014/11/05,09:00:13.298,2014/11/05,09:00:13.298,,,,,,,,,,,,
MSG,8,0,0,7BB077,0,2014/11/05,09:00:15.271,2014/11/05,09:00:15.271,,,,,,,,,,,,
MSG,7,0,0,7BB077,0,2014/11/05,09:00:16.523,2014/11/05,09:00:16.523,,-75,,,,,,,,,,-1
MSG,8,0,0,7BB077,0,2014/11/05,09:00:17.126,2014/11/05,09:00:17.126,,,,,,,,,,,,
MSG,8,0,0,7BB077,0,2014/11/05,09:00:19.126,2014/11/05,09:00:19.126,,,,,,,,,,,,
MSG,8,0,0,7BB077,0,2014/11/05,09:00:20.173,2014/11/05,09:00:20.173,,,,,,,,,,,,
MSG,8,0,0,7BB077,0,2014/11/05,09:00:22.345,2014/11/05,09:00:22.345,,,,,,,,,,,,
MSG,7,0,0,7BB077,0,2014/11/05,09:00:23.515,2014/11/05,09:00:23.515,,-75,,,,,,,,,,-1
MSG,8,0,0,7BB077,0,2014/11/05,09:00:29.157,2014/11/05,09:00:29.157,,,,,,,,,,,,
MSG,8,0,0,7BB077,0,2014/11/05,09:00:30.159,2014/11/05,09:00:30.159,,,,,,,,,,,,
MSG,7,0,0,7BB077,0,2014/11/05,09:00:31.575,2014/11/05,09:00:31.575,,-75,,,,,,,,,,-1
MSG,7,0,0,7BB077,0,2014/11/05,09:00:32.557,2014/11/05,09:00:32.557,,-75,,,,,,,,,,-1
MSG,8,0,0,7BB077,0,2014/11/05,09:00:33.286,2014/11/05,09:00:33.286,,,,,,,,,,,,
MSG,8,0,0,7BB077,0,2014/11/05,09:00:34.130,2014/11/05,09:00:34.130,,,,,,,,,,,,
MSG,8,0,0,7BB077,0,2014/11/05,09:00:41.339,2014/11/05,09:00:41.339,,,,,,,,,,,,
MSG,8,0,0,7BB077,0,2014/11/05,09:00:48.288,2014/11/05,09:00:48.288,,,,,,,,,,,,
MSG,8,0,0,7BB077,0,2014/11/05,09:01:01.587,2014/11/05,09:01:01.587,,,,,,,,,,,,
MSG,8,0,0,7BB077,0,2014/11/05,09:01:07.692,2014/11/05,09:01:07.692,,,,,,,,,,,,
MSG,8,0,0,7BB077,0,2014/11/05,09:01:09.789,2014/11/05,09:01:09.789,,,,,,,,,,,,
MSG,8,0,0,7BB077,0,2014/11/05,09:01:14.562,2014/11/05,09:01:14.562,,,,,,,,,,,,
MSG,8,0,0,7BB077,0,2014/11/05,09:01:16.593,2014/11/05,09:01:16.593,,,,,,,,,,,,
MSG,8,0,0,7BB077,0,2014/11/05,09:01:26.894,2014/11/05,09:01:26.894,,,,,,,,,,,,
MSG,8,0,0,7BB077,0,2014/11/05,09:01:28.983,2014/11/05,09:01:28.983,,,,,,,,,,,,
MSG,8,0,0,7BB077,0,2014/11/05,09:01:32.911,2014/11/05,09:01:32.911,,,,,,,,,,,,
MSG,8,0,0,7BB077,0,2014/11/05,09:01:34.032,2014/11/05,09:01:34.032,,,,,,,,,,,,
MSG,8,0,0,7BB077,0,2014/11/05,09:01:37.900,2014/11/05,09:01:37.900,,,,,,,,,,,,
MSG,8,0,0,7BB077,0,2014/11/05,09:01:39.004,2014/11/05,09:01:39.004,,,,,,,,,,,,
MSG,8,0,0,7BB077,0,2014/11/05,09:01:39.867,2014/11/05,09:01:39.867,,,,,,,,,,,,
MSG,8,0,0,7BB077,0,2014/11/05,09:01:40.775,2014/11/05,09:01:40.775,,,,,,,,,,,,
MSG,8,0,0,7BB077,0,2014/11/05,09:01:42.610,2014/11/05,09:01:42.610,,,,,,,,,,,,
MSG,8,0,0,7BB077,0,2014/11/05,09:01:43.735,2014/11/05,09:01:43.735,,,,,,,,,,,,
MSG,8,0,0,7BB077,0,2014/11/05,09:01:44.775,2014/11/05,09:01:44.775,,,,,,,,,,,,
MSG,8,0,0,7BB077,0,2014/11/05,09:01:45.895,2014/11/05,09:01:45.895,,,,,,,,,,,,
MSG,8,0,0,7BB077,0,2014/11/05,09:01:46.897,2014/11/05,09:01:46.897,,,,,,,,,,,,
MSG,8,0,0,7BB077,0,2014/11/05,09:01:47.791,2014/11/05,09:01:47.791,,,,,,,,,,,,
MSG,8,0,0,7BB077,0,2014/11/05,09:01:49.013,2014/11/05,09:01:49.013,,,,,,,,,,,,
MSG,8,0,0,7BB077,0,2014/11/05,09:01:54.290,2014/11/05,09:01:54.290,,,,,,,,,,,,
MSG,8,0,0,7BB077,0,2014/11/05,09:01:56.377,2014/11/05,09:01:56.377,,,,,,,,,,,,
MSG,8,0,0,7BB077,0,2014/11/05,09:01:57.377,2014/11/05,09:01:57.377,,,,,,,,,,,,
MSG,8,0,0,7BB077,0,2014/11/05,09:01:58.282,2014/11/05,09:01:58.282,,,,,,,,,,,,
MSG,8,0,0,7BB077,0,2014/11/05,09:02:03.453,2014/11/05,09:02:03.453,,,,,,,,,,,,
MSG,8,0,0,7BB077,0,2014/11/05,09:02:04.300,2014/11/05,09:02:04.300,,,,,,,,,,,,
MSG,8,0,0,7BB077,0,2014/11/05,09:02:05.303,2014/11/05,09:02:05.303,,,,,,,,,,,,
MSG,8,0,0,7BB077,0,2014/11/05,09:02:06.270,2014/11/05,09:02:06.270,,,,,,,,,,,,
MSG,8,0,0,7BB077,0,2014/11/05,09:02:07.060,2014/11/05,09:02:07.060,,,,,,,,,,,,
MSG,8,0,0,7BB077,0,2014/11/05,09:02:08.236,2014/11/05,09:02:08.236,,,,,,,,,,,,
MSG,8,0,0,7BB077,0,2014/11/05,09:02:09.038,2014/11/05,09:02:09.038,,,,,,,,,,,,
MSG,8,0,0,7BB077,0,2014/11/05,09:02:10.985,2014/11/05,09:02:10.985,,,,,,,,,,,,
MSG,8,0,0,7BB077,0,2014/11/05,09:02:12.036,2014/11/05,09:02:12.036,,,,,,,,,,,,
MSG,8,0,0,7BB077,0,2014/11/05,09:02:13.221,2014/11/05,09:02:13.221,,,,,,,,,,,,
MSG,8,0,0,7BB077,0,2014/11/05,09:02:14.137,2014/11/05,09:02:14.137,,,,,,,,,,,,
MSG,8,0,0,7BB077,0,2014/11/05,09:02:15.112,2014/11/05,09:02:15.112,,,,,,,,,,,,
MSG,8,0,0,7BB077,0,2014/11/05,09:02:16.034,2014/11/05,09:02:16.034,,,,,,,,,,,,
MSG,8,0,0,7BB077,0,2014/11/05,09:02:18.847,2014/11/05,09:02:18.847,,,,,,,,,,,,
MSG,8,0,0,7BB077,0,2014/11/05,09:02:19.910,2014/11/05,09:02:19.910,,,,,,,,,,,,
MSG,8,0,0,7BB077,0,2014/11/05,09:02:21.928,2014/11/05,09:02:21.928,,,,,,,,,,,,
MSG,8,0,0,7BB077,0,2014/11/05,09:02:22.930,2014/11/05,09:02:22.930,,,,,,,,,,,,
MSG,8,0,0,7BB077,0,2014/11/05,09:02:23.967,2014/11/05,09:02:23.967,,,,,,,,,,,,
MSG,8,0,0,7BB077,0,2014/11/05,09:02:24.968,2014/11/05,09:02:24.968,,,,,,,,,,,,
MSG,8,0,0,7BB077,0,2014/11/05,09:02:25.998,2014/11/05,09:02:25.998,,,,,,,,,,,,
MSG,8,0,0,7BB077,0,2014/11/05,09:02:28.092,2014/11/05,09:02:28.092,,,,,,,,,,,,
MSG,8,0,0,7BB077,0,2014/11/05,09:02:30.061,2014/11/05,09:02:30.061,,,,,,,,,,,,
MSG,8,0,0,7BB077,0,2014/11/05,09:02:30.262,2014/11/05,09:02:30.262,,,,,,,,,,,,
MSG,8,0,0,7BB077,0,2014/11/05,09:02:30.262,2014/11/05,09:02:30.262,,,,,,,,,,,,
MSG,8,0,0,7BB077,0,2014/11/05,09:02:33.268,2014/11/05,09:02:33.268,,,,,,,,,,,,
MSG,8,0,0,7BB077,0,2014/11/05,09:02:38.116,2014/11/05,09:02:38.116,,,,,,,,,,,,
MSG,8,0,0,7BB077,0,2014/11/05,09:02:39.031,2014/11/05,09:02:39.031,,,,,,,,,,,,
MSG,8,0,0,7BB077,0,2014/11/05,09:02:41.071,2014/11/05,09:02:41.071,,,,,,,,,,,,
MSG,8,0,0,7BB077,0,2014/11/05,09:02:42.252,2014/11/05,09:02:42.252,,,,,,,,,,,,
MSG,8,0,0,7BB077,0,2014/11/05,09:02:43.164,2014/11/05,09:02:43.164,,,,,,,,,,,,
MSG,8,0,0,7BB077,0,2014/11/05,09:02:44.013,2014/11/05,09:02:44.013,,,,,,,,,,,,
MSG,8,0,0,7BB077,0,2014/11/05,09:02:44.999,2014/11/05,09:02:44.999,,,,,,,,,,,,
MSG,8,0,0,7BB077,0,2014/11/05,09:02:46.054,2014/11/05,09:02:46.054,,,,,,,,,,,,
MSG,8,0,0,7BB077,0,2014/11/05,09:02:47.095,2014/11/05,09:02:47.095,,,,,,,,,,,,
MSG,8,0,0,7BB077,0,2014/11/05,09:02:48.018,2014/11/05,09:02:48.018,,,,,,,,,,,,
MSG,8,0,0,7BB077,0,2014/11/05,09:02:49.061,2014/11/05,09:02:49.061,,,,,,,,,,,,
MSG,8,0,0,7BB077,0,2014/11/05,09:02:51.094,2014/11/05,09:02:51.094,,,,,,,,,,,,
MSG,8,0,0,7BB077,0,2014/11/05,09:02:53.910,2014/11/05,09:02:53.910,,,,,,,,,,,,
MSG,8,0,0,7BB077,0,2014/11/05,09:02:54.758,2014/11/05,09:02:54.758,,,,,,,,,,,,
MSG,8,0,0,7BB077,0,2014/11/05,09:02:56.866,2014/11/05,09:02:56.866,,,,,,,,,,,,
MSG,8,0,0,7BB077,0,2014/11/05,09:02:57.777,2014/11/05,09:02:57.777,,,,,,,,,,,,
MSG,8,0,0,7BB077,0,2014/11/05,09:02:59.688,2014/11/05,09:02:59.688,,,,,,,,,,,,
MSG,8,0,0,7BB077,0,2014/11/05,09:03:00.489,2014/11/05,09:03:00.489,,,,,,,,,,,,
MSG,8,0,0,7BB077,0,2014/11/05,09:03:03.805,2014/11/05,09:03:03.805,,,,,,,,,,,,
MSG,8,0,0,7BB077,0,2014/11/05,09:03:04.589,2014/11/05,09:03:04.589,,,,,,,,,,,,
MSG,8,0,0,7BB077,0,2014/11/05,09:03:06.490,2014/11/05,09:03:06.490,,,,,,,,,,,,
MSG,8,0,0,7BB077,0,2014/11/05,09:03:07.417,2014/11/05,09:03:07.417,,,,,,,,,,,,
MSG,8,0,0,7BB077,0,2014/11/05,09:03:08.337,2014/11/05,09:03:08.337,,,,,,,,,,,,
MSG,8,0,0,7BB077,0,2014/11/05,09:03:09.118,2014/11/05,09:03:09.118,,,,,,,,,,,,
MSG,8,0,0,7BB077,0,2014/11/05,09:03:10.885,2014/11/05,09:03:10.885,,,,,,,,,,,,
MSG,8,0,0,7BB077,0,2014/11/05,09:03:11.869,2014/11/05,09:03:11.869,,,,,,,,,,,,
MSG,8,0,0,7BB077,0,2014/11/05,09:03:12.790,2014/11/05,09:03:12.790,,,,,,,,,,,,
MSG,8,0,0,7BB077,0,2014/11/05,09:03:13.833,2014/11/05,09:03:13.833,,,,,,,,,,,,
MSG,8,0,0,7BB077,0,2014/11/05,09:03:14.884,2014/11/05,09:03:14.884,,,,,,,,,,,,
MSG,8,0,0,7BB077,0,2014/11/05,09:03:15.730,2014/11/05,09:03:15.730,,,,,,,,,,,,
MSG,8,0,0,7BB077,0,2014/11/05,09:03:17.641,2014/11/05,09:03:17.641,,,,,,,,,,,,
MSG,8,0,0,7BB077,0,2014/11/05,09:03:18.612,2014/11/05,09:03:18.612,,,,,,,,,,,,
MSG,8,0,0,7BB077,0,2014/11/05,09:03:19.607,2014/11/05,09:03:19.607,,,,,,,,,,,,
MSG,8,0,0,7BB077,0,2014/11/05,09:03:23.265,2014/11/05,09:03:23.265,,,,,,,,,,,,
MSG,7,0,0,7BB077,0,2014/11/05,09:03:24.841,2014/11/05,09:03:24.841,,6425,,,,,,,,,,0
MSG,7,0,0,7BB077,0,2014/11/05,09:03:25.041,2014/11/05,09:03:25.041,,6450,,,,,,,,,,0
MSG,8,0,0,7BB077,0,2014/11/05,09:03:25.241,2014/11/05,09:03:25.241,,,,,,,,,,,,
MSG,8,0,0,7BB077,0,2014/11/05,09:03:26.274,2014/11/05,09:03:26.274,,,,,,,,,,,,
MSG,8,0,0,7BB077,0,2014/11/05,09:03:27.266,2014/11/05,09:03:27.266,,,,,,,,,,,,
MSG,8,0,0,7BB077,0,2014/11/05,09:03:28.053,2014/11/05,09:03:28.053,,,,,,,,,,,,
MSG,8,0,0,7BB077,0,2014/11/05,09:03:29.043,2014/11/05,09:03:29.043,,,,,,,,,,,,
MSG,8,0,0,7BB077,0,2014/11/05,09:03:30.045,2014/11/05,09:03:30.045,,,,,,,,,,,,
MSG,8,0,0,7BB077,0,2014/11/05,09:03:30.866,2014/11/05,09:03:30.866,,,,,,,,,,,,
MSG,8,0,0,7BB077,0,2014/11/05,09:03:31.914,2014/11/05,09:03:31.914,,,,,,,,,,,,
MSG,8,0,0,7BB077,0,2014/11/05,09:03:33.098,2014/11/05,09:03:33.098,,,,,,,,,,,,
MSG,8,0,0,7BB077,0,2014/11/05,09:03:33.947,2014/11/05,09:03:33.947,,,,,,,,,,,,
MSG,7,0,0,7BB077,0,2014/11/05,09:03:34.738,2014/11/05,09:03:34.738,,7075,,,,,,,,,,0
MSG,7,0,0,7BB077,0,2014/11/05,09:03:34.738,2014/11/05,09:03:34.738,,7075,,,,,,,,,,0
MSG,8,0,0,7BB077,0,2014/11/05,09:03:34.938,2014/11/05,09:03:34.938,,,,,,,,,,,,
MSG,8,0,0,7BB077,0,2014/11/05,09:03:35.849,2014/11/05,09:03:35.849,,,,,,,,,,,,
MSG,8,0,0,7BB077,0,2014/11/05,09:03:36.651,2014/11/05,09:03:36.651,,,,,,,,,,,,
MSG,8,0,0,7BB077,0,2014/11/05,09:03:37.631,2014/11/05,09:03:37.631,,,,,,,,,,,,
MSG,8,0,0,7BB077,0,2014/11/05,09:03:38.683,2014/11/05,09:03:38.683,,,,,,,,,,,,
MSG,8,0,0,7BB077,0,2014/11/05,09:03:40.510,2014/11/05,09:03:40.510,,,,,,,,,,,,
MSG,8,0,0,7BB077,0,2014/11/05,09:03:42.472,2014/11/05,09:03:42.472,,,,,,,,,,,,
MSG,8,0,0,7BB077,0,2014/11/05,09:03:44.762,2014/11/05,09:03:44.762,,,,,,,,,,,,
MSG,7,0,0,7BB077,0,2014/11/05,09:03:44.762,2014/11/05,09:03:44.762,,7600,,,,,,,,,,0
MSG,7,0,0,7BB077,0,2014/11/05,09:03:44.762,2014/11/05,09:03:44.762,,7600,,,,,,,,,,0
MSG,8,0,0,7BB077,0,2014/11/05,09:03:45.545,2014/11/05,09:03:45.545,,,,,,,,,,,,
MSG,7,0,0,7BB077,0,2014/11/05,09:03:46.269,2014/11/05,09:03:46.269,,7675,,,,,,,,,,0
MSG,8,0,0,7BB077,0,2014/11/05,09:03:46.472,2014/11/05,09:03:46.472,,,,,,,,,,,,
MSG,8,0,0,7BB077,0,2014/11/05,09:03:47.516,2014/11/05,09:03:47.516,,,,,,,,,,,,
MSG,8,0,0,7BB077,0,2014/11/05,09:03:48.517,2014/11/05,09:03:48.517,,,,,,,,,,,,
MSG,8,0,0,7BB077,0,2014/11/05,09:03:49.620,2014/11/05,09:03:49.620,,,,,,,,,,,,
MSG,8,0,0,7BB077,0,2014/11/05,09:03:50.591,2014/11/05,09:03:50.591,,,,,,,,,,,,
MSG,8,0,0,7BB077,0,2014/11/05,09:03:51.705,2014/11/05,09:03:51.705,,,,,,,,,,,,
MSG,8,0,0,7BB077,0,2014/11/05,09:03:52.758,2014/11/05,09:03:52.758,,,,,,,,,,,,
MSG,8,0,0,7BB077,0,2014/11/05,09:03:53.884,2014/11/05,09:03:53.884,,,,,,,,,,,,
MSG,7,0,0,7BB077,0,2014/11/05,09:03:54.685,2014/11/05,09:03:54.685,,8225,,,,,,,,,,0
MSG,8,0,0,7BB077,0,2014/11/05,09:03:54.685,2014/11/05,09:03:54.685,,,,,,,,,,,,
MSG,8,0,0,7BB077,0,2014/11/05,09:03:57.735,2014/11/05,09:03:57.735,,,,,,,,,,,,
MSG,8,0,0,7BB077,0,2014/11/05,09:03:59.653,2014/11/05,09:03:59.653,,,,,,,,,,,,
MSG,8,0,0,7BB077,0,2014/11/05,09:04:01.601,2014/11/05,09:04:01.601,,,,,,,,,,,,
MSG,8,0,0,7BB077,0,2014/11/05,09:04:02.474,2014/11/05,09:04:02.474,,,,,,,,,,,,
MSG,8,0,0,7BB077,0,2014/11/05,09:04:03.505,2014/11/05,09:04:03.505,,,,,,,,,,,,
MSG,8,0,0,7BB077,0,2014/11/05,09:04:04.353,2014/11/05,09:04:04.353,,,,,,,,,,,,
MSG,7,0,0,7BB077,0,2014/11/05,09:04:04.616,2014/11/05,09:04:04.616,,8900,,,,,,,,,,0
MSG,8,0,0,7BB077,0,2014/11/05,09:04:05.412,2014/11/05,09:04:05.412,,,,,,,,,,,,
MSG,8,0,0,7BB077,0,2014/11/05,09:04:06.323,2014/11/05,09:04:06.323,,,,,,,,,,,,
MSG,8,0,0,7BB077,0,2014/11/05,09:04:07.305,2014/11/05,09:04:07.305,,,,,,,,,,,,
MSG,8,0,0,7BB077,0,2014/11/05,09:04:08.290,2014/11/05,09:04:08.290,,,,,,,,,,,,
MSG,8,0,0,7BB077,0,2014/11/05,09:04:09.138,2014/11/05,09:04:09.138,,,,,,,,,,,,
MSG,8,0,0,7BB077,0,2014/11/05,09:04:10.074,2014/11/05,09:04:10.074,,,,,,,,,,,,
MSG,8,0,0,7BB077,0,2014/11/05,09:04:13.858,2014/11/05,09:04:13.858,,,,,,,,,,,,
MSG,7,0,0,7BB077,0,2014/11/05,09:04:14.706,2014/11/05,09:04:14.706,,9575,,,,,,,,,,0
MSG,8,0,0,7BB077,0,2014/11/05,09:04:15.494,2014/11/05,09:04:15.494,,,,,,,,,,,,
MSG,8,0,0,7BB077,0,2014/11/05,09:04:16.485,2014/11/05,09:04:16.485,,,,,,,,,,,,
MSG,8,0,0,7BB077,0,2014/11/05,09:04:18.250,2014/11/05,09:04:18.250,,,,,,,,,,,,
MSG,8,0,0,7BB077,0,2014/11/05,09:04:19.232,2014/11/05,09:04:19.232,,,,,,,,,,,,
MSG,8,0,0,7BB077,0,2014/11/05,09:04:20.542,2014/11/05,09:04:20.542,,,,,,,,,,,,
MSG,8,0,0,7BB077,0,2014/11/05,09:04:21.344,2014/11/05,09:04:21.344,,,,,,,,,,,,
MSG,8,0,0,7BB077,0,2014/11/05,09:04:22.767,2014/11/05,09:04:22.767,,,,,,,,,,,,
MSG,8,0,0,7BB077,0,2014/11/05,09:04:23.293,2014/11/05,09:04:23.293,,,,,,,,,,,,
MSG,8,0,0,7BB077,0,2014/11/05,09:04:24.340,2014/11/05,09:04:24.340,,,,,,,,,,,,
MSG,7,0,0,7BB077,0,2014/11/05,09:04:24.668,2014/11/05,09:04:24.668,,10225,,,,,,,,,,0
MSG,8,0,0,7BB077,0,2014/11/05,09:04:25.390,2014/11/05,09:04:25.390,,,,,,,,,,,,
MSG,8,0,0,7BB077,0,2014/11/05,09:04:27.763,2014/11/05,09:04:27.763,,,,,,,,,,,,
MSG,8,0,0,7BB077,0,2014/11/05,09:04:29.523,2014/11/05,09:04:29.523,,,,,,,,,,,,
MSG,8,0,0,7BB077,0,2014/11/05,09:04:31.352,2014/11/05,09:04:31.352,,,,,,,,,,,,
MSG,8,0,0,7BB077,0,2014/11/05,09:04:33.252,2014/11/05,09:04:33.252,,,,,,,,,,,,
MSG,8,0,0,7BB077,0,2014/11/05,09:04:34.241,2014/11/05,09:04:34.241,,,,,,,,,,,,
MSG,7,0,0,7BB077,0,2014/11/05,09:04:34.642,2014/11/05,09:04:34.642,,10850,,,,,,,,,,0
MSG,7,0,0,7BB077,0,2014/11/05,09:04:34.842,2014/11/05,09:04:34.842,,10850,,,,,,,,,,0
MSG,8,0,0,7BB077,0,2014/11/05,09:04:35.242,2014/11/05,09:04:35.242,,,,,,,,,,,,
MSG,8,0,0,7BB077,0,2014/11/05,09:04:36.444,2014/11/05,09:04:36.444,,,,,,,,,,,,
MSG,8,0,0,7BB077,0,2014/11/05,09:04:37.435,2014/11/05,09:04:37.435,,,,,,,,,,,,
MSG,8,0,0,7BB077,0,2014/11/05,09:04:39.439,2014/11/05,09:04:39.439,,,,,,,,,,,,
MSG,8,0,0,7BB077,0,2014/11/05,09:04:40.329,2014/11/05,09:04:40.329,,,,,,,,,,,,
MSG,8,0,0,7BB077,0,2014/11/05,09:04:41.378,2014/11/05,09:04:41.378,,,,,,,,,,,,
MSG,8,0,0,7BB077,0,2014/11/05,09:04:42.372,2014/11/05,09:04:42.372,,,,,,,,,,,,
MSG,8,0,0,7BB077,0,2014/11/05,09:04:43.283,2014/11/05,09:04:43.283,,,,,,,,,,,,
MSG,8,0,0,7BB077,0,2014/11/05,09:04:44.331,2014/11/05,09:04:44.331,,,,,,,,,,,,
MSG,7,0,0,7BB077,0,2014/11/05,09:04:44.655,2014/11/05,09:04:44.655,,11475,,,,,,,,,,0
MSG,7,0,0,7BB077,0,2014/11/05,09:04:44.855,2014/11/05,09:04:44.855,,11475,,,,,,,,,,0
MSG,8,0,0,7BB077,0,2014/11/05,09:04:45.314,2014/11/05,09:04:45.314,,,,,,,,,,,,
MSG,8,0,0,7BB077,0,2014/11/05,09:04:46.227,2014/11/05,09:04:46.227,,,,,,,,,,,,
MSG,8,0,0,7BB077,0,2014/11/05,09:04:47.079,2014/11/05,09:04:47.079,,,,,,,,,,,,
MSG,8,0,0,7BB077,0,2014/11/05,09:04:48.066,2014/11/05,09:04:48.066,,,,,,,,,,,,
MSG,8,0,0,7BB077,0,2014/11/05,09:04:49.179,2014/11/05,09:04:49.179,,,,,,,,,,,,
MSG,8,0,0,7BB077,0,2014/11/05,09:04:51.163,2014/11/05,09:04:51.163,,,,,,,,,,,,
MSG,8,0,0,7BB077,0,2014/11/05,09:04:53.446,2014/11/05,09:04:53.446,,,,,,,,,,,,
MSG,8,0,0,7BB077,0,2014/11/05,09:04:54.292,2014/11/05,09:04:54.292,,,,,,,,,,,,
MSG,7,0,0,7BB077,0,2014/11/05,09:04:54.692,2014/11/05,09:04:54.692,,11825,,,,,,,,,,0
MSG,8,0,0,7BB077,0,2014/11/05,09:04:55.270,2014/11/05,09:04:55.270,,,,,,,,,,,,
MSG,8,0,0,7BB077,0,2014/11/05,09:04:56.458,2014/11/05,09:04:56.458,,,,,,,,,,,,
MSG,8,0,0,7BB077,0,2014/11/05,09:04:57.377,2014/11/05,09:04:57.377,,,,,,,,,,,,
MSG,8,0,0,7BB077,0,2014/11/05,09:04:58.616,2014/11/05,09:04:58.616,,,,,,,,,,,,
MSG,7,0,0,7BB077,0,2014/11/05,09:05:00.067,2014/11/05,09:05:00.067,,11900,,,,,,,,,,0
MSG,8,0,0,7BB077,0,2014/11/05,09:05:01.313,2014/11/05,09:05:01.313,,,,,,,,,,,,
MSG,8,0,0,7BB077,0,2014/11/05,09:05:04.461,2014/11/05,09:05:04.461,,,,,,,,,,,,
MSG,7,0,0,7BB077,0,2014/11/05,09:05:04.662,2014/11/05,09:05:04.662,,11975,,,,,,,,,,0
MSG,7,0,0,7BB077,0,2014/11/05,09:05:04.862,2014/11/05,09:05:04.862,,11975,,,,,,,,,,0
MSG,8,0,0,7BB077,0,2014/11/05,09:05:05.297,2014/11/05,09:05:05.297,,,,,,,,,,,,
MSG,8,0,0,7BB077,0,2014/11/05,09:05:06.483,2014/11/05,09:05:06.483,,,,,,,,,,,,
MSG,8,0,0,7BB077,0,2014/11/05,09:05:07.202,2014/11/05,09:05:07.202,,,,,,,,,,,,
MSG,8,0,0,7BB077,0,2014/11/05,09:05:08.205,2014/11/05,09:05:08.205,,,,,,,,,,,,
MSG,8,0,0,7BB077,0,2014/11/05,09:05:09.036,2014/11/05,09:05:09.036,,,,,,,,,,,,
MSG,8,0,0,7BB077,0,2014/11/05,09:05:11.068,2014/11/05,09:05:11.068,,,,,,,,,,,,
MSG,8,0,0,7BB077,0,2014/11/05,09:05:14.143,2014/11/05,09:05:14.143,,,,,,,,,,,,
MSG,7,0,0,7BB077,0,2014/11/05,09:05:14.544,2014/11/05,09:05:14.544,,12125,,,,,,,,,,0
MSG,7,0,0,7BB077,0,2014/11/05,09:05:14.744,2014/11/05,09:05:14.744,,12125,,,,,,,,,,0
MSG,8,0,0,7BB077,0,2014/11/05,09:05:15.340,2014/11/05,09:05:15.340,,,,,,,,,,,,
MSG,8,0,0,7BB077,0,2014/11/05,09:05:17.382,2014/11/05,09:05:17.382,,,,,,,,,,,,
MSG,8,0,0,7BB077,0,2014/11/05,09:05:18.283,2014/11/05,09:05:18.283,,,,,,,,,,,,
MSG,8,0,0,7BB077,0,2014/11/05,09:05:19.277,2014/11/05,09:05:19.277,,,,,,,,,,,,
MSG,8,0,0,7BB077,0,2014/11/05,09:05:21.090,2014/11/05,09:05:21.090,,,,,,,,,,,,
MSG,8,0,0,7BB077,0,2014/11/05,09:05:22.926,2014/11/05,09:05:22.926,,,,,,,,,,,,
MSG,8,0,0,7BB077,0,2014/11/05,09:05:23.917,2014/11/05,09:05:23.917,,,,,,,,,,,,
MSG,7,0,0,7BB077,0,2014/11/05,09:05:26.475,2014/11/05,09:05:26.475,,12325,,,,,,,,,,0
MSG,7,0,0,7BB077,0,2014/11/05,09:05:26.475,2014/11/05,09:05:26.475,,12325,,,,,,,,,,0
MSG,7,0,0,7BB077,0,2014/11/05,09:05:26.685,2014/11/05,09:05:26.685,,12325,,,,,,,,,,0
MSG,7,0,0,7BB077,0,2014/11/05,09:05:26.685,2014/11/05,09:05:26.685,,12325,,,,,,,,,,0
MSG,8,0,0,7BB077,0,2014/11/05,09:05:27.186,2014/11/05,09:05:27.186,,,,,,,,,,,,
MSG,7,0,0,7BB077,0,2014/11/05,09:05:27.843,2014/11/05,09:05:27.843,,12350,,,,,,,,,,0
MSG,7,0,0,7BB077,0,2014/11/05,09:05:28.822,2014/11/05,09:05:28.822,,12400,,,,,,,,,,0
MSG,8,0,0,7BB077,0,2014/11/05,09:05:30.908,2014/11/05,09:05:30.908,,,,,,,,,,,,
MSG,7,0,0,7BB077,0,2014/11/05,09:05:31.108,2014/11/05,09:05:31.108,,12500,,,,,,,,,,0
MSG,8,0,0,7BB077,0,2014/11/05,09:05:31.836,2014/11/05,09:05:31.836,,,,,,,,,,,,
MSG,8,0,0,7BB077,0,2014/11/05,09:05:32.836,2014/11/05,09:05:32.836,,,,,,,,,,,,
MSG,8,0,0,7BB077,0,2014/11/05,09:05:33.839,2014/11/05,09:05:33.839,,,,,,,,,,,,
MSG,8,0,0,7BB077,0,2014/11/05,09:05:34.841,2014/11/05,09:05:34.841,,,,,,,,,,,,
MSG,8,0,0,7BB077,0,2014/11/05,09:05:35.769,2014/11/05,09:05:35.769,,,,,,,,,,,,
MSG,7,0,0,7BB077,0,2014/11/05,09:05:36.687,2014/11/05,09:05:36.687,,12825,,,,,,,,,,0
MSG,7,0,0,7BB077,0,2014/11/05,09:05:36.890,2014/11/05,09:05:36.890,,12825,,,,,,,,,,0
MSG,8,0,0,7BB077,0,2014/11/05,09:05:36.890,2014/11/05,09:05:36.890,,,,,,,,,,,,
MSG,8,0,0,7BB077,0,2014/11/05,09:05:37.804,2014/11/05,09:05:37.804,,,,,,,,,,,,
MSG,8,0,0,7BB077,0,2014/11/05,09:05:38.805,2014/11/05,09:05:38.805,,,,,,,,,,,,
MSG,8,0,0,7BB077,0,2014/11/05,09:05:39.700,2014/11/05,09:05:39.700,,,,,,,,,,,,
MSG,8,0,0,7BB077,0,2014/11/05,09:05:41.682,2014/11/05,09:05:41.682,,,,,,,,,,,,
MSG,8,0,0,7BB077,0,2014/11/05,09:05:42.684,2014/11/05,09:05:42.684,,,,,,,,,,,,
MSG,8,0,0,7BB077,0,2014/11/05,09:05:51.562,2014/11/05,09:05:51.562,,,,,,,,,,,,
MSG,8,0,0,7BB077,0,2014/11/05,09:05:53.405,2014/11/05,09:05:53.405,,,,,,,,,,,,
MSG,8,0,0,7BB077,0,2014/11/05,09:05:54.426,2014/11/05,09:05:54.426,,,,,,,,,,,,
MSG,7,0,0,7BB077,0,2014/11/05,09:05:55.857,2014/11/05,09:05:55.857,,13800,,,,,,,,,,0
MSG,8,0,0,7BB077,0,2014/11/05,09:05:56.458,2014/11/05,09:05:56.458,,,,,,,,,,,,
MSG,7,0,0,7BB077,0,2014/11/05,09:05:56.658,2014/11/05,09:05:56.658,,13825,,,,,,,,,,0
MSG,7,0,0,7BB077,0,2014/11/05,09:05:56.658,2014/11/05,09:05:56.658,,13825,,,,,,,,,,0
MSG,7,0,0,7BB077,0,2014/11/05,09:05:57.058,2014/11/05,09:05:57.058,,13850,,,,,,,,,,0
MSG,8,0,0,7BB077,0,2014/11/05,09:05:57.259,2014/11/05,09:05:57.259,,,,,,,,,,,,
MSG,8,0,0,7BB077,0,2014/11/05,09:05:58.464,2014/11/05,09:05:58.464,,,,,,,,,,,,
MSG,7,0,0,7BB077,0,2014/11/05,09:05:59.259,2014/11/05,09:05:59.259,,13950,,,,,,,,,,0
MSG,8,0,0,7BB077,0,2014/11/05,09:05:59.459,2014/11/05,09:05:59.459,,,,,,,,,,,,
MSG,8,0,0,7BB077,0,2014/11/05,09:06:00.462,2014/11/05,09:06:00.462,,,,,,,,,,,,
MSG,8,0,0,7BB077,0,2014/11/05,09:06:02.183,2014/11/05,09:06:02.183,,,,,,,,,,,,
MSG,8,0,0,7BB077,0,2014/11/05,09:06:05.204,2014/11/05,09:06:05.204,,,,,,,,,,,,
MSG,7,0,0,7BB077,0,2014/11/05,09:06:13.784,2014/11/05,09:06:13.784,,14725,,,,,,,,,,0
MSG,8,0,0,7BB077,0,2014/11/05,09:06:21.441,2014/11/05,09:06:21.441,,,,,,,,,,,,
MSG,8,0,0,7BB077,0,2014/11/05,09:06:28.638,2014/11/05,09:06:28.638,,,,,,,,,,,,
MSG,8,0,0,7BB077,0,2014/11/05,09:06:32.648,2014/11/05,09:06:32.648,,,,,,,,,,,,
MSG,8,0,0,7BB077,0,2014/11/05,09:06:39.700,2014/11/05,09:06:39.700,,,,,,,,,,,,
MSG,8,0,0,7BB077,0,2014/11/05,09:06:46.561,2014/11/05,09:06:46.561,,,,,,,,,,,,
MSG,7,0,0,7BB077,0,2014/11/05,09:06:46.761,2014/11/05,09:06:46.761,,16325,,,,,,,,,,0
MSG,7,0,0,7BB077,0,2014/11/05,09:06:46.761,2014/11/05,09:06:46.761,,16325,,,,,,,,,,0
MSG,7,0,0,7BB077,0,2014/11/05,09:06:46.961,2014/11/05,09:06:46.961,,16325,,,,,,,,,,0
MSG,8,0,0,7BB077,0,2014/11/05,09:06:47.362,2014/11/05,09:06:47.362,,,,,,,,,,,,
MSG,7,0,0,7BB077,0,2014/11/05,09:06:52.184,2014/11/05,09:06:52.184,,16600,,,,,,,,,,0
MSG,8,0,0,7BB077,0,2014/11/05,09:06:59.794,2014/11/05,09:06:59.794,,,,,,,,,,,,
MSG,8,0,0,7BB077,0,2014/11/05,09:07:11.470,2014/11/05,09:07:11.470,,,,,,,,,,,,
MSG,8,0,0,7BB077,0,2014/11/05,09:07:13.476,2014/11/05,09:07:13.476,,,,,,,,,,,,
MSG,8,0,0,7BB077,0,2014/11/05,09:07:15.332,2014/11/05,09:07:15.332,,,,,,,,,,,,
MSG,8,0,0,7BB077,0,2014/11/05,09:08:12.481,2014/11/05,09:08:12.481,,,,,,,,,,,,
MSG,8,0,0,7BB077,0,2014/11/05,09:09:08.792,2014/11/05,09:09:08.792,,,,,,,,,,,,
MSG,8,0,0,7BB077,0,2014/11/05,09:09:14.858,2014/11/05,09:09:14.858,,,,,,,,,,,,
MSG,7,0,0,7BB077,0,2014/11/05,09:09:25.870,2014/11/05,09:09:25.870,,23225,,,,,,,,,,0
MSG,8,0,0,7BB077,0,2014/11/05,09:09:37.316,2014/11/05,09:09:37.316,,,,,,,,,,,,
MSG,8,0,0,7BB077,0,2014/11/05,09:09:43.246,2014/11/05,09:09:43.246,,,,,,,,,,,,
MSG,7,0,0,7BB077,0,2014/11/05,09:09:47.841,2014/11/05,09:09:47.841,,23600,,,,,,,,,,0
MSG,8,0,0,7BB077,0,2014/11/05,09:09:49.243,2014/11/05,09:09:49.243,,,,,,,,,,,,
MSG,7,0,0,7BB077,0,2014/11/05,09:09:50.701,2014/11/05,09:09:50.701,,23600,,,,,,,,,,0
MSG,8,0,0,7BB077,0,2014/11/05,09:10:37.303,2014/11/05,09:10:37.303,,,,,,,,,,,,
MSG,8,0,0,7BB077,0,2014/11/05,09:11:12.679,2014/11/05,09:11:12.679,,,,,,,,,,,,
MSG,8,0,0,7BB077,0,2014/11/05,09:11:24.427,2014/11/05,09:11:24.427,,,,,,,,,,,,
MSG,7,0,0,7BB077,0,2014/11/05,09:11:26.252,2014/11/05,09:11:26.252,,23600,,,,,,,,,,0
MSG,8,0,0,7BB077,0,2014/11/05,09:12:18.134,2014/11/05,09:12:18.134,,,,,,,,,,,,
MSG,7,0,0,7BB077,0,2014/11/05,09:12:52.737,2014/11/05,09:12:52.737,,23600,,,,,,,,,,0
