MSG,8,0,0,7BB0A5,0,2014/11/01,07:48:50.557,2014/11/01,07:48:50.557,,,,,,,,,,,,
MSG,8,0,0,7BB0A5,0,2014/11/01,07:48:54.414,2014/11/01,07:48:54.414,,,,,,,,,,,,
MSG,8,0,0,7BB0A5,0,2014/11/01,07:48:55.315,2014/11/01,07:48:55.315,,,,,,,,,,,,
MSG,8,0,0,7BB0A5,0,2014/11/01,07:48:57.366,2014/11/01,07:48:57.366,,,,,,,,,,,,
MSG,7,0,0,7BB0A5,0,2014/11/01,07:48:58.166,2014/11/01,07:48:58.166,,13075,,,,,,,,,,0
MSG,7,0,0,7BB0A5,0,2014/11/01,07:48:58.566,2014/11/01,07:48:58.566,,13075,,,,,,,,,,0
MSG,8,0,0,7BB0A5,0,2014/11/01,07:48:58.566,2014/11/01,07:48:58.566,,,,,,,,,,,,
MSG,8,0,0,7BB0A5,0,2014/11/01,07:48:59.566,2014/11/01,07:48:59.566,,,,,,,,,,,,
MSG,8,0,0,7BB0A5,0,2014/11/01,07:49:00.567,2014/11/01,07:49:00.567,,,,,,,,,,,,
MSG,7,0,0,7BB0A5,0,2014/11/01,07:49:03.057,2014/11/01,07:49:03.057,,12950,,,,,,,,,,0
MSG,8,0,0,7BB0A5,0,2014/11/01,07:49:08.226,2014/11/01,07:49:08.226,,,,,,,,,,,,
MSG,8,0,0,7BB0A5,0,2014/11/01,07:49:43.198,2014/11/01,07:49:43.198,,,,,,,,,,,,
MSG,8,0,0,7BB0A5,0,2014/11/01,07:49:45.202,2014/11/01,07:49:45.202,,,,,,,,,,,,
MSG,7,0,0,7BB0A5,0,2014/11/01,07:49:50.855,2014/11/01,07:49:50.855,,11775,,,,,,,,,,0
MSG,8,0,0,7BB0A5,0,2014/11/01,07:49:52.855,2014/11/01,07:49:52.855,,,,,,,,,,,,
MSG,8,0,0,7BB0A5,0,2014/11/01,07:49:54.883,2014/11/01,07:49:54.883,,,,,,,,,,,,
MSG,7,0,0,7BB0A5,0,2014/11/01,07:49:57.690,2014/11/01,07:49:57.690,,11600,,,,,,,,,,0
MSG,8,0,0,7BB0A5,0,2014/11/01,07:49:57.884,2014/11/01,07:49:57.884,,,,,,,,,,,,
MSG,7,0,0,7BB0A5,0,2014/11/01,07:50:00.788,2014/11/01,07:50:00.788,,11525,,,,,,,,,,0
MSG,7,0,0,7BB0A5,0,2014/11/01,07:50:01.775,2014/11/01,07:50:01.775,,11500,,,,,,,,,,0
MSG,8,0,0,7BB0A5,0,2014/11/01,07:50:02.776,2014/11/01,07:50:02.776,,,,,,,,,,,,
MSG,7,0,0,7BB0A5,0,2014/11/01,07:50:03.607,2014/11/01,07:50:03.607,,11475,,,,,,,,,,0
MSG,7,0,0,7BB0A5,0,2014/11/01,07:50:03.807,2014/11/01,07:50:03.807,,11450,,,,,,,,,,0
MSG,7,0,0,7BB0A5,0,2014/11/01,07:50:04.647,2014/11/01,07:50:04.647,,11450,,,,,,,,,,0
MSG,7,0,0,7BB0A5,0,2014/11/01,07:50:04.647,2014/11/01,07:50:04.647,,11450,,,,,,,,,,0
MSG,7,0,0,7BB0A5,0,2014/11/01,07:50:06.850,2014/11/01,07:50:06.850,,11400,,,,,,,,,,0
MSG,7,0,0,7BB0A5,0,2014/11/01,07:50:08.670,2014/11/01,07:50:08.670,,11350,,,,,,,,,,0
MSG,7,0,0,7BB0A5,0,2014/11/01,07:50:16.839,2014/11/01,07:50:16.839,,11150,,,,,,,,,,0
MSG,8,0,0,7BB0A5,0,2014/11/01,07:50:17.501,2014/11/01,07:50:17.501,,,,,,,,,,,,
MSG,7,0,0,7BB0A5,0,2014/11/01,07:50:25.909,2014/11/01,07:50:25.909,,10900,,,,,,,,,,0
MSG,8,0,0,7BB0A5,0,2014/11/01,07:50:41.131,2014/11/01,07:50:41.131,,,,,,,,,,,,
MSG,8,0,0,7BB0A5,0,2014/11/01,07:50:42.171,2014/11/01,07:50:42.171,,,,,,,,,,,,
MSG,7,0,0,7BB0A5,0,2014/11/01,07:51:09.657,2014/11/01,07:51:09.657,,9800,,,,,,,,,,0
MSG,7,0,0,7BB0A5,0,2014/11/01,07:51:36.676,2014/11/01,07:51:36.676,,9150,,,,,,,,,,0
MSG,8,0,0,7BB0A5,0,2014/11/01,07:51:37.908,2014/11/01,07:51:37.908,,,,,,,,,,,,
MSG,8,0,0,7BB0A5,0,2014/11/01,07:51:40.149,2014/11/01,07:51:40.149,,,,,,,,,,,,
MSG,8,0,0,7BB0A5,0,2014/11/01,07:51:41.943,2014/11/01,07:51:41.943,,,,,,,,,,,,
MSG,8,0,0,7BB0A5,0,2014/11/01,07:51:42.946,2014/11/01,07:51:42.946,,,,,,,,,,,,
MSG,8,0,0,7BB0A5,0,2014/11/01,07:51:48.221,2014/11/01,07:51:48.221,,,,,,,,,,,,
MSG,8,0,0,7BB0A5,0,2014/11/01,07:52:28.441,2014/11/01,07:52:28.441,,,,,,,,,,,,
MSG,8,0,0,7BB0A5,0,2014/11/01,07:52:31.386,2014/11/01,07:52:31.386,,,,,,,,,,,,
MSG,8,0,0,7BB0A5,0,2014/11/01,07:52:33.233,2014/11/01,07:52:33.233,,,,,,,,,,,,
MSG,8,0,0,7BB0A5,0,2014/11/01,07:52:34.398,2014/11/01,07:52:34.398,,,,,,,,,,,,
MSG,8,0,0,7BB0A5,0,2014/11/01,07:52:35.400,2014/11/01,07:52:35.400,,,,,,,,,,,,
MSG,7,0,0,7BB0A5,0,2014/11/01,07:52:38.718,2014/11/01,07:52:38.718,,7550,,,,,,,,,,0
MSG,8,0,0,7BB0A5,0,2014/11/01,07:52:39.118,2014/11/01,07:52:39.118,,,,,,,,,,,,
MSG,8,0,0,7BB0A5,0,2014/11/01,07:52:42.127,2014/11/01,07:52:42.127,,,,,,,,,,,,
MSG,7,0,0,7BB0A5,0,2014/11/01,07:52:42.907,2014/11/01,07:52:42.907,,7450,,,,,,,,,,0
MSG,7,0,0,7BB0A5,0,2014/11/01,07:52:42.907,2014/11/01,07:52:42.907,,7450,,,,,,,,,,0
MSG,8,0,0,7BB0A5,0,2014/11/01,07:52:43.108,2014/11/01,07:52:43.108,,,,,,,,,,,,
MSG,8,0,0,7BB0A5,0,2014/11/01,07:52:43.957,2014/11/01,07:52:43.957,,,,,,,,,,,,
MSG,8,0,0,7BB0A5,0,2014/11/01,07:52:44.957,2014/11/01,07:52:44.957,,,,,,,,,,,,
MSG,8,0,0,7BB0A5,0,2014/11/01,07:52:45.957,2014/11/01,07:52:45.957,,,,,,,,,,,,
MSG,8,0,0,7BB0A5,0,2014/11/01,07:52:53.822,2014/11/01,07:52:53.822,,,,,,,,,,,,
MSG,7,0,0,7BB0A5,0,2014/11/01,07:53:18.897,2014/11/01,07:53:18.897,,6575,,,,,,,,,,0
MSG,8,0,0,7BB0A5,0,2014/11/01,07:53:19.897,2014/11/01,07:53:19.897,,,,,,,,,,,,
MSG,7,0,0,7BB0A5,0,2014/11/01,07:53:21.097,2014/11/01,07:53:21.097,,6525,,,,,,,,,,0
MSG,8,0,0,7BB0A5,0,2014/11/01,07:53:21.896,2014/11/01,07:53:21.896,,,,,,,,,,,,
MSG,7,0,0,7BB0A5,0,2014/11/01,07:53:22.096,2014/11/01,07:53:22.096,,6500,,,,,,,,,,0
MSG,7,0,0,7BB0A5,0,2014/11/01,07:53:22.096,2014/11/01,07:53:22.096,,6500,,,,,,,,,,0
MSG,8,0,0,7BB0A5,0,2014/11/01,07:53:22.697,2014/11/01,07:53:22.697,,,,,,,,,,,,
MSG,8,0,0,7BB0A5,0,2014/11/01,07:53:25.633,2014/11/01,07:53:25.633,,,,,,,,,,,,
MSG,7,0,0,7BB0A5,0,2014/11/01,07:53:25.833,2014/11/01,07:53:25.833,,6425,,,,,,,,,,0
MSG,8,0,0,7BB0A5,0,2014/11/01,07:53:26.554,2014/11/01,07:53:26.554,,,,,,,,,,,,
MSG,8,0,0,7BB0A5,0,2014/11/01,07:53:27.402,2014/11/01,07:53:27.402,,,,,,,,,,,,
MSG,8,0,0,7BB0A5,0,2014/11/01,07:53:28.252,2014/11/01,07:53:28.252,,,,,,,,,,,,
MSG,8,0,0,7BB0A5,0,2014/11/01,07:53:29.252,2014/11/01,07:53:29.252,,,,,,,,,,,,
MSG,8,0,0,7BB0A5,0,2014/11/01,07:53:30.352,2014/11/01,07:53:30.352,,,,,,,,,,,,
MSG,8,0,0,7BB0A5,0,2014/11/01,07:53:31.352,2014/11/01,07:53:31.352,,,,,,,,,,,,
MSG,7,0,0,7BB0A5,0,2014/11/01,07:53:31.553,2014/11/01,07:53:31.553,,6300,,,,,,,,,,0
MSG,7,0,0,7BB0A5,0,2014/11/01,07:54:05.980,2014/11/01,07:54:05.980,,5675,,,,,,,,,,0
MSG,8,0,0,7BB0A5,0,2014/11/01,07:54:06.180,2014/11/01,07:54:06.180,,,,,,,,,,,,
MSG,8,0,0,7BB0A5,0,2014/11/01,07:54:08.981,2014/11/01,07:54:08.981,,,,,,,,,,,,
MSG,7,0,0,7BB0A5,0,2014/11/01,07:54:10.000,2014/11/01,07:54:10.000,,5575,,,,,,,,,,0
MSG,7,0,0,7BB0A5,0,2014/11/01,07:54:10.000,2014/11/01,07:54:10.000,,5575,,,,,,,,,,0
MSG,8,0,0,7BB0A5,0,2014/11/01,07:54:12.000,2014/11/01,07:54:12.000,,,,,,,,,,,,
MSG,8,0,0,7BB0A5,0,2014/11/01,07:54:13.001,2014/11/01,07:54:13.001,,,,,,,,,,,,
MSG,8,0,0,7BB0A5,0,2014/11/01,07:54:13.400,2014/11/01,07:54:13.400,,,,,,,,,,,,
MSG,8,0,0,7BB0A5,0,2014/11/01,07:54:14.001,2014/11/01,07:54:14.001,,,,,,,,,,,,
MSG,8,0,0,7BB0A5,0,2014/11/01,07:54:15.001,2014/11/01,07:54:15.001,,,,,,,,,,,,
MSG,8,0,0,7BB0A5,0,2014/11/01,07:54:16.034,2014/11/01,07:54:16.034,,,,,,,,,,,,
MSG,7,0,0,7BB0A5,0,2014/11/01,07:54:16.844,2014/11/01,07:54:16.844,,5400,,,,,,,,,,0
MSG,8,0,0,7BB0A5,0,2014/11/01,07:54:17.044,2014/11/01,07:54:17.044,,,,,,,,,,,,
MSG,7,0,0,7BB0A5,0,2014/11/01,07:54:18.046,2014/11/01,07:54:18.046,,5375,,,,,,,,,,0
MSG,7,0,0,7BB0A5,0,2014/11/01,07:54:18.845,2014/11/01,07:54:18.845,,5350,,,,,,,,,,0
MSG,8,0,0,7BB0A5,0,2014/11/01,07:54:18.845,2014/11/01,07:54:18.845,,,,,,,,,,,,
MSG,8,0,0,7BB0A5,0,2014/11/01,07:54:19.645,2014/11/01,07:54:19.645,,,,,,,,,,,,
MSG,8,0,0,7BB0A5,0,2014/11/01,07:54:20.645,2014/11/01,07:54:20.645,,,,,,,,,,,,
MSG,7,0,0,7BB0A5,0,2014/11/01,07:54:21.046,2014/11/01,07:54:21.046,,5300,,,,,,,,,,0
MSG,8,0,0,7BB0A5,0,2014/11/01,07:54:21.645,2014/11/01,07:54:21.645,,,,,,,,,,,,
MSG,8,0,0,7BB0A5,0,2014/11/01,07:54:22.645,2014/11/01,07:54:22.645,,,,,,,,,,,,
MSG,8,0,0,7BB0A5,0,2014/11/01,07:54:23.759,2014/11/01,07:54:23.759,,,,,,,,,,,,
MSG,8,0,0,7BB0A5,0,2014/11/01,07:54:24.609,2014/11/01,07:54:24.609,,,,,,,,,,,,
MSG,8,0,0,7BB0A5,0,2014/11/01,07:54:25.409,2014/11/01,07:54:25.409,,,,,,,,,,,,
MSG,8,0,0,7BB0A5,0,2014/11/01,07:54:26.409,2014/11/01,07:54:26.409,,,,,,,,,,,,
MSG,7,0,0,7BB0A5,0,2014/11/01,07:54:26.809,2014/11/01,07:54:26.809,,5150,,,,,,,,,,0
MSG,7,0,0,7BB0A5,0,2014/11/01,07:54:27.009,2014/11/01,07:54:27.009,,5125,,,,,,,,,,0
MSG,7,0,0,7BB0A5,0,2014/11/01,07:54:27.009,2014/11/01,07:54:27.009,,5125,,,,,,,,,,0
MSG,8,0,0,7BB0A5,0,2014/11/01,07:54:28.209,2014/11/01,07:54:28.209,,,,,,,,,,,,
MSG,7,0,0,7BB0A5,0,2014/11/01,07:54:32.902,2014/11/01,07:54:32.902,,4975,,,,,,,,,,0
MSG,8,0,0,7BB0A5,0,2014/11/01,07:55:16.247,2014/11/01,07:55:16.247,,,,,,,,,,,,
MSG,8,0,0,7BB0A5,0,2014/11/01,07:55:17.051,2014/11/01,07:55:17.051,,,,,,,,,,,,
MSG,8,0,0,7BB0A5,0,2014/11/01,07:55:17.252,2014/11/01,07:55:17.252,,,,,,,,,,,,
MSG,8,0,0,7BB0A5,0,2014/11/01,07:55:19.139,2014/11/01,07:55:19.139,,,,,,,,,,,,
MSG,8,0,0,7BB0A5,0,2014/11/01,07:55:22.299,2014/11/01,07:55:22.299,,,,,,,,,,,,
MSG,7,0,0,7BB0A5,0,2014/11/01,07:55:23.099,2014/11/01,07:55:23.099,,4350,,,,,,,,,,0
MSG,7,0,0,7BB0A5,0,2014/11/01,07:55:23.099,2014/11/01,07:55:23.099,,4350,,,,,,,,,,0
MSG,8,0,0,7BB0A5,0,2014/11/01,07:55:23.299,2014/11/01,07:55:23.299,,,,,,,,,,,,
MSG,8,0,0,7BB0A5,0,2014/11/01,07:55:26.040,2014/11/01,07:55:26.040,,,,,,,,,,,,
MSG,7,0,0,7BB0A5,0,2014/11/01,07:55:26.800,2014/11/01,07:55:26.800,,4325,,,,,,,,,,0
MSG,8,0,0,7BB0A5,0,2014/11/01,07:55:26.800,2014/11/01,07:55:26.800,,,,,,,,,,,,
MSG,7,0,0,7BB0A5,0,2014/11/01,07:55:28.842,2014/11/01,07:55:28.842,,4325,,,,,,,,,,0
MSG,8,0,0,7BB0A5,0,2014/11/01,07:55:28.842,2014/11/01,07:55:28.842,,,,,,,,,,,,
MSG,8,0,0,7BB0A5,0,2014/11/01,07:55:30.868,2014/11/01,07:55:30.868,,,,,,,,,,,,
MSG,8,0,0,7BB0A5,0,2014/11/01,07:55:32.072,2014/11/01,07:55:32.072,,,,,,,,,,,,
MSG,7,0,0,7BB0A5,0,2014/11/01,07:55:32.675,2014/11/01,07:55:32.675,,4275,,,,,,,,,,0
MSG,8,0,0,7BB0A5,0,2014/11/01,07:55:34.082,2014/11/01,07:55:34.082,,,,,,,,,,,,
MSG,7,0,0,7BB0A5,0,2014/11/01,07:55:34.682,2014/11/01,07:55:34.682,,4275,,,,,,,,,,0
MSG,7,0,0,7BB0A5,0,2014/11/01,07:55:35.082,2014/11/01,07:55:35.082,,4275,,,,,,,,,,0
MSG,8,0,0,7BB0A5,0,2014/11/01,07:55:35.082,2014/11/01,07:55:35.082,,,,,,,,,,,,
MSG,8,0,0,7BB0A5,0,2014/11/01,07:55:36.043,2014/11/01,07:55:36.043,,,,,,,,,,,,
MSG,8,0,0,7BB0A5,0,2014/11/01,07:55:37.043,2014/11/01,07:55:37.043,,,,,,,,,,,,
MSG,8,0,0,7BB0A5,0,2014/11/01,07:55:37.944,2014/11/01,07:55:37.944,,,,,,,,,,,,
MSG,7,0,0,7BB0A5,0,2014/11/01,07:55:38.943,2014/11/01,07:55:38.943,,4250,,,,,,,,,,0
MSG,8,0,0,7BB0A5,0,2014/11/01,07:55:38.943,2014/11/01,07:55:38.943,,,,,,,,,,,,
MSG,7,0,0,7BB0A5,0,2014/11/01,07:55:39.783,2014/11/01,07:55:39.783,,4225,,,,,,,,,,0
MSG,8,0,0,7BB0A5,0,2014/11/01,07:55:43.054,2014/11/01,07:55:43.054,,,,,,,,,,,,
MSG,8,0,0,7BB0A5,0,2014/11/01,07:55:45.194,2014/11/01,07:55:45.194,,,,,,,,,,,,
MSG,8,0,0,7BB0A5,0,2014/11/01,07:55:46.205,2014/11/01,07:55:46.205,,,,,,,,,,,,
MSG,8,0,0,7BB0A5,0,2014/11/01,07:55:55.343,2014/11/01,07:55:55.343,,,,,,,,,,,,
MSG,8,0,0,7BB0A5,0,2014/11/01,07:55:56.343,2014/11/01,07:55:56.343,,,,,,,,,,,,
MSG,8,0,0,7BB0A5,0,2014/11/01,07:55:57.543,2014/11/01,07:55:57.543,,,,,,,,,,,,
MSG,8,0,0,7BB0A5,0,2014/11/01,07:55:58.543,2014/11/01,07:55:58.543,,,,,,,,,,,,
MSG,8,0,0,7BB0A5,0,2014/11/01,07:56:03.248,2014/11/01,07:56:03.248,,,,,,,,,,,,
MSG,7,0,0,7BB0A5,0,2014/11/01,07:56:03.648,2014/11/01,07:56:03.648,,4000,,,,,,,,,,0
MSG,8,0,0,7BB0A5,0,2014/11/01,07:56:06.073,2014/11/01,07:56:06.073,,,,,,,,,,,,
MSG,8,0,0,7BB0A5,0,2014/11/01,07:56:08.074,2014/11/01,07:56:08.074,,,,,,,,,,,,
MSG,8,0,0,7BB0A5,0,2014/11/01,07:56:10.874,2014/11/01,07:56:10.874,,,,,,,,,,,,
MSG,7,0,0,7BB0A5,0,2014/11/01,07:56:14.356,2014/11/01,07:56:14.356,,3875,,,,,,,,,,0
MSG,7,0,0,7BB0A5,0,2014/11/01,07:56:14.356,2014/11/01,07:56:14.356,,3875,,,,,,,,,,0
MSG,7,0,0,7BB0A5,0,2014/11/01,07:56:14.556,2014/11/01,07:56:14.556,,3875,,,,,,,,,,0
MSG,8,0,0,7BB0A5,0,2014/11/01,07:56:16.557,2014/11/01,07:56:16.557,,,,,,,,,,,,
MSG,7,0,0,7BB0A5,0,2014/11/01,07:56:18.086,2014/11/01,07:56:18.086,,3850,,,,,,,,,,0
MSG,8,0,0,7BB0A5,0,2014/11/01,07:56:20.593,2014/11/01,07:56:20.593,,,,,,,,,,,,
MSG,7,0,0,7BB0A5,0,2014/11/01,07:56:20.793,2014/11/01,07:56:20.793,,3825,,,,,,,,,,0
MSG,7,0,0,7BB0A5,0,2014/11/01,07:56:28.515,2014/11/01,07:56:28.515,,3750,,,,,,,,,,0
MSG,7,0,0,7BB0A5,0,2014/11/01,07:56:28.515,2014/11/01,07:56:28.515,,3750,,,,,,,,,,0
MSG,8,0,0,7BB0A5,0,2014/11/01,07:56:28.515,2014/11/01,07:56:28.515,,,,,,,,,,,,
MSG,7,0,0,7BB0A5,0,2014/11/01,07:56:29.135,2014/11/01,07:56:29.135,,3750,,,,,,,,,,0
MSG,7,0,0,7BB0A5,0,2014/11/01,07:56:31.046,2014/11/01,07:56:31.046,,3700,,,,,,,,,,0
MSG,8,0,0,7BB0A5,0,2014/11/01,07:56:31.455,2014/11/01,07:56:31.455,,,,,,,,,,,,
MSG,7,0,0,7BB0A5,0,2014/11/01,07:56:32.065,2014/11/01,07:56:32.065,,3700,,,,,,,,,,0
MSG,7,0,0,7BB0A5,0,2014/11/01,07:56:32.065,2014/11/01,07:56:32.065,,3700,,,,,,,,,,0
MSG,8,0,0,7BB0A5,0,2014/11/01,07:56:35.291,2014/11/01,07:56:35.291,,,,,,,,,,,,
MSG,8,0,0,7BB0A5,0,2014/11/01,07:56:36.092,2014/11/01,07:56:36.092,,,,,,,,,,,,
MSG,8,0,0,7BB0A5,0,2014/11/01,07:56:39.175,2014/11/01,07:56:39.175,,,,,,,,,,,,
MSG,8,0,0,7BB0A5,0,2014/11/01,07:56:40.177,2014/11/01,07:56:40.177,,,,,,,,,,,,
MSG,7,0,0,7BB0A5,0,2014/11/01,07:56:41.377,2014/11/01,07:56:41.377,,3500,,,,,,,,,,0
MSG,7,0,0,7BB0A5,0,2014/11/01,07:56:41.977,2014/11/01,07:56:41.977,,3475,,,,,,,,,,0
MSG,8,0,0,7BB0A5,0,2014/11/01,07:56:42.178,2014/11/01,07:56:42.178,,,,,,,,,,,,
MSG,8,0,0,7BB0A5,0,2014/11/01,07:56:44.134,2014/11/01,07:56:44.134,,,,,,,,,,,,
MSG,8,0,0,7BB0A5,0,2014/11/01,07:56:48.933,2014/11/01,07:56:48.933,,,,,,,,,,,,
MSG,8,0,0,7BB0A5,0,2014/11/01,07:56:51.743,2014/11/01,07:56:51.743,,,,,,,,,,,,
MSG,8,0,0,7BB0A5,0,2014/11/01,07:56:54.743,2014/11/01,07:56:54.743,,,,,,,,,,,,
MSG,8,0,0,7BB0A5,0,2014/11/01,07:56:57.742,2014/11/01,07:56:57.742,,,,,,,,,,,,
MSG,7,0,0,7BB0A5,0,2014/11/01,07:57:00.011,2014/11/01,07:57:00.011,,3150,,,,,,,,,,0
MSG,8,0,0,7BB0A5,0,2014/11/01,07:57:01.609,2014/11/01,07:57:01.609,,,,,,,,,,,,
MSG,8,0,0,7BB0A5,0,2014/11/01,07:57:03.615,2014/11/01,07:57:03.615,,,,,,,,,,,,
MSG,8,0,0,7BB0A5,0,2014/11/01,07:57:05.816,2014/11/01,07:57:05.816,,,,,,,,,,,,
MSG,8,0,0,7BB0A5,0,2014/11/01,07:57:06.421,2014/11/01,07:57:06.421,,,,,,,,,,,,
MSG,8,0,0,7BB0A5,0,2014/11/01,07:57:07.621,2014/11/01,07:57:07.621,,,,,,,,,,,,
MSG,8,0,0,7BB0A5,0,2014/11/01,07:57:08.619,2014/11/01,07:57:08.619,,,,,,,,,,,,
MSG,7,0,0,7BB0A5,0,2014/11/01,07:57:09.419,2014/11/01,07:57:09.419,,3000,,,,,,,,,,0
MSG,8,0,0,7BB0A5,0,2014/11/01,07:57:09.619,2014/11/01,07:57:09.619,,,,,,,,,,,,
MSG,8,0,0,7BB0A5,0,2014/11/01,07:57:13.681,2014/11/01,07:57:13.681,,,,,,,,,,,,
MSG,8,0,0,7BB0A5,0,2014/11/01,07:57:14.788,2014/11/01,07:57:14.788,,,,,,,,,,,,
MSG,8,0,0,7BB0A5,0,2014/11/01,07:57:15.838,2014/11/01,07:57:15.838,,,,,,,,,,,,
MSG,7,0,0,7BB0A5,0,2014/11/01,07:57:18.040,2014/11/01,07:57:18.040,,2875,,,,,,,,,,0
MSG,7,0,0,7BB0A5,0,2014/11/01,07:57:19.044,2014/11/01,07:57:19.044,,2875,,,,,,,,,,0
MSG,7,0,0,7BB0A5,0,2014/11/01,07:57:20.110,2014/11/01,07:57:20.110,,2850,,,,,,,,,,0
MSG,8,0,0,7BB0A5,0,2014/11/01,07:57:20.761,2014/11/01,07:57:20.761,,,,,,,,,,,,
MSG,8,0,0,7BB0A5,0,2014/11/01,07:57:21.871,2014/11/01,07:57:21.871,,,,,,,,,,,,
MSG,8,0,0,7BB0A5,0,2014/11/01,07:57:24.774,2014/11/01,07:57:24.774,,,,,,,,,,,,
MSG,8,0,0,7BB0A5,0,2014/11/01,07:57:25.974,2014/11/01,07:57:25.974,,,,,,,,,,,,
MSG,7,0,0,7BB0A5,0,2014/11/01,07:57:27.904,2014/11/01,07:57:27.904,,2725,,,,,,,,,,0
MSG,8,0,0,7BB0A5,0,2014/11/01,07:57:28.821,2014/11/01,07:57:28.821,,,,,,,,,,,,
MSG,7,0,0,7BB0A5,0,2014/11/01,07:57:33.039,2014/11/01,07:57:33.039,,2625,,,,,,,,,,0
MSG,8,0,0,7BB0A5,0,2014/11/01,07:57:34.870,2014/11/01,07:57:34.870,,,,,,,,,,,,
MSG,8,0,0,7BB0A5,0,2014/11/01,07:57:35.635,2014/11/01,07:57:35.635,,,,,,,,,,,,
MSG,8,0,0,7BB0A5,0,2014/11/01,07:57:36.645,2014/11/01,07:57:36.645,,,,,,,,,,,,
MSG,7,0,0,7BB0A5,0,2014/11/01,07:57:36.845,2014/11/01,07:57:36.845,,2575,,,,,,,,,,0
MSG,7,0,0,7BB0A5,0,2014/11/01,07:57:37.445,2014/11/01,07:57:37.445,,2575,,,,,,,,,,0
MSG,8,0,0,7BB0A5,0,2014/11/01,07:57:37.645,2014/11/01,07:57:37.645,,,,,,,,,,,,
MSG,8,0,0,7BB0A5,0,2014/11/01,07:57:42.838,2014/11/01,07:57:42.838,,,,,,,,,,,,
MSG,8,0,0,7BB0A5,0,2014/11/01,07:57:44.039,2014/11/01,07:57:44.039,,,,,,,,,,,,
MSG,8,0,0,7BB0A5,0,2014/11/01,07:57:44.878,2014/11/01,07:57:44.878,,,,,,,,,,,,
MSG,7,0,0,7BB0A5,0,2014/11/01,07:57:45.078,2014/11/01,07:57:45.078,,2450,,,,,,,,,,0
MSG,8,0,0,7BB0A5,0,2014/11/01,07:57:45.878,2014/11/01,07:57:45.878,,,,,,,,,,,,
MSG,7,0,0,7BB0A5,0,2014/11/01,07:57:46.079,2014/11/01,07:57:46.079,,2425,,,,,,,,,,0
MSG,8,0,0,7BB0A5,0,2014/11/01,07:57:48.079,2014/11/01,07:57:48.079,,,,,,,,,,,,
MSG,8,0,0,7BB0A5,0,2014/11/01,07:57:49.079,2014/11/01,07:57:49.079,,,,,,,,,,,,
MSG,7,0,0,7BB0A5,0,2014/11/01,07:57:51.826,2014/11/01,07:57:51.826,,2350,,,,,,,,,,0
MSG,8,0,0,7BB0A5,0,2014/11/01,07:57:52.818,2014/11/01,07:57:52.818,,,,,,,,,,,,
MSG,8,0,0,7BB0A5,0,2014/11/01,07:57:58.629,2014/11/01,07:57:58.629,,,,,,,,,,,,
MSG,7,0,0,7BB0A5,0,2014/11/01,07:57:59.751,2014/11/01,07:57:59.751,,2225,,,,,,,,,,0
MSG,8,0,0,7BB0A5,0,2014/11/01,07:58:01.648,2014/11/01,07:58:01.648,,,,,,,,,,,,
MSG,7,0,0,7BB0A5,0,2014/11/01,07:58:02.052,2014/11/01,07:58:02.052,,2200,,,,,,,,,,0
MSG,7,0,0,7BB0A5,0,2014/11/01,07:58:02.052,2014/11/01,07:58:02.052,,2200,,,,,,,,,,0
MSG,8,0,0,7BB0A5,0,2014/11/01,07:58:02.653,2014/11/01,07:58:02.653,,,,,,,,,,,,
MSG,7,0,0,7BB0A5,0,2014/11/01,07:58:02.853,2014/11/01,07:58:02.853,,2175,,,,,,,,,,0
MSG,8,0,0,7BB0A5,0,2014/11/01,07:58:04.728,2014/11/01,07:58:04.728,,,,,,,,,,,,
MSG,8,0,0,7BB0A5,0,2014/11/01,07:58:10.722,2014/11/01,07:58:10.722,,,,,,,,,,,,
MSG,8,0,0,7BB0A5,0,2014/11/01,07:58:11.725,2014/11/01,07:58:11.725,,,,,,,,,,,,
MSG,7,0,0,7BB0A5,0,2014/11/01,07:58:12.517,2014/11/01,07:58:12.517,,2050,,,,,,,,,,0
MSG,8,0,0,7BB0A5,0,2014/11/01,07:58:12.517,2014/11/01,07:58:12.517,,,,,,,,,,,,
MSG,8,0,0,7BB0A5,0,2014/11/01,07:58:20.071,2014/11/01,07:58:20.071,,,,,,,,,,,,
MSG,8,0,0,7BB0A5,0,2014/11/01,07:58:22.391,2014/11/01,07:58:22.391,,,,,,,,,,,,
MSG,8,0,0,7BB0A5,0,2014/11/01,07:58:25.403,2014/11/01,07:58:25.403,,,,,,,,,,,,
MSG,7,0,0,7BB0A5,0,2014/11/01,07:58:29.356,2014/11/01,07:58:29.356,,1850,,,,,,,,,,0
MSG,7,0,0,7BB0A5,0,2014/11/01,07:58:38.876,2014/11/01,07:58:38.876,,1725,,,,,,,,,,0
MSG,8,0,0,7BB0A5,0,2014/11/01,07:58:44.590,2014/11/01,07:58:44.590,,,,,,,,,,,,
MSG,8,0,0,7BB0A5,0,2014/11/01,07:58:45.421,2014/11/01,07:58:45.421,,,,,,,,,,,,
MSG,8,0,0,7BB0A5,0,2014/11/01,07:58:47.585,2014/11/01,07:58:47.585,,,,,,,,,,,,
MSG,8,0,0,7BB0A5,0,2014/11/01,07:58:48.797,2014/11/01,07:58:48.797,,,,,,,,,,,,
MSG,7,0,0,7BB0A5,0,2014/11/01,07:58:51.078,2014/11/01,07:58:51.078,,1600,,,,,,,,,,0
MSG,8,0,0,7BB0A5,0,2014/11/01,07:58:53.576,2014/11/01,07:58:53.576,,,,,,,,,,,,
MSG,8,0,0,7BB0A5,0,2014/11/01,07:58:55.738,2014/11/01,07:58:55.738,,,,,,,,,,,,
MSG,8,0,0,7BB0A5,0,2014/11/01,07:58:56.566,2014/11/01,07:58:56.566,,,,,,,,,,,,
MSG,8,0,0,7BB0A5,0,2014/11/01,07:59:00.297,2014/11/01,07:59:00.297,,,,,,,,,,,,
MSG,8,0,0,7BB0A5,0,2014/11/01,07:59:01.290,2014/11/01,07:59:01.290,,,,,,,,,,,,
MSG,7,0,0,7BB0A5,0,2014/11/01,07:59:01.490,2014/11/01,07:59:01.490,,1475,,,,,,,,,,0
MSG,7,0,0,7BB0A5,0,2014/11/01,07:59:01.490,2014/11/01,07:59:01.490,,1475,,,,,,,,,,0
MSG,7,0,0,7BB0A5,0,2014/11/01,07:59:01.688,2014/11/01,07:59:01.688,,1475,,,,,,,,,,0
MSG,8,0,0,7BB0A5,0,2014/11/01,07:59:09.284,2014/11/01,07:59:09.284,,,,,,,,,,,,
MSG,8,0,0,7BB0A5,0,2014/11/01,07:59:10.281,2014/11/01,07:59:10.281,,,,,,,,,,,,
MSG,7,0,0,7BB0A5,0,2014/11/01,07:59:11.958,2014/11/01,07:59:11.958,,1325,,,,,,,,,,0
MSG,7,0,0,7BB0A5,0,2014/11/01,07:59:12.167,2014/11/01,07:59:12.167,,1325,,,,,,,,,,0
MSG,8,0,0,7BB0A5,0,2014/11/01,07:59:12.363,2014/11/01,07:59:12.363,,,,,,,,,,,,
MSG,7,0,0,7BB0A5,0,2014/11/01,07:59:12.965,2014/11/01,07:59:12.965,,1300,,,,,,,,,,0
MSG,8,0,0,7BB0A5,0,2014/11/01,07:59:13.401,2014/11/01,07:59:13.401,,,,,,,,,,,,
MSG,8,0,0,7BB0A5,0,2014/11/01,07:59:15.579,2014/11/01,07:59:15.579,,,,,,,,,,,,
MSG,8,0,0,7BB0A5,0,2014/11/01,07:59:16.585,2014/11/01,07:59:16.585,,,,,,,,,,,,
MSG,8,0,0,7BB0A5,0,2014/11/01,07:59:17.795,2014/11/01,07:59:17.795,,,,,,,,,,,,
MSG,7,0,0,7BB0A5,0,2014/11/01,07:59:20.595,2014/11/01,07:59:20.595,,1175,,,,,,,,,,0
MSG,8,0,0,7BB0A5,0,2014/11/01,07:59:20.992,2014/11/01,07:59:20.992,,,,,,,,,,,,
MSG,8,0,0,7BB0A5,0,2014/11/01,07:59:21.792,2014/11/01,07:59:21.792,,,,,,,,,,,,
MSG,8,0,0,7BB0A5,0,2014/11/01,07:59:23.649,2014/11/01,07:59:23.649,,,,,,,,,,,,
MSG,8,0,0,7BB0A5,0,2014/11/01,07:59:27.865,2014/11/01,07:59:27.865,,,,,,,,,,,,
MSG,8,0,0,7BB0A5,0,2014/11/01,07:59:28.866,2014/11/01,07:59:28.866,,,,,,,,,,,,
MSG,7,0,0,7BB0A5,0,2014/11/01,07:59:30.255,2014/11/01,07:59:30.255,,1025,,,,,,,,,,0
MSG,8,0,0,7BB0A5,0,2014/11/01,07:59:33.051,2014/11/01,07:59:33.051,,,,,,,,,,,,
MSG,7,0,0,7BB0A5,0,2014/11/01,07:59:35.458,2014/11/01,07:59:35.458,,950,,,,,,,,,,0
MSG,8,0,0,7BB0A5,0,2014/11/01,07:59:40.752,2014/11/01,07:59:40.752,,,,,,,,,,,,
MSG,7,0,0,7BB0A5,0,2014/11/01,07:59:41.152,2014/11/01,07:59:41.152,,875,,,,,,,,,,0
MSG,8,0,0,7BB0A5,0,2014/11/01,07:59:41.552,2014/11/01,07:59:41.552,,,,,,,,,,,,
MSG,7,0,0,7BB0A5,0,2014/11/01,07:59:42.152,2014/11/01,07:59:42.152,,875,,,,,,,,,,0
MSG,8,0,0,7BB0A5,0,2014/11/01,07:59:42.752,2014/11/01,07:59:42.752,,,,,,,,,,,,
MSG,7,0,0,7BB0A5,0,2014/11/01,07:59:42.752,2014/11/01,07:59:42.752,,850,,,,,,,,,,0
MSG,7,0,0,7BB0A5,0,2014/11/01,08:00:02.141,2014/11/01,08:00:02.141,,625,,,,,,,,,,0
MSG,8,0,0,7BB0A5,0,2014/11/01,08:00:10.788,2014/11/01,08:00:10.788,,,,,,,,,,,,
MSG,7,0,0,7BB0A5,0,2014/11/01,08:00:10.788,2014/11/01,08:00:10.788,,525,,,,,,,,,,0
MSG,8,0,0,7BB0A5,0,2014/11/01,08:00:11.589,2014/11/01,08:00:11.589,,,,,,,,,,,,
MSG,8,0,0,7BB0A5,0,2014/11/01,08:00:14.812,2014/11/01,08:00:14.812,,,,,,,,,,,,
MSG,8,0,0,7BB0A5,0,2014/11/01,08:00:15.812,2014/11/01,08:00:15.812,,,,,,,,,,,,
MSG,8,0,0,7BB0A5,0,2014/11/01,08:00:16.642,2014/11/01,08:00:16.642,,,,,,,,,,,,
MSG,8,0,0,7BB0A5,0,2014/11/01,08:00:17.646,2014/11/01,08:00:17.646,,,,,,,,,,,,
MSG,8,0,0,7BB0A5,0,2014/11/01,08:00:18.846,2014/11/01,08:00:18.846,,,,,,,,,,,,
MSG,8,0,0,7BB0A5,0,2014/11/01,08:00:21.768,2014/11/01,08:00:21.768,,,,,,,,,,,,
MSG,7,0,0,7BB0A5,0,2014/11/01,08:00:21.978,2014/11/01,08:00:21.978,,400,,,,,,,,,,0
MSG,8,0,0,7BB0A5,0,2014/11/01,08:00:24.775,2014/11/01,08:00:24.775,,,,,,,,,,,,
MSG,8,0,0,7BB0A5,0,2014/11/01,08:00:26.777,2014/11/01,08:00:26.777,,,,,,,,,,,,
MSG,8,0,0,7BB0A5,0,2014/11/01,08:00:27.776,2014/11/01,08:00:27.776,,,,,,,,,,,,
MSG,7,0,0,7BB0A5,0,2014/11/01,08:00:27.776,2014/11/01,08:00:27.776,,325,,,,,,,,,,0
MSG,8,0,0,7BB0A5,0,2014/11/01,08:00:28.577,2014/11/01,08:00:28.577,,,,,,,,,,,,
MSG,7,0,0,7BB0A5,0,2014/11/01,08:00:37.351,2014/11/01,08:00:37.351,,200,,,,,,,,,,0
MSG,7,0,0,7BB0A5,0,2014/11/01,08:00:37.351,2014/11/01,08:00:37.351,,200,,,,,,,,,,0
MSG,7,0,0,7BB0A5,0,2014/11/01,08:00:37.351,2014/11/01,08:00:37.351,,200,,,,,,,,,,0
MSG,8,0,0,7BB0A5,0,2014/11/01,08:00:38.351,2014/11/01,08:00:38.351,,,,,,,,,,,,
MSG,8,0,0,7BB0A5,0,2014/11/01,08:00:39.553,2014/11/01,08:00:39.553,,,,,,,,,,,,
MSG,8,0,0,7BB0A5,0,2014/11/01,08:00:44.355,2014/11/01,08:00:44.355,,,,,,,,,,,,
MSG,8,0,0,7BB0A5,0,2014/11/01,08:00:45.155,2014/11/01,08:00:45.155,,,,,,,,,,,,
MSG,8,0,0,7BB0A5,0,2014/11/01,08:00:47.575,2014/11/01,08:00:47.575,,,,,,,,,,,,
MSG,8,0,0,7BB0A5,0,2014/11/01,08:01:02.904,2014/11/01,08:01:02.904,,,,,,,,,,,,
MSG,8,0,0,7BB0A5,0,2014/11/01,08:01:11.306,2014/11/01,08:01:11.306,,,,,,,,,,,,
MSG,7,0,0,7BB0A5,0,2014/11/01,08:01:34.707,2014/11/01,08:01:34.707,,50,,,,,,,,,,-1
MSG,8,0,0,7BB0A5,0,2014/11/01,08:01:37.502,2014/11/01,08:01:37.502,,,,,,,,,,,,
MSG,8,0,0,7BB0A5,0,2014/11/01,08:01:38.302,2014/11/01,08:01:38.302,,,,,,,,,,,,
MSG,7,0,0,7BB0A5,0,2014/11/01,08:01:39.502,2014/11/01,08:01:39.502,,50,,,,,,,,,,-1
MSG,8,0,0,7BB0A5,0,2014/11/01,08:01:40.302,2014/11/01,08:01:40.302,,,,,,,,,,,,
MSG,8,0,0,7BB0A5,0,2014/11/01,08:01:41.302,2014/11/01,08:01:41.302,,,,,,,,,,,,
MSG,8,0,0,7BB0A5,0,2014/11/01,08:01:45.302,2014/11/01,08:01:45.302,,,,,,,,,,,,
MSG,7,0,0,7BB0A5,0,2014/11/01,08:01:45.502,2014/11/01,08:01:45.502,,50,,,,,,,,,,-1
MSG,7,0,0,7BB0A5,0,2014/11/01,08:01:45.502,2014/11/01,08:01:45.502,,50,,,,,,,,,,-1
MSG,7,0,0,7BB0A5,0,2014/11/01,08:01:45.902,2014/11/01,08:01:45.902,,50,,,,,,,,,,-1
MSG,7,0,0,7BB0A5,0,2014/11/01,08:01:46.813,2014/11/01,08:01:46.813,,50,,,,,,,,,,-1
MSG,7,0,0,7BB0A5,0,2014/11/01,08:01:47.013,2014/11/01,08:01:47.013,,50,,,,,,,,,,-1
MSG,7,0,0,7BB0A5,0,2014/11/01,08:01:47.413,2014/11/01,08:01:47.413,,50,,,,,,,,,,-1
MSG,8,0,0,7BB0A5,0,2014/11/01,08:01:57.218,2014/11/01,08:01:57.218,,,,,,,,,,,,
MSG,8,0,0,7BB0A5,0,2014/11/01,08:01:59.219,2014/11/01,08:01:59.219,,,,,,,,,,,,
MSG,8,0,0,7BB0A5,0,2014/11/01,08:02:11.239,2014/11/01,08:02:11.239,,,,,,,,,,,,
MSG,8,0,0,7BB0A5,0,2014/11/01,08:02:13.111,2014/11/01,08:02:13.111,,,,,,,,,,,,
MSG,7,0,0,7BB0A5,0,2014/11/01,08:02:13.111,2014/11/01,08:02:13.111,,50,,,,,,,,,,-1
MSG,8,0,0,7BB0A5,0,2014/11/01,08:02:15.113,2014/11/01,08:02:15.113,,,,,,,,,,,,
MSG,8,0,0,7BB0A5,0,2014/11/01,08:02:15.913,2014/11/01,08:02:15.913,,,,,,,,,,,,
MSG,7,0,0,7BB0A5,0,2014/11/01,08:02:16.113,2014/11/01,08:02:16.113,,50,,,,,,,,,,-1
MSG,7,0,0,7BB0A5,0,2014/11/01,08:02:17.113,2014/11/01,08:02:17.113,,50,,,,,,,,,,-1
MSG,8,0,0,7BB0A5,0,2014/11/01,08:02:17.113,2014/11/01,08:02:17.113,,,,,,,,,,,,
MSG,7,0,0,7BB0A5,0,2014/11/01,08:02:17.913,2014/11/01,08:02:17.913,,50,,,,,,,,,,-1
MSG,8,0,0,7BB0A5,0,2014/11/01,08:02:21.113,2014/11/01,08:02:21.113,,,,,,,,,,,,
MSG,7,0,0,7BB0A5,0,2014/11/01,08:02:23.520,2014/11/01,08:02:23.520,,50,,,,,,,,,,-1
MSG,7,0,0,7BB0A5,0,2014/11/01,08:02:23.920,2014/11/01,08:02:23.920,,50,,,,,,,,,,-1
MSG,8,0,0,7BB0A5,0,2014/11/01,08:02:24.120,2014/11/01,08:02:24.120,,,,,,,,,,,,
MSG,7,0,0,7BB0A5,0,2014/11/01,08:02:24.520,2014/11/01,08:02:24.520,,50,,,,,,,,,,-1
MSG,7,0,0,7BB0A5,0,2014/11/01,08:02:24.520,2014/11/01,08:02:24.520,,50,,,,,,,,,,-1
MSG,8,0,0,7BB0A5,0,2014/11/01,08:02:28.846,2014/11/01,08:02:28.846,,,,,,,,,,,,
MSG,8,0,0,7BB0A5,0,2014/11/01,08:02:32.658,2014/11/01,08:02:32.658,,,,,,,,,,,,
MSG,8,0,0,7BB0A5,0,2014/11/01,08:53:34.551,2014/11/01,08:53:34.551,,,,,,,,,,,,
MSG,7,0,0,7BB0A5,0,2014/11/01,08:53:35.599,2014/11/01,08:53:35.599,,,,,,,,,,,,-1
MSG,7,0,0,7BB0A5,0,2014/11/01,08:53:35.799,2014/11/01,08:53:35.799,,,,,,,,,,,,-1
MSG,8,0,0,7BB0A5,0,2014/11/01,08:53:35.999,2014/11/01,08:53:35.999,,,,,,,,,,,,
MSG,7,0,0,7BB0A5,0,2014/11/01,08:53:40.662,2014/11/01,08:53:40.662,,,,,,,,,,,,-1
MSG,8,0,0,7BB0A5,0,2014/11/01,08:53:40.862,2014/11/01,08:53:40.862,,,,,,,,,,,,
MSG,8,0,0,7BB0A5,0,2014/11/01,08:53:41.262,2014/11/01,08:53:41.262,,,,,,,,,,,,
MSG,7,0,0,7BB0A5,0,2014/11/01,08:53:42.545,2014/11/01,08:53:42.545,,,,,,,,,,,,-1
MSG,8,0,0,7BB0A5,0,2014/11/01,08:53:44.642,2014/11/01,08:53:44.642,,,,,,,,,,,,
MSG,7,0,0,7BB0A5,0,2014/11/01,08:53:45.560,2014/11/01,08:53:45.560,,,,,,,,,,,,-1
MSG,8,0,0,7BB0A5,0,2014/11/01,08:53:45.759,2014/11/01,08:53:45.759,,,,,,,,,,,,
MSG,8,0,0,7BB0A5,0,2014/11/01,08:53:47.460,2014/11/01,08:53:47.460,,,,,,,,,,,,
MSG,8,0,0,7BB0A5,0,2014/11/01,08:53:49.500,2014/11/01,08:53:49.500,,,,,,,,,,,,
MSG,8,0,0,7BB0A5,0,2014/11/01,08:53:50.539,2014/11/01,08:53:50.539,,,,,,,,,,,,
MSG,8,0,0,7BB0A5,0,2014/11/01,08:53:50.939,2014/11/01,08:53:50.939,,,,,,,,,,,,
MSG,7,0,0,7BB0A5,0,2014/11/01,08:53:52.580,2014/11/01,08:53:52.580,,,,,,,,,,,,-1
MSG,8,0,0,7BB0A5,0,2014/11/01,08:53:54.579,2014/11/01,08:53:54.579,,,,,,,,,,,,
MSG,8,0,0,7BB0A5,0,2014/11/01,08:53:56.441,2014/11/01,08:53:56.441,,,,,,,,,,,,
MSG,8,0,0,7BB0A5,0,2014/11/01,08:53:57.554,2014/11/01,08:53:57.554,,,,,,,,,,,,
MSG,8,0,0,7BB0A5,0,2014/11/01,08:53:58.537,2014/11/01,08:53:58.537,,,,,,,,,,,,
MSG,8,0,0,7BB0A5,0,2014/11/01,08:54:02.411,2014/11/01,08:54:02.411,,,,,,,,,,,,
MSG,8,0,0,7BB0A5,0,2014/11/01,08:54:03.519,2014/11/01,08:54:03.519,,,,,,,,,,,,
MSG,8,0,0,7BB0A5,0,2014/11/01,08:54:04.377,2014/11/01,08:54:04.377,,,,,,,,,,,,
MSG,8,0,0,7BB0A5,0,2014/11/01,08:54:05.577,2014/11/01,08:54:05.577,,,,,,,,,,,,
MSG,8,0,0,7BB0A5,0,2014/11/01,08:54:06.533,2014/11/01,08:54:06.533,,,,,,,,,,,,
MSG,7,0,0,7BB0A5,0,2014/11/01,08:54:08.170,2014/11/01,08:54:08.170,,,,,,,,,,,,-1
MSG,8,0,0,7BB0A5,0,2014/11/01,08:54:08.429,2014/11/01,08:54:08.429,,,,,,,,,,,,
MSG,8,0,0,7BB0A5,0,2014/11/01,08:54:09.430,2014/11/01,08:54:09.430,,,,,,,,,,,,
MSG,8,0,0,7BB0A5,0,2014/11/01,08:54:10.400,2014/11/01,08:54:10.400,,,,,,,,,,,,
MSG,8,0,0,7BB0A5,0,2014/11/01,08:54:12.305,2014/11/01,08:54:12.305,,,,,,,,,,,,
MSG,8,0,0,7BB0A5,0,2014/11/01,08:54:14.402,2014/11/01,08:54:14.402,,,,,,,,,,,,
MSG,7,0,0,7BB0A5,0,2014/11/01,08:54:14.602,2014/11/01,08:54:14.602,,,,,,,,,,,,-1
MSG,8,0,0,7BB0A5,0,2014/11/01,08:54:16.404,2014/11/01,08:54:16.404,,,,,,,,,,,,
MSG,8,0,0,7BB0A5,0,2014/11/01,08:54:18.286,2014/11/01,08:54:18.286,,,,,,,,,,,,
MSG,7,0,0,7BB0A5,0,2014/11/01,08:54:19.508,2014/11/01,08:54:19.508,,,,,,,,,,,,-1
MSG,7,0,0,7BB0A5,0,2014/11/01,08:54:20.488,2014/11/01,08:54:20.488,,,,,,,,,,,,-1
MSG,8,0,0,7BB0A5,0,2014/11/01,08:54:20.899,2014/11/01,08:54:20.899,,,,,,,,,,,,
MSG,7,0,0,7BB0A5,0,2014/11/01,08:54:25.668,2014/11/01,08:54:25.668,,,,,,,,,,,,-1
MSG,7,0,0,7BB0A5,0,2014/11/01,08:54:27.372,2014/11/01,08:54:27.372,,,,,,,,,,,,-1
MSG,7,0,0,7BB0A5,0,2014/11/01,08:54:27.572,2014/11/01,08:54:27.572,,,,,,,,,,,,-1
MSG,8,0,0,7BB0A5,0,2014/11/01,08:54:28.419,2014/11/01,08:54:28.419,,,,,,,,,,,,
MSG,8,0,0,7BB0A5,0,2014/11/01,08:54:29.271,2014/11/01,08:54:29.271,,,,,,,,,,,,
MSG,8,0,0,7BB0A5,0,2014/11/01,08:54:30.451,2014/11/01,08:54:30.451,,,,,,,,,,,,
MSG,7,0,0,7BB0A5,0,2014/11/01,08:54:30.651,2014/11/01,08:54:30.651,,,,,,,,,,,,-1
MSG,7,0,0,7BB0A5,0,2014/11/01,08:54:33.468,2014/11/01,08:54:33.468,,,,,,,,,,,,-1
MSG,8,0,0,7BB0A5,0,2014/11/01,08:54:33.468,2014/11/01,08:54:33.468,,,,,,,,,,,,
MSG,8,0,0,7BB0A5,0,2014/11/01,08:54:36.281,2014/11/01,08:54:36.281,,,,,,,,,,,,
MSG,8,0,0,7BB0A5,0,2014/11/01,08:54:40.157,2014/11/01,08:54:40.157,,,,,,,,,,,,
MSG,8,0,0,7BB0A5,0,2014/11/01,08:54:42.315,2014/11/01,08:54:42.315,,,,,,,,,,,,
MSG,8,0,0,7BB0A5,0,2014/11/01,08:54:46.454,2014/11/01,08:54:46.454,,,,,,,,,,,,
MSG,8,0,0,7BB0A5,0,2014/11/01,08:54:50.573,2014/11/01,08:54:50.573,,,,,,,,,,,,
MSG,7,0,0,7BB0A5,0,2014/11/01,08:54:51.417,2014/11/01,08:54:51.417,,,,,,,,,,,,-1
MSG,7,0,0,7BB0A5,0,2014/11/01,08:54:53.448,2014/11/01,08:54:53.448,,,,,,,,,,,,-1
MSG,7,0,0,7BB0A5,0,2014/11/01,08:54:59.479,2014/11/01,08:54:59.479,,,,,,,,,,,,-1
MSG,8,0,0,7BB0A5,0,2014/11/01,08:55:00.479,2014/11/01,08:55:00.479,,,,,,,,,,,,
MSG,7,0,0,7BB0A5,0,2014/11/01,08:55:01.644,2014/11/01,08:55:01.644,,,,,,,,,,,,-1
MSG,8,0,0,7BB0A5,0,2014/11/01,08:55:02.562,2014/11/01,08:55:02.562,,,,,,,,,,,,
MSG,8,0,0,7BB0A5,0,2014/11/01,08:55:03.544,2014/11/01,08:55:03.544,,,,,,,,,,,,
MSG,8,0,0,7BB0A5,0,2014/11/01,08:55:04.329,2014/11/01,08:55:04.329,,,,,,,,,,,,
MSG,8,0,0,7BB0A5,0,2014/11/01,08:55:05.244,2014/11/01,08:55:05.244,,,,,,,,,,,,
MSG,8,0,0,7BB0A5,0,2014/11/01,08:55:05.446,2014/11/01,08:55:05.446,,,,,,,,,,,,
MSG,7,0,0,7BB0A5,0,2014/11/01,08:55:05.646,2014/11/01,08:55:05.646,,,,,,,,,,,,-1
MSG,7,0,0,7BB0A5,0,2014/11/01,08:55:05.646,2014/11/01,08:55:05.646,,,,,,,,,,,,-1
MSG,8,0,0,7BB0A5,0,2014/11/01,08:55:06.446,2014/11/01,08:55:06.446,,,,,,,,,,,,
MSG,8,0,0,7BB0A5,0,2014/11/01,08:55:07.342,2014/11/01,08:55:07.342,,,,,,,,,,,,
MSG,7,0,0,7BB0A5,0,2014/11/01,08:55:08.466,2014/11/01,08:55:08.466,,,,,,,,,,,,-1
MSG,8,0,0,7BB0A5,0,2014/11/01,08:55:08.466,2014/11/01,08:55:08.466,,,,,,,,,,,,
MSG,7,0,0,7BB0A5,0,2014/11/01,08:55:09.377,2014/11/01,08:55:09.377,,,,,,,,,,,,-1
MSG,7,0,0,7BB0A5,0,2014/11/01,08:55:09.634,2014/11/01,08:55:09.634,,,,,,,,,,,,-1
MSG,7,0,0,7BB0A5,0,2014/11/01,08:55:10.494,2014/11/01,08:55:10.494,,,,,,,,,,,,-1
MSG,8,0,0,7BB0A5,0,2014/11/01,08:55:10.494,2014/11/01,08:55:10.494,,,,,,,,,,,,
MSG,7,0,0,7BB0A5,0,2014/11/01,08:55:10.694,2014/11/01,08:55:10.694,,,,,,,,,,,,-1
MSG,8,0,0,7BB0A5,0,2014/11/01,08:55:11.274,2014/11/01,08:55:11.274,,,,,,,,,,,,
MSG,7,0,0,7BB0A5,0,2014/11/01,08:55:11.674,2014/11/01,08:55:11.674,,,,,,,,,,,,-1
MSG,7,0,0,7BB0A5,0,2014/11/01,08:55:19.345,2014/11/01,08:55:19.345,,,,,,,,,,,,-1
MSG,7,0,0,7BB0A5,0,2014/11/01,08:55:19.345,2014/11/01,08:55:19.345,,,,,,,,,,,,-1
MSG,8,0,0,7BB0A5,0,2014/11/01,08:55:19.857,2014/11/01,08:55:19.857,,,,,,,,,,,,
MSG,8,0,0,7BB0A5,0,2014/11/01,08:55:20.257,2014/11/01,08:55:20.257,,,,,,,,,,,,
MSG,8,0,0,7BB0A5,0,2014/11/01,08:55:21.235,2014/11/01,08:55:21.235,,,,,,,,,,,,
MSG,7,0,0,7BB0A5,0,2014/11/01,08:55:21.627,2014/11/01,08:55:21.627,,,,,,,,,,,,-1
MSG,8,0,0,7BB0A5,0,2014/11/01,08:55:24.249,2014/11/01,08:55:24.249,,,,,,,,,,,,
MSG,7,0,0,7BB0A5,0,2014/11/01,08:55:28.638,2014/11/01,08:55:28.638,,,,,,,,,,,,-1
MSG,8,0,0,7BB0A5,0,2014/11/01,08:55:29.167,2014/11/01,08:55:29.167,,,,,,,,,,,,
MSG,8,0,0,7BB0A5,0,2014/11/01,08:55:30.082,2014/11/01,08:55:30.082,,,,,,,,,,,,
MSG,8,0,0,7BB0A5,0,2014/11/01,08:55:31.130,2014/11/01,08:55:31.130,,,,,,,,,,,,
MSG,7,0,0,7BB0A5,0,2014/11/01,08:55:31.590,2014/11/01,08:55:31.590,,,,,,,,,,,,-1
MSG,8,0,0,7BB0A5,0,2014/11/01,08:55:32.317,2014/11/01,08:55:32.317,,,,,,,,,,,,
MSG,8,0,0,7BB0A5,0,2014/11/01,08:55:33.227,2014/11/01,08:55:33.227,,,,,,,,,,,,
MSG,8,0,0,7BB0A5,0,2014/11/01,08:55:34.145,2014/11/01,08:55:34.145,,,,,,,,,,,,
MSG,8,0,0,7BB0A5,0,2014/11/01,08:55:37.030,2014/11/01,08:55:37.030,,,,,,,,,,,,
MSG,8,0,0,7BB0A5,0,2014/11/01,08:55:39.845,2014/11/01,08:55:39.845,,,,,,,,,,,,
MSG,7,0,0,7BB0A5,0,2014/11/01,08:55:40.045,2014/11/01,08:55:40.045,,,,,,,,,,,,-1
MSG,8,0,0,7BB0A5,0,2014/11/01,08:55:42.012,2014/11/01,08:55:42.012,,,,,,,,,,,,
MSG,7,0,0,7BB0A5,0,2014/11/01,08:55:42.212,2014/11/01,08:55:42.212,,,,,,,,,,,,-1
MSG,7,0,0,7BB0A5,0,2014/11/01,08:55:42.412,2014/11/01,08:55:42.412,,,,,,,,,,,,-1
MSG,8,0,0,7BB0A5,0,2014/11/01,08:55:43.843,2014/11/01,08:55:43.843,,,,,,,,,,,,
MSG,7,0,0,7BB0A5,0,2014/11/01,08:55:44.632,2014/11/01,08:55:44.632,,,,,,,,,,,,-1
MSG,8,0,0,7BB0A5,0,2014/11/01,08:55:46.070,2014/11/01,08:55:46.070,,,,,,,,,,,,
MSG,8,0,0,7BB0A5,0,2014/11/01,08:55:46.991,2014/11/01,08:55:46.991,,,,,,,,,,,,
MSG,7,0,0,7BB0A5,0,2014/11/01,08:55:47.578,2014/11/01,08:55:47.578,,,,,,,,,,,,-1
MSG,8,0,0,7BB0A5,0,2014/11/01,08:55:47.973,2014/11/01,08:55:47.973,,,,,,,,,,,,
MSG,7,0,0,7BB0A5,0,2014/11/01,08:55:48.972,2014/11/01,08:55:48.972,,,,,,,,,,,,-1
MSG,7,0,0,7BB0A5,0,2014/11/01,08:55:48.972,2014/11/01,08:55:48.972,,,,,,,,,,,,-1
MSG,7,0,0,7BB0A5,0,2014/11/01,08:55:49.741,2014/11/01,08:55:49.741,,,,,,,,,,,,-1
MSG,8,0,0,7BB0A5,0,2014/11/01,08:55:50.141,2014/11/01,08:55:50.141,,,,,,,,,,,,
MSG,8,0,0,7BB0A5,0,2014/11/01,08:55:52.237,2014/11/01,08:55:52.237,,,,,,,,,,,,
MSG,8,0,0,7BB0A5,0,2014/11/01,08:55:54.727,2014/11/01,08:55:54.727,,,,,,,,,,,,
MSG,8,0,0,7BB0A5,0,2014/11/01,08:55:56.304,2014/11/01,08:55:56.304,,,,,,,,,,,,
MSG,8,0,0,7BB0A5,0,2014/11/01,08:55:59.505,2014/11/01,08:55:59.505,,,,,,,,,,,,
MSG,8,0,0,7BB0A5,0,2014/11/01,08:56:00.225,2014/11/01,08:56:00.225,,,,,,,,,,,,
MSG,7,0,0,7BB0A5,0,2014/11/01,08:56:00.879,2014/11/01,08:56:00.879,,,,,,,,,,,,-1
MSG,8,0,0,7BB0A5,0,2014/11/01,08:56:02.197,2014/11/01,08:56:02.197,,,,,,,,,,,,
MSG,7,0,0,7BB0A5,0,2014/11/01,08:56:02.197,2014/11/01,08:56:02.197,,,,,,,,,,,,-1
MSG,7,0,0,7BB0A5,0,2014/11/01,08:56:04.093,2014/11/01,08:56:04.093,,,,,,,,,,,,-1
MSG,8,0,0,7BB0A5,0,2014/11/01,08:56:04.484,2014/11/01,08:56:04.484,,,,,,,,,,,,
MSG,8,0,0,7BB0A5,0,2014/11/01,08:56:04.685,2014/11/01,08:56:04.685,,,,,,,,,,,,
MSG,8,0,0,7BB0A5,0,2014/11/01,08:56:05.085,2014/11/01,08:56:05.085,,,,,,,,,,,,
MSG,8,0,0,7BB0A5,0,2014/11/01,08:56:06.384,2014/11/01,08:56:06.384,,,,,,,,,,,,
MSG,7,0,0,7BB0A5,0,2014/11/01,08:56:07.442,2014/11/01,08:56:07.442,,,,,,,,,,,,-1
MSG,7,0,0,7BB0A5,0,2014/11/01,08:56:07.892,2014/11/01,08:56:07.892,,,,,,,,,,,,-1
MSG,8,0,0,7BB0A5,0,2014/11/01,08:56:08.292,2014/11/01,08:56:08.292,,,,,,,,,,,,
MSG,7,0,0,7BB0A5,0,2014/11/01,08:56:08.492,2014/11/01,08:56:08.492,,,,,,,,,,,,-1
MSG,8,0,0,7BB0A5,0,2014/11/01,08:56:09.492,2014/11/01,08:56:09.492,,,,,,,,,,,,
MSG,8,0,0,7BB0A5,0,2014/11/01,08:56:09.492,2014/11/01,08:56:09.492,,,,,,,,,,,,
MSG,8,0,0,7BB0A5,0,2014/11/01,08:56:11.235,2014/11/01,08:56:11.235,,,,,,,,,,,,
MSG,8,0,0,7BB0A5,0,2014/11/01,08:56:12.229,2014/11/01,08:56:12.229,,,,,,,,,,,,
MSG,8,0,0,7BB0A5,0,2014/11/01,08:56:13.992,2014/11/01,08:56:13.992,,,,,,,,,,,,
MSG,8,0,0,7BB0A5,0,2014/11/01,08:56:16.221,2014/11/01,08:56:16.221,,,,,,,,,,,,
MSG,7,0,0,7BB0A5,0,2014/11/01,08:56:16.421,2014/11/01,08:56:16.421,,,,,,,,,,,,-1
MSG,8,0,0,7BB0A5,0,2014/11/01,08:56:20.087,2014/11/01,08:56:20.087,,,,,,,,,,,,
MSG,7,0,0,7BB0A5,0,2014/11/01,08:56:21.327,2014/11/01,08:56:21.327,,,,,,,,,,,,-1
MSG,8,0,0,7BB0A5,0,2014/11/01,08:56:22.250,2014/11/01,08:56:22.250,,,,,,,,,,,,
MSG,8,0,0,7BB0A5,0,2014/11/01,08:56:29.353,2014/11/01,08:56:29.353,,,,,,,,,,,,
MSG,8,0,0,7BB0A5,0,2014/11/01,08:56:29.353,2014/11/01,08:56:29.353,,,,,,,,,,,,
MSG,8,0,0,7BB0A5,0,2014/11/01,08:56:29.353,2014/11/01,08:56:29.353,,,,,,,,,,,,
MSG,8,0,0,7BB0A5,0,2014/11/01,08:56:30.242,2014/11/01,08:56:30.242,,,,,,,,,,,,
MSG,8,0,0,7BB0A5,0,2014/11/01,08:56:34.311,2014/11/01,08:56:34.311,,,,,,,,,,,,
MSG,8,0,0,7BB0A5,0,2014/11/01,08:56:34.311,2014/11/01,08:56:34.311,,,,,,,,,,,,
MSG,7,0,0,7BB0A5,0,2014/11/01,08:56:34.511,2014/11/01,08:56:34.511,,,,,,,,,,,,-1
MSG,7,0,0,7BB0A5,0,2014/11/01,08:56:35.160,2014/11/01,08:56:35.160,,,,,,,,,,,,-1
MSG,7,0,0,7BB0A5,0,2014/11/01,08:56:35.560,2014/11/01,08:56:35.560,,,,,,,,,,,,-1
MSG,8,0,0,7BB0A5,0,2014/11/01,08:56:38.433,2014/11/01,08:56:38.433,,,,,,,,,,,,
MSG,7,0,0,7BB0A5,0,2014/11/01,08:56:39.806,2014/11/01,08:56:39.806,,,,,,,,,,,,-1
MSG,8,0,0,7BB0A5,0,2014/11/01,08:56:42.823,2014/11/01,08:56:42.823,,,,,,,,,,,,
MSG,7,0,0,7BB0A5,0,2014/11/01,08:56:43.023,2014/11/01,08:56:43.023,,,,,,,,,,,,-1
MSG,8,0,0,7BB0A5,0,2014/11/01,08:56:46.765,2014/11/01,08:56:46.765,,,,,,,,,,,,
MSG,8,0,0,7BB0A5,0,2014/11/01,08:56:50.900,2014/11/01,08:56:50.900,,,,,,,,,,,,
MSG,8,0,0,7BB0A5,0,2014/11/01,08:57:22.472,2014/11/01,08:57:22.472,,,,,,,,,,,,
MSG,7,0,0,7BB0A5,0,2014/11/01,08:57:45.599,2014/11/01,08:57:45.599,,,,,,,,,,,,-1
MSG,8,0,0,7BB0A5,0,2014/11/01,08:57:47.250,2014/11/01,08:57:47.250,,,,,,,,,,,,
MSG,7,0,0,7BB0A5,0,2014/11/01,08:57:50.059,2014/11/01,08:57:50.059,,,,,,,,,,,,-1
MSG,8,0,0,7BB0A5,0,2014/11/01,08:57:51.119,2014/11/01,08:57:51.119,,,,,,,,,,,,
MSG,8,0,0,7BB0A5,0,2014/11/01,08:58:03.168,2014/11/01,08:58:03.168,,,,,,,,,,,,
MSG,7,0,0,7BB0A5,0,2014/11/01,08:58:03.960,2014/11/01,08:58:03.960,,,,,,,,,,,,-1
MSG,8,0,0,7BB0A5,0,2014/11/01,08:58:05.210,2014/11/01,08:58:05.210,,,,,,,,,,,,
MSG,8,0,0,7BB0A5,0,2014/11/01,08:58:07.034,2014/11/01,08:58:07.034,,,,,,,,,,,,
MSG,7,0,0,7BB0A5,0,2014/11/01,08:58:09.034,2014/11/01,08:58:09.034,,,,,,,,,,,,-1
MSG,8,0,0,7BB0A5,0,2014/11/01,08:58:19.016,2014/11/01,08:58:19.016,,,,,,,,,,,,
MSG,8,0,0,7BB0A5,0,2014/11/01,08:58:29.022,2014/11/01,08:58:29.022,,,,,,,,,,,,
MSG,7,0,0,7BB0A5,0,2014/11/01,08:58:40.914,2014/11/01,08:58:40.914,,,,,,,,,,,,-1
MSG,7,0,0,7BB0A5,0,2014/11/01,08:58:53.959,2014/11/01,08:58:53.959,,,,,,,,,,,,-1
MSG,8,0,0,7BB0A5,0,2014/11/01,08:59:03.002,2014/11/01,08:59:03.002,,,,,,,,,,,,
MSG,8,0,0,7BB0A5,0,2014/11/01,08:59:45.007,2014/11/01,08:59:45.007,,,,,,,,,,,,
MSG,7,0,0,7BB0A5,0,2014/11/01,08:59:45.455,2014/11/01,08:59:45.455,,,,,,,,,,,,-1
MSG,7,0,0,7BB0A5,0,2014/11/01,08:59:45.655,2014/11/01,08:59:45.655,,,,,,,,,,,,-1
MSG,8,0,0,7BB0A5,0,2014/11/01,08:59:50.905,2014/11/01,08:59:50.905,,,,,,,,,,,,
MSG,8,0,0,7BB0A5,0,2014/11/01,08:59:56.923,2014/11/01,08:59:56.923,,,,,,,,,,,,
MSG,7,0,0,7BB0A5,0,2014/11/01,08:59:57.975,2014/11/01,08:59:57.975,,,,,,,,,,,,-1
MSG,7,0,0,7BB0A5,0,2014/11/01,08:59:59.937,2014/11/01,08:59:59.937,,,,,,,,,,,,-1
MSG,8,0,0,7BB0A5,0,2014/11/01,09:00:00.595,2014/11/01,09:00:00.595,,,,,,,,,,,,
MSG,7,0,0,7BB0A5,0,2014/11/01,09:00:02.037,2014/11/01,09:00:02.037,,,,,,,,,,,,-1
MSG,7,0,0,7BB0A5,0,2014/11/01,09:00:15.890,2014/11/01,09:00:15.890,,,,,,,,,,,,-1
MSG,8,0,0,7BB0A5,0,2014/11/01,09:00:22.680,2014/11/01,09:00:22.680,,,,,,,,,,,,
MSG,8,0,0,7BB0A5,0,2014/11/01,09:00:23.793,2014/11/01,09:00:23.793,,,,,,,,,,,,
MSG,7,0,0,7BB0A5,0,2014/11/01,09:00:24.793,2014/11/01,09:00:24.793,,,,,,,,,,,,-1
MSG,8,0,0,7BB0A5,0,2014/11/01,09:00:24.793,2014/11/01,09:00:24.793,,,,,,,,,,,,
MSG,7,0,0,7BB0A5,0,2014/11/01,09:00:24.993,2014/11/01,09:00:24.993,,,,,,,,,,,,-1
MSG,8,0,0,7BB0A5,0,2014/11/01,09:00:28.692,2014/11/01,09:00:28.692,,,,,,,,,,,,
MSG,7,0,0,7BB0A5,0,2014/11/01,09:00:29.892,2014/11/01,09:00:29.892,,,,,,,,,,,,-1
MSG,7,0,0,7BB0A5,0,2014/11/01,09:00:30.092,2014/11/01,09:00:30.092,,,,,,,,,,,,-1
MSG,8,0,0,7BB0A5,0,2014/11/01,09:00:30.612,2014/11/01,09:00:30.612,,,,,,,,,,,,
MSG,8,0,0,7BB0A5,0,2014/11/01,09:00:32.451,2014/11/01,09:00:32.451,,,,,,,,,,,,
MSG,7,0,0,7BB0A5,0,2014/11/01,09:00:35.414,2014/11/01,09:00:35.414,,,,,,,,,,,,-1
MSG,8,0,0,7BB0A5,0,2014/11/01,09:00:36.839,2014/11/01,09:00:36.839,,,,,,,,,,,,
MSG,8,0,0,7BB0A5,0,2014/11/01,09:00:37.894,2014/11/01,09:00:37.894,,,,,,,,,,,,
MSG,7,0,0,7BB0A5,0,2014/11/01,09:00:40.304,2014/11/01,09:00:40.304,,,,,,,,,,,,-1
MSG,8,0,0,7BB0A5,0,2014/11/01,09:00:40.704,2014/11/01,09:00:40.704,,,,,,,,,,,,
MSG,7,0,0,7BB0A5,0,2014/11/01,09:00:40.904,2014/11/01,09:00:40.904,,,,,,,,,,,,-1
MSG,7,0,0,7BB0A5,0,2014/11/01,09:00:51.319,2014/11/01,09:00:51.319,,,,,,,,,,,,-1
MSG,7,0,0,7BB0A5,0,2014/11/01,09:00:52.319,2014/11/01,09:00:52.319,,,,,,,,,,,,-1
MSG,7,0,0,7BB0A5,0,2014/11/01,09:00:55.904,2014/11/01,09:00:55.904,,,,,,,,,,,,-1
MSG,8,0,0,7BB0A5,0,2014/11/01,09:00:58.270,2014/11/01,09:00:58.270,,,,,,,,,,,,
MSG,8,0,0,7BB0A5,0,2014/11/01,09:01:04.621,2014/11/01,09:01:04.621,,,,,,,,,,,,
MSG,8,0,0,7BB0A5,0,2014/11/01,09:01:24.262,2014/11/01,09:01:24.262,,,,,,,,,,,,
MSG,8,0,0,7BB0A5,0,2014/11/01,09:01:25.262,2014/11/01,09:01:25.262,,,,,,,,,,,,
MSG,7,0,0,7BB0A5,0,2014/11/01,09:01:25.462,2014/11/01,09:01:25.462,,,,,,,,,,,,-1
MSG,7,0,0,7BB0A5,0,2014/11/01,09:01:25.862,2014/11/01,09:01:25.862,,,,,,,,,,,,-1
MSG,8,0,0,7BB0A5,0,2014/11/01,09:01:30.316,2014/11/01,09:01:30.316,,,,,,,,,,,,
MSG,8,0,0,7BB0A5,0,2014/11/01,09:01:35.339,2014/11/01,09:01:35.339,,,,,,,,,,,,
MSG,7,0,0,7BB0A5,0,2014/11/01,09:01:35.746,2014/11/01,09:01:35.746,,,,,,,,,,,,-1
MSG,7,0,0,7BB0A5,0,2014/11/01,09:01:35.746,2014/11/01,09:01:35.746,,,,,,,,,,,,-1
MSG,7,0,0,7BB0A5,0,2014/11/01,09:01:41.964,2014/11/01,09:01:41.964,,,,,,,,,,,,-1
MSG,7,0,0,7BB0A5,0,2014/11/01,09:01:55.950,2014/11/01,09:01:55.950,,,,,,,,,,,,-1
MSG,7,0,0,7BB0A5,0,2014/11/01,09:01:55.950,2014/11/01,09:01:55.950,,,,,,,,,,,,-1
MSG,8,0,0,7BB0A5,0,2014/11/01,09:02:07.340,2014/11/01,09:02:07.340,,,,,,,,,,,,
MSG,7,0,0,7BB0A5,0,2014/11/01,09:02:08.940,2014/11/01,09:02:08.940,,,,,,,,,,,,-1
MSG,7,0,0,7BB0A5,0,2014/11/01,09:02:08.940,2014/11/01,09:02:08.940,,,,,,,,,,,,-1
MSG,8,0,0,7BB0A5,0,2014/11/01,09:02:09.140,2014/11/01,09:02:09.140,,,,,,,,,,,,
MSG,7,0,0,7BB0A5,0,2014/11/01,09:02:09.941,2014/11/01,09:02:09.941,,,,,,,,,,,,-1
MSG,8,0,0,7BB0A5,0,2014/11/01,09:02:10.140,2014/11/01,09:02:10.140,,,,,,,,,,,,
MSG,8,0,0,7BB0A5,0,2014/11/01,09:02:11.144,2014/11/01,09:02:11.144,,,,,,,,,,,,
MSG,8,0,0,7BB0A5,0,2014/11/01,09:02:13.036,2014/11/01,09:02:13.036,,,,,,,,,,,,
MSG,8,0,0,7BB0A5,0,2014/11/01,09:02:13.636,2014/11/01,09:02:13.636,,,,,,,,,,,,
MSG,7,0,0,7BB0A5,0,2014/11/01,09:02:15.849,2014/11/01,09:02:15.849,,,,,,,,,,,,-1
MSG,7,0,0,7BB0A5,0,2014/11/01,09:02:17.957,2014/11/01,09:02:17.957,,,,,,,,,,,,-1
MSG,8,0,0,7BB0A5,0,2014/11/01,09:02:18.936,2014/11/01,09:02:18.936,,,,,,,,,,,,
MSG,7,0,0,7BB0A5,0,2014/11/01,09:02:22.949,2014/11/01,09:02:22.949,,,,,,,,,,,,-1
MSG,7,0,0,7BB0A5,0,2014/11/01,09:02:25.485,2014/11/01,09:02:25.485,,,,,,,,,,,,-1
MSG,8,0,0,7BB0A5,0,2014/11/01,09:02:26.926,2014/11/01,09:02:26.926,,,,,,,,,,,,
MSG,8,0,0,7BB0A5,0,2014/11/01,09:02:30.726,2014/11/01,09:02:30.726,,,,,,,,,,,,
MSG,8,0,0,7BB0A5,0,2014/11/01,09:02:34.805,2014/11/01,09:02:34.805,,,,,,,,,,,,
MSG,8,0,0,7BB0A5,0,2014/11/01,09:02:36.757,2014/11/01,09:02:36.757,,,,,,,,,,,,
MSG,7,0,0,7BB0A5,0,2014/11/01,09:02:36.957,2014/11/01,09:02:36.957,,,,,,,,,,,,-1
MSG,7,0,0,7BB0A5,0,2014/11/01,09:02:37.157,2014/11/01,09:02:37.157,,,,,,,,,,,,-1
MSG,8,0,0,7BB0A5,0,2014/11/01,09:02:40.908,2014/11/01,09:02:40.908,,,,,,,,,,,,
MSG,7,0,0,7BB0A5,0,2014/11/01,09:02:47.972,2014/11/01,09:02:47.972,,,,,,,,,,,,-1
MSG,8,0,0,7BB0A5,0,2014/11/01,09:02:57.884,2014/11/01,09:02:57.884,,,,,,,,,,,,
MSG,7,0,0,7BB0A5,0,2014/11/01,09:02:58.837,2014/11/01,09:02:58.837,,,,,,,,,,,,-1
MSG,8,0,0,7BB0A5,0,2014/11/01,09:03:01.982,2014/11/01,09:03:01.982,,,,,,,,,,,,
MSG,8,0,0,7BB0A5,0,2014/11/01,09:03:07.494,2014/11/01,09:03:07.494,,,,,,,,,,,,
MSG,8,0,0,7BB0A5,0,2014/11/01,09:03:10.464,2014/11/01,09:03:10.464,,,,,,,,,,,,
MSG,8,0,0,7BB0A5,0,2014/11/01,09:03:13.798,2014/11/01,09:03:13.798,,,,,,,,,,,,
MSG,8,0,0,7BB0A5,0,2014/11/01,09:03:17.586,2014/11/01,09:03:17.586,,,,,,,,,,,,
MSG,7,0,0,7BB0A5,0,2014/11/01,09:03:17.986,2014/11/01,09:03:17.986,,,,,,,,,,,,-1
MSG,8,0,0,7BB0A5,0,2014/11/01,09:03:18.586,2014/11/01,09:03:18.586,,,,,,,,,,,,
MSG,7,0,0,7BB0A5,0,2014/11/01,09:03:19.186,2014/11/01,09:03:19.186,,,,,,,,,,,,-1
MSG,8,0,0,7BB0A5,0,2014/11/01,09:03:19.586,2014/11/01,09:03:19.586,,,,,,,,,,,,
MSG,7,0,0,7BB0A5,0,2014/11/01,09:03:21.449,2014/11/01,09:03:21.449,,,,,,,,,,,,-1
MSG,8,0,0,7BB0A5,0,2014/11/01,09:03:21.650,2014/11/01,09:03:21.650,,,,,,,,,,,,
MSG,8,0,0,7BB0A5,0,2014/11/01,09:03:22.500,2014/11/01,09:03:22.500,,,,,,,,,,,,
MSG,7,0,0,7BB0A5,0,2014/11/01,09:03:22.900,2014/11/01,09:03:22.900,,,,,,,,,,,,-1
MSG,8,0,0,7BB0A5,0,2014/11/01,09:03:23.612,2014/11/01,09:03:23.612,,,,,,,,,,,,
MSG,8,0,0,7BB0A5,0,2014/11/01,09:03:27.497,2014/11/01,09:03:27.497,,,,,,,,,,,,
MSG,7,0,0,7BB0A5,0,2014/11/01,09:03:27.897,2014/11/01,09:03:27.897,,50,,,,,,,,,,-1
MSG,7,0,0,7BB0A5,0,2014/11/01,09:03:31.020,2014/11/01,09:03:31.020,,50,,,,,,,,,,-1
MSG,7,0,0,7BB0A5,0,2014/11/01,09:03:32.003,2014/11/01,09:03:32.003,,50,,,,,,,,,,-1
MSG,8,0,0,7BB0A5,0,2014/11/01,09:03:33.441,2014/11/01,09:03:33.441,,,,,,,,,,,,
MSG,7,0,0,7BB0A5,0,2014/11/01,09:03:33.901,2014/11/01,09:03:33.901,,50,,,,,,,,,,-1
MSG,7,0,0,7BB0A5,0,2014/11/01,09:03:33.901,2014/11/01,09:03:33.901,,50,,,,,,,,,,-1
MSG,7,0,0,7BB0A5,0,2014/11/01,09:03:34.816,2014/11/01,09:03:34.816,,50,,,,,,,,,,-1
MSG,8,0,0,7BB0A5,0,2014/11/01,09:03:35.620,2014/11/01,09:03:35.620,,,,,,,,,,,,
MSG,7,0,0,7BB0A5,0,2014/11/01,09:03:35.820,2014/11/01,09:03:35.820,,50,,,,,,,,,,-1
MSG,7,0,0,7BB0A5,0,2014/11/01,09:03:35.820,2014/11/01,09:03:35.820,,50,,,,,,,,,,-1
MSG,8,0,0,7BB0A5,0,2014/11/01,09:03:37.503,2014/11/01,09:03:37.503,,,,,,,,,,,,
MSG,7,0,0,7BB0A5,0,2014/11/01,09:03:37.961,2014/11/01,09:03:37.961,,50,,,,,,,,,,-1
MSG,8,0,0,7BB0A5,0,2014/11/01,09:03:39.471,2014/11/01,09:03:39.471,,,,,,,,,,,,
MSG,8,0,0,7BB0A5,0,2014/11/01,09:03:43.595,2014/11/01,09:03:43.595,,,,,,,,,,,,
MSG,8,0,0,7BB0A5,0,2014/11/01,09:03:45.640,2014/11/01,09:03:45.640,,,,,,,,,,,,
MSG,8,0,0,7BB0A5,0,2014/11/01,09:03:46.350,2014/11/01,09:03:46.350,,,,,,,,,,,,
MSG,8,0,0,7BB0A5,0,2014/11/01,09:03:47.465,2014/11/01,09:03:47.465,,,,,,,,,,,,
MSG,7,0,0,7BB0A5,0,2014/11/01,09:03:47.865,2014/11/01,09:03:47.865,,50,,,,,,,,,,-1
MSG,8,0,0,7BB0A5,0,2014/11/01,09:03:49.171,2014/11/01,09:03:49.171,,,,,,,,,,,,
MSG,8,0,0,7BB0A5,0,2014/11/01,09:03:50.292,2014/11/01,09:03:50.292,,,,,,,,,,,,
MSG,8,0,0,7BB0A5,0,2014/11/01,09:03:51.292,2014/11/01,09:03:51.292,,,,,,,,,,,,
MSG,8,0,0,7BB0A5,0,2014/11/01,09:03:52.310,2014/11/01,09:03:52.310,,,,,,,,,,,,
MSG,8,0,0,7BB0A5,0,2014/11/01,09:03:53.427,2014/11/01,09:03:53.427,,,,,,,,,,,,
MSG,8,0,0,7BB0A5,0,2014/11/01,09:03:54.227,2014/11/01,09:03:54.227,,,,,,,,,,,,
MSG,8,0,0,7BB0A5,0,2014/11/01,09:03:54.604,2014/11/01,09:03:54.604,,,,,,,,,,,,
MSG,7,0,0,7BB0A5,0,2014/11/01,09:03:55.593,2014/11/01,09:03:55.593,,50,,,,,,,,,,-1
MSG,8,0,0,7BB0A5,0,2014/11/01,09:03:57.125,2014/11/01,09:03:57.125,,,,,,,,,,,,
MSG,7,0,0,7BB0A5,0,2014/11/01,09:03:57.945,2014/11/01,09:03:57.945,,50,,,,,,,,,,-1
MSG,7,0,0,7BB0A5,0,2014/11/01,09:03:57.945,2014/11/01,09:03:57.945,,50,,,,,,,,,,-1
MSG,7,0,0,7BB0A5,0,2014/11/01,09:03:58.734,2014/11/01,09:03:58.734,,50,,,,,,,,,,-1
MSG,8,0,0,7BB0A5,0,2014/11/01,09:03:59.134,2014/11/01,09:03:59.134,,,,,,,,,,,,
MSG,7,0,0,7BB0A5,0,2014/11/01,09:04:00.702,2014/11/01,09:04:00.702,,50,,,,,,,,,,-1
MSG,7,0,0,7BB0A5,0,2014/11/01,09:04:00.702,2014/11/01,09:04:00.702,,50,,,,,,,,,,-1
MSG,8,0,0,7BB0A5,0,2014/11/01,09:04:01.102,2014/11/01,09:04:01.102,,,,,,,,,,,,
MSG,7,0,0,7BB0A5,0,2014/11/01,09:04:01.302,2014/11/01,09:04:01.302,,50,,,,,,,,,,-1
MSG,7,0,0,7BB0A5,0,2014/11/01,09:04:03.550,2014/11/01,09:04:03.550,,50,,,,,,,,,,-1
MSG,7,0,0,7BB0A5,0,2014/11/01,09:04:03.550,2014/11/01,09:04:03.550,,50,,,,,,,,,,-1
MSG,8,0,0,7BB0A5,0,2014/11/01,09:04:03.951,2014/11/01,09:04:03.951,,,,,,,,,,,,
MSG,8,0,0,7BB0A5,0,2014/11/01,09:04:04.961,2014/11/01,09:04:04.961,,,,,,,,,,,,
MSG,7,0,0,7BB0A5,0,2014/11/01,09:04:06.266,2014/11/01,09:04:06.266,,50,,,,,,,,,,-1
MSG,7,0,0,7BB0A5,0,2014/11/01,09:04:08.893,2014/11/01,09:04:08.893,,50,,,,,,,,,,-1
MSG,7,0,0,7BB0A5,0,2014/11/01,09:04:08.893,2014/11/01,09:04:08.893,,50,,,,,,,,,,-1
MSG,8,0,0,7BB0A5,0,2014/11/01,09:04:12.625,2014/11/01,09:04:12.625,,,,,,,,,,,,
MSG,7,0,0,7BB0A5,0,2014/11/01,09:04:16.101,2014/11/01,09:04:16.101,,50,,,,,,,,,,-1
MSG,8,0,0,7BB0A5,0,2014/11/01,09:04:16.701,2014/11/01,09:04:16.701,,,,,,,,,,,,
MSG,8,0,0,7BB0A5,0,2014/11/01,09:04:18.501,2014/11/01,09:04:18.501,,,,,,,,,,,,
MSG,7,0,0,7BB0A5,0,2014/11/01,09:04:19.901,2014/11/01,09:04:19.901,,50,,,,,,,,,,-1
MSG,8,0,0,7BB0A5,0,2014/11/01,09:04:20.361,2014/11/01,09:04:20.361,,,,,,,,,,,,
MSG,8,0,0,7BB0A5,0,2014/11/01,09:04:22.127,2014/11/01,09:04:22.127,,,,,,,,,,,,
MSG,8,0,0,7BB0A5,0,2014/11/01,09:04:24.290,2014/11/01,09:04:24.290,,,,,,,,,,,,
MSG,8,0,0,7BB0A5,0,2014/11/01,09:04:24.490,2014/11/01,09:04:24.490,,,,,,,,,,,,
MSG,8,0,0,7BB0A5,0,2014/11/01,09:04:26.394,2014/11/01,09:04:26.394,,,,,,,,,,,,
MSG,8,0,0,7BB0A5,0,2014/11/01,09:04:34.316,2014/11/01,09:04:34.316,,,,,,,,,,,,
MSG,8,0,0,7BB0A5,0,2014/11/01,09:05:10.416,2014/11/01,09:05:10.416,,,,,,,,,,,,
MSG,8,0,0,7BB0A5,0,2014/11/01,09:05:12.472,2014/11/01,09:05:12.472,,,,,,,,,,,,
MSG,8,0,0,7BB0A5,0,2014/11/01,09:05:22.785,2014/11/01,09:05:22.785,,,,,,,,,,,,
MSG,8,0,0,7BB0A5,0,2014/11/01,09:05:30.409,2014/11/01,09:05:30.409,,,,,,,,,,,,
MSG,8,0,0,7BB0A5,0,2014/11/01,09:05:32.409,2014/11/01,09:05:32.409,,,,,,,,,,,,
MSG,8,0,0,7BB0A5,0,2014/11/01,09:05:33.506,2014/11/01,09:05:33.506,,,,,,,,,,,,
MSG,8,0,0,7BB0A5,0,2014/11/01,09:05:33.506,2014/11/01,09:05:33.506,,,,,,,,,,,,
MSG,8,0,0,7BB0A5,0,2014/11/01,09:05:34.686,2014/11/01,09:05:34.686,,,,,,,,,,,,
MSG,8,0,0,7BB0A5,0,2014/11/01,09:05:36.516,2014/11/01,09:05:36.516,,,,,,,,,,,,
MSG,8,0,0,7BB0A5,0,2014/11/01,09:05:38.356,2014/11/01,09:05:38.356,,,,,,,,,,,,
MSG,7,0,0,7BB0A5,0,2014/11/01,09:05:38.756,2014/11/01,09:05:38.756,,75,,,,,,,,,,-1
MSG,7,0,0,7BB0A5,0,2014/11/01,09:05:39.556,2014/11/01,09:05:39.556,,75,,,,,,,,,,-1
MSG,8,0,0,7BB0A5,0,2014/11/01,09:05:40.156,2014/11/01,09:05:40.156,,,,,,,,,,,,
MSG,8,0,0,7BB0A5,0,2014/11/01,09:05:40.556,2014/11/01,09:05:40.556,,,,,,,,,,,,
MSG,8,0,0,7BB0A5,0,2014/11/01,09:05:45.817,2014/11/01,09:05:45.817,,,,,,,,,,,,
MSG,8,0,0,7BB0A5,0,2014/11/01,09:05:49.069,2014/11/01,09:05:49.069,,,,,,,,,,,,
MSG,8,0,0,7BB0A5,0,2014/11/01,09:06:09.469,2014/11/01,09:06:09.469,,,,,,,,,,,,
MSG,7,0,0,7BB0A5,0,2014/11/01,09:06:13.535,2014/11/01,09:06:13.535,,750,,,,,,,,,,0
MSG,7,0,0,7BB0A5,0,2014/11/01,09:06:13.735,2014/11/01,09:06:13.735,,750,,,,,,,,,,0
MSG,7,0,0,7BB0A5,0,2014/11/01,09:06:13.735,2014/11/01,09:06:13.735,,775,,,,,,,,,,0
MSG,8,0,0,7BB0A5,0,2014/11/01,09:06:15.385,2014/11/01,09:06:15.385,,,,,,,,,,,,
MSG,8,0,0,7BB0A5,0,2014/11/01,09:06:19.572,2014/11/01,09:06:19.572,,,,,,,,,,,,
MSG,8,0,0,7BB0A5,0,2014/11/01,09:06:20.497,2014/11/01,09:06:20.497,,,,,,,,,,,,
MSG,8,0,0,7BB0A5,0,2014/11/01,09:06:23.563,2014/11/01,09:06:23.563,,,,,,,,,,,,
MSG,7,0,0,7BB0A5,0,2014/11/01,09:06:23.763,2014/11/01,09:06:23.763,,1325,,,,,,,,,,0
MSG,7,0,0,7BB0A5,0,2014/11/01,09:06:23.763,2014/11/01,09:06:23.763,,1325,,,,,,,,,,0
MSG,8,0,0,7BB0A5,0,2014/11/01,09:06:24.563,2014/11/01,09:06:24.563,,,,,,,,,,,,
MSG,7,0,0,7BB0A5,0,2014/11/01,09:06:25.763,2014/11/01,09:06:25.763,,1425,,,,,,,,,,0
MSG,8,0,0,7BB0A5,0,2014/11/01,09:06:26.584,2014/11/01,09:06:26.584,,,,,,,,,,,,
MSG,8,0,0,7BB0A5,0,2014/11/01,09:06:27.426,2014/11/01,09:06:27.426,,,,,,,,,,,,
MSG,8,0,0,7BB0A5,0,2014/11/01,09:06:28.537,2014/11/01,09:06:28.537,,,,,,,,,,,,
MSG,8,0,0,7BB0A5,0,2014/11/01,09:06:29.537,2014/11/01,09:06:29.537,,,,,,,,,,,,
MSG,8,0,0,7BB0A5,0,2014/11/01,09:06:30.337,2014/11/01,09:06:30.337,,,,,,,,,,,,
MSG,8,0,0,7BB0A5,0,2014/11/01,09:06:30.537,2014/11/01,09:06:30.537,,,,,,,,,,,,
MSG,8,0,0,7BB0A5,0,2014/11/01,09:06:32.537,2014/11/01,09:06:32.537,,,,,,,,,,,,
MSG,8,0,0,7BB0A5,0,2014/11/01,09:06:33.782,2014/11/01,09:06:33.782,,,,,,,,,,,,
MSG,8,0,0,7BB0A5,0,2014/11/01,09:06:34.630,2014/11/01,09:06:34.630,,,,,,,,,,,,
MSG,7,0,0,7BB0A5,0,2014/11/01,09:06:35.429,2014/11/01,09:06:35.429,,1900,,,,,,,,,,0
MSG,8,0,0,7BB0A5,0,2014/11/01,09:06:35.629,2014/11/01,09:06:35.629,,,,,,,,,,,,
MSG,7,0,0,7BB0A5,0,2014/11/01,09:06:36.629,2014/11/01,09:06:36.629,,1950,,,,,,,,,,0
MSG,8,0,0,7BB0A5,0,2014/11/01,09:06:37.430,2014/11/01,09:06:37.430,,,,,,,,,,,,
MSG,8,0,0,7BB0A5,0,2014/11/01,09:06:39.230,2014/11/01,09:06:39.230,,,,,,,,,,,,
MSG,8,0,0,7BB0A5,0,2014/11/01,09:06:41.383,2014/11/01,09:06:41.383,,,,,,,,,,,,
MSG,8,0,0,7BB0A5,0,2014/11/01,09:06:44.165,2014/11/01,09:06:44.165,,,,,,,,,,,,
MSG,8,0,0,7BB0A5,0,2014/11/01,09:06:45.165,2014/11/01,09:06:45.165,,,,,,,,,,,,
MSG,8,0,0,7BB0A5,0,2014/11/01,09:06:46.165,2014/11/01,09:06:46.165,,,,,,,,,,,,
MSG,7,0,0,7BB0A5,0,2014/11/01,09:06:46.565,2014/11/01,09:06:46.565,,2450,,,,,,,,,,0
MSG,7,0,0,7BB0A5,0,2014/11/01,09:06:46.565,2014/11/01,09:06:46.565,,2450,,,,,,,,,,0
MSG,7,0,0,7BB0A5,0,2014/11/01,09:06:46.565,2014/11/01,09:06:46.565,,2450,,,,,,,,,,0
MSG,8,0,0,7BB0A5,0,2014/11/01,09:06:47.165,2014/11/01,09:06:47.165,,,,,,,,,,,,
MSG,8,0,0,7BB0A5,0,2014/11/01,09:06:49.379,2014/11/01,09:06:49.379,,,,,,,,,,,,
MSG,8,0,0,7BB0A5,0,2014/11/01,09:06:50.287,2014/11/01,09:06:50.287,,,,,,,,,,,,
MSG,8,0,0,7BB0A5,0,2014/11/01,09:06:52.388,2014/11/01,09:06:52.388,,,,,,,,,,,,
MSG,8,0,0,7BB0A5,0,2014/11/01,09:06:54.490,2014/11/01,09:06:54.490,,,,,,,,,,,,
MSG,8,0,0,7BB0A5,0,2014/11/01,09:06:55.343,2014/11/01,09:06:55.343,,,,,,,,,,,,
MSG,8,0,0,7BB0A5,0,2014/11/01,09:06:56.453,2014/11/01,09:06:56.453,,,,,,,,,,,,
MSG,7,0,0,7BB0A5,0,2014/11/01,09:06:56.653,2014/11/01,09:06:56.653,,2875,,,,,,,,,,0
MSG,7,0,0,7BB0A5,0,2014/11/01,09:06:57.453,2014/11/01,09:06:57.453,,2900,,,,,,,,,,0
MSG,7,0,0,7BB0A5,0,2014/11/01,09:06:57.453,2014/11/01,09:06:57.453,,2925,,,,,,,,,,0
MSG,8,0,0,7BB0A5,0,2014/11/01,09:06:57.453,2014/11/01,09:06:57.453,,,,,,,,,,,,
MSG,7,0,0,7BB0A5,0,2014/11/01,09:06:57.653,2014/11/01,09:06:57.653,,2925,,,,,,,,,,0
MSG,7,0,0,7BB0A5,0,2014/11/01,09:06:57.653,2014/11/01,09:06:57.653,,2925,,,,,,,,,,0
MSG,8,0,0,7BB0A5,0,2014/11/01,09:06:58.493,2014/11/01,09:06:58.493,,,,,,,,,,,,
MSG,7,0,0,7BB0A5,0,2014/11/01,09:06:58.693,2014/11/01,09:06:58.693,,2950,,,,,,,,,,0
MSG,8,0,0,7BB0A5,0,2014/11/01,09:06:59.493,2014/11/01,09:06:59.493,,,,,,,,,,,,
MSG,8,0,0,7BB0A5,0,2014/11/01,09:07:01.506,2014/11/01,09:07:01.506,,,,,,,,,,,,
MSG,8,0,0,7BB0A5,0,2014/11/01,09:07:02.306,2014/11/01,09:07:02.306,,,,,,,,,,,,
MSG,8,0,0,7BB0A5,0,2014/11/01,09:07:03.211,2014/11/01,09:07:03.211,,,,,,,,,,,,
MSG,8,0,0,7BB0A5,0,2014/11/01,09:07:04.260,2014/11/01,09:07:04.260,,,,,,,,,,,,
MSG,8,0,0,7BB0A5,0,2014/11/01,09:07:05.243,2014/11/01,09:07:05.243,,,,,,,,,,,,
MSG,7,0,0,7BB0A5,0,2014/11/01,09:07:05.443,2014/11/01,09:07:05.443,,3225,,,,,,,,,,0
MSG,8,0,0,7BB0A5,0,2014/11/01,09:07:06.243,2014/11/01,09:07:06.243,,,,,,,,,,,,
MSG,8,0,0,7BB0A5,0,2014/11/01,09:07:07.003,2014/11/01,09:07:07.003,,,,,,,,,,,,
MSG,8,0,0,7BB0A5,0,2014/11/01,09:07:07.928,2014/11/01,09:07:07.928,,,,,,,,,,,,
MSG,7,0,0,7BB0A5,0,2014/11/01,09:07:08.528,2014/11/01,09:07:08.528,,3325,,,,,,,,,,0
MSG,7,0,0,7BB0A5,0,2014/11/01,09:07:08.528,2014/11/01,09:07:08.528,,3325,,,,,,,,,,0
MSG,7,0,0,7BB0A5,0,2014/11/01,09:07:09.169,2014/11/01,09:07:09.169,,3350,,,,,,,,,,0
MSG,7,0,0,7BB0A5,0,2014/11/01,09:07:09.169,2014/11/01,09:07:09.169,,3350,,,,,,,,,,0
MSG,7,0,0,7BB0A5,0,2014/11/01,09:07:09.759,2014/11/01,09:07:09.759,,3375,,,,,,,,,,0
MSG,7,0,0,7BB0A5,0,2014/11/01,09:07:09.759,2014/11/01,09:07:09.759,,3375,,,,,,,,,,0
MSG,8,0,0,7BB0A5,0,2014/11/01,09:07:09.759,2014/11/01,09:07:09.759,,,,,,,,,,,,
MSG,7,0,0,7BB0A5,0,2014/11/01,09:07:10.680,2014/11/01,09:07:10.680,,3400,,,,,,,,,,0
MSG,8,0,0,7BB0A5,0,2014/11/01,09:07:10.680,2014/11/01,09:07:10.680,,,,,,,,,,,,
MSG,7,0,0,7BB0A5,0,2014/11/01,09:07:11.080,2014/11/01,09:07:11.080,,3400,,,,,,,,,,0
MSG,8,0,0,7BB0A5,0,2014/11/01,09:07:11.594,2014/11/01,09:07:11.594,,,,,,,,,,,,
MSG,8,0,0,7BB0A5,0,2014/11/01,09:07:12.644,2014/11/01,09:07:12.644,,,,,,,,,,,,
MSG,8,0,0,7BB0A5,0,2014/11/01,09:07:13.444,2014/11/01,09:07:13.444,,,,,,,,,,,,
MSG,8,0,0,7BB0A5,0,2014/11/01,09:07:14.739,2014/11/01,09:07:14.739,,,,,,,,,,,,
MSG,8,0,0,7BB0A5,0,2014/11/01,09:07:15.339,2014/11/01,09:07:15.339,,,,,,,,,,,,
MSG,8,0,0,7BB0A5,0,2014/11/01,09:07:16.439,2014/11/01,09:07:16.439,,,,,,,,,,,,
MSG,8,0,0,7BB0A5,0,2014/11/01,09:07:17.294,2014/11/01,09:07:17.294,,,,,,,,,,,,
MSG,8,0,0,7BB0A5,0,2014/11/01,09:07:18.340,2014/11/01,09:07:18.340,,,,,,,,,,,,
MSG,8,0,0,7BB0A5,0,2014/11/01,09:07:19.470,2014/11/01,09:07:19.470,,,,,,,,,,,,
MSG,7,0,0,7BB0A5,0,2014/11/01,09:07:19.470,2014/11/01,09:07:19.470,,3600,,,,,,,,,,0
MSG,7,0,0,7BB0A5,0,2014/11/01,09:07:19.470,2014/11/01,09:07:19.470,,3600,,,,,,,,,,0
MSG,8,0,0,7BB0A5,0,2014/11/01,09:07:20.270,2014/11/01,09:07:20.270,,,,,,,,,,,,
MSG,7,0,0,7BB0A5,0,2014/11/01,09:07:20.670,2014/11/01,09:07:20.670,,3625,,,,,,,,,,0
MSG,7,0,0,7BB0A5,0,2014/11/01,09:07:22.081,2014/11/01,09:07:22.081,,3650,,,,,,,,,,0
MSG,8,0,0,7BB0A5,0,2014/11/01,09:07:22.281,2014/11/01,09:07:22.281,,,,,,,,,,,,
MSG,8,0,0,7BB0A5,0,2014/11/01,09:07:23.281,2014/11/01,09:07:23.281,,,,,,,,,,,,
MSG,8,0,0,7BB0A5,0,2014/11/01,09:07:24.237,2014/11/01,09:07:24.237,,,,,,,,,,,,
MSG,8,0,0,7BB0A5,0,2014/11/01,09:07:27.324,2014/11/01,09:07:27.324,,,,,,,,,,,,
MSG,8,0,0,7BB0A5,0,2014/11/01,09:07:28.504,2014/11/01,09:07:28.504,,,,,,,,,,,,
MSG,8,0,0,7BB0A5,0,2014/11/01,09:07:29.559,2014/11/01,09:07:29.559,,,,,,,,,,,,
MSG,8,0,0,7BB0A5,0,2014/11/01,09:07:30.458,2014/11/01,09:07:30.458,,,,,,,,,,,,
MSG,7,0,0,7BB0A5,0,2014/11/01,09:07:30.658,2014/11/01,09:07:30.658,,3800,,,,,,,,,,0
MSG,7,0,0,7BB0A5,0,2014/11/01,09:07:31.508,2014/11/01,09:07:31.508,,3825,,,,,,,,,,0
MSG,8,0,0,7BB0A5,0,2014/11/01,09:07:31.508,2014/11/01,09:07:31.508,,,,,,,,,,,,
MSG,7,0,0,7BB0A5,0,2014/11/01,09:07:31.908,2014/11/01,09:07:31.908,,3825,,,,,,,,,,0
MSG,8,0,0,7BB0A5,0,2014/11/01,09:07:32.498,2014/11/01,09:07:32.498,,,,,,,,,,,,
MSG,7,0,0,7BB0A5,0,2014/11/01,09:07:32.898,2014/11/01,09:07:32.898,,3850,,,,,,,,,,0
MSG,8,0,0,7BB0A5,0,2014/11/01,09:07:34.463,2014/11/01,09:07:34.463,,,,,,,,,,,,
MSG,8,0,0,7BB0A5,0,2014/11/01,09:07:35.607,2014/11/01,09:07:35.607,,,,,,,,,,,,
MSG,8,0,0,7BB0A5,0,2014/11/01,09:07:36.627,2014/11/01,09:07:36.627,,,,,,,,,,,,
MSG,8,0,0,7BB0A5,0,2014/11/01,09:07:37.637,2014/11/01,09:07:37.637,,,,,,,,,,,,
MSG,8,0,0,7BB0A5,0,2014/11/01,09:07:38.657,2014/11/01,09:07:38.657,,,,,,,,,,,,
MSG,8,0,0,7BB0A5,0,2014/11/01,09:07:39.467,2014/11/01,09:07:39.467,,,,,,,,,,,,
MSG,7,0,0,7BB0A5,0,2014/11/01,09:07:40.363,2014/11/01,09:07:40.363,,4050,,,,,,,,,,0
MSG,8,0,0,7BB0A5,0,2014/11/01,09:07:40.563,2014/11/01,09:07:40.563,,,,,,,,,,,,
MSG,8,0,0,7BB0A5,0,2014/11/01,09:07:42.475,2014/11/01,09:07:42.475,,,,,,,,,,,,
MSG,7,0,0,7BB0A5,0,2014/11/01,09:07:42.915,2014/11/01,09:07:42.915,,4150,,,,,,,,,,0
MSG,7,0,0,7BB0A5,0,2014/11/01,09:07:43.515,2014/11/01,09:07:43.515,,4175,,,,,,,,,,0
MSG,7,0,0,7BB0A5,0,2014/11/01,09:07:43.916,2014/11/01,09:07:43.916,,4200,,,,,,,,,,0
MSG,8,0,0,7BB0A5,0,2014/11/01,09:07:44.516,2014/11/01,09:07:44.516,,,,,,,,,,,,
MSG,8,0,0,7BB0A5,0,2014/11/01,09:07:45.316,2014/11/01,09:07:45.316,,,,,,,,,,,,
MSG,8,0,0,7BB0A5,0,2014/11/01,09:07:46.316,2014/11/01,09:07:46.316,,,,,,,,,,,,
MSG,8,0,0,7BB0A5,0,2014/11/01,09:07:47.316,2014/11/01,09:07:47.316,,,,,,,,,,,,
MSG,8,0,0,7BB0A5,0,2014/11/01,09:07:48.157,2014/11/01,09:07:48.157,,,,,,,,,,,,
MSG,8,0,0,7BB0A5,0,2014/11/01,09:07:50.354,2014/11/01,09:07:50.354,,,,,,,,,,,,
MSG,8,0,0,7BB0A5,0,2014/11/01,09:07:51.154,2014/11/01,09:07:51.154,,,,,,,,,,,,
MSG,8,0,0,7BB0A5,0,2014/11/01,09:07:52.155,2014/11/01,09:07:52.155,,,,,,,,,,,,
MSG,8,0,0,7BB0A5,0,2014/11/01,09:07:52.955,2014/11/01,09:07:52.955,,,,,,,,,,,,
MSG,7,0,0,7BB0A5,0,2014/11/01,09:07:53.555,2014/11/01,09:07:53.555,,4550,,,,,,,,,,0
MSG,8,0,0,7BB0A5,0,2014/11/01,09:07:53.955,2014/11/01,09:07:53.955,,,,,,,,,,,,
MSG,8,0,0,7BB0A5,0,2014/11/01,09:07:54.955,2014/11/01,09:07:54.955,,,,,,,,,,,,
MSG,8,0,0,7BB0A5,0,2014/11/01,09:07:56.876,2014/11/01,09:07:56.876,,,,,,,,,,,,
MSG,8,0,0,7BB0A5,0,2014/11/01,09:07:58.676,2014/11/01,09:07:58.676,,,,,,,,,,,,
MSG,8,0,0,7BB0A5,0,2014/11/01,09:07:59.676,2014/11/01,09:07:59.676,,,,,,,,,,,,
MSG,8,0,0,7BB0A5,0,2014/11/01,09:08:00.676,2014/11/01,09:08:00.676,,,,,,,,,,,,
MSG,8,0,0,7BB0A5,0,2014/11/01,09:08:01.677,2014/11/01,09:08:01.677,,,,,,,,,,,,
MSG,8,0,0,7BB0A5,0,2014/11/01,09:08:02.698,2014/11/01,09:08:02.698,,,,,,,,,,,,
MSG,7,0,0,7BB0A5,0,2014/11/01,09:08:03.099,2014/11/01,09:08:03.099,,4950,,,,,,,,,,0
MSG,7,0,0,7BB0A5,0,2014/11/01,09:08:03.099,2014/11/01,09:08:03.099,,4950,,,,,,,,,,0
MSG,7,0,0,7BB0A5,0,2014/11/01,09:08:03.099,2014/11/01,09:08:03.099,,4950,,,,,,,,,,0
MSG,7,0,0,7BB0A5,0,2014/11/01,09:08:03.899,2014/11/01,09:08:03.899,,5000,,,,,,,,,,0
MSG,8,0,0,7BB0A5,0,2014/11/01,09:08:04.739,2014/11/01,09:08:04.739,,,,,,,,,,,,
MSG,8,0,0,7BB0A5,0,2014/11/01,09:08:05.739,2014/11/01,09:08:05.739,,,,,,,,,,,,
MSG,7,0,0,7BB0A5,0,2014/11/01,09:08:06.539,2014/11/01,09:08:06.539,,5125,,,,,,,,,,0
MSG,8,0,0,7BB0A5,0,2014/11/01,09:08:06.739,2014/11/01,09:08:06.739,,,,,,,,,,,,
MSG,7,0,0,7BB0A5,0,2014/11/01,09:08:07.139,2014/11/01,09:08:07.139,,5150,,,,,,,,,,0
MSG,7,0,0,7BB0A5,0,2014/11/01,09:08:07.139,2014/11/01,09:08:07.139,,5150,,,,,,,,,,0
MSG,8,0,0,7BB0A5,0,2014/11/01,09:08:07.939,2014/11/01,09:08:07.939,,,,,,,,,,,,
MSG,8,0,0,7BB0A5,0,2014/11/01,09:08:08.739,2014/11/01,09:08:08.739,,,,,,,,,,,,
MSG,8,0,0,7BB0A5,0,2014/11/01,09:08:11.788,2014/11/01,09:08:11.788,,,,,,,,,,,,
MSG,8,0,0,7BB0A5,0,2014/11/01,09:08:13.809,2014/11/01,09:08:13.809,,,,,,,,,,,,
MSG,7,0,0,7BB0A5,0,2014/11/01,09:08:14.009,2014/11/01,09:08:14.009,,5525,,,,,,,,,,0
MSG,8,0,0,7BB0A5,0,2014/11/01,09:08:14.831,2014/11/01,09:08:14.831,,,,,,,,,,,,
MSG,7,0,0,7BB0A5,0,2014/11/01,09:08:15.031,2014/11/01,09:08:15.031,,5575,,,,,,,,,,0
MSG,8,0,0,7BB0A5,0,2014/11/01,09:08:15.831,2014/11/01,09:08:15.831,,,,,,,,,,,,
MSG,7,0,0,7BB0A5,0,2014/11/01,09:08:16.631,2014/11/01,09:08:16.631,,5675,,,,,,,,,,0
MSG,8,0,0,7BB0A5,0,2014/11/01,09:08:17.520,2014/11/01,09:08:17.520,,,,,,,,,,,,
MSG,8,0,0,7BB0A5,0,2014/11/01,09:08:19.121,2014/11/01,09:08:19.121,,,,,,,,,,,,
MSG,8,0,0,7BB0A5,0,2014/11/01,09:08:19.321,2014/11/01,09:08:19.321,,,,,,,,,,,,
MSG,7,0,0,7BB0A5,0,2014/11/01,09:08:20.321,2014/11/01,09:08:20.321,,5875,,,,,,,,,,0
MSG,8,0,0,7BB0A5,0,2014/11/01,09:08:20.321,2014/11/01,09:08:20.321,,,,,,,,,,,,
MSG,7,0,0,7BB0A5,0,2014/11/01,09:08:22.121,2014/11/01,09:08:22.121,,5975,,,,,,,,,,0
MSG,8,0,0,7BB0A5,0,2014/11/01,09:08:23.521,2014/11/01,09:08:23.521,,,,,,,,,,,,
MSG,7,0,0,7BB0A5,0,2014/11/01,09:08:24.121,2014/11/01,09:08:24.121,,6075,,,,,,,,,,0
MSG,8,0,0,7BB0A5,0,2014/11/01,09:08:24.526,2014/11/01,09:08:24.526,,,,,,,,,,,,
MSG,7,0,0,7BB0A5,0,2014/11/01,09:08:25.127,2014/11/01,09:08:25.127,,6125,,,,,,,,,,0
MSG,8,0,0,7BB0A5,0,2014/11/01,09:08:25.327,2014/11/01,09:08:25.327,,,,,,,,,,,,
MSG,8,0,0,7BB0A5,0,2014/11/01,09:08:27.127,2014/11/01,09:08:27.127,,,,,,,,,,,,
MSG,8,0,0,7BB0A5,0,2014/11/01,09:08:29.178,2014/11/01,09:08:29.178,,,,,,,,,,,,
MSG,8,0,0,7BB0A5,0,2014/11/01,09:08:31.268,2014/11/01,09:08:31.268,,,,,,,,,,,,
MSG,8,0,0,7BB0A5,0,2014/11/01,09:08:33.508,2014/11/01,09:08:33.508,,,,,,,,,,,,
MSG,7,0,0,7BB0A5,0,2014/11/01,09:08:35.422,2014/11/01,09:08:35.422,,6725,,,,,,,,,,0
MSG,8,0,0,7BB0A5,0,2014/11/01,09:08:35.422,2014/11/01,09:08:35.422,,,,,,,,,,,,
MSG,7,0,0,7BB0A5,0,2014/11/01,09:08:35.622,2014/11/01,09:08:35.622,,6750,,,,,,,,,,0
MSG,7,0,0,7BB0A5,0,2014/11/01,09:08:36.423,2014/11/01,09:08:36.423,,6800,,,,,,,,,,0
MSG,8,0,0,7BB0A5,0,2014/11/01,09:08:37.240,2014/11/01,09:08:37.240,,,,,,,,,,,,
MSG,8,0,0,7BB0A5,0,2014/11/01,09:08:38.240,2014/11/01,09:08:38.240,,,,,,,,,,,,
MSG,7,0,0,7BB0A5,0,2014/11/01,09:08:38.640,2014/11/01,09:08:38.640,,6925,,,,,,,,,,0
MSG,8,0,0,7BB0A5,0,2014/11/01,09:08:39.240,2014/11/01,09:08:39.240,,,,,,,,,,,,
MSG,8,0,0,7BB0A5,0,2014/11/01,09:08:40.240,2014/11/01,09:08:40.240,,,,,,,,,,,,
MSG,8,0,0,7BB0A5,0,2014/11/01,09:08:41.250,2014/11/01,09:08:41.250,,,,,,,,,,,,
MSG,8,0,0,7BB0A5,0,2014/11/01,09:08:42.250,2014/11/01,09:08:42.250,,,,,,,,,,,,
MSG,8,0,0,7BB0A5,0,2014/11/01,09:08:44.057,2014/11/01,09:08:44.057,,,,,,,,,,,,
MSG,7,0,0,7BB0A5,0,2014/11/01,09:08:44.857,2014/11/01,09:08:44.857,,7275,,,,,,,,,,0
MSG,8,0,0,7BB0A5,0,2014/11/01,09:08:45.057,2014/11/01,09:08:45.057,,,,,,,,,,,,
MSG,8,0,0,7BB0A5,0,2014/11/01,09:08:47.269,2014/11/01,09:08:47.269,,,,,,,,,,,,
MSG,7,0,0,7BB0A5,0,2014/11/01,09:08:48.470,2014/11/01,09:08:48.470,,7425,,,,,,,,,,0
MSG,7,0,0,7BB0A5,0,2014/11/01,09:08:48.470,2014/11/01,09:08:48.470,,7425,,,,,,,,,,0
MSG,8,0,0,7BB0A5,0,2014/11/01,09:08:50.149,2014/11/01,09:08:50.149,,,,,,,,,,,,
MSG,7,0,0,7BB0A5,0,2014/11/01,09:08:50.355,2014/11/01,09:08:50.355,,7500,,,,,,,,,,0
MSG,8,0,0,7BB0A5,0,2014/11/01,09:08:51.154,2014/11/01,09:08:51.154,,,,,,,,,,,,
MSG,7,0,0,7BB0A5,0,2014/11/01,09:08:52.155,2014/11/01,09:08:52.155,,7575,,,,,,,,,,0
MSG,8,0,0,7BB0A5,0,2014/11/01,09:08:52.155,2014/11/01,09:08:52.155,,,,,,,,,,,,
MSG,7,0,0,7BB0A5,0,2014/11/01,09:08:55.137,2014/11/01,09:08:55.137,,7675,,,,,,,,,,0
MSG,8,0,0,7BB0A5,0,2014/11/01,09:08:55.137,2014/11/01,09:08:55.137,,,,,,,,,,,,
MSG,7,0,0,7BB0A5,0,2014/11/01,09:08:56.137,2014/11/01,09:08:56.137,,7700,,,,,,,,,,0
MSG,8,0,0,7BB0A5,0,2014/11/01,09:08:57.137,2014/11/01,09:08:57.137,,,,,,,,,,,,
MSG,7,0,0,7BB0A5,0,2014/11/01,09:08:57.137,2014/11/01,09:08:57.137,,7725,,,,,,,,,,0
MSG,7,0,0,7BB0A5,0,2014/11/01,09:08:58.137,2014/11/01,09:08:58.137,,7750,,,,,,,,,,0
MSG,7,0,0,7BB0A5,0,2014/11/01,09:08:58.405,2014/11/01,09:08:58.405,,7775,,,,,,,,,,0
MSG,8,0,0,7BB0A5,0,2014/11/01,09:08:59.205,2014/11/01,09:08:59.205,,,,,,,,,,,,
MSG,8,0,0,7BB0A5,0,2014/11/01,09:09:00.315,2014/11/01,09:09:00.315,,,,,,,,,,,,
MSG,8,0,0,7BB0A5,0,2014/11/01,09:09:03.221,2014/11/01,09:09:03.221,,,,,,,,,,,,
MSG,8,0,0,7BB0A5,0,2014/11/01,09:09:05.225,2014/11/01,09:09:05.225,,,,,,,,,,,,
MSG,8,0,0,7BB0A5,0,2014/11/01,09:09:06.144,2014/11/01,09:09:06.144,,,,,,,,,,,,
MSG,7,0,0,7BB0A5,0,2014/11/01,09:09:06.799,2014/11/01,09:09:06.799,,7900,,,,,,,,,,0
MSG,7,0,0,7BB0A5,0,2014/11/01,09:09:07.582,2014/11/01,09:09:07.582,,7925,,,,,,,,,,0
MSG,8,0,0,7BB0A5,0,2014/11/01,09:09:08.182,2014/11/01,09:09:08.182,,,,,,,,,,,,
MSG,7,0,0,7BB0A5,0,2014/11/01,09:09:08.382,2014/11/01,09:09:08.382,,7950,,,,,,,,,,0
MSG,7,0,0,7BB0A5,0,2014/11/01,09:09:08.582,2014/11/01,09:09:08.582,,7950,,,,,,,,,,0
MSG,8,0,0,7BB0A5,0,2014/11/01,09:09:10.082,2014/11/01,09:09:10.082,,,,,,,,,,,,
MSG,8,0,0,7BB0A5,0,2014/11/01,09:09:12.184,2014/11/01,09:09:12.184,,,,,,,,,,,,
MSG,8,0,0,7BB0A5,0,2014/11/01,09:09:13.019,2014/11/01,09:09:13.019,,,,,,,,,,,,
MSG,8,0,0,7BB0A5,0,2014/11/01,09:09:14.858,2014/11/01,09:09:14.858,,,,,,,,,,,,
MSG,8,0,0,7BB0A5,0,2014/11/01,09:09:15.858,2014/11/01,09:09:15.858,,,,,,,,,,,,
MSG,8,0,0,7BB0A5,0,2014/11/01,09:09:18.595,2014/11/01,09:09:18.595,,,,,,,,,,,,
MSG,8,0,0,7BB0A5,0,2014/11/01,09:09:19.507,2014/11/01,09:09:19.507,,,,,,,,,,,,
MSG,8,0,0,7BB0A5,0,2014/11/01,09:09:22.455,2014/11/01,09:09:22.455,,,,,,,,,,,,
MSG,8,0,0,7BB0A5,0,2014/11/01,09:09:25.349,2014/11/01,09:09:25.349,,,,,,,,,,,,
MSG,8,0,0,7BB0A5,0,2014/11/01,09:09:26.264,2014/11/01,09:09:26.264,,,,,,,,,,,,
MSG,8,0,0,7BB0A5,0,2014/11/01,09:09:28.221,2014/11/01,09:09:28.221,,,,,,,,,,,,
MSG,8,0,0,7BB0A5,0,2014/11/01,09:09:29.289,2014/11/01,09:09:29.289,,,,,,,,,,,,
MSG,7,0,0,7BB0A5,0,2014/11/01,09:09:30.133,2014/11/01,09:09:30.133,,8775,,,,,,,,,,0
MSG,8,0,0,7BB0A5,0,2014/11/01,09:09:30.133,2014/11/01,09:09:30.133,,,,,,,,,,,,
MSG,7,0,0,7BB0A5,0,2014/11/01,09:09:30.533,2014/11/01,09:09:30.533,,8800,,,,,,,,,,0
MSG,7,0,0,7BB0A5,0,2014/11/01,09:09:30.533,2014/11/01,09:09:30.533,,8800,,,,,,,,,,0
MSG,7,0,0,7BB0A5,0,2014/11/01,09:09:30.533,2014/11/01,09:09:30.533,,8800,,,,,,,,,,0
MSG,7,0,0,7BB0A5,0,2014/11/01,09:09:31.533,2014/11/01,09:09:31.533,,8825,,,,,,,,,,0
MSG,8,0,0,7BB0A5,0,2014/11/01,09:09:34.196,2014/11/01,09:09:34.196,,,,,,,,,,,,
MSG,8,0,0,7BB0A5,0,2014/11/01,09:09:35.196,2014/11/01,09:09:35.196,,,,,,,,,,,,
MSG,8,0,0,7BB0A5,0,2014/11/01,09:09:36.955,2014/11/01,09:09:36.955,,,,,,,,,,,,
MSG,8,0,0,7BB0A5,0,2014/11/01,09:09:39.038,2014/11/01,09:09:39.038,,,,,,,,,,,,
MSG,7,0,0,7BB0A5,0,2014/11/01,09:09:39.969,2014/11/01,09:09:39.969,,9175,,,,,,,,,,0
MSG,7,0,0,7BB0A5,0,2014/11/01,09:09:40.676,2014/11/01,09:09:40.676,,9200,,,,,,,,,,0
MSG,8,0,0,7BB0A5,0,2014/11/01,09:09:41.856,2014/11/01,09:09:41.856,,,,,,,,,,,,
MSG,8,0,0,7BB0A5,0,2014/11/01,09:09:45.783,2014/11/01,09:09:45.783,,,,,,,,,,,,
MSG,8,0,0,7BB0A5,0,2014/11/01,09:09:46.640,2014/11/01,09:09:46.640,,,,,,,,,,,,
MSG,8,0,0,7BB0A5,0,2014/11/01,09:09:47.754,2014/11/01,09:09:47.754,,,,,,,,,,,,
MSG,8,0,0,7BB0A5,0,2014/11/01,09:09:48.674,2014/11/01,09:09:48.674,,,,,,,,,,,,
MSG,8,0,0,7BB0A5,0,2014/11/01,09:09:49.654,2014/11/01,09:09:49.654,,,,,,,,,,,,
MSG,7,0,0,7BB0A5,0,2014/11/01,09:09:50.454,2014/11/01,09:09:50.454,,9600,,,,,,,,,,0
MSG,8,0,0,7BB0A5,0,2014/11/01,09:09:51.454,2014/11/01,09:09:51.454,,,,,,,,,,,,
MSG,8,0,0,7BB0A5,0,2014/11/01,09:09:52.474,2014/11/01,09:09:52.474,,,,,,,,,,,,
MSG,8,0,0,7BB0A5,0,2014/11/01,09:09:53.456,2014/11/01,09:09:53.456,,,,,,,,,,,,
MSG,8,0,0,7BB0A5,0,2014/11/01,09:09:53.456,2014/11/01,09:09:53.456,,,,,,,,,,,,
MSG,8,0,0,7BB0A5,0,2014/11/01,09:09:53.456,2014/11/01,09:09:53.456,,,,,,,,,,,,
MSG,8,0,0,7BB0A5,0,2014/11/01,09:09:55.509,2014/11/01,09:09:55.509,,,,,,,,,,,,
MSG,8,0,0,7BB0A5,0,2014/11/01,09:09:56.670,2014/11/01,09:09:56.670,,,,,,,,,,,,
MSG,8,0,0,7BB0A5,0,2014/11/01,09:09:57.583,2014/11/01,09:09:57.583,,,,,,,,,,,,
MSG,8,0,0,7BB0A5,0,2014/11/01,09:09:58.436,2014/11/01,09:09:58.436,,,,,,,,,,,,
MSG,8,0,0,7BB0A5,0,2014/11/01,09:09:59.483,2014/11/01,09:09:59.483,,,,,,,,,,,,
MSG,7,0,0,7BB0A5,0,2014/11/01,09:10:00.083,2014/11/01,09:10:00.083,,10050,,,,,,,,,,0
MSG,7,0,0,7BB0A5,0,2014/11/01,09:10:00.483,2014/11/01,09:10:00.483,,10050,,,,,,,,,,0
MSG,7,0,0,7BB0A5,0,2014/11/01,09:10:00.483,2014/11/01,09:10:00.483,,10075,,,,,,,,,,0
MSG,8,0,0,7BB0A5,0,2014/11/01,09:10:00.483,2014/11/01,09:10:00.483,,,,,,,,,,,,
MSG,7,0,0,7BB0A5,0,2014/11/01,09:10:01.446,2014/11/01,09:10:01.446,,10100,,,,,,,,,,0
MSG,8,0,0,7BB0A5,0,2014/11/01,09:10:02.506,2014/11/01,09:10:02.506,,,,,,,,,,,,
MSG,7,0,0,7BB0A5,0,2014/11/01,09:10:02.506,2014/11/01,09:10:02.506,,10150,,,,,,,,,,0
MSG,8,0,0,7BB0A5,0,2014/11/01,09:10:08.262,2014/11/01,09:10:08.262,,,,,,,,,,,,
MSG,8,0,0,7BB0A5,0,2014/11/01,09:10:09.322,2014/11/01,09:10:09.322,,,,,,,,,,,,
MSG,7,0,0,7BB0A5,0,2014/11/01,09:10:10.523,2014/11/01,09:10:10.523,,10450,,,,,,,,,,0
MSG,7,0,0,7BB0A5,0,2014/11/01,09:10:10.523,2014/11/01,09:10:10.523,,10450,,,,,,,,,,0
MSG,8,0,0,7BB0A5,0,2014/11/01,09:10:10.523,2014/11/01,09:10:10.523,,,,,,,,,,,,
MSG,8,0,0,7BB0A5,0,2014/11/01,09:10:11.524,2014/11/01,09:10:11.524,,,,,,,,,,,,
MSG,8,0,0,7BB0A5,0,2014/11/01,09:10:12.524,2014/11/01,09:10:12.524,,,,,,,,,,,,
MSG,8,0,0,7BB0A5,0,2014/11/01,09:10:13.523,2014/11/01,09:10:13.523,,,,,,,,,,,,
MSG,7,0,0,7BB0A5,0,2014/11/01,09:10:13.523,2014/11/01,09:10:13.523,,10500,,,,,,,,,,0
MSG,8,0,0,7BB0A5,0,2014/11/01,09:10:15.722,2014/11/01,09:10:15.722,,,,,,,,,,,,
MSG,8,0,0,7BB0A5,0,2014/11/01,09:10:16.722,2014/11/01,09:10:16.722,,,,,,,,,,,,
MSG,8,0,0,7BB0A5,0,2014/11/01,09:10:17.574,2014/11/01,09:10:17.574,,,,,,,,,,,,
MSG,8,0,0,7BB0A5,0,2014/11/01,09:10:18.680,2014/11/01,09:10:18.680,,,,,,,,,,,,
MSG,8,0,0,7BB0A5,0,2014/11/01,09:10:19.733,2014/11/01,09:10:19.733,,,,,,,,,,,,
MSG,7,0,0,7BB0A5,0,2014/11/01,09:10:19.934,2014/11/01,09:10:19.934,,10575,,,,,,,,,,0
MSG,7,0,0,7BB0A5,0,2014/11/01,09:10:20.133,2014/11/01,09:10:20.133,,10575,,,,,,,,,,0
MSG,7,0,0,7BB0A5,0,2014/11/01,09:10:20.533,2014/11/01,09:10:20.533,,10575,,,,,,,,,,0
MSG,7,0,0,7BB0A5,0,2014/11/01,09:10:20.933,2014/11/01,09:10:20.933,,10600,,,,,,,,,,0
MSG,8,0,0,7BB0A5,0,2014/11/01,09:10:21.534,2014/11/01,09:10:21.534,,,,,,,,,,,,
MSG,8,0,0,7BB0A5,0,2014/11/01,09:10:22.534,2014/11/01,09:10:22.534,,,,,,,,,,,,
MSG,8,0,0,7BB0A5,0,2014/11/01,09:10:23.334,2014/11/01,09:10:23.334,,,,,,,,,,,,
MSG,8,0,0,7BB0A5,0,2014/11/01,09:10:25.331,2014/11/01,09:10:25.331,,,,,,,,,,,,
MSG,8,0,0,7BB0A5,0,2014/11/01,09:10:26.331,2014/11/01,09:10:26.331,,,,,,,,,,,,
MSG,8,0,0,7BB0A5,0,2014/11/01,09:10:28.197,2014/11/01,09:10:28.197,,,,,,,,,,,,
MSG,8,0,0,7BB0A5,0,2014/11/01,09:10:29.197,2014/11/01,09:10:29.197,,,,,,,,,,,,
MSG,8,0,0,7BB0A5,0,2014/11/01,09:10:30.024,2014/11/01,09:10:30.024,,,,,,,,,,,,
MSG,7,0,0,7BB0A5,0,2014/11/01,09:10:30.424,2014/11/01,09:10:30.424,,10775,,,,,,,,,,0
MSG,8,0,0,7BB0A5,0,2014/11/01,09:10:38.933,2014/11/01,09:10:38.933,,,,,,,,,,,,
MSG,8,0,0,7BB0A5,0,2014/11/01,09:10:42.549,2014/11/01,09:10:42.549,,,,,,,,,,,,
MSG,8,0,0,7BB0A5,0,2014/11/01,09:10:42.749,2014/11/01,09:10:42.749,,,,,,,,,,,,
MSG,8,0,0,7BB0A5,0,2014/11/01,09:10:46.472,2014/11/01,09:10:46.472,,,,,,,,,,,,
MSG,8,0,0,7BB0A5,0,2014/11/01,09:10:50.659,2014/11/01,09:10:50.659,,,,,,,,,,,,
MSG,7,0,0,7BB0A5,0,2014/11/01,09:10:51.459,2014/11/01,09:10:51.459,,11725,,,,,,,,,,0
MSG,8,0,0,7BB0A5,0,2014/11/01,09:11:04.907,2014/11/01,09:11:04.907,,,,,,,,,,,,
MSG,8,0,0,7BB0A5,0,2014/11/01,09:11:09.094,2014/11/01,09:11:09.094,,,,,,,,,,,,
MSG,7,0,0,7BB0A5,0,2014/11/01,09:11:09.536,2014/11/01,09:11:09.536,,12550,,,,,,,,,,0
MSG,7,0,0,7BB0A5,0,2014/11/01,09:11:10.260,2014/11/01,09:11:10.260,,12600,,,,,,,,,,0
MSG,8,0,0,7BB0A5,0,2014/11/01,09:11:11.060,2014/11/01,09:11:11.060,,,,,,,,,,,,
MSG,8,0,0,7BB0A5,0,2014/11/01,09:11:15.044,2014/11/01,09:11:15.044,,,,,,,,,,,,
MSG,8,0,0,7BB0A5,0,2014/11/01,09:11:16.244,2014/11/01,09:11:16.244,,,,,,,,,,,,
MSG,8,0,0,7BB0A5,0,2014/11/01,09:11:20.287,2014/11/01,09:11:20.287,,,,,,,,,,,,
MSG,8,0,0,7BB0A5,0,2014/11/01,09:11:21.463,2014/11/01,09:11:21.463,,,,,,,,,,,,
MSG,8,0,0,7BB0A5,0,2014/11/01,09:11:28.354,2014/11/01,09:11:28.354,,,,,,,,,,,,
MSG,7,0,0,7BB0A5,0,2014/11/01,09:11:29.154,2014/11/01,09:11:29.154,,13500,,,,,,,,,,0
MSG,7,0,0,7BB0A5,0,2014/11/01,09:11:29.154,2014/11/01,09:11:29.154,,13500,,,,,,,,,,0
MSG,7,0,0,7BB0A5,0,2014/11/01,09:11:33.517,2014/11/01,09:11:33.517,,13625,,,,,,,,,,0
MSG,8,0,0,7BB0A5,0,2014/11/01,09:11:34.317,2014/11/01,09:11:34.317,,,,,,,,,,,,
MSG,7,0,0,7BB0A5,0,2014/11/01,09:11:34.717,2014/11/01,09:11:34.717,,13650,,,,,,,,,,0
MSG,8,0,0,7BB0A5,0,2014/11/01,09:11:36.467,2014/11/01,09:11:36.467,,,,,,,,,,,,
MSG,8,0,0,7BB0A5,0,2014/11/01,09:11:38.367,2014/11/01,09:11:38.367,,,,,,,,,,,,
MSG,8,0,0,7BB0A5,0,2014/11/01,09:11:40.414,2014/11/01,09:11:40.414,,,,,,,,,,,,
MSG,8,0,0,7BB0A5,0,2014/11/01,09:11:47.871,2014/11/01,09:11:47.871,,,,,,,,,,,,
MSG,8,0,0,7BB0A5,0,2014/11/01,09:11:49.905,2014/11/01,09:11:49.905,,,,,,,,,,,,
MSG,7,0,0,7BB0A5,0,2014/11/01,09:11:50.505,2014/11/01,09:11:50.505,,13800,,,,,,,,,,0
MSG,7,0,0,7BB0A5,0,2014/11/01,09:11:50.505,2014/11/01,09:11:50.505,,13800,,,,,,,,,,0
MSG,7,0,0,7BB0A5,0,2014/11/01,09:12:06.085,2014/11/01,09:12:06.085,,13800,,,,,,,,,,0
MSG,8,0,0,7BB0A5,0,2014/11/01,09:12:11.460,2014/11/01,09:12:11.460,,,,,,,,,,,,
MSG,8,0,0,7BB0A5,0,2014/11/01,09:12:13.361,2014/11/01,09:12:13.361,,,,,,,,,,,,
MSG,8,0,0,7BB0A5,0,2014/11/01,09:12:15.195,2014/11/01,09:12:15.195,,,,,,,,,,,,
MSG,8,0,0,7BB0A5,0,2014/11/01,09:12:34.988,2014/11/01,09:12:34.988,,,,,,,,,,,,
MSG,8,0,0,7BB0A5,0,2014/11/01,09:12:55.501,2014/11/01,09:12:55.501,,,,,,,,,,,,
MSG,8,0,0,7BB0A5,0,2014/11/01,09:12:56.413,2014/11/01,09:12:56.413,,,,,,,,,,,,
MSG,8,0,0,7BB0A5,0,2014/11/01,09:12:57.273,2014/11/01,09:12:57.273,,,,,,,,,,,,
MSG,7,0,0,7BB0A5,0,2014/11/01,09:12:57.673,2014/11/01,09:12:57.673,,14500,,,,,,,,,,0
MSG,7,0,0,7BB0A5,0,2014/11/01,09:12:59.301,2014/11/01,09:12:59.301,,14550,,,,,,,,,,0
MSG,8,0,0,7BB0A5,0,2014/11/01,09:12:59.301,2014/11/01,09:12:59.301,,,,,,,,,,,,
MSG,8,0,0,7BB0A5,0,2014/11/01,09:14:50.259,2014/11/01,09:14:50.259,,,,,,,,,,,,
MSG,8,0,0,7BB0A5,0,2014/11/01,09:16:13.073,2014/11/01,09:16:13.073,,,,,,,,,,,,
MSG,8,0,0,7BB0A5,0,2014/11/01,09:17:21.852,2014/11/01,09:17:21.852,,,,,,,,,,,,
MSG,7,0,0,7BB0A5,0,2014/11/01,09:17:25.495,2014/11/01,09:17:25.495,,25100,,,,,,,,,,0
MSG,7,0,0,7BB0A5,0,2014/11/01,09:17:27.060,2014/11/01,09:17:27.060,,25175,,,,,,,,,,0
MSG,7,0,0,7BB0A5,0,2014/11/01,09:17:32.238,2014/11/01,09:17:32.238,,25325,,,,,,,,,,0
MSG,7,0,0,7BB0A5,0,2014/11/01,09:17:33.216,2014/11/01,09:17:33.216,,25375,,,,,,,,,,0
MSG,7,0,0,7BB0A5,0,2014/11/01,09:17:42.587,2014/11/01,09:17:42.587,,25650,,,,,,,,,,0
MSG,8,0,0,7BB0A5,0,2014/11/01,09:20:00.469,2014/11/01,09:20:00.469,,,,,,,,,,,,
MSG,7,0,0,7BB0A5,0,2014/11/01,09:20:31.414,2014/11/01,09:20:31.414,,27600,,,,,,,,,,0
MSG,7,0,0,7BB0A5,0,2014/11/01,09:20:32.519,2014/11/01,09:20:32.519,,27600,,,,,,,,,,0
MSG,7,0,0,7BB0A5,0,2014/11/01,09:20:36.461,2014/11/01,09:20:36.461,,27600,,,,,,,,,,0
MSG,8,0,0,7BB0A5,0,2014/11/01,09:20:39.872,2014/11/01,09:20:39.872,,,,,,,,,,,,
MSG,7,0,0,7BB0A5,0,2014/11/01,09:20:40.472,2014/11/01,09:20:40.472,,27600,,,,,,,,,,0
MSG,7,0,0,7BB0A5,0,2014/11/01,09:20:43.259,2014/11/01,09:20:43.259,,27600,,,,,,,,,,0
MSG,7,0,0,7BB0A5,0,2014/11/01,09:20:43.459,2014/11/01,09:20:43.459,,27600,,,,,,,,,,0
MSG,7,0,0,7BB0A5,0,2014/11/01,09:20:44.439,2014/11/01,09:20:44.439,,27600,,,,,,,,,,0
MSG,8,0,0,7BB0A5,0,2014/11/01,09:20:47.669,2014/11/01,09:20:47.669,,,,,,,,,,,,
MSG,7,0,0,7BB0A5,0,2014/11/01,09:20:48.269,2014/11/01,09:20:48.269,,27600,,,,,,,,,,0
MSG,7,0,0,7BB0A5,0,2014/11/01,09:20:48.469,2014/11/01,09:20:48.469,,27600,,,,,,,,,,0
MSG,7,0,0,7BB0A5,0,2014/11/01,09:20:48.469,2014/11/01,09:20:48.469,,27600,,,,,,,,,,0
MSG,7,0,0,7BB0A5,0,2014/11/01,09:20:51.721,2014/11/01,09:20:51.721,,27600,,,,,,,,,,0
MSG,7,0,0,7BB0A5,0,2014/11/01,09:20:55.297,2014/11/01,09:20:55.297,,27600,,,,,,,,,,0
MSG,7,0,0,7BB0A5,0,2014/11/01,09:20:56.297,2014/11/01,09:20:56.297,,27600,,,,,,,,,,0
MSG,7,0,0,7BB0A5,0,2014/11/01,09:20:59.273,2014/11/01,09:20:59.273,,27600,,,,,,,,,,0
MSG,7,0,0,7BB0A5,0,2014/11/01,09:20:59.673,2014/11/01,09:20:59.673,,27600,,,,,,,,,,0
MSG,7,0,0,7BB0A5,0,2014/11/01,09:21:03.073,2014/11/01,09:21:03.073,,27600,,,,,,,,,,0
MSG,7,0,0,7BB0A5,0,2014/11/01,09:21:03.873,2014/11/01,09:21:03.873,,27600,,,,,,,,,,0
MSG,7,0,0,7BB0A5,0,2014/11/01,09:21:06.273,2014/11/01,09:21:06.273,,27600,,,,,,,,,,0
MSG,7,0,0,7BB0A5,0,2014/11/01,09:21:07.323,2014/11/01,09:21:07.323,,27600,,,,,,,,,,0
MSG,8,0,0,7BB0A5,0,2014/11/01,09:21:07.923,2014/11/01,09:21:07.923,,,,,,,,,,,,
MSG,7,0,0,7BB0A5,0,2014/11/01,09:21:10.324,2014/11/01,09:21:10.324,,27600,,,,,,,,,,0
MSG,7,0,0,7BB0A5,0,2014/11/01,09:21:10.524,2014/11/01,09:21:10.524,,27600,,,,,,,,,,0
MSG,7,0,0,7BB0A5,0,2014/11/01,09:21:11.124,2014/11/01,09:21:11.124,,27600,,,,,,,,,,0
MSG,7,0,0,7BB0A5,0,2014/11/01,09:21:11.324,2014/11/01,09:21:11.324,,27600,,,,,,,,,,0
MSG,7,0,0,7BB0A5,0,2014/11/01,09:21:11.324,2014/11/01,09:21:11.324,,27600,,,,,,,,,,0
MSG,7,0,0,7BB0A5,0,2014/11/01,09:21:14.342,2014/11/01,09:21:14.342,,27600,,,,,,,,,,0
MSG,8,0,0,7BB0A5,0,2014/11/01,09:21:14.980,2014/11/01,09:21:14.980,,,,,,,,,,,,
MSG,7,0,0,7BB0A5,0,2014/11/01,09:21:25.305,2014/11/01,09:21:25.305,,27600,,,,,,,,,,0
MSG,7,0,0,7BB0A5,0,2014/11/01,09:21:40.541,2014/11/01,09:21:40.541,,27600,,,,,,,,,,0
MSG,7,0,0,7BB0A5,0,2014/11/01,09:22:02.289,2014/11/01,09:22:02.289,,27600,,,,,,,,,,0
MSG,7,0,0,7BB0A5,0,2014/11/01,09:22:02.289,2014/11/01,09:22:02.289,,27600,,,,,,,,,,0
MSG,7,0,0,7BB0A5,0,2014/11/01,09:22:15.723,2014/11/01,09:22:15.723,,27600,,,,,,,,,,0
MSG,7,0,0,7BB0A5,0,2014/11/01,09:22:16.323,2014/11/01,09:22:16.323,,27600,,,,,,,,,,0
MSG,7,0,0,7BB0A5,0,2014/11/01,09:22:18.369,2014/11/01,09:22:18.369,,27600,,,,,,,,,,0
MSG,7,0,0,7BB0A5,0,2014/11/01,09:22:19.573,2014/11/01,09:22:19.573,,27600,,,,,,,,,,0
