MSG,8,0,0,7BB081,0,2014/11/04,07:57:40.895,2014/11/04,07:57:40.895,,,,,,,,,,,,
MSG,8,0,0,7BB081,0,2014/11/04,07:57:56.576,2014/11/04,07:57:56.576,,,,,,,,,,,,
MSG,8,0,0,7BB081,0,2014/11/04,07:58:01.775,2014/11/04,07:58:01.775,,,,,,,,,,,,
MSG,8,0,0,7BB081,0,2014/11/04,07:59:12.752,2014/11/04,07:59:12.752,,,,,,,,,,,,
MSG,7,0,0,7BB081,0,2014/11/04,07:59:13.551,2014/11/04,07:59:13.551,,17800,,,,,,,,,,0
MSG,7,0,0,7BB081,0,2014/11/04,07:59:18.469,2014/11/04,07:59:18.469,,17550,,,,,,,,,,0
MSG,8,0,0,7BB081,0,2014/11/04,07:59:27.979,2014/11/04,07:59:27.979,,,,,,,,,,,,
MSG,7,0,0,7BB081,0,2014/11/04,08:00:14.685,2014/11/04,08:00:14.685,,14825,,,,,,,,,,0
MSG,8,0,0,7BB081,0,2014/11/04,08:00:17.509,2014/11/04,08:00:17.509,,,,,,,,,,,,
MSG,7,0,0,7BB081,0,2014/11/04,08:00:21.504,2014/11/04,08:00:21.504,,14475,,,,,,,,,,0
MSG,8,0,0,7BB081,0,2014/11/04,08:00:23.332,2014/11/04,08:00:23.332,,,,,,,,,,,,
MSG,7,0,0,7BB081,0,2014/11/04,08:00:24.126,2014/11/04,08:00:24.126,,14325,,,,,,,,,,0
MSG,8,0,0,7BB081,0,2014/11/04,08:00:24.326,2014/11/04,08:00:24.326,,,,,,,,,,,,
MSG,7,0,0,7BB081,0,2014/11/04,08:00:24.326,2014/11/04,08:00:24.326,,14325,,,,,,,,,,0
MSG,7,0,0,7BB081,0,2014/11/04,08:00:24.526,2014/11/04,08:00:24.526,,14325,,,,,,,,,,0
MSG,7,0,0,7BB081,0,2014/11/04,08:00:29.360,2014/11/04,08:00:29.360,,14075,,,,,,,,,,0
MSG,7,0,0,7BB081,0,2014/11/04,08:00:29.564,2014/11/04,08:00:29.564,,14075,,,,,,,,,,0
MSG,8,0,0,7BB081,0,2014/11/04,08:00:31.411,2014/11/04,08:00:31.411,,,,,,,,,,,,
MSG,8,0,0,7BB081,0,2014/11/04,08:00:35.605,2014/11/04,08:00:35.605,,,,,,,,,,,,
MSG,7,0,0,7BB081,0,2014/11/04,08:01:24.931,2014/11/04,08:01:24.931,,11475,,,,,,,,,,0
MSG,8,0,0,7BB081,0,2014/11/04,08:01:27.891,2014/11/04,08:01:27.891,,,,,,,,,,,,
MSG,8,0,0,7BB081,0,2014/11/04,08:01:47.231,2014/11/04,08:01:47.231,,,,,,,,,,,,
MSG,7,0,0,7BB081,0,2014/11/04,08:01:50.621,2014/11/04,08:01:50.621,,10475,,,,,,,,,,0
MSG,8,0,0,7BB081,0,2014/11/04,08:01:53.022,2014/11/04,08:01:53.022,,,,,,,,,,,,
MSG,8,0,0,7BB081,0,2014/11/04,08:01:56.721,2014/11/04,08:01:56.721,,,,,,,,,,,,
MSG,8,0,0,7BB081,0,2014/11/04,08:02:23.894,2014/11/04,08:02:23.894,,,,,,,,,,,,
MSG,8,0,0,7BB081,0,2014/11/04,08:02:24.494,2014/11/04,08:02:24.494,,,,,,,,,,,,
MSG,8,0,0,7BB081,0,2014/11/04,08:02:26.269,2014/11/04,08:02:26.269,,,,,,,,,,,,
MSG,7,0,0,7BB081,0,2014/11/04,08:02:30.730,2014/11/04,08:02:30.730,,9300,,,,,,,,,,0
MSG,8,0,0,7BB081,0,2014/11/04,08:02:37.209,2014/11/04,08:02:37.209,,,,,,,,,,,,
MSG,7,0,0,7BB081,0,2014/11/04,08:02:46.404,2014/11/04,08:02:46.404,,8825,,,,,,,,,,0
MSG,8,0,0,7BB081,0,2014/11/04,08:02:49.663,2014/11/04,08:02:49.663,,,,,,,,,,,,
MSG,8,0,0,7BB081,0,2014/11/04,08:03:02.310,2014/11/04,08:03:02.310,,,,,,,,,,,,
MSG,7,0,0,7BB081,0,2014/11/04,08:03:02.910,2014/11/04,08:03:02.910,,8350,,,,,,,,,,0
MSG,7,0,0,7BB081,0,2014/11/04,08:03:03.115,2014/11/04,08:03:03.115,,8325,,,,,,,,,,0
MSG,7,0,0,7BB081,0,2014/11/04,08:03:17.475,2014/11/04,08:03:17.475,,8075,,,,,,,,,,0
MSG,8,0,0,7BB081,0,2014/11/04,08:03:28.738,2014/11/04,08:03:28.738,,,,,,,,,,,,
MSG,7,0,0,7BB081,0,2014/11/04,08:03:33.844,2014/11/04,08:03:33.844,,7550,,,,,,,,,,0
MSG,8,0,0,7BB081,0,2014/11/04,08:03:36.928,2014/11/04,08:03:36.928,,,,,,,,,,,,
MSG,8,0,0,7BB081,0,2014/11/04,08:03:39.694,2014/11/04,08:03:39.694,,,,,,,,,,,,
MSG,8,0,0,7BB081,0,2014/11/04,08:03:42.698,2014/11/04,08:03:42.698,,,,,,,,,,,,
MSG,7,0,0,7BB081,0,2014/11/04,08:03:43.801,2014/11/04,08:03:43.801,,7250,,,,,,,,,,0
MSG,7,0,0,7BB081,0,2014/11/04,08:03:44.717,2014/11/04,08:03:44.717,,7200,,,,,,,,,,0
MSG,7,0,0,7BB081,0,2014/11/04,08:03:45.829,2014/11/04,08:03:45.829,,7150,,,,,,,,,,0
MSG,7,0,0,7BB081,0,2014/11/04,08:03:54.735,2014/11/04,08:03:54.735,,6850,,,,,,,,,,0
MSG,8,0,0,7BB081,0,2014/11/04,08:03:56.644,2014/11/04,08:03:56.644,,,,,,,,,,,,
MSG,7,0,0,7BB081,0,2014/11/04,08:03:57.842,2014/11/04,08:03:57.842,,6750,,,,,,,,,,0
MSG,8,0,0,7BB081,0,2014/11/04,08:03:58.872,2014/11/04,08:03:58.872,,,,,,,,,,,,
MSG,7,0,0,7BB081,0,2014/11/04,08:03:58.872,2014/11/04,08:03:58.872,,6725,,,,,,,,,,0
MSG,7,0,0,7BB081,0,2014/11/04,08:03:58.872,2014/11/04,08:03:58.872,,6725,,,,,,,,,,0
MSG,8,0,0,7BB081,0,2014/11/04,08:03:59.722,2014/11/04,08:03:59.722,,,,,,,,,,,,
MSG,7,0,0,7BB081,0,2014/11/04,08:04:08.396,2014/11/04,08:04:08.396,,6425,,,,,,,,,,0
MSG,7,0,0,7BB081,0,2014/11/04,08:04:09.283,2014/11/04,08:04:09.283,,6400,,,,,,,,,,0
MSG,7,0,0,7BB081,0,2014/11/04,08:04:09.686,2014/11/04,08:04:09.686,,6400,,,,,,,,,,0
MSG,7,0,0,7BB081,0,2014/11/04,08:04:12.501,2014/11/04,08:04:12.501,,6325,,,,,,,,,,0
MSG,8,0,0,7BB081,0,2014/11/04,08:04:14.482,2014/11/04,08:04:14.482,,,,,,,,,,,,
MSG,7,0,0,7BB081,0,2014/11/04,08:04:20.988,2014/11/04,08:04:20.988,,6100,,,,,,,,,,0
MSG,8,0,0,7BB081,0,2014/11/04,08:04:52.874,2014/11/04,08:04:52.874,,,,,,,,,,,,
MSG,8,0,0,7BB081,0,2014/11/04,08:04:54.968,2014/11/04,08:04:54.968,,,,,,,,,,,,
MSG,8,0,0,7BB081,0,2014/11/04,08:04:56.147,2014/11/04,08:04:56.147,,,,,,,,,,,,
MSG,8,0,0,7BB081,0,2014/11/04,08:04:56.925,2014/11/04,08:04:56.925,,,,,,,,,,,,
MSG,8,0,0,7BB081,0,2014/11/04,08:04:59.288,2014/11/04,08:04:59.288,,,,,,,,,,,,
MSG,8,0,0,7BB081,0,2014/11/04,08:05:01.380,2014/11/04,08:05:01.380,,,,,,,,,,,,
MSG,8,0,0,7BB081,0,2014/11/04,08:05:02.389,2014/11/04,08:05:02.389,,,,,,,,,,,,
MSG,8,0,0,7BB081,0,2014/11/04,08:05:41.845,2014/11/04,08:05:41.845,,,,,,,,,,,,
MSG,8,0,0,7BB081,0,2014/11/04,08:05:45.766,2014/11/04,08:05:45.766,,,,,,,,,,,,
MSG,8,0,0,7BB081,0,2014/11/04,08:05:50.778,2014/11/04,08:05:50.778,,,,,,,,,,,,
MSG,8,0,0,7BB081,0,2014/11/04,08:05:52.775,2014/11/04,08:05:52.775,,,,,,,,,,,,
MSG,8,0,0,7BB081,0,2014/11/04,08:05:54.780,2014/11/04,08:05:54.780,,,,,,,,,,,,
MSG,8,0,0,7BB081,0,2014/11/04,08:05:55.705,2014/11/04,08:05:55.705,,,,,,,,,,,,
MSG,7,0,0,7BB081,0,2014/11/04,08:05:55.900,2014/11/04,08:05:55.900,,5200,,,,,,,,,,0
MSG,7,0,0,7BB081,0,2014/11/04,08:05:56.504,2014/11/04,08:05:56.504,,5175,,,,,,,,,,0
MSG,8,0,0,7BB081,0,2014/11/04,08:05:56.704,2014/11/04,08:05:56.704,,,,,,,,,,,,
MSG,7,0,0,7BB081,0,2014/11/04,08:05:56.904,2014/11/04,08:05:56.904,,5175,,,,,,,,,,0
MSG,7,0,0,7BB081,0,2014/11/04,08:05:56.904,2014/11/04,08:05:56.904,,5175,,,,,,,,,,0
MSG,8,0,0,7BB081,0,2014/11/04,08:05:57.672,2014/11/04,08:05:57.672,,,,,,,,,,,,
MSG,8,0,0,7BB081,0,2014/11/04,08:05:59.871,2014/11/04,08:05:59.871,,,,,,,,,,,,
MSG,8,0,0,7BB081,0,2014/11/04,08:06:01.995,2014/11/04,08:06:01.995,,,,,,,,,,,,
MSG,8,0,0,7BB081,0,2014/11/04,08:06:06.976,2014/11/04,08:06:06.976,,,,,,,,,,,,
MSG,8,0,0,7BB081,0,2014/11/04,08:06:08.021,2014/11/04,08:06:08.021,,,,,,,,,,,,
MSG,8,0,0,7BB081,0,2014/11/04,08:06:10.711,2014/11/04,08:06:10.711,,,,,,,,,,,,
MSG,7,0,0,7BB081,0,2014/11/04,08:06:16.349,2014/11/04,08:06:16.349,,4875,,,,,,,,,,0
MSG,8,0,0,7BB081,0,2014/11/04,08:07:08.840,2014/11/04,08:07:08.840,,,,,,,,,,,,
MSG,8,0,0,7BB081,0,2014/11/04,08:07:10.676,2014/11/04,08:07:10.676,,,,,,,,,,,,
MSG,8,0,0,7BB081,0,2014/11/04,08:07:11.795,2014/11/04,08:07:11.795,,,,,,,,,,,,
MSG,8,0,0,7BB081,0,2014/11/04,08:07:13.489,2014/11/04,08:07:13.489,,,,,,,,,,,,
MSG,8,0,0,7BB081,0,2014/11/04,08:07:14.734,2014/11/04,08:07:14.734,,,,,,,,,,,,
MSG,8,0,0,7BB081,0,2014/11/04,08:07:16.506,2014/11/04,08:07:16.506,,,,,,,,,,,,
MSG,7,0,0,7BB081,0,2014/11/04,08:07:16.704,2014/11/04,08:07:16.704,,4000,,,,,,,,,,0
MSG,7,0,0,7BB081,0,2014/11/04,08:07:31.446,2014/11/04,08:07:31.446,,3825,,,,,,,,,,0
MSG,8,0,0,7BB081,0,2014/11/04,08:07:42.455,2014/11/04,08:07:42.455,,,,,,,,,,,,
MSG,8,0,0,7BB081,0,2014/11/04,08:07:43.504,2014/11/04,08:07:43.504,,,,,,,,,,,,
MSG,8,0,0,7BB081,0,2014/11/04,08:07:44.486,2014/11/04,08:07:44.486,,,,,,,,,,,,
MSG,8,0,0,7BB081,0,2014/11/04,08:07:45.404,2014/11/04,08:07:45.404,,,,,,,,,,,,
MSG,7,0,0,7BB081,0,2014/11/04,08:07:46.322,2014/11/04,08:07:46.322,,3600,,,,,,,,,,0
MSG,8,0,0,7BB081,0,2014/11/04,08:07:47.576,2014/11/04,08:07:47.576,,,,,,,,,,,,
MSG,8,0,0,7BB081,0,2014/11/04,08:07:48.750,2014/11/04,08:07:48.750,,,,,,,,,,,,
MSG,8,0,0,7BB081,0,2014/11/04,08:08:05.128,2014/11/04,08:08:05.128,,,,,,,,,,,,
MSG,8,0,0,7BB081,0,2014/11/04,08:08:08.934,2014/11/04,08:08:08.934,,,,,,,,,,,,
MSG,8,0,0,7BB081,0,2014/11/04,08:08:16.741,2014/11/04,08:08:16.741,,,,,,,,,,,,
MSG,7,0,0,7BB081,0,2014/11/04,08:08:16.741,2014/11/04,08:08:16.741,,3475,,,,,,,,,,0
MSG,8,0,0,7BB081,0,2014/11/04,08:08:17.645,2014/11/04,08:08:17.645,,,,,,,,,,,,
MSG,8,0,0,7BB081,0,2014/11/04,08:08:22.823,2014/11/04,08:08:22.823,,,,,,,,,,,,
MSG,8,0,0,7BB081,0,2014/11/04,08:08:24.999,2014/11/04,08:08:24.999,,,,,,,,,,,,
MSG,8,0,0,7BB081,0,2014/11/04,08:08:27.760,2014/11/04,08:08:27.760,,,,,,,,,,,,
MSG,8,0,0,7BB081,0,2014/11/04,08:08:31.674,2014/11/04,08:08:31.674,,,,,,,,,,,,
MSG,8,0,0,7BB081,0,2014/11/04,08:08:38.558,2014/11/04,08:08:38.558,,,,,,,,,,,,
MSG,8,0,0,7BB081,0,2014/11/04,08:08:40.658,2014/11/04,08:08:40.658,,,,,,,,,,,,
MSG,8,0,0,7BB081,0,2014/11/04,08:08:43.604,2014/11/04,08:08:43.604,,,,,,,,,,,,
MSG,8,0,0,7BB081,0,2014/11/04,08:08:48.512,2014/11/04,08:08:48.512,,,,,,,,,,,,
MSG,8,0,0,7BB081,0,2014/11/04,08:08:49.429,2014/11/04,08:08:49.429,,,,,,,,,,,,
MSG,8,0,0,7BB081,0,2014/11/04,08:08:56.774,2014/11/04,08:08:56.774,,,,,,,,,,,,
MSG,7,0,0,7BB081,0,2014/11/04,08:08:56.974,2014/11/04,08:08:56.974,,3500,,,,,,,,,,0
MSG,8,0,0,7BB081,0,2014/11/04,08:09:01.627,2014/11/04,08:09:01.627,,,,,,,,,,,,
MSG,8,0,0,7BB081,0,2014/11/04,08:09:02.534,2014/11/04,08:09:02.534,,,,,,,,,,,,
MSG,8,0,0,7BB081,0,2014/11/04,08:09:08.235,2014/11/04,08:09:08.235,,,,,,,,,,,,
MSG,8,0,0,7BB081,0,2014/11/04,08:09:09.088,2014/11/04,08:09:09.088,,,,,,,,,,,,
MSG,8,0,0,7BB081,0,2014/11/04,08:09:14.010,2014/11/04,08:09:14.010,,,,,,,,,,,,
MSG,8,0,0,7BB081,0,2014/11/04,08:09:15.055,2014/11/04,08:09:15.055,,,,,,,,,,,,
MSG,7,0,0,7BB081,0,2014/11/04,08:09:15.910,2014/11/04,08:09:15.910,,3250,,,,,,,,,,0
MSG,7,0,0,7BB081,0,2014/11/04,08:09:16.525,2014/11/04,08:09:16.525,,3250,,,,,,,,,,0
MSG,8,0,0,7BB081,0,2014/11/04,08:09:17.946,2014/11/04,08:09:17.946,,,,,,,,,,,,
MSG,8,0,0,7BB081,0,2014/11/04,08:09:18.761,2014/11/04,08:09:18.761,,,,,,,,,,,,
MSG,8,0,0,7BB081,0,2014/11/04,08:09:19.717,2014/11/04,08:09:19.717,,,,,,,,,,,,
MSG,8,0,0,7BB081,0,2014/11/04,08:09:20.627,2014/11/04,08:09:20.627,,,,,,,,,,,,
MSG,8,0,0,7BB081,0,2014/11/04,08:09:22.523,2014/11/04,08:09:22.523,,,,,,,,,,,,
MSG,8,0,0,7BB081,0,2014/11/04,08:09:32.426,2014/11/04,08:09:32.426,,,,,,,,,,,,
MSG,8,0,0,7BB081,0,2014/11/04,08:09:33.530,2014/11/04,08:09:33.530,,,,,,,,,,,,
MSG,8,0,0,7BB081,0,2014/11/04,08:09:35.825,2014/11/04,08:09:35.825,,,,,,,,,,,,
MSG,7,0,0,7BB081,0,2014/11/04,08:09:36.677,2014/11/04,08:09:36.677,,3025,,,,,,,,,,0
MSG,8,0,0,7BB081,0,2014/11/04,08:09:37.870,2014/11/04,08:09:37.870,,,,,,,,,,,,
MSG,8,0,0,7BB081,0,2014/11/04,08:09:38.664,2014/11/04,08:09:38.664,,,,,,,,,,,,
MSG,8,0,0,7BB081,0,2014/11/04,08:09:41.419,2014/11/04,08:09:41.419,,,,,,,,,,,,
MSG,8,0,0,7BB081,0,2014/11/04,08:09:44.620,2014/11/04,08:09:44.620,,,,,,,,,,,,
MSG,8,0,0,7BB081,0,2014/11/04,08:09:45.795,2014/11/04,08:09:45.795,,,,,,,,,,,,
MSG,7,0,0,7BB081,0,2014/11/04,08:09:46.445,2014/11/04,08:09:46.445,,2900,,,,,,,,,,0
MSG,7,0,0,7BB081,0,2014/11/04,08:09:46.849,2014/11/04,08:09:46.849,,2900,,,,,,,,,,0
MSG,8,0,0,7BB081,0,2014/11/04,08:09:48.679,2014/11/04,08:09:48.679,,,,,,,,,,,,
MSG,8,0,0,7BB081,0,2014/11/04,08:09:49.654,2014/11/04,08:09:49.654,,,,,,,,,,,,
MSG,8,0,0,7BB081,0,2014/11/04,08:09:50.704,2014/11/04,08:09:50.704,,,,,,,,,,,,
MSG,8,0,0,7BB081,0,2014/11/04,08:09:51.520,2014/11/04,08:09:51.520,,,,,,,,,,,,
MSG,8,0,0,7BB081,0,2014/11/04,08:09:52.541,2014/11/04,08:09:52.541,,,,,,,,,,,,
MSG,8,0,0,7BB081,0,2014/11/04,08:09:54.387,2014/11/04,08:09:54.387,,,,,,,,,,,,
MSG,8,0,0,7BB081,0,2014/11/04,08:09:55.182,2014/11/04,08:09:55.182,,,,,,,,,,,,
MSG,7,0,0,7BB081,0,2014/11/04,08:09:56.474,2014/11/04,08:09:56.474,,2775,,,,,,,,,,0
MSG,8,0,0,7BB081,0,2014/11/04,08:09:58.353,2014/11/04,08:09:58.353,,,,,,,,,,,,
MSG,8,0,0,7BB081,0,2014/11/04,08:10:00.031,2014/11/04,08:10:00.031,,,,,,,,,,,,
MSG,8,0,0,7BB081,0,2014/11/04,08:10:01.844,2014/11/04,08:10:01.844,,,,,,,,,,,,
MSG,8,0,0,7BB081,0,2014/11/04,08:10:02.644,2014/11/04,08:10:02.644,,,,,,,,,,,,
MSG,8,0,0,7BB081,0,2014/11/04,08:10:04.595,2014/11/04,08:10:04.595,,,,,,,,,,,,
MSG,7,0,0,7BB081,0,2014/11/04,08:10:06.563,2014/11/04,08:10:06.563,,2675,,,,,,,,,,0
MSG,8,0,0,7BB081,0,2014/11/04,08:10:06.770,2014/11/04,08:10:06.770,,,,,,,,,,,,
MSG,8,0,0,7BB081,0,2014/11/04,08:10:08.790,2014/11/04,08:10:08.790,,,,,,,,,,,,
MSG,8,0,0,7BB081,0,2014/11/04,08:10:09.649,2014/11/04,08:10:09.649,,,,,,,,,,,,
MSG,8,0,0,7BB081,0,2014/11/04,08:10:10.501,2014/11/04,08:10:10.501,,,,,,,,,,,,
MSG,8,0,0,7BB081,0,2014/11/04,08:10:11.500,2014/11/04,08:10:11.500,,,,,,,,,,,,
MSG,8,0,0,7BB081,0,2014/11/04,08:10:12.495,2014/11/04,08:10:12.495,,,,,,,,,,,,
MSG,8,0,0,7BB081,0,2014/11/04,08:10:15.741,2014/11/04,08:10:15.741,,,,,,,,,,,,
MSG,7,0,0,7BB081,0,2014/11/04,08:10:15.741,2014/11/04,08:10:15.741,,2550,,,,,,,,,,0
MSG,7,0,0,7BB081,0,2014/11/04,08:10:16.331,2014/11/04,08:10:16.331,,2550,,,,,,,,,,0
MSG,8,0,0,7BB081,0,2014/11/04,08:10:16.731,2014/11/04,08:10:16.731,,,,,,,,,,,,
MSG,7,0,0,7BB081,0,2014/11/04,08:10:17.936,2014/11/04,08:10:17.936,,2525,,,,,,,,,,0
MSG,8,0,0,7BB081,0,2014/11/04,08:10:18.756,2014/11/04,08:10:18.756,,,,,,,,,,,,
MSG,8,0,0,7BB081,0,2014/11/04,08:10:19.866,2014/11/04,08:10:19.866,,,,,,,,,,,,
MSG,8,0,0,7BB081,0,2014/11/04,08:10:20.851,2014/11/04,08:10:20.851,,,,,,,,,,,,
MSG,8,0,0,7BB081,0,2014/11/04,08:10:22.949,2014/11/04,08:10:22.949,,,,,,,,,,,,
MSG,8,0,0,7BB081,0,2014/11/04,08:10:25.042,2014/11/04,08:10:25.042,,,,,,,,,,,,
MSG,8,0,0,7BB081,0,2014/11/04,08:10:25.970,2014/11/04,08:10:25.970,,,,,,,,,,,,
MSG,8,0,0,7BB081,0,2014/11/04,08:10:29.107,2014/11/04,08:10:29.107,,,,,,,,,,,,
MSG,8,0,0,7BB081,0,2014/11/04,08:10:33.163,2014/11/04,08:10:33.163,,,,,,,,,,,,
MSG,7,0,0,7BB081,0,2014/11/04,08:10:34.932,2014/11/04,08:10:34.932,,2325,,,,,,,,,,0
MSG,7,0,0,7BB081,0,2014/11/04,08:10:35.916,2014/11/04,08:10:35.916,,2300,,,,,,,,,,0
MSG,7,0,0,7BB081,0,2014/11/04,08:10:35.916,2014/11/04,08:10:35.916,,2300,,,,,,,,,,0
MSG,7,0,0,7BB081,0,2014/11/04,08:10:37.499,2014/11/04,08:10:37.499,,2275,,,,,,,,,,0
MSG,8,0,0,7BB081,0,2014/11/04,08:10:38.674,2014/11/04,08:10:38.674,,,,,,,,,,,,
MSG,8,0,0,7BB081,0,2014/11/04,08:10:43.517,2014/11/04,08:10:43.517,,,,,,,,,,,,
MSG,8,0,0,7BB081,0,2014/11/04,08:10:44.650,2014/11/04,08:10:44.650,,,,,,,,,,,,
MSG,7,0,0,7BB081,0,2014/11/04,08:10:46.449,2014/11/04,08:10:46.449,,2150,,,,,,,,,,0
MSG,7,0,0,7BB081,0,2014/11/04,08:10:48.967,2014/11/04,08:10:48.967,,2125,,,,,,,,,,0
MSG,8,0,0,7BB081,0,2014/11/04,08:11:01.400,2014/11/04,08:11:01.400,,,,,,,,,,,,
MSG,8,0,0,7BB081,0,2014/11/04,08:11:06.590,2014/11/04,08:11:06.590,,,,,,,,,,,,
MSG,8,0,0,7BB081,0,2014/11/04,08:11:19.365,2014/11/04,08:11:19.365,,,,,,,,,,,,
MSG,8,0,0,7BB081,0,2014/11/04,08:11:22.167,2014/11/04,08:11:22.167,,,,,,,,,,,,
MSG,8,0,0,7BB081,0,2014/11/04,08:11:32.188,2014/11/04,08:11:32.188,,,,,,,,,,,,
MSG,8,0,0,7BB081,0,2014/11/04,08:11:37.944,2014/11/04,08:11:37.944,,,,,,,,,,,,
MSG,8,0,0,7BB081,0,2014/11/04,08:11:40.012,2014/11/04,08:11:40.012,,,,,,,,,,,,
MSG,8,0,0,7BB081,0,2014/11/04,08:11:49.260,2014/11/04,08:11:49.260,,,,,,,,,,,,
MSG,8,0,0,7BB081,0,2014/11/04,08:11:59.407,2014/11/04,08:11:59.407,,,,,,,,,,,,
MSG,8,0,0,7BB081,0,2014/11/04,08:12:04.392,2014/11/04,08:12:04.392,,,,,,,,,,,,
MSG,8,0,0,7BB081,0,2014/11/04,08:12:06.086,2014/11/04,08:12:06.086,,,,,,,,,,,,
MSG,8,0,0,7BB081,0,2014/11/04,08:12:08.065,2014/11/04,08:12:08.065,,,,,,,,,,,,
MSG,8,0,0,7BB081,0,2014/11/04,08:12:10.215,2014/11/04,08:12:10.215,,,,,,,,,,,,
MSG,8,0,0,7BB081,0,2014/11/04,08:12:11.066,2014/11/04,08:12:11.066,,,,,,,,,,,,
MSG,8,0,0,7BB081,0,2014/11/04,08:12:13.116,2014/11/04,08:12:13.116,,,,,,,,,,,,
MSG,8,0,0,7BB081,0,2014/11/04,08:12:19.268,2014/11/04,08:12:19.268,,,,,,,,,,,,
MSG,8,0,0,7BB081,0,2014/11/04,08:12:21.158,2014/11/04,08:12:21.158,,,,,,,,,,,,
MSG,8,0,0,7BB081,0,2014/11/04,08:12:22.141,2014/11/04,08:12:22.141,,,,,,,,,,,,
MSG,8,0,0,7BB081,0,2014/11/04,08:12:23.123,2014/11/04,08:12:23.123,,,,,,,,,,,,
MSG,8,0,0,7BB081,0,2014/11/04,08:12:25.155,2014/11/04,08:12:25.155,,,,,,,,,,,,
MSG,8,0,0,7BB081,0,2014/11/04,08:12:28.366,2014/11/04,08:12:28.366,,,,,,,,,,,,
MSG,7,0,0,7BB081,0,2014/11/04,08:12:30.726,2014/11/04,08:12:30.726,,950,,,,,,,,,,0
MSG,7,0,0,7BB081,0,2014/11/04,08:12:30.932,2014/11/04,08:12:30.932,,950,,,,,,,,,,0
MSG,8,0,0,7BB081,0,2014/11/04,08:12:35.529,2014/11/04,08:12:35.529,,,,,,,,,,,,
MSG,8,0,0,7BB081,0,2014/11/04,08:12:36.363,2014/11/04,08:12:36.363,,,,,,,,,,,,
MSG,7,0,0,7BB081,0,2014/11/04,08:12:41.371,2014/11/04,08:12:41.371,,850,,,,,,,,,,0
MSG,8,0,0,7BB081,0,2014/11/04,08:12:43.261,2014/11/04,08:12:43.261,,,,,,,,,,,,
MSG,8,0,0,7BB081,0,2014/11/04,08:12:46.453,2014/11/04,08:12:46.453,,,,,,,,,,,,
MSG,8,0,0,7BB081,0,2014/11/04,08:12:47.454,2014/11/04,08:12:47.454,,,,,,,,,,,,
MSG,8,0,0,7BB081,0,2014/11/04,08:12:50.148,2014/11/04,08:12:50.148,,,,,,,,,,,,
MSG,7,0,0,7BB081,0,2014/11/04,08:12:51.451,2014/11/04,08:12:51.451,,750,,,,,,,,,,0
MSG,7,0,0,7BB081,0,2014/11/04,08:12:51.845,2014/11/04,08:12:51.845,,725,,,,,,,,,,0
MSG,8,0,0,7BB081,0,2014/11/04,08:12:51.845,2014/11/04,08:12:51.845,,,,,,,,,,,,
MSG,8,0,0,7BB081,0,2014/11/04,08:13:08.439,2014/11/04,08:13:08.439,,,,,,,,,,,,
MSG,8,0,0,7BB081,0,2014/11/04,08:13:32.024,2014/11/04,08:13:32.024,,,,,,,,,,,,
MSG,8,0,0,7BB081,0,2014/11/04,08:13:34.815,2014/11/04,08:13:34.815,,,,,,,,,,,,
MSG,8,0,0,7BB081,0,2014/11/04,08:13:35.868,2014/11/04,08:13:35.868,,,,,,,,,,,,
MSG,8,0,0,7BB081,0,2014/11/04,08:13:36.921,2014/11/04,08:13:36.921,,,,,,,,,,,,
MSG,8,0,0,7BB081,0,2014/11/04,08:13:38.025,2014/11/04,08:13:38.025,,,,,,,,,,,,
MSG,8,0,0,7BB081,0,2014/11/04,08:13:39.026,2014/11/04,08:13:39.026,,,,,,,,,,,,
MSG,8,0,0,7BB081,0,2014/11/04,08:13:41.832,2014/11/04,08:13:41.832,,,,,,,,,,,,
MSG,7,0,0,7BB081,0,2014/11/04,08:13:43.832,2014/11/04,08:13:43.832,,150,,,,,,,,,,0
MSG,7,0,0,7BB081,0,2014/11/04,08:13:43.832,2014/11/04,08:13:43.832,,150,,,,,,,,,,0
MSG,8,0,0,7BB081,0,2014/11/04,08:13:44.832,2014/11/04,08:13:44.832,,,,,,,,,,,,
MSG,7,0,0,7BB081,0,2014/11/04,08:13:45.032,2014/11/04,08:13:45.032,,125,,,,,,,,,,0
MSG,7,0,0,7BB081,0,2014/11/04,08:13:45.432,2014/11/04,08:13:45.432,,125,,,,,,,,,,0
MSG,8,0,0,7BB081,0,2014/11/04,08:13:45.892,2014/11/04,08:13:45.892,,,,,,,,,,,,
MSG,8,0,0,7BB081,0,2014/11/04,08:13:53.902,2014/11/04,08:13:53.902,,,,,,,,,,,,
MSG,8,0,0,7BB081,0,2014/11/04,08:14:02.618,2014/11/04,08:14:02.618,,,,,,,,,,,,
MSG,8,0,0,7BB081,0,2014/11/04,08:14:05.306,2014/11/04,08:14:05.306,,,,,,,,,,,,
MSG,8,0,0,7BB081,0,2014/11/04,08:14:06.318,2014/11/04,08:14:06.318,,,,,,,,,,,,
MSG,7,0,0,7BB081,0,2014/11/04,08:14:06.518,2014/11/04,08:14:06.518,,-150,,,,,,,,,,0
MSG,7,0,0,7BB081,0,2014/11/04,08:14:06.723,2014/11/04,08:14:06.723,,-150,,,,,,,,,,0
MSG,7,0,0,7BB081,0,2014/11/04,08:14:06.723,2014/11/04,08:14:06.723,,-150,,,,,,,,,,0
MSG,7,0,0,7BB081,0,2014/11/04,08:14:06.916,2014/11/04,08:14:06.916,,-150,,,,,,,,,,0
MSG,7,0,0,7BB081,0,2014/11/04,08:14:07.518,2014/11/04,08:14:07.518,,-150,,,,,,,,,,0
MSG,7,0,0,7BB081,0,2014/11/04,08:14:10.827,2014/11/04,08:14:10.827,,-150,,,,,,,,,,0
MSG,8,0,0,7BB081,0,2014/11/04,08:14:15.376,2014/11/04,08:14:15.376,,,,,,,,,,,,
MSG,7,0,0,7BB081,0,2014/11/04,08:14:16.375,2014/11/04,08:14:16.375,,-175,,,,,,,,,,-1
MSG,8,0,0,7BB081,0,2014/11/04,08:14:17.177,2014/11/04,08:14:17.177,,,,,,,,,,,,
MSG,8,0,0,7BB081,0,2014/11/04,08:14:20.193,2014/11/04,08:14:20.193,,,,,,,,,,,,
MSG,7,0,0,7BB081,0,2014/11/04,08:14:20.787,2014/11/04,08:14:20.787,,-175,,,,,,,,,,-1
MSG,7,0,0,7BB081,0,2014/11/04,08:14:21.791,2014/11/04,08:14:21.791,,-150,,,,,,,,,,-1
MSG,7,0,0,7BB081,0,2014/11/04,08:14:21.987,2014/11/04,08:14:21.987,,-150,,,,,,,,,,-1
MSG,7,0,0,7BB081,0,2014/11/04,08:14:36.915,2014/11/04,08:14:36.915,,-100,,,,,,,,,,-1
MSG,8,0,0,7BB081,0,2014/11/04,08:14:43.924,2014/11/04,08:14:43.924,,,,,,,,,,,,
MSG,8,0,0,7BB081,0,2014/11/04,08:14:51.573,2014/11/04,08:14:51.573,,,,,,,,,,,,
MSG,8,0,0,7BB081,0,2014/11/04,08:14:52.573,2014/11/04,08:14:52.573,,,,,,,,,,,,
MSG,8,0,0,7BB081,0,2014/11/04,08:14:54.566,2014/11/04,08:14:54.566,,,,,,,,,,,,
MSG,8,0,0,7BB081,0,2014/11/04,08:14:55.688,2014/11/04,08:14:55.688,,,,,,,,,,,,
MSG,8,0,0,7BB081,0,2014/11/04,08:14:56.691,2014/11/04,08:14:56.691,,,,,,,,,,,,
MSG,7,0,0,7BB081,0,2014/11/04,08:14:56.691,2014/11/04,08:14:56.691,,-125,,,,,,,,,,-1
MSG,7,0,0,7BB081,0,2014/11/04,08:14:56.691,2014/11/04,08:14:56.691,,-125,,,,,,,,,,-1
MSG,7,0,0,7BB081,0,2014/11/04,08:15:00.685,2014/11/04,08:15:00.685,,-125,,,,,,,,,,-1
MSG,7,0,0,7BB081,0,2014/11/04,08:15:00.889,2014/11/04,08:15:00.889,,-125,,,,,,,,,,-1
MSG,7,0,0,7BB081,0,2014/11/04,08:15:01.895,2014/11/04,08:15:01.895,,-125,,,,,,,,,,-1
MSG,8,0,0,7BB081,0,2014/11/04,08:15:01.895,2014/11/04,08:15:01.895,,,,,,,,,,,,
MSG,7,0,0,7BB081,0,2014/11/04,08:15:01.895,2014/11/04,08:15:01.895,,-125,,,,,,,,,,-1
MSG,8,0,0,7BB081,0,2014/11/04,08:15:06.928,2014/11/04,08:15:06.928,,,,,,,,,,,,
MSG,7,0,0,7BB081,0,2014/11/04,08:15:09.739,2014/11/04,08:15:09.739,,-125,,,,,,,,,,-1
MSG,8,0,0,7BB081,0,2014/11/04,08:58:45.844,2014/11/04,08:58:45.844,,,,,,,,,,,,
MSG,8,0,0,7BB081,0,2014/11/04,08:58:46.846,2014/11/04,08:58:46.846,,,,,,,,,,,,
MSG,7,0,0,7BB081,0,2014/11/04,08:58:48.459,2014/11/04,08:58:48.459,,-125,,,,,,,,,,-1
MSG,8,0,0,7BB081,0,2014/11/04,08:58:49.060,2014/11/04,08:58:49.060,,,,,,,,,,,,
MSG,8,0,0,7BB081,0,2014/11/04,08:58:53.083,2014/11/04,08:58:53.083,,,,,,,,,,,,
MSG,7,0,0,7BB081,0,2014/11/04,08:58:54.889,2014/11/04,08:58:54.889,,-125,,,,,,,,,,-1
MSG,8,0,0,7BB081,0,2014/11/04,08:58:55.297,2014/11/04,08:58:55.297,,,,,,,,,,,,
MSG,8,0,0,7BB081,0,2014/11/04,08:59:02.317,2014/11/04,08:59:02.317,,,,,,,,,,,,
MSG,7,0,0,7BB081,0,2014/11/04,08:59:02.517,2014/11/04,08:59:02.517,,-125,,,,,,,,,,-1
MSG,7,0,0,7BB081,0,2014/11/04,08:59:02.920,2014/11/04,08:59:02.920,,-125,,,,,,,,,,-1
MSG,8,0,0,7BB081,0,2014/11/04,08:59:03.319,2014/11/04,08:59:03.319,,,,,,,,,,,,
MSG,8,0,0,7BB081,0,2014/11/04,08:59:04.525,2014/11/04,08:59:04.525,,,,,,,,,,,,
MSG,7,0,0,7BB081,0,2014/11/04,08:59:06.351,2014/11/04,08:59:06.351,,-125,,,,,,,,,,-1
MSG,8,0,0,7BB081,0,2014/11/04,08:59:07.353,2014/11/04,08:59:07.353,,,,,,,,,,,,
MSG,8,0,0,7BB081,0,2014/11/04,08:59:08.379,2014/11/04,08:59:08.379,,,,,,,,,,,,
MSG,7,0,0,7BB081,0,2014/11/04,08:59:08.579,2014/11/04,08:59:08.579,,-125,,,,,,,,,,-1
MSG,8,0,0,7BB081,0,2014/11/04,08:59:09.179,2014/11/04,08:59:09.179,,,,,,,,,,,,
MSG,7,0,0,7BB081,0,2014/11/04,08:59:09.383,2014/11/04,08:59:09.383,,-125,,,,,,,,,,-1
MSG,7,0,0,7BB081,0,2014/11/04,08:59:10.181,2014/11/04,08:59:10.181,,-125,,,,,,,,,,-1
MSG,7,0,0,7BB081,0,2014/11/04,08:59:10.181,2014/11/04,08:59:10.181,,-125,,,,,,,,,,-1
MSG,8,0,0,7BB081,0,2014/11/04,08:59:11.384,2014/11/04,08:59:11.384,,,,,,,,,,,,
MSG,7,0,0,7BB081,0,2014/11/04,08:59:11.783,2014/11/04,08:59:11.783,,-125,,,,,,,,,,-1
MSG,8,0,0,7BB081,0,2014/11/04,08:59:12.192,2014/11/04,08:59:12.192,,,,,,,,,,,,
MSG,8,0,0,7BB081,0,2014/11/04,08:59:13.418,2014/11/04,08:59:13.418,,,,,,,,,,,,
MSG,7,0,0,7BB081,0,2014/11/04,08:59:14.437,2014/11/04,08:59:14.437,,-125,,,,,,,,,,-1
MSG,8,0,0,7BB081,0,2014/11/04,08:59:15.440,2014/11/04,08:59:15.440,,,,,,,,,,,,
MSG,7,0,0,7BB081,0,2014/11/04,08:59:16.445,2014/11/04,08:59:16.445,,-125,,,,,,,,,,-1
MSG,8,0,0,7BB081,0,2014/11/04,08:59:17.243,2014/11/04,08:59:17.243,,,,,,,,,,,,
MSG,7,0,0,7BB081,0,2014/11/04,08:59:18.882,2014/11/04,08:59:18.882,,-125,,,,,,,,,,-1
MSG,8,0,0,7BB081,0,2014/11/04,08:59:21.111,2014/11/04,08:59:21.111,,,,,,,,,,,,
MSG,7,0,0,7BB081,0,2014/11/04,08:59:21.316,2014/11/04,08:59:21.316,,-125,,,,,,,,,,-1
MSG,7,0,0,7BB081,0,2014/11/04,08:59:22.310,2014/11/04,08:59:22.310,,-125,,,,,,,,,,-1
MSG,7,0,0,7BB081,0,2014/11/04,08:59:22.310,2014/11/04,08:59:22.310,,-125,,,,,,,,,,-1
MSG,7,0,0,7BB081,0,2014/11/04,08:59:22.310,2014/11/04,08:59:22.310,,-125,,,,,,,,,,-1
MSG,7,0,0,7BB081,0,2014/11/04,08:59:23.309,2014/11/04,08:59:23.309,,-125,,,,,,,,,,-1
MSG,8,0,0,7BB081,0,2014/11/04,08:59:25.615,2014/11/04,08:59:25.615,,,,,,,,,,,,
MSG,8,0,0,7BB081,0,2014/11/04,08:59:26.266,2014/11/04,08:59:26.266,,,,,,,,,,,,
MSG,8,0,0,7BB081,0,2014/11/04,08:59:27.461,2014/11/04,08:59:27.461,,,,,,,,,,,,
MSG,7,0,0,7BB081,0,2014/11/04,08:59:27.661,2014/11/04,08:59:27.661,,-125,,,,,,,,,,-1
MSG,7,0,0,7BB081,0,2014/11/04,08:59:28.461,2014/11/04,08:59:28.461,,-125,,,,,,,,,,-1
MSG,8,0,0,7BB081,0,2014/11/04,08:59:29.280,2014/11/04,08:59:29.280,,,,,,,,,,,,
MSG,8,0,0,7BB081,0,2014/11/04,08:59:53.848,2014/11/04,08:59:53.848,,,,,,,,,,,,
MSG,8,0,0,7BB081,0,2014/11/04,08:59:54.653,2014/11/04,08:59:54.653,,,,,,,,,,,,
MSG,8,0,0,7BB081,0,2014/11/04,08:59:59.635,2014/11/04,08:59:59.635,,,,,,,,,,,,
MSG,8,0,0,7BB081,0,2014/11/04,09:00:00.634,2014/11/04,09:00:00.634,,,,,,,,,,,,
MSG,8,0,0,7BB081,0,2014/11/04,09:00:07.231,2014/11/04,09:00:07.231,,,,,,,,,,,,
MSG,7,0,0,7BB081,0,2014/11/04,09:00:07.231,2014/11/04,09:00:07.231,,-125,,,,,,,,,,-1
MSG,8,0,0,7BB081,0,2014/11/04,09:00:13.845,2014/11/04,09:00:13.845,,,,,,,,,,,,
MSG,8,0,0,7BB081,0,2014/11/04,09:00:15.098,2014/11/04,09:00:15.098,,,,,,,,,,,,
MSG,7,0,0,7BB081,0,2014/11/04,09:00:16.504,2014/11/04,09:00:16.504,,-100,,,,,,,,,,-1
MSG,8,0,0,7BB081,0,2014/11/04,09:00:17.108,2014/11/04,09:00:17.108,,,,,,,,,,,,
MSG,7,0,0,7BB081,0,2014/11/04,09:00:17.303,2014/11/04,09:00:17.303,,-100,,,,,,,,,,-1
MSG,8,0,0,7BB081,0,2014/11/04,09:00:19.162,2014/11/04,09:00:19.162,,,,,,,,,,,,
MSG,7,0,0,7BB081,0,2014/11/04,09:00:20.403,2014/11/04,09:00:20.403,,-100,,,,,,,,,,-1
MSG,8,0,0,7BB081,0,2014/11/04,09:00:21.210,2014/11/04,09:00:21.210,,,,,,,,,,,,
MSG,7,0,0,7BB081,0,2014/11/04,09:00:21.210,2014/11/04,09:00:21.210,,-100,,,,,,,,,,-1
MSG,8,0,0,7BB081,0,2014/11/04,09:00:22.223,2014/11/04,09:00:22.223,,,,,,,,,,,,
MSG,7,0,0,7BB081,0,2014/11/04,09:00:22.431,2014/11/04,09:00:22.431,,-100,,,,,,,,,,-1
MSG,7,0,0,7BB081,0,2014/11/04,09:00:22.628,2014/11/04,09:00:22.628,,-100,,,,,,,,,,-1
MSG,8,0,0,7BB081,0,2014/11/04,09:00:23.038,2014/11/04,09:00:23.038,,,,,,,,,,,,
MSG,8,0,0,7BB081,0,2014/11/04,09:00:24.048,2014/11/04,09:00:24.048,,,,,,,,,,,,
MSG,7,0,0,7BB081,0,2014/11/04,09:00:24.866,2014/11/04,09:00:24.866,,-100,,,,,,,,,,-1
MSG,8,0,0,7BB081,0,2014/11/04,09:00:24.866,2014/11/04,09:00:24.866,,,,,,,,,,,,
MSG,7,0,0,7BB081,0,2014/11/04,09:00:26.292,2014/11/04,09:00:26.292,,-100,,,,,,,,,,-1
MSG,8,0,0,7BB081,0,2014/11/04,09:00:26.898,2014/11/04,09:00:26.898,,,,,,,,,,,,
MSG,7,0,0,7BB081,0,2014/11/04,09:00:29.328,2014/11/04,09:00:29.328,,-100,,,,,,,,,,-1
MSG,8,0,0,7BB081,0,2014/11/04,09:00:29.771,2014/11/04,09:00:29.771,,,,,,,,,,,,
MSG,7,0,0,7BB081,0,2014/11/04,09:00:36.081,2014/11/04,09:00:36.081,,-100,,,,,,,,,,-1
MSG,7,0,0,7BB081,0,2014/11/04,09:00:43.296,2014/11/04,09:00:43.296,,-125,,,,,,,,,,-1
MSG,7,0,0,7BB081,0,2014/11/04,09:00:43.296,2014/11/04,09:00:43.296,,-125,,,,,,,,,,-1
MSG,8,0,0,7BB081,0,2014/11/04,09:00:49.820,2014/11/04,09:00:49.820,,,,,,,,,,,,
MSG,7,0,0,7BB081,0,2014/11/04,09:00:57.288,2014/11/04,09:00:57.288,,100,,,,,,,,,,0
MSG,8,0,0,7BB081,0,2014/11/04,09:00:59.711,2014/11/04,09:00:59.711,,,,,,,,,,,,
MSG,7,0,0,7BB081,0,2014/11/04,09:00:59.916,2014/11/04,09:00:59.916,,225,,,,,,,,,,0
MSG,8,0,0,7BB081,0,2014/11/04,09:01:00.772,2014/11/04,09:01:00.772,,,,,,,,,,,,
MSG,8,0,0,7BB081,0,2014/11/04,09:01:05.588,2014/11/04,09:01:05.588,,,,,,,,,,,,
MSG,8,0,0,7BB081,0,2014/11/04,09:01:14.597,2014/11/04,09:01:14.597,,,,,,,,,,,,
MSG,8,0,0,7BB081,0,2014/11/04,09:01:17.609,2014/11/04,09:01:17.609,,,,,,,,,,,,
MSG,8,0,0,7BB081,0,2014/11/04,09:01:19.762,2014/11/04,09:01:19.762,,,,,,,,,,,,
MSG,8,0,0,7BB081,0,2014/11/04,09:01:27.633,2014/11/04,09:01:27.633,,,,,,,,,,,,
MSG,8,0,0,7BB081,0,2014/11/04,09:01:29.831,2014/11/04,09:01:29.831,,,,,,,,,,,,
MSG,8,0,0,7BB081,0,2014/11/04,09:01:31.869,2014/11/04,09:01:31.869,,,,,,,,,,,,
MSG,8,0,0,7BB081,0,2014/11/04,09:01:32.878,2014/11/04,09:01:32.878,,,,,,,,,,,,
MSG,8,0,0,7BB081,0,2014/11/04,09:01:34.056,2014/11/04,09:01:34.056,,,,,,,,,,,,
MSG,7,0,0,7BB081,0,2014/11/04,09:01:35.050,2014/11/04,09:01:35.050,,2000,,,,,,,,,,0
MSG,8,0,0,7BB081,0,2014/11/04,09:01:37.141,2014/11/04,09:01:37.141,,,,,,,,,,,,
MSG,8,0,0,7BB081,0,2014/11/04,09:01:38.141,2014/11/04,09:01:38.141,,,,,,,,,,,,
MSG,8,0,0,7BB081,0,2014/11/04,09:01:39.040,2014/11/04,09:01:39.040,,,,,,,,,,,,
MSG,8,0,0,7BB081,0,2014/11/04,09:01:40.043,2014/11/04,09:01:40.043,,,,,,,,,,,,
MSG,8,0,0,7BB081,0,2014/11/04,09:01:40.871,2014/11/04,09:01:40.871,,,,,,,,,,,,
MSG,8,0,0,7BB081,0,2014/11/04,09:01:41.873,2014/11/04,09:01:41.873,,,,,,,,,,,,
MSG,8,0,0,7BB081,0,2014/11/04,09:01:42.907,2014/11/04,09:01:42.907,,,,,,,,,,,,
MSG,8,0,0,7BB081,0,2014/11/04,09:01:44.082,2014/11/04,09:01:44.082,,,,,,,,,,,,
MSG,7,0,0,7BB081,0,2014/11/04,09:01:44.935,2014/11/04,09:01:44.935,,2350,,,,,,,,,,0
MSG,8,0,0,7BB081,0,2014/11/04,09:01:45.139,2014/11/04,09:01:45.139,,,,,,,,,,,,
MSG,8,0,0,7BB081,0,2014/11/04,09:01:46.199,2014/11/04,09:01:46.199,,,,,,,,,,,,
MSG,7,0,0,7BB081,0,2014/11/04,09:01:46.399,2014/11/04,09:01:46.399,,2400,,,,,,,,,,0
MSG,8,0,0,7BB081,0,2014/11/04,09:01:47.235,2014/11/04,09:01:47.235,,,,,,,,,,,,
MSG,8,0,0,7BB081,0,2014/11/04,09:01:48.031,2014/11/04,09:01:48.031,,,,,,,,,,,,
MSG,8,0,0,7BB081,0,2014/11/04,09:01:49.154,2014/11/04,09:01:49.154,,,,,,,,,,,,
MSG,8,0,0,7BB081,0,2014/11/04,09:01:50.106,2014/11/04,09:01:50.106,,,,,,,,,,,,
MSG,8,0,0,7BB081,0,2014/11/04,09:01:51.100,2014/11/04,09:01:51.100,,,,,,,,,,,,
MSG,8,0,0,7BB081,0,2014/11/04,09:01:52.276,2014/11/04,09:01:52.276,,,,,,,,,,,,
MSG,8,0,0,7BB081,0,2014/11/04,09:01:53.186,2014/11/04,09:01:53.186,,,,,,,,,,,,
MSG,8,0,0,7BB081,0,2014/11/04,09:01:54.311,2014/11/04,09:01:54.311,,,,,,,,,,,,
MSG,8,0,0,7BB081,0,2014/11/04,09:01:56.140,2014/11/04,09:01:56.140,,,,,,,,,,,,
MSG,8,0,0,7BB081,0,2014/11/04,09:01:57.203,2014/11/04,09:01:57.203,,,,,,,,,,,,
MSG,7,0,0,7BB081,0,2014/11/04,09:01:57.407,2014/11/04,09:01:57.407,,2800,,,,,,,,,,0
MSG,8,0,0,7BB081,0,2014/11/04,09:01:58.407,2014/11/04,09:01:58.407,,,,,,,,,,,,
MSG,8,0,0,7BB081,0,2014/11/04,09:01:59.226,2014/11/04,09:01:59.226,,,,,,,,,,,,
MSG,8,0,0,7BB081,0,2014/11/04,09:02:01.191,2014/11/04,09:02:01.191,,,,,,,,,,,,
MSG,8,0,0,7BB081,0,2014/11/04,09:02:04.237,2014/11/04,09:02:04.237,,,,,,,,,,,,
MSG,8,0,0,7BB081,0,2014/11/04,09:02:05.432,2014/11/04,09:02:05.432,,,,,,,,,,,,
MSG,8,0,0,7BB081,0,2014/11/04,09:02:06.439,2014/11/04,09:02:06.439,,,,,,,,,,,,
MSG,7,0,0,7BB081,0,2014/11/04,09:02:07.477,2014/11/04,09:02:07.477,,3175,,,,,,,,,,0
MSG,7,0,0,7BB081,0,2014/11/04,09:02:07.477,2014/11/04,09:02:07.477,,3175,,,,,,,,,,0
MSG,8,0,0,7BB081,0,2014/11/04,09:02:08.391,2014/11/04,09:02:08.391,,,,,,,,,,,,
MSG,7,0,0,7BB081,0,2014/11/04,09:02:09.395,2014/11/04,09:02:09.395,,3250,,,,,,,,,,0
MSG,7,0,0,7BB081,0,2014/11/04,09:02:09.395,2014/11/04,09:02:09.395,,3250,,,,,,,,,,0
MSG,8,0,0,7BB081,0,2014/11/04,09:02:10.394,2014/11/04,09:02:10.394,,,,,,,,,,,,
MSG,8,0,0,7BB081,0,2014/11/04,09:02:13.330,2014/11/04,09:02:13.330,,,,,,,,,,,,
MSG,8,0,0,7BB081,0,2014/11/04,09:02:14.139,2014/11/04,09:02:14.139,,,,,,,,,,,,
MSG,8,0,0,7BB081,0,2014/11/04,09:02:15.014,2014/11/04,09:02:15.014,,,,,,,,,,,,
MSG,8,0,0,7BB081,0,2014/11/04,09:02:16.087,2014/11/04,09:02:16.087,,,,,,,,,,,,
MSG,7,0,0,7BB081,0,2014/11/04,09:02:16.481,2014/11/04,09:02:16.481,,3525,,,,,,,,,,0
MSG,8,0,0,7BB081,0,2014/11/04,09:02:17.289,2014/11/04,09:02:17.289,,,,,,,,,,,,
MSG,8,0,0,7BB081,0,2014/11/04,09:02:18.097,2014/11/04,09:02:18.097,,,,,,,,,,,,
MSG,8,0,0,7BB081,0,2014/11/04,09:02:19.094,2014/11/04,09:02:19.094,,,,,,,,,,,,
MSG,8,0,0,7BB081,0,2014/11/04,09:02:20.183,2014/11/04,09:02:20.183,,,,,,,,,,,,
MSG,8,0,0,7BB081,0,2014/11/04,09:02:21.171,2014/11/04,09:02:21.171,,,,,,,,,,,,
MSG,8,0,0,7BB081,0,2014/11/04,09:02:23.133,2014/11/04,09:02:23.133,,,,,,,,,,,,
MSG,8,0,0,7BB081,0,2014/11/04,09:02:24.137,2014/11/04,09:02:24.137,,,,,,,,,,,,
MSG,8,0,0,7BB081,0,2014/11/04,09:02:25.131,2014/11/04,09:02:25.131,,,,,,,,,,,,
MSG,8,0,0,7BB081,0,2014/11/04,09:02:25.934,2014/11/04,09:02:25.934,,,,,,,,,,,,
MSG,8,0,0,7BB081,0,2014/11/04,09:02:27.783,2014/11/04,09:02:27.783,,,,,,,,,,,,
MSG,8,0,0,7BB081,0,2014/11/04,09:02:28.788,2014/11/04,09:02:28.788,,,,,,,,,,,,
MSG,8,0,0,7BB081,0,2014/11/04,09:02:29.786,2014/11/04,09:02:29.786,,,,,,,,,,,,
MSG,8,0,0,7BB081,0,2014/11/04,09:02:30.537,2014/11/04,09:02:30.537,,,,,,,,,,,,
MSG,8,0,0,7BB081,0,2014/11/04,09:02:31.460,2014/11/04,09:02:31.460,,,,,,,,,,,,
MSG,8,0,0,7BB081,0,2014/11/04,09:02:33.420,2014/11/04,09:02:33.420,,,,,,,,,,,,
MSG,8,0,0,7BB081,0,2014/11/04,09:02:34.428,2014/11/04,09:02:34.428,,,,,,,,,,,,
MSG,8,0,0,7BB081,0,2014/11/04,09:02:37.674,2014/11/04,09:02:37.674,,,,,,,,,,,,
MSG,8,0,0,7BB081,0,2014/11/04,09:02:38.479,2014/11/04,09:02:38.479,,,,,,,,,,,,
MSG,8,0,0,7BB081,0,2014/11/04,09:02:41.319,2014/11/04,09:02:41.319,,,,,,,,,,,,
MSG,8,0,0,7BB081,0,2014/11/04,09:02:42.402,2014/11/04,09:02:42.402,,,,,,,,,,,,
MSG,8,0,0,7BB081,0,2014/11/04,09:02:44.389,2014/11/04,09:02:44.389,,,,,,,,,,,,
MSG,8,0,0,7BB081,0,2014/11/04,09:02:45.382,2014/11/04,09:02:45.382,,,,,,,,,,,,
MSG,8,0,0,7BB081,0,2014/11/04,09:02:46.186,2014/11/04,09:02:46.186,,,,,,,,,,,,
MSG,8,0,0,7BB081,0,2014/11/04,09:02:47.188,2014/11/04,09:02:47.188,,,,,,,,,,,,
MSG,8,0,0,7BB081,0,2014/11/04,09:02:47.983,2014/11/04,09:02:47.983,,,,,,,,,,,,
MSG,8,0,0,7BB081,0,2014/11/04,09:02:48.783,2014/11/04,09:02:48.783,,,,,,,,,,,,
MSG,8,0,0,7BB081,0,2014/11/04,09:02:49.785,2014/11/04,09:02:49.785,,,,,,,,,,,,
MSG,8,0,0,7BB081,0,2014/11/04,09:02:50.787,2014/11/04,09:02:50.787,,,,,,,,,,,,
MSG,8,0,0,7BB081,0,2014/11/04,09:02:51.786,2014/11/04,09:02:51.786,,,,,,,,,,,,
MSG,8,0,0,7BB081,0,2014/11/04,09:02:52.630,2014/11/04,09:02:52.630,,,,,,,,,,,,
MSG,7,0,0,7BB081,0,2014/11/04,09:02:53.677,2014/11/04,09:02:53.677,,4850,,,,,,,,,,0
MSG,7,0,0,7BB081,0,2014/11/04,09:02:53.677,2014/11/04,09:02:53.677,,4850,,,,,,,,,,0
MSG,8,0,0,7BB081,0,2014/11/04,09:02:53.677,2014/11/04,09:02:53.677,,,,,,,,,,,,
MSG,8,0,0,7BB081,0,2014/11/04,09:02:54.671,2014/11/04,09:02:54.671,,,,,,,,,,,,
MSG,7,0,0,7BB081,0,2014/11/04,09:02:55.771,2014/11/04,09:02:55.771,,4925,,,,,,,,,,0
MSG,7,0,0,7BB081,0,2014/11/04,09:02:55.771,2014/11/04,09:02:55.771,,4925,,,,,,,,,,0
MSG,8,0,0,7BB081,0,2014/11/04,09:02:56.624,2014/11/04,09:02:56.624,,,,,,,,,,,,
MSG,8,0,0,7BB081,0,2014/11/04,09:02:57.486,2014/11/04,09:02:57.486,,,,,,,,,,,,
MSG,8,0,0,7BB081,0,2014/11/04,09:02:58.500,2014/11/04,09:02:58.500,,,,,,,,,,,,
MSG,8,0,0,7BB081,0,2014/11/04,09:02:59.313,2014/11/04,09:02:59.313,,,,,,,,,,,,
MSG,8,0,0,7BB081,0,2014/11/04,09:02:59.313,2014/11/04,09:02:59.313,,,,,,,,,,,,
MSG,8,0,0,7BB081,0,2014/11/04,09:03:00.324,2014/11/04,09:03:00.324,,,,,,,,,,,,
MSG,7,0,0,7BB081,0,2014/11/04,09:03:00.724,2014/11/04,09:03:00.724,,5125,,,,,,,,,,0
MSG,8,0,0,7BB081,0,2014/11/04,09:03:01.328,2014/11/04,09:03:01.328,,,,,,,,,,,,
MSG,8,0,0,7BB081,0,2014/11/04,09:03:02.127,2014/11/04,09:03:02.127,,,,,,,,,,,,
MSG,8,0,0,7BB081,0,2014/11/04,09:03:03.130,2014/11/04,09:03:03.130,,,,,,,,,,,,
MSG,8,0,0,7BB081,0,2014/11/04,09:03:04.139,2014/11/04,09:03:04.139,,,,,,,,,,,,
MSG,8,0,0,7BB081,0,2014/11/04,09:03:05.131,2014/11/04,09:03:05.131,,,,,,,,,,,,
MSG,8,0,0,7BB081,0,2014/11/04,09:03:06.143,2014/11/04,09:03:06.143,,,,,,,,,,,,
MSG,8,0,0,7BB081,0,2014/11/04,09:03:07.147,2014/11/04,09:03:07.147,,,,,,,,,,,,
MSG,8,0,0,7BB081,0,2014/11/04,09:03:08.144,2014/11/04,09:03:08.144,,,,,,,,,,,,
MSG,8,0,0,7BB081,0,2014/11/04,09:03:09.142,2014/11/04,09:03:09.142,,,,,,,,,,,,
MSG,8,0,0,7BB081,0,2014/11/04,09:03:10.147,2014/11/04,09:03:10.147,,,,,,,,,,,,
MSG,7,0,0,7BB081,0,2014/11/04,09:03:10.341,2014/11/04,09:03:10.341,,5475,,,,,,,,,,0
MSG,7,0,0,7BB081,0,2014/11/04,09:03:10.341,2014/11/04,09:03:10.341,,5475,,,,,,,,,,0
MSG,7,0,0,7BB081,0,2014/11/04,09:03:10.541,2014/11/04,09:03:10.541,,5475,,,,,,,,,,0
MSG,8,0,0,7BB081,0,2014/11/04,09:03:11.141,2014/11/04,09:03:11.141,,,,,,,,,,,,
MSG,7,0,0,7BB081,0,2014/11/04,09:03:11.346,2014/11/04,09:03:11.346,,5500,,,,,,,,,,0
MSG,8,0,0,7BB081,0,2014/11/04,09:03:12.343,2014/11/04,09:03:12.343,,,,,,,,,,,,
MSG,7,0,0,7BB081,0,2014/11/04,09:03:12.743,2014/11/04,09:03:12.743,,5550,,,,,,,,,,0
MSG,8,0,0,7BB081,0,2014/11/04,09:03:13.147,2014/11/04,09:03:13.147,,,,,,,,,,,,
MSG,8,0,0,7BB081,0,2014/11/04,09:03:14.391,2014/11/04,09:03:14.391,,,,,,,,,,,,
MSG,7,0,0,7BB081,0,2014/11/04,09:03:14.596,2014/11/04,09:03:14.596,,5625,,,,,,,,,,0
MSG,8,0,0,7BB081,0,2014/11/04,09:03:15.230,2014/11/04,09:03:15.230,,,,,,,,,,,,
MSG,8,0,0,7BB081,0,2014/11/04,09:03:17.335,2014/11/04,09:03:17.335,,,,,,,,,,,,
MSG,8,0,0,7BB081,0,2014/11/04,09:03:18.137,2014/11/04,09:03:18.137,,,,,,,,,,,,
MSG,8,0,0,7BB081,0,2014/11/04,09:03:19.331,2014/11/04,09:03:19.331,,,,,,,,,,,,
MSG,8,0,0,7BB081,0,2014/11/04,09:03:20.131,2014/11/04,09:03:20.131,,,,,,,,,,,,
MSG,8,0,0,7BB081,0,2014/11/04,09:03:21.859,2014/11/04,09:03:21.859,,,,,,,,,,,,
MSG,7,0,0,7BB081,0,2014/11/04,09:03:22.457,2014/11/04,09:03:22.457,,5825,,,,,,,,,,0
MSG,7,0,0,7BB081,0,2014/11/04,09:03:23.252,2014/11/04,09:03:23.252,,5850,,,,,,,,,,0
MSG,8,0,0,7BB081,0,2014/11/04,09:03:23.852,2014/11/04,09:03:23.852,,,,,,,,,,,,
MSG,8,0,0,7BB081,0,2014/11/04,09:03:24.856,2014/11/04,09:03:24.856,,,,,,,,,,,,
MSG,8,0,0,7BB081,0,2014/11/04,09:03:25.863,2014/11/04,09:03:25.863,,,,,,,,,,,,
MSG,8,0,0,7BB081,0,2014/11/04,09:03:26.868,2014/11/04,09:03:26.868,,,,,,,,,,,,
MSG,8,0,0,7BB081,0,2014/11/04,09:03:28.873,2014/11/04,09:03:28.873,,,,,,,,,,,,
MSG,8,0,0,7BB081,0,2014/11/04,09:03:31.873,2014/11/04,09:03:31.873,,,,,,,,,,,,
MSG,8,0,0,7BB081,0,2014/11/04,09:03:32.678,2014/11/04,09:03:32.678,,,,,,,,,,,,
MSG,7,0,0,7BB081,0,2014/11/04,09:03:33.276,2014/11/04,09:03:33.276,,6050,,,,,,,,,,0
MSG,8,0,0,7BB081,0,2014/11/04,09:03:33.676,2014/11/04,09:03:33.676,,,,,,,,,,,,
MSG,7,0,0,7BB081,0,2014/11/04,09:03:34.274,2014/11/04,09:03:34.274,,6050,,,,,,,,,,0
MSG,8,0,0,7BB081,0,2014/11/04,09:03:35.748,2014/11/04,09:03:35.748,,,,,,,,,,,,
MSG,8,0,0,7BB081,0,2014/11/04,09:03:37.855,2014/11/04,09:03:37.855,,,,,,,,,,,,
MSG,8,0,0,7BB081,0,2014/11/04,09:03:38.858,2014/11/04,09:03:38.858,,,,,,,,,,,,
MSG,8,0,0,7BB081,0,2014/11/04,09:03:40.791,2014/11/04,09:03:40.791,,,,,,,,,,,,
MSG,8,0,0,7BB081,0,2014/11/04,09:03:42.696,2014/11/04,09:03:42.696,,,,,,,,,,,,
MSG,8,0,0,7BB081,0,2014/11/04,09:03:43.744,2014/11/04,09:03:43.744,,,,,,,,,,,,
MSG,8,0,0,7BB081,0,2014/11/04,09:03:44.594,2014/11/04,09:03:44.594,,,,,,,,,,,,
MSG,7,0,0,7BB081,0,2014/11/04,09:03:45.441,2014/11/04,09:03:45.441,,6300,,,,,,,,,,0
MSG,8,0,0,7BB081,0,2014/11/04,09:03:45.651,2014/11/04,09:03:45.651,,,,,,,,,,,,
MSG,8,0,0,7BB081,0,2014/11/04,09:03:46.499,2014/11/04,09:03:46.499,,,,,,,,,,,,
MSG,8,0,0,7BB081,0,2014/11/04,09:03:47.498,2014/11/04,09:03:47.498,,,,,,,,,,,,
MSG,8,0,0,7BB081,0,2014/11/04,09:03:47.701,2014/11/04,09:03:47.701,,,,,,,,,,,,
MSG,8,0,0,7BB081,0,2014/11/04,09:03:48.530,2014/11/04,09:03:48.530,,,,,,,,,,,,
MSG,7,0,0,7BB081,0,2014/11/04,09:03:49.961,2014/11/04,09:03:49.961,,6375,,,,,,,,,,0
MSG,8,0,0,7BB081,0,2014/11/04,09:03:50.371,2014/11/04,09:03:50.371,,,,,,,,,,,,
MSG,8,0,0,7BB081,0,2014/11/04,09:03:51.413,2014/11/04,09:03:51.413,,,,,,,,,,,,
MSG,7,0,0,7BB081,0,2014/11/04,09:03:52.212,2014/11/04,09:03:52.212,,6425,,,,,,,,,,0
MSG,8,0,0,7BB081,0,2014/11/04,09:03:52.616,2014/11/04,09:03:52.616,,,,,,,,,,,,
MSG,7,0,0,7BB081,0,2014/11/04,09:03:52.616,2014/11/04,09:03:52.616,,6450,,,,,,,,,,0
MSG,8,0,0,7BB081,0,2014/11/04,09:03:54.418,2014/11/04,09:03:54.418,,,,,,,,,,,,
MSG,7,0,0,7BB081,0,2014/11/04,09:03:54.813,2014/11/04,09:03:54.813,,6500,,,,,,,,,,0
MSG,8,0,0,7BB081,0,2014/11/04,09:03:55.270,2014/11/04,09:03:55.270,,,,,,,,,,,,
MSG,7,0,0,7BB081,0,2014/11/04,09:03:55.675,2014/11/04,09:03:55.675,,6525,,,,,,,,,,0
MSG,7,0,0,7BB081,0,2014/11/04,09:03:56.325,2014/11/04,09:03:56.325,,6525,,,,,,,,,,0
MSG,8,0,0,7BB081,0,2014/11/04,09:03:56.325,2014/11/04,09:03:56.325,,,,,,,,,,,,
MSG,8,0,0,7BB081,0,2014/11/04,09:03:57.338,2014/11/04,09:03:57.338,,,,,,,,,,,,
MSG,8,0,0,7BB081,0,2014/11/04,09:03:58.532,2014/11/04,09:03:58.532,,,,,,,,,,,,
MSG,8,0,0,7BB081,0,2014/11/04,09:04:02.745,2014/11/04,09:04:02.745,,,,,,,,,,,,
MSG,8,0,0,7BB081,0,2014/11/04,09:04:03.595,2014/11/04,09:04:03.595,,,,,,,,,,,,
MSG,8,0,0,7BB081,0,2014/11/04,09:04:05.697,2014/11/04,09:04:05.697,,,,,,,,,,,,
MSG,7,0,0,7BB081,0,2014/11/04,09:04:06.311,2014/11/04,09:04:06.311,,6825,,,,,,,,,,0
MSG,8,0,0,7BB081,0,2014/11/04,09:04:06.735,2014/11/04,09:04:06.735,,,,,,,,,,,,
MSG,7,0,0,7BB081,0,2014/11/04,09:04:07.334,2014/11/04,09:04:07.334,,6850,,,,,,,,,,0
MSG,8,0,0,7BB081,0,2014/11/04,09:04:07.788,2014/11/04,09:04:07.788,,,,,,,,,,,,
MSG,8,0,0,7BB081,0,2014/11/04,09:04:08.789,2014/11/04,09:04:08.789,,,,,,,,,,,,
MSG,8,0,0,7BB081,0,2014/11/04,09:04:09.623,2014/11/04,09:04:09.623,,,,,,,,,,,,
MSG,8,0,0,7BB081,0,2014/11/04,09:04:10.824,2014/11/04,09:04:10.824,,,,,,,,,,,,
MSG,7,0,0,7BB081,0,2014/11/04,09:04:11.422,2014/11/04,09:04:11.422,,7050,,,,,,,,,,0
MSG,8,0,0,7BB081,0,2014/11/04,09:04:11.823,2014/11/04,09:04:11.823,,,,,,,,,,,,
MSG,8,0,0,7BB081,0,2014/11/04,09:04:12.845,2014/11/04,09:04:12.845,,,,,,,,,,,,
MSG,8,0,0,7BB081,0,2014/11/04,09:04:13.849,2014/11/04,09:04:13.849,,,,,,,,,,,,
MSG,8,0,0,7BB081,0,2014/11/04,09:04:15.927,2014/11/04,09:04:15.927,,,,,,,,,,,,
MSG,7,0,0,7BB081,0,2014/11/04,09:04:17.328,2014/11/04,09:04:17.328,,7325,,,,,,,,,,0
MSG,7,0,0,7BB081,0,2014/11/04,09:04:18.534,2014/11/04,09:04:18.534,,7375,,,,,,,,,,0
MSG,8,0,0,7BB081,0,2014/11/04,09:04:18.734,2014/11/04,09:04:18.734,,,,,,,,,,,,
MSG,7,0,0,7BB081,0,2014/11/04,09:04:20.387,2014/11/04,09:04:20.387,,7425,,,,,,,,,,0
MSG,8,0,0,7BB081,0,2014/11/04,09:04:21.897,2014/11/04,09:04:21.897,,,,,,,,,,,,
MSG,8,0,0,7BB081,0,2014/11/04,09:04:24.093,2014/11/04,09:04:24.093,,,,,,,,,,,,
MSG,8,0,0,7BB081,0,2014/11/04,09:04:25.100,2014/11/04,09:04:25.100,,,,,,,,,,,,
MSG,8,0,0,7BB081,0,2014/11/04,09:04:26.101,2014/11/04,09:04:26.101,,,,,,,,,,,,
MSG,8,0,0,7BB081,0,2014/11/04,09:04:27.111,2014/11/04,09:04:27.111,,,,,,,,,,,,
MSG,7,0,0,7BB081,0,2014/11/04,09:04:28.341,2014/11/04,09:04:28.341,,7600,,,,,,,,,,0
MSG,8,0,0,7BB081,0,2014/11/04,09:04:30.015,2014/11/04,09:04:30.015,,,,,,,,,,,,
MSG,8,0,0,7BB081,0,2014/11/04,09:04:31.018,2014/11/04,09:04:31.018,,,,,,,,,,,,
MSG,7,0,0,7BB081,0,2014/11/04,09:04:31.221,2014/11/04,09:04:31.221,,7675,,,,,,,,,,0
MSG,7,0,0,7BB081,0,2014/11/04,09:04:31.221,2014/11/04,09:04:31.221,,7675,,,,,,,,,,0
MSG,7,0,0,7BB081,0,2014/11/04,09:04:31.426,2014/11/04,09:04:31.426,,7675,,,,,,,,,,0
MSG,8,0,0,7BB081,0,2014/11/04,09:04:32.229,2014/11/04,09:04:32.229,,,,,,,,,,,,
MSG,8,0,0,7BB081,0,2014/11/04,09:04:33.024,2014/11/04,09:04:33.024,,,,,,,,,,,,
MSG,8,0,0,7BB081,0,2014/11/04,09:04:33.846,2014/11/04,09:04:33.846,,,,,,,,,,,,
MSG,8,0,0,7BB081,0,2014/11/04,09:04:35.845,2014/11/04,09:04:35.845,,,,,,,,,,,,
MSG,8,0,0,7BB081,0,2014/11/04,09:04:36.841,2014/11/04,09:04:36.841,,,,,,,,,,,,
MSG,7,0,0,7BB081,0,2014/11/04,09:04:36.841,2014/11/04,09:04:36.841,,7850,,,,,,,,,,0
MSG,8,0,0,7BB081,0,2014/11/04,09:04:37.678,2014/11/04,09:04:37.678,,,,,,,,,,,,
MSG,8,0,0,7BB081,0,2014/11/04,09:04:38.676,2014/11/04,09:04:38.676,,,,,,,,,,,,
MSG,8,0,0,7BB081,0,2014/11/04,09:04:39.878,2014/11/04,09:04:39.878,,,,,,,,,,,,
MSG,8,0,0,7BB081,0,2014/11/04,09:04:40.875,2014/11/04,09:04:40.875,,,,,,,,,,,,
MSG,7,0,0,7BB081,0,2014/11/04,09:04:41.274,2014/11/04,09:04:41.274,,8050,,,,,,,,,,0
MSG,7,0,0,7BB081,0,2014/11/04,09:04:41.673,2014/11/04,09:04:41.673,,8075,,,,,,,,,,0
MSG,7,0,0,7BB081,0,2014/11/04,09:04:42.322,2014/11/04,09:04:42.322,,8100,,,,,,,,,,0
MSG,7,0,0,7BB081,0,2014/11/04,09:04:42.530,2014/11/04,09:04:42.530,,8100,,,,,,,,,,0
MSG,7,0,0,7BB081,0,2014/11/04,09:04:42.530,2014/11/04,09:04:42.530,,8100,,,,,,,,,,0
MSG,8,0,0,7BB081,0,2014/11/04,09:04:42.924,2014/11/04,09:04:42.924,,,,,,,,,,,,
MSG,8,0,0,7BB081,0,2014/11/04,09:04:43.725,2014/11/04,09:04:43.725,,,,,,,,,,,,
MSG,7,0,0,7BB081,0,2014/11/04,09:04:44.329,2014/11/04,09:04:44.329,,8200,,,,,,,,,,0
MSG,7,0,0,7BB081,0,2014/11/04,09:04:44.329,2014/11/04,09:04:44.329,,8200,,,,,,,,,,0
MSG,8,0,0,7BB081,0,2014/11/04,09:04:44.749,2014/11/04,09:04:44.749,,,,,,,,,,,,
MSG,7,0,0,7BB081,0,2014/11/04,09:04:45.208,2014/11/04,09:04:45.208,,8225,,,,,,,,,,0
MSG,7,0,0,7BB081,0,2014/11/04,09:04:45.408,2014/11/04,09:04:45.408,,8225,,,,,,,,,,0
MSG,8,0,0,7BB081,0,2014/11/04,09:04:45.603,2014/11/04,09:04:45.603,,,,,,,,,,,,
MSG,8,0,0,7BB081,0,2014/11/04,09:04:46.607,2014/11/04,09:04:46.607,,,,,,,,,,,,
MSG,8,0,0,7BB081,0,2014/11/04,09:04:47.613,2014/11/04,09:04:47.613,,,,,,,,,,,,
MSG,8,0,0,7BB081,0,2014/11/04,09:04:49.827,2014/11/04,09:04:49.827,,,,,,,,,,,,
MSG,8,0,0,7BB081,0,2014/11/04,09:04:50.844,2014/11/04,09:04:50.844,,,,,,,,,,,,
MSG,8,0,0,7BB081,0,2014/11/04,09:04:51.764,2014/11/04,09:04:51.764,,,,,,,,,,,,
MSG,8,0,0,7BB081,0,2014/11/04,09:04:52.870,2014/11/04,09:04:52.870,,,,,,,,,,,,
MSG,8,0,0,7BB081,0,2014/11/04,09:04:54.057,2014/11/04,09:04:54.057,,,,,,,,,,,,
MSG,7,0,0,7BB081,0,2014/11/04,09:04:55.253,2014/11/04,09:04:55.253,,8800,,,,,,,,,,0
MSG,8,0,0,7BB081,0,2014/11/04,09:04:58.196,2014/11/04,09:04:58.196,,,,,,,,,,,,
MSG,8,0,0,7BB081,0,2014/11/04,09:04:59.163,2014/11/04,09:04:59.163,,,,,,,,,,,,
MSG,8,0,0,7BB081,0,2014/11/04,09:05:00.416,2014/11/04,09:05:00.416,,,,,,,,,,,,
MSG,8,0,0,7BB081,0,2014/11/04,09:05:01.529,2014/11/04,09:05:01.529,,,,,,,,,,,,
MSG,8,0,0,7BB081,0,2014/11/04,09:05:03.226,2014/11/04,09:05:03.226,,,,,,,,,,,,
MSG,8,0,0,7BB081,0,2014/11/04,09:05:04.289,2014/11/04,09:05:04.289,,,,,,,,,,,,
MSG,7,0,0,7BB081,0,2014/11/04,09:05:05.328,2014/11/04,09:05:05.328,,9300,,,,,,,,,,0
MSG,7,0,0,7BB081,0,2014/11/04,09:05:05.531,2014/11/04,09:05:05.531,,9300,,,,,,,,,,0
MSG,8,0,0,7BB081,0,2014/11/04,09:05:07.091,2014/11/04,09:05:07.091,,,,,,,,,,,,
MSG,8,0,0,7BB081,0,2014/11/04,09:05:08.287,2014/11/04,09:05:08.287,,,,,,,,,,,,
MSG,8,0,0,7BB081,0,2014/11/04,09:05:10.045,2014/11/04,09:05:10.045,,,,,,,,,,,,
MSG,8,0,0,7BB081,0,2014/11/04,09:05:11.103,2014/11/04,09:05:11.103,,,,,,,,,,,,
MSG,8,0,0,7BB081,0,2014/11/04,09:05:12.019,2014/11/04,09:05:12.019,,,,,,,,,,,,
MSG,8,0,0,7BB081,0,2014/11/04,09:05:12.821,2014/11/04,09:05:12.821,,,,,,,,,,,,
MSG,7,0,0,7BB081,0,2014/11/04,09:05:13.026,2014/11/04,09:05:13.026,,9550,,,,,,,,,,0
MSG,8,0,0,7BB081,0,2014/11/04,09:05:13.772,2014/11/04,09:05:13.772,,,,,,,,,,,,
MSG,8,0,0,7BB081,0,2014/11/04,09:05:14.779,2014/11/04,09:05:14.779,,,,,,,,,,,,
MSG,7,0,0,7BB081,0,2014/11/04,09:05:15.177,2014/11/04,09:05:15.177,,9600,,,,,,,,,,0
MSG,8,0,0,7BB081,0,2014/11/04,09:05:15.819,2014/11/04,09:05:15.819,,,,,,,,,,,,
MSG,8,0,0,7BB081,0,2014/11/04,09:05:16.813,2014/11/04,09:05:16.813,,,,,,,,,,,,
MSG,7,0,0,7BB081,0,2014/11/04,09:05:17.625,2014/11/04,09:05:17.625,,9675,,,,,,,,,,0
MSG,7,0,0,7BB081,0,2014/11/04,09:05:17.821,2014/11/04,09:05:17.821,,9675,,,,,,,,,,0
MSG,8,0,0,7BB081,0,2014/11/04,09:05:17.821,2014/11/04,09:05:17.821,,,,,,,,,,,,
MSG,8,0,0,7BB081,0,2014/11/04,09:05:18.815,2014/11/04,09:05:18.815,,,,,,,,,,,,
MSG,8,0,0,7BB081,0,2014/11/04,09:05:21.024,2014/11/04,09:05:21.024,,,,,,,,,,,,
MSG,8,0,0,7BB081,0,2014/11/04,09:05:21.627,2014/11/04,09:05:21.627,,,,,,,,,,,,
MSG,8,0,0,7BB081,0,2014/11/04,09:05:21.827,2014/11/04,09:05:21.827,,,,,,,,,,,,
MSG,8,0,0,7BB081,0,2014/11/04,09:05:23.024,2014/11/04,09:05:23.024,,,,,,,,,,,,
MSG,8,0,0,7BB081,0,2014/11/04,09:05:25.055,2014/11/04,09:05:25.055,,,,,,,,,,,,
MSG,8,0,0,7BB081,0,2014/11/04,09:05:26.060,2014/11/04,09:05:26.060,,,,,,,,,,,,
MSG,8,0,0,7BB081,0,2014/11/04,09:05:27.053,2014/11/04,09:05:27.053,,,,,,,,,,,,
MSG,7,0,0,7BB081,0,2014/11/04,09:05:27.461,2014/11/04,09:05:27.461,,10025,,,,,,,,,,0
MSG,7,0,0,7BB081,0,2014/11/04,09:05:27.657,2014/11/04,09:05:27.657,,10050,,,,,,,,,,0
MSG,7,0,0,7BB081,0,2014/11/04,09:05:27.657,2014/11/04,09:05:27.657,,10050,,,,,,,,,,0
MSG,8,0,0,7BB081,0,2014/11/04,09:05:27.857,2014/11/04,09:05:27.857,,,,,,,,,,,,
MSG,7,0,0,7BB081,0,2014/11/04,09:05:28.659,2014/11/04,09:05:28.659,,10100,,,,,,,,,,0
MSG,7,0,0,7BB081,0,2014/11/04,09:05:28.659,2014/11/04,09:05:28.659,,10100,,,,,,,,,,0
MSG,8,0,0,7BB081,0,2014/11/04,09:05:28.854,2014/11/04,09:05:28.854,,,,,,,,,,,,
MSG,8,0,0,7BB081,0,2014/11/04,09:05:29.852,2014/11/04,09:05:29.852,,,,,,,,,,,,
MSG,8,0,0,7BB081,0,2014/11/04,09:05:30.653,2014/11/04,09:05:30.653,,,,,,,,,,,,
MSG,8,0,0,7BB081,0,2014/11/04,09:05:32.657,2014/11/04,09:05:32.657,,,,,,,,,,,,
MSG,8,0,0,7BB081,0,2014/11/04,09:05:33.668,2014/11/04,09:05:33.668,,,,,,,,,,,,
MSG,8,0,0,7BB081,0,2014/11/04,09:05:35.490,2014/11/04,09:05:35.490,,,,,,,,,,,,
MSG,8,0,0,7BB081,0,2014/11/04,09:05:36.486,2014/11/04,09:05:36.486,,,,,,,,,,,,
MSG,8,0,0,7BB081,0,2014/11/04,09:05:37.484,2014/11/04,09:05:37.484,,,,,,,,,,,,
MSG,7,0,0,7BB081,0,2014/11/04,09:05:38.291,2014/11/04,09:05:38.291,,10650,,,,,,,,,,0
MSG,8,0,0,7BB081,0,2014/11/04,09:05:39.488,2014/11/04,09:05:39.488,,,,,,,,,,,,
MSG,8,0,0,7BB081,0,2014/11/04,09:05:40.292,2014/11/04,09:05:40.292,,,,,,,,,,,,
MSG,7,0,0,7BB081,0,2014/11/04,09:05:40.900,2014/11/04,09:05:40.900,,10825,,,,,,,,,,0
MSG,8,0,0,7BB081,0,2014/11/04,09:05:41.298,2014/11/04,09:05:41.298,,,,,,,,,,,,
MSG,7,0,0,7BB081,0,2014/11/04,09:05:41.910,2014/11/04,09:05:41.910,,10900,,,,,,,,,,0
MSG,8,0,0,7BB081,0,2014/11/04,09:05:42.309,2014/11/04,09:05:42.309,,,,,,,,,,,,
MSG,8,0,0,7BB081,0,2014/11/04,09:05:43.107,2014/11/04,09:05:43.107,,,,,,,,,,,,
MSG,8,0,0,7BB081,0,2014/11/04,09:05:44.305,2014/11/04,09:05:44.305,,,,,,,,,,,,
MSG,8,0,0,7BB081,0,2014/11/04,09:05:45.302,2014/11/04,09:05:45.302,,,,,,,,,,,,
MSG,7,0,0,7BB081,0,2014/11/04,09:05:45.707,2014/11/04,09:05:45.707,,11125,,,,,,,,,,0
MSG,8,0,0,7BB081,0,2014/11/04,09:05:46.311,2014/11/04,09:05:46.311,,,,,,,,,,,,
MSG,8,0,0,7BB081,0,2014/11/04,09:05:47.598,2014/11/04,09:05:47.598,,,,,,,,,,,,
MSG,8,0,0,7BB081,0,2014/11/04,09:05:48.596,2014/11/04,09:05:48.596,,,,,,,,,,,,
MSG,8,0,0,7BB081,0,2014/11/04,09:05:49.806,2014/11/04,09:05:49.806,,,,,,,,,,,,
MSG,7,0,0,7BB081,0,2014/11/04,09:05:50.010,2014/11/04,09:05:50.010,,11425,,,,,,,,,,0
MSG,8,0,0,7BB081,0,2014/11/04,09:05:52.537,2014/11/04,09:05:52.537,,,,,,,,,,,,
MSG,8,0,0,7BB081,0,2014/11/04,09:05:54.530,2014/11/04,09:05:54.530,,,,,,,,,,,,
MSG,8,0,0,7BB081,0,2014/11/04,09:05:55.328,2014/11/04,09:05:55.328,,,,,,,,,,,,
MSG,7,0,0,7BB081,0,2014/11/04,09:05:55.532,2014/11/04,09:05:55.532,,11800,,,,,,,,,,0
MSG,8,0,0,7BB081,0,2014/11/04,09:05:56.534,2014/11/04,09:05:56.534,,,,,,,,,,,,
MSG,8,0,0,7BB081,0,2014/11/04,09:05:57.622,2014/11/04,09:05:57.622,,,,,,,,,,,,
MSG,8,0,0,7BB081,0,2014/11/04,09:05:58.425,2014/11/04,09:05:58.425,,,,,,,,,,,,
MSG,8,0,0,7BB081,0,2014/11/04,09:05:59.423,2014/11/04,09:05:59.423,,,,,,,,,,,,
MSG,8,0,0,7BB081,0,2014/11/04,09:06:00.311,2014/11/04,09:06:00.311,,,,,,,,,,,,
MSG,8,0,0,7BB081,0,2014/11/04,09:06:01.224,2014/11/04,09:06:01.224,,,,,,,,,,,,
MSG,8,0,0,7BB081,0,2014/11/04,09:06:03.238,2014/11/04,09:06:03.238,,,,,,,,,,,,
MSG,8,0,0,7BB081,0,2014/11/04,09:06:04.237,2014/11/04,09:06:04.237,,,,,,,,,,,,
MSG,8,0,0,7BB081,0,2014/11/04,09:06:05.432,2014/11/04,09:06:05.432,,,,,,,,,,,,
MSG,7,0,0,7BB081,0,2014/11/04,09:06:05.637,2014/11/04,09:06:05.637,,12400,,,,,,,,,,0
MSG,8,0,0,7BB081,0,2014/11/04,09:06:07.480,2014/11/04,09:06:07.480,,,,,,,,,,,,
MSG,8,0,0,7BB081,0,2014/11/04,09:06:10.086,2014/11/04,09:06:10.086,,,,,,,,,,,,
MSG,8,0,0,7BB081,0,2014/11/04,09:06:10.276,2014/11/04,09:06:10.276,,,,,,,,,,,,
MSG,8,0,0,7BB081,0,2014/11/04,09:06:11.480,2014/11/04,09:06:11.480,,,,,,,,,,,,
MSG,8,0,0,7BB081,0,2014/11/04,09:06:12.678,2014/11/04,09:06:12.678,,,,,,,,,,,,
MSG,8,0,0,7BB081,0,2014/11/04,09:06:13.543,2014/11/04,09:06:13.543,,,,,,,,,,,,
MSG,7,0,0,7BB081,0,2014/11/04,09:06:15.251,2014/11/04,09:06:15.251,,12875,,,,,,,,,,0
MSG,7,0,0,7BB081,0,2014/11/04,09:06:15.651,2014/11/04,09:06:15.651,,12875,,,,,,,,,,0
MSG,8,0,0,7BB081,0,2014/11/04,09:06:16.649,2014/11/04,09:06:16.649,,,,,,,,,,,,
MSG,8,0,0,7BB081,0,2014/11/04,09:06:17.645,2014/11/04,09:06:17.645,,,,,,,,,,,,
MSG,8,0,0,7BB081,0,2014/11/04,09:06:19.862,2014/11/04,09:06:19.862,,,,,,,,,,,,
MSG,8,0,0,7BB081,0,2014/11/04,09:06:20.868,2014/11/04,09:06:20.868,,,,,,,,,,,,
MSG,8,0,0,7BB081,0,2014/11/04,09:06:21.676,2014/11/04,09:06:21.676,,,,,,,,,,,,
MSG,8,0,0,7BB081,0,2014/11/04,09:06:22.591,2014/11/04,09:06:22.591,,,,,,,,,,,,
MSG,7,0,0,7BB081,0,2014/11/04,09:06:25.206,2014/11/04,09:06:25.206,,13300,,,,,,,,,,0
MSG,8,0,0,7BB081,0,2014/11/04,09:06:25.410,2014/11/04,09:06:25.410,,,,,,,,,,,,
MSG,7,0,0,7BB081,0,2014/11/04,09:06:25.605,2014/11/04,09:06:25.605,,13325,,,,,,,,,,0
MSG,7,0,0,7BB081,0,2014/11/04,09:06:26.003,2014/11/04,09:06:26.003,,13325,,,,,,,,,,0
MSG,8,0,0,7BB081,0,2014/11/04,09:06:27.410,2014/11/04,09:06:27.410,,,,,,,,,,,,
MSG,8,0,0,7BB081,0,2014/11/04,09:06:28.210,2014/11/04,09:06:28.210,,,,,,,,,,,,
MSG,8,0,0,7BB081,0,2014/11/04,09:06:29.216,2014/11/04,09:06:29.216,,,,,,,,,,,,
MSG,8,0,0,7BB081,0,2014/11/04,09:06:30.007,2014/11/04,09:06:30.007,,,,,,,,,,,,
MSG,8,0,0,7BB081,0,2014/11/04,09:06:31.842,2014/11/04,09:06:31.842,,,,,,,,,,,,
MSG,8,0,0,7BB081,0,2014/11/04,09:06:34.045,2014/11/04,09:06:34.045,,,,,,,,,,,,
MSG,8,0,0,7BB081,0,2014/11/04,09:06:35.043,2014/11/04,09:06:35.043,,,,,,,,,,,,
MSG,7,0,0,7BB081,0,2014/11/04,09:06:35.647,2014/11/04,09:06:35.647,,13525,,,,,,,,,,0
MSG,8,0,0,7BB081,0,2014/11/04,09:06:37.061,2014/11/04,09:06:37.061,,,,,,,,,,,,
MSG,8,0,0,7BB081,0,2014/11/04,09:06:38.045,2014/11/04,09:06:38.045,,,,,,,,,,,,
MSG,7,0,0,7BB081,0,2014/11/04,09:06:38.256,2014/11/04,09:06:38.256,,13600,,,,,,,,,,0
MSG,7,0,0,7BB081,0,2014/11/04,09:06:38.450,2014/11/04,09:06:38.450,,13625,,,,,,,,,,0
MSG,8,0,0,7BB081,0,2014/11/04,09:06:39.047,2014/11/04,09:06:39.047,,,,,,,,,,,,
MSG,7,0,0,7BB081,0,2014/11/04,09:06:39.457,2014/11/04,09:06:39.457,,13650,,,,,,,,,,0
MSG,7,0,0,7BB081,0,2014/11/04,09:06:40.453,2014/11/04,09:06:40.453,,13675,,,,,,,,,,0
MSG,8,0,0,7BB081,0,2014/11/04,09:06:41.067,2014/11/04,09:06:41.067,,,,,,,,,,,,
MSG,8,0,0,7BB081,0,2014/11/04,09:06:42.082,2014/11/04,09:06:42.082,,,,,,,,,,,,
MSG,7,0,0,7BB081,0,2014/11/04,09:06:42.482,2014/11/04,09:06:42.482,,13750,,,,,,,,,,0
MSG,8,0,0,7BB081,0,2014/11/04,09:06:43.279,2014/11/04,09:06:43.279,,,,,,,,,,,,
MSG,8,0,0,7BB081,0,2014/11/04,09:06:44.281,2014/11/04,09:06:44.281,,,,,,,,,,,,
MSG,8,0,0,7BB081,0,2014/11/04,09:06:45.279,2014/11/04,09:06:45.279,,,,,,,,,,,,
MSG,7,0,0,7BB081,0,2014/11/04,09:06:45.680,2014/11/04,09:06:45.680,,13850,,,,,,,,,,0
MSG,7,0,0,7BB081,0,2014/11/04,09:06:45.680,2014/11/04,09:06:45.680,,13850,,,,,,,,,,0
MSG,8,0,0,7BB081,0,2014/11/04,09:06:48.509,2014/11/04,09:06:48.509,,,,,,,,,,,,
MSG,7,0,0,7BB081,0,2014/11/04,09:06:48.909,2014/11/04,09:06:48.909,,13975,,,,,,,,,,0
MSG,8,0,0,7BB081,0,2014/11/04,09:06:49.384,2014/11/04,09:06:49.384,,,,,,,,,,,,
MSG,8,0,0,7BB081,0,2014/11/04,09:06:51.384,2014/11/04,09:06:51.384,,,,,,,,,,,,
MSG,8,0,0,7BB081,0,2014/11/04,09:06:53.391,2014/11/04,09:06:53.391,,,,,,,,,,,,
MSG,7,0,0,7BB081,0,2014/11/04,09:06:55.614,2014/11/04,09:06:55.614,,14200,,,,,,,,,,0
MSG,8,0,0,7BB081,0,2014/11/04,09:06:56.213,2014/11/04,09:06:56.213,,,,,,,,,,,,
MSG,7,0,0,7BB081,0,2014/11/04,09:07:00.227,2014/11/04,09:07:00.227,,14375,,,,,,,,,,0
MSG,7,0,0,7BB081,0,2014/11/04,09:07:00.227,2014/11/04,09:07:00.227,,14375,,,,,,,,,,0
MSG,8,0,0,7BB081,0,2014/11/04,09:07:04.123,2014/11/04,09:07:04.123,,,,,,,,,,,,
MSG,7,0,0,7BB081,0,2014/11/04,09:07:05.533,2014/11/04,09:07:05.533,,14575,,,,,,,,,,0
MSG,8,0,0,7BB081,0,2014/11/04,09:07:07.976,2014/11/04,09:07:07.976,,,,,,,,,,,,
MSG,8,0,0,7BB081,0,2014/11/04,09:07:08.980,2014/11/04,09:07:08.980,,,,,,,,,,,,
MSG,8,0,0,7BB081,0,2014/11/04,09:07:11.041,2014/11/04,09:07:11.041,,,,,,,,,,,,
MSG,8,0,0,7BB081,0,2014/11/04,09:07:12.047,2014/11/04,09:07:12.047,,,,,,,,,,,,
MSG,8,0,0,7BB081,0,2014/11/04,09:07:13.050,2014/11/04,09:07:13.050,,,,,,,,,,,,
MSG,7,0,0,7BB081,0,2014/11/04,09:07:14.426,2014/11/04,09:07:14.426,,14975,,,,,,,,,,0
MSG,8,0,0,7BB081,0,2014/11/04,09:07:14.817,2014/11/04,09:07:14.817,,,,,,,,,,,,
MSG,7,0,0,7BB081,0,2014/11/04,09:07:15.615,2014/11/04,09:07:15.615,,15025,,,,,,,,,,0
MSG,8,0,0,7BB081,0,2014/11/04,09:07:15.815,2014/11/04,09:07:15.815,,,,,,,,,,,,
MSG,8,0,0,7BB081,0,2014/11/04,09:07:16.814,2014/11/04,09:07:16.814,,,,,,,,,,,,
MSG,8,0,0,7BB081,0,2014/11/04,09:07:18.622,2014/11/04,09:07:18.622,,,,,,,,,,,,
MSG,8,0,0,7BB081,0,2014/11/04,09:07:19.618,2014/11/04,09:07:19.618,,,,,,,,,,,,
MSG,8,0,0,7BB081,0,2014/11/04,09:07:20.625,2014/11/04,09:07:20.625,,,,,,,,,,,,
MSG,7,0,0,7BB081,0,2014/11/04,09:07:25.679,2014/11/04,09:07:25.679,,15550,,,,,,,,,,0
MSG,8,0,0,7BB081,0,2014/11/04,09:07:25.679,2014/11/04,09:07:25.679,,,,,,,,,,,,
MSG,7,0,0,7BB081,0,2014/11/04,09:07:26.277,2014/11/04,09:07:26.277,,15575,,,,,,,,,,0
MSG,8,0,0,7BB081,0,2014/11/04,09:07:30.679,2014/11/04,09:07:30.679,,,,,,,,,,,,
MSG,8,0,0,7BB081,0,2014/11/04,09:07:33.815,2014/11/04,09:07:33.815,,,,,,,,,,,,
MSG,8,0,0,7BB081,0,2014/11/04,09:07:34.816,2014/11/04,09:07:34.816,,,,,,,,,,,,
MSG,8,0,0,7BB081,0,2014/11/04,09:07:38.021,2014/11/04,09:07:38.021,,,,,,,,,,,,
MSG,7,0,0,7BB081,0,2014/11/04,09:07:38.221,2014/11/04,09:07:38.221,,16175,,,,,,,,,,0
MSG,8,0,0,7BB081,0,2014/11/04,09:07:39.019,2014/11/04,09:07:39.019,,,,,,,,,,,,
MSG,7,0,0,7BB081,0,2014/11/04,09:07:39.223,2014/11/04,09:07:39.223,,16225,,,,,,,,,,0
MSG,7,0,0,7BB081,0,2014/11/04,09:07:39.223,2014/11/04,09:07:39.223,,16225,,,,,,,,,,0
MSG,7,0,0,7BB081,0,2014/11/04,09:07:40.220,2014/11/04,09:07:40.220,,16275,,,,,,,,,,0
MSG,8,0,0,7BB081,0,2014/11/04,09:07:41.019,2014/11/04,09:07:41.019,,,,,,,,,,,,
MSG,8,0,0,7BB081,0,2014/11/04,09:07:43.139,2014/11/04,09:07:43.139,,,,,,,,,,,,
MSG,8,0,0,7BB081,0,2014/11/04,09:07:58.125,2014/11/04,09:07:58.125,,,,,,,,,,,,
MSG,8,0,0,7BB081,0,2014/11/04,09:08:04.045,2014/11/04,09:08:04.045,,,,,,,,,,,,
MSG,7,0,0,7BB081,0,2014/11/04,09:08:04.249,2014/11/04,09:08:04.249,,17375,,,,,,,,,,0
MSG,7,0,0,7BB081,0,2014/11/04,09:08:05.651,2014/11/04,09:08:05.651,,17425,,,,,,,,,,0
MSG,8,0,0,7BB081,0,2014/11/04,09:08:11.980,2014/11/04,09:08:11.980,,,,,,,,,,,,
MSG,7,0,0,7BB081,0,2014/11/04,09:08:15.789,2014/11/04,09:08:15.789,,17875,,,,,,,,,,0
MSG,8,0,0,7BB081,0,2014/11/04,09:08:15.992,2014/11/04,09:08:15.992,,,,,,,,,,,,
MSG,7,0,0,7BB081,0,2014/11/04,09:08:16.187,2014/11/04,09:08:16.187,,17900,,,,,,,,,,0
MSG,8,0,0,7BB081,0,2014/11/04,09:08:16.991,2014/11/04,09:08:16.991,,,,,,,,,,,,
MSG,7,0,0,7BB081,0,2014/11/04,09:08:26.248,2014/11/04,09:08:26.248,,18375,,,,,,,,,,0
MSG,8,0,0,7BB081,0,2014/11/04,09:08:34.744,2014/11/04,09:08:34.744,,,,,,,,,,,,
MSG,7,0,0,7BB081,0,2014/11/04,09:08:34.949,2014/11/04,09:08:34.949,,18775,,,,,,,,,,0
MSG,7,0,0,7BB081,0,2014/11/04,09:08:35.347,2014/11/04,09:08:35.347,,18800,,,,,,,,,,0
MSG,8,0,0,7BB081,0,2014/11/04,09:08:36.596,2014/11/04,09:08:36.596,,,,,,,,,,,,
MSG,7,0,0,7BB081,0,2014/11/04,09:08:36.800,2014/11/04,09:08:36.800,,18875,,,,,,,,,,0
MSG,7,0,0,7BB081,0,2014/11/04,09:08:39.224,2014/11/04,09:08:39.224,,18975,,,,,,,,,,0
MSG,7,0,0,7BB081,0,2014/11/04,09:08:40.629,2014/11/04,09:08:40.629,,19050,,,,,,,,,,0
MSG,8,0,0,7BB081,0,2014/11/04,09:08:40.829,2014/11/04,09:08:40.829,,,,,,,,,,,,
MSG,7,0,0,7BB081,0,2014/11/04,09:08:41.232,2014/11/04,09:08:41.232,,19075,,,,,,,,,,0
MSG,7,0,0,7BB081,0,2014/11/04,09:08:42.232,2014/11/04,09:08:42.232,,19125,,,,,,,,,,0
MSG,8,0,0,7BB081,0,2014/11/04,09:08:42.638,2014/11/04,09:08:42.638,,,,,,,,,,,,
MSG,7,0,0,7BB081,0,2014/11/04,09:08:57.683,2014/11/04,09:08:57.683,,19800,,,,,,,,,,0
MSG,7,0,0,7BB081,0,2014/11/04,09:08:58.077,2014/11/04,09:08:58.077,,19800,,,,,,,,,,0
MSG,7,0,0,7BB081,0,2014/11/04,09:08:58.677,2014/11/04,09:08:58.677,,19825,,,,,,,,,,0
MSG,7,0,0,7BB081,0,2014/11/04,09:08:58.877,2014/11/04,09:08:58.877,,19850,,,,,,,,,,0
MSG,7,0,0,7BB081,0,2014/11/04,09:08:58.877,2014/11/04,09:08:58.877,,19850,,,,,,,,,,0
MSG,7,0,0,7BB081,0,2014/11/04,09:09:04.032,2014/11/04,09:09:04.032,,20075,,,,,,,,,,0
MSG,7,0,0,7BB081,0,2014/11/04,09:09:07.034,2014/11/04,09:09:07.034,,20200,,,,,,,,,,0
MSG,7,0,0,7BB081,0,2014/11/04,09:09:10.025,2014/11/04,09:09:10.025,,20325,,,,,,,,,,0
MSG,7,0,0,7BB081,0,2014/11/04,09:09:10.025,2014/11/04,09:09:10.025,,20325,,,,,,,,,,0
MSG,7,0,0,7BB081,0,2014/11/04,09:09:11.037,2014/11/04,09:09:11.037,,20375,,,,,,,,,,0
MSG,7,0,0,7BB081,0,2014/11/04,09:09:12.040,2014/11/04,09:09:12.040,,20400,,,,,,,,,,0
MSG,7,0,0,7BB081,0,2014/11/04,09:09:27.987,2014/11/04,09:09:27.987,,21100,,,,,,,,,,0
MSG,7,0,0,7BB081,0,2014/11/04,09:09:28.995,2014/11/04,09:09:28.995,,21150,,,,,,,,,,0
MSG,7,0,0,7BB081,0,2014/11/04,09:09:31.191,2014/11/04,09:09:31.191,,21250,,,,,,,,,,0
MSG,8,0,0,7BB081,0,2014/11/04,09:11:08.637,2014/11/04,09:11:08.637,,,,,,,,,,,,
MSG,8,0,0,7BB081,0,2014/11/04,09:11:10.644,2014/11/04,09:11:10.644,,,,,,,,,,,,
MSG,7,0,0,7BB081,0,2014/11/04,09:11:11.038,2014/11/04,09:11:11.038,,25400,,,,,,,,,,0
MSG,7,0,0,7BB081,0,2014/11/04,09:11:12.037,2014/11/04,09:11:12.037,,25425,,,,,,,,,,0
MSG,7,0,0,7BB081,0,2014/11/04,09:11:15.045,2014/11/04,09:11:15.045,,25500,,,,,,,,,,0
MSG,7,0,0,7BB081,0,2014/11/04,09:11:15.239,2014/11/04,09:11:15.239,,25500,,,,,,,,,,0
MSG,7,0,0,7BB081,0,2014/11/04,09:11:19.041,2014/11/04,09:11:19.041,,25575,,,,,,,,,,0
MSG,7,0,0,7BB081,0,2014/11/04,09:11:21.254,2014/11/04,09:11:21.254,,25600,,,,,,,,,,0
MSG,7,0,0,7BB081,0,2014/11/04,09:11:21.254,2014/11/04,09:11:21.254,,25600,,,,,,,,,,0
MSG,7,0,0,7BB081,0,2014/11/04,09:11:22.249,2014/11/04,09:11:22.249,,25600,,,,,,,,,,0
MSG,8,0,0,7BB081,0,2014/11/04,09:11:22.654,2014/11/04,09:11:22.654,,,,,,,,,,,,
MSG,7,0,0,7BB081,0,2014/11/04,09:11:22.854,2014/11/04,09:11:22.854,,25600,,,,,,,,,,0
MSG,7,0,0,7BB081,0,2014/11/04,09:11:23.452,2014/11/04,09:11:23.452,,25600,,,,,,,,,,0
MSG,7,0,0,7BB081,0,2014/11/04,09:11:24.051,2014/11/04,09:11:24.051,,25600,,,,,,,,,,0
MSG,7,0,0,7BB081,0,2014/11/04,09:11:25.847,2014/11/04,09:11:25.847,,25625,,,,,,,,,,0
MSG,8,0,0,7BB081,0,2014/11/04,09:11:26.670,2014/11/04,09:11:26.670,,,,,,,,,,,,
MSG,7,0,0,7BB081,0,2014/11/04,09:11:41.296,2014/11/04,09:11:41.296,,25600,,,,,,,,,,0
MSG,7,0,0,7BB081,0,2014/11/04,09:11:42.891,2014/11/04,09:11:42.891,,25600,,,,,,,,,,0
MSG,7,0,0,7BB081,0,2014/11/04,09:11:46.298,2014/11/04,09:11:46.298,,25625,,,,,,,,,,0
MSG,7,0,0,7BB081,0,2014/11/04,09:11:50.902,2014/11/04,09:11:50.902,,25625,,,,,,,,,,0
MSG,8,0,0,7BB081,0,2014/11/04,09:11:52.542,2014/11/04,09:11:52.542,,,,,,,,,,,,
MSG,7,0,0,7BB081,0,2014/11/04,09:12:07.438,2014/11/04,09:12:07.438,,25625,,,,,,,,,,0
MSG,7,0,0,7BB081,0,2014/11/04,09:12:21.933,2014/11/04,09:12:21.933,,25600,,,,,,,,,,0
MSG,7,0,0,7BB081,0,2014/11/04,09:12:26.727,2014/11/04,09:12:26.727,,25600,,,,,,,,,,0
MSG,7,0,0,7BB081,0,2014/11/04,09:12:28.732,2014/11/04,09:12:28.732,,25600,,,,,,,,,,0
MSG,7,0,0,7BB081,0,2014/11/04,09:12:33.569,2014/11/04,09:12:33.569,,25600,,,,,,,,,,0
MSG,7,0,0,7BB081,0,2014/11/04,09:12:37.401,2014/11/04,09:12:37.401,,25600,,,,,,,,,,0
MSG,7,0,0,7BB081,0,2014/11/04,09:12:39.006,2014/11/04,09:12:39.006,,25600,,,,,,,,,,0
MSG,7,0,0,7BB081,0,2014/11/04,09:12:40.204,2014/11/04,09:12:40.204,,25600,,,,,,,,,,0
MSG,7,0,0,7BB081,0,2014/11/04,09:12:42.209,2014/11/04,09:12:42.209,,25600,,,,,,,,,,0
MSG,8,0,0,7BB081,0,2014/11/04,09:12:42.609,2014/11/04,09:12:42.609,,,,,,,,,,,,
MSG,7,0,0,7BB081,0,2014/11/04,09:12:42.609,2014/11/04,09:12:42.609,,25600,,,,,,,,,,0
MSG,7,0,0,7BB081,0,2014/11/04,09:12:43.608,2014/11/04,09:12:43.608,,25600,,,,,,,,,,0
MSG,7,0,0,7BB081,0,2014/11/04,09:12:44.612,2014/11/04,09:12:44.612,,25600,,,,,,,,,,0
MSG,7,0,0,7BB081,0,2014/11/04,09:12:45.210,2014/11/04,09:12:45.210,,25600,,,,,,,,,,0
MSG,7,0,0,7BB081,0,2014/11/04,09:12:45.615,2014/11/04,09:12:45.615,,25600,,,,,,,,,,0
MSG,8,0,0,7BB081,0,2014/11/04,09:12:46.412,2014/11/04,09:12:46.412,,,,,,,,,,,,
MSG,7,0,0,7BB081,0,2014/11/04,09:12:46.612,2014/11/04,09:12:46.612,,25600,,,,,,,,,,0
MSG,7,0,0,7BB081,0,2014/11/04,09:12:47.215,2014/11/04,09:12:47.215,,25600,,,,,,,,,,0
MSG,8,0,0,7BB081,0,2014/11/04,09:12:48.209,2014/11/04,09:12:48.209,,,,,,,,,,,,
MSG,7,0,0,7BB081,0,2014/11/04,09:12:52.422,2014/11/04,09:12:52.422,,25600,,,,,,,,,,0
MSG,7,0,0,7BB081,0,2014/11/04,09:12:52.627,2014/11/04,09:12:52.627,,25600,,,,,,,,,,0
MSG,7,0,0,7BB081,0,2014/11/04,09:13:14.535,2014/11/04,09:13:14.535,,25600,,,,,,,,,,0
MSG,7,0,0,7BB081,0,2014/11/04,09:13:15.535,2014/11/04,09:13:15.535,,25600,,,,,,,,,,0
MSG,7,0,0,7BB081,0,2014/11/04,09:13:18.534,2014/11/04,09:13:18.534,,25600,,,,,,,,,,0
MSG,7,0,0,7BB081,0,2014/11/04,09:13:19.534,2014/11/04,09:13:19.534,,25575,,,,,,,,,,0
MSG,7,0,0,7BB081,0,2014/11/04,09:13:20.931,2014/11/04,09:13:20.931,,25600,,,,,,,,,,0
MSG,7,0,0,7BB081,0,2014/11/04,09:13:21.534,2014/11/04,09:13:21.534,,25600,,,,,,,,,,0
MSG,7,0,0,7BB081,0,2014/11/04,09:13:26.987,2014/11/04,09:13:26.987,,25600,,,,,,,,,,0
MSG,8,0,0,7BB081,0,2014/11/04,09:16:44.640,2014/11/04,09:16:44.640,,,,,,,,,,,,
MSG,7,0,0,7BB081,0,2014/11/04,09:17:12.588,2014/11/04,09:17:12.588,,25600,,,,,,,,,,0
MSG,8,0,0,7BB081,0,2014/11/04,09:17:16.903,2014/11/04,09:17:16.903,,,,,,,,,,,,
MSG,7,0,0,7BB081,0,2014/11/04,09:17:19.505,2014/11/04,09:17:19.505,,25600,,,,,,,,,,0
MSG,7,0,0,7BB081,0,2014/11/04,09:17:27.399,2014/11/04,09:17:27.399,,25600,,,,,,,,,,0
MSG,7,0,0,7BB081,0,2014/11/04,09:17:31.627,2014/11/04,09:17:31.627,,25600,,,,,,,,,,0
MSG,7,0,0,7BB081,0,2014/11/04,09:17:43.818,2014/11/04,09:17:43.818,,25600,,,,,,,,,,0
